<?xml version="1.0" encoding="UTF-8" standalone="yes"?><!DOCTYPE report PUBLIC "-//JACOCO//DTD Report 1.1//EN" "report.dtd"><report name="ppl"><sessioninfo id="2fac1bb6ab30-2c8e0782" start="1756539700754" dump="1756539719791"/><package name="org/opensearch/sql/ppl/utils"><class name="org/opensearch/sql/ppl/utils/UnresolvedPlanHelper" sourcefilename="UnresolvedPlanHelper.java"><method name="addSelectAll" desc="(Lorg/opensearch/sql/ast/tree/UnresolvedPlan;)Lorg/opensearch/sql/ast/tree/UnresolvedPlan;" line="20"><counter type="INSTRUCTION" missed="0" covered="17"/><counter type="BRANCH" missed="0" covered="4"/><counter type="LINE" missed="0" covered="3"/><counter type="COMPLEXITY" missed="0" covered="3"/><counter type="METHOD" missed="0" covered="1"/></method><counter type="INSTRUCTION" missed="0" covered="17"/><counter type="BRANCH" missed="0" covered="4"/><counter type="LINE" missed="0" covered="3"/><counter type="COMPLEXITY" missed="0" covered="3"/><counter type="METHOD" missed="0" covered="1"/><counter type="CLASS" missed="0" covered="1"/></class><class name="org/opensearch/sql/ppl/utils/ArgumentFactory" sourcefilename="ArgumentFactory.java"><method name="&lt;init&gt;" desc="()V" line="35"><counter type="INSTRUCTION" missed="0" covered="3"/><counter type="LINE" missed="0" covered="1"/><counter type="COMPLEXITY" missed="0" covered="1"/><counter type="METHOD" missed="0" covered="1"/></method><method name="getArgumentList" desc="(Lorg/opensearch/sql/ppl/antlr/parser/OpenSearchPPLParser$FieldsCommandContext;)Ljava/util/List;" line="44"><counter type="INSTRUCTION" missed="0" covered="27"/><counter type="BRANCH" missed="0" covered="2"/><counter type="LINE" missed="0" covered="4"/><counter type="COMPLEXITY" missed="0" covered="2"/><counter type="METHOD" missed="0" covered="1"/></method><method name="getArgumentList" desc="(Lorg/opensearch/sql/ppl/antlr/parser/OpenSearchPPLParser$StatsCommandContext;)Ljava/util/List;" line="57"><counter type="INSTRUCTION" missed="0" covered="99"/><counter type="BRANCH" missed="0" covered="8"/><counter type="LINE" missed="0" covered="13"/><counter type="COMPLEXITY" missed="0" covered="5"/><counter type="METHOD" missed="0" covered="1"/></method><method name="getArgumentList" desc="(Lorg/opensearch/sql/ppl/antlr/parser/OpenSearchPPLParser$DedupCommandContext;)Ljava/util/List;" line="79"><counter type="INSTRUCTION" missed="0" covered="76"/><counter type="BRANCH" missed="0" covered="6"/><counter type="LINE" missed="0" covered="10"/><counter type="COMPLEXITY" missed="0" covered="4"/><counter type="METHOD" missed="0" covered="1"/></method><method name="getArgumentList" desc="(Lorg/opensearch/sql/ppl/antlr/parser/OpenSearchPPLParser$SortFieldContext;)Ljava/util/List;" line="98"><counter type="INSTRUCTION" missed="0" covered="99"/><counter type="BRANCH" missed="0" covered="10"/><counter type="LINE" missed="0" covered="13"/><counter type="COMPLEXITY" missed="0" covered="6"/><counter type="METHOD" missed="0" covered="1"/></method><method name="getArgumentList" desc="(Lorg/opensearch/sql/ppl/antlr/parser/OpenSearchPPLParser$TopCommandContext;)Ljava/util/List;" line="120"><counter type="INSTRUCTION" missed="16" covered="59"/><counter type="BRANCH" missed="2" covered="4"/><counter type="LINE" missed="2" covered="8"/><counter type="COMPLEXITY" missed="2" covered="2"/><counter type="METHOD" missed="0" covered="1"/></method><method name="getArgumentList" desc="(Lorg/opensearch/sql/ppl/antlr/parser/OpenSearchPPLParser$RareCommandContext;)Ljava/util/List;" line="139"><counter type="INSTRUCTION" missed="8" covered="67"/><counter type="BRANCH" missed="1" covered="5"/><counter type="LINE" missed="1" covered="9"/><counter type="COMPLEXITY" missed="1" covered="3"/><counter type="METHOD" missed="0" covered="1"/></method><method name="getArgumentValue" desc="(Lorg/antlr/v4/runtime/ParserRuleContext;)Lorg/opensearch/sql/ast/expression/Literal;" line="158"><counter type="INSTRUCTION" missed="0" covered="31"/><counter type="BRANCH" missed="0" covered="4"/><counter type="LINE" missed="0" covered="5"/><counter type="COMPLEXITY" missed="0" covered="3"/><counter type="METHOD" missed="0" covered="1"/></method><counter type="INSTRUCTION" missed="24" covered="461"/><counter type="BRANCH" missed="3" covered="39"/><counter type="LINE" missed="3" covered="63"/><counter type="COMPLEXITY" missed="3" covered="26"/><counter type="METHOD" missed="0" covered="8"/><counter type="CLASS" missed="0" covered="1"/></class><class name="org/opensearch/sql/ppl/utils/PPLQueryDataAnonymizer" sourcefilename="PPLQueryDataAnonymizer.java"><method name="&lt;init&gt;" desc="(Lorg/opensearch/sql/common/setting/Settings;)V" line="105"><counter type="INSTRUCTION" missed="0" covered="12"/><counter type="LINE" missed="0" covered="4"/><counter type="COMPLEXITY" missed="0" covered="1"/><counter type="METHOD" missed="0" covered="1"/></method><method name="anonymizeData" desc="(Lorg/opensearch/sql/ast/tree/UnresolvedPlan;)Ljava/lang/String;" line="117"><counter type="INSTRUCTION" missed="0" covered="6"/><counter type="LINE" missed="0" covered="1"/><counter type="COMPLEXITY" missed="0" covered="1"/><counter type="METHOD" missed="0" covered="1"/></method><method name="anonymizeStatement" desc="(Lorg/opensearch/sql/ast/statement/Statement;)Ljava/lang/String;" line="121"><counter type="INSTRUCTION" missed="0" covered="6"/><counter type="LINE" missed="0" covered="1"/><counter type="COMPLEXITY" missed="0" covered="1"/><counter type="METHOD" missed="0" covered="1"/></method><method name="visitQuery" desc="(Lorg/opensearch/sql/ast/statement/Query;Ljava/lang/String;)Ljava/lang/String;" line="127"><counter type="INSTRUCTION" missed="0" covered="7"/><counter type="LINE" missed="0" covered="1"/><counter type="COMPLEXITY" missed="0" covered="1"/><counter type="METHOD" missed="0" covered="1"/></method><method name="visitExplain" desc="(Lorg/opensearch/sql/ast/statement/Explain;Ljava/lang/String;)Ljava/lang/String;" line="132"><counter type="INSTRUCTION" missed="0" covered="21"/><counter type="LINE" missed="0" covered="2"/><counter type="COMPLEXITY" missed="0" covered="1"/><counter type="METHOD" missed="0" covered="1"/></method><method name="visitRelation" desc="(Lorg/opensearch/sql/ast/tree/Relation;Ljava/lang/String;)Ljava/lang/String;" line="139"><counter type="INSTRUCTION" missed="0" covered="32"/><counter type="BRANCH" missed="0" covered="2"/><counter type="LINE" missed="0" covered="5"/><counter type="COMPLEXITY" missed="0" covered="2"/><counter type="METHOD" missed="0" covered="1"/></method><method name="visitJoin" desc="(Lorg/opensearch/sql/ast/tree/Join;Ljava/lang/String;)Ljava/lang/String;" line="150"><counter type="INSTRUCTION" missed="0" covered="86"/><counter type="BRANCH" missed="0" covered="2"/><counter type="LINE" missed="0" covered="11"/><counter type="COMPLEXITY" missed="0" covered="2"/><counter type="METHOD" missed="0" covered="1"/></method><method name="visitLookup" desc="(Lorg/opensearch/sql/ast/tree/Lookup;Ljava/lang/String;)Ljava/lang/String;" line="167"><counter type="INSTRUCTION" missed="0" covered="69"/><counter type="BRANCH" missed="0" covered="2"/><counter type="LINE" missed="0" covered="8"/><counter type="COMPLEXITY" missed="0" covered="2"/><counter type="METHOD" missed="0" covered="1"/></method><method name="formatFieldAlias" desc="(Ljava/util/Map;)Ljava/lang/String;" line="180"><counter type="INSTRUCTION" missed="0" covered="10"/><counter type="LINE" missed="0" covered="3"/><counter type="COMPLEXITY" missed="0" covered="1"/><counter type="METHOD" missed="0" covered="1"/></method><method name="visitSubqueryAlias" desc="(Lorg/opensearch/sql/ast/tree/SubqueryAlias;Ljava/lang/String;)Ljava/lang/String;" line="191"><counter type="INSTRUCTION" missed="0" covered="52"/><counter type="BRANCH" missed="1" covered="5"/><counter type="LINE" missed="0" covered="7"/><counter type="COMPLEXITY" missed="1" covered="3"/><counter type="METHOD" missed="0" covered="1"/></method><method name="visitTableFunction" desc="(Lorg/opensearch/sql/ast/tree/TableFunction;Ljava/lang/String;)Ljava/lang/String;" line="204"><counter type="INSTRUCTION" missed="0" covered="27"/><counter type="LINE" missed="0" covered="5"/><counter type="COMPLEXITY" missed="0" covered="1"/><counter type="METHOD" missed="0" covered="1"/></method><method name="visitFilter" desc="(Lorg/opensearch/sql/ast/tree/Filter;Ljava/lang/String;)Ljava/lang/String;" line="215"><counter type="INSTRUCTION" missed="0" covered="28"/><counter type="LINE" missed="0" covered="3"/><counter type="COMPLEXITY" missed="0" covered="1"/><counter type="METHOD" missed="0" covered="1"/></method><method name="visitRename" desc="(Lorg/opensearch/sql/ast/tree/Rename;Ljava/lang/String;)Ljava/lang/String;" line="223"><counter type="INSTRUCTION" missed="0" covered="62"/><counter type="BRANCH" missed="0" covered="2"/><counter type="LINE" missed="0" covered="12"/><counter type="COMPLEXITY" missed="0" covered="2"/><counter type="METHOD" missed="0" covered="1"/></method><method name="visitAggregation" desc="(Lorg/opensearch/sql/ast/tree/Aggregation;Ljava/lang/String;)Ljava/lang/String;" line="240"><counter type="INSTRUCTION" missed="0" covered="63"/><counter type="BRANCH" missed="0" covered="2"/><counter type="LINE" missed="0" covered="9"/><counter type="COMPLEXITY" missed="0" covered="2"/><counter type="METHOD" missed="0" covered="1"/></method><method name="visitBin" desc="(Lorg/opensearch/sql/ast/tree/Bin;Ljava/lang/String;)Ljava/lang/String;" line="255"><counter type="INSTRUCTION" missed="34" covered="152"/><counter type="BRANCH" missed="13" covered="13"/><counter type="LINE" missed="6" covered="26"/><counter type="COMPLEXITY" missed="9" covered="5"/><counter type="METHOD" missed="0" covered="1"/></method><method name="visitWindow" desc="(Lorg/opensearch/sql/ast/tree/Window;Ljava/lang/String;)Ljava/lang/String;" line="305"><counter type="INSTRUCTION" missed="0" covered="34"/><counter type="LINE" missed="0" covered="3"/><counter type="COMPLEXITY" missed="0" covered="1"/><counter type="METHOD" missed="0" covered="1"/></method><method name="visitRareTopN" desc="(Lorg/opensearch/sql/ast/tree/RareTopN;Ljava/lang/String;)Ljava/lang/String;" line="314"><counter type="INSTRUCTION" missed="0" covered="104"/><counter type="BRANCH" missed="0" covered="2"/><counter type="LINE" missed="0" covered="13"/><counter type="COMPLEXITY" missed="0" covered="2"/><counter type="METHOD" missed="0" covered="1"/></method><method name="visitProject" desc="(Lorg/opensearch/sql/ast/tree/Project;Ljava/lang/String;)Ljava/lang/String;" line="337"><counter type="INSTRUCTION" missed="0" covered="58"/><counter type="BRANCH" missed="0" covered="6"/><counter type="LINE" missed="0" covered="11"/><counter type="COMPLEXITY" missed="0" covered="4"/><counter type="METHOD" missed="0" covered="1"/></method><method name="visitEval" desc="(Lorg/opensearch/sql/ast/tree/Eval;Ljava/lang/String;)Ljava/lang/String;" line="358"><counter type="INSTRUCTION" missed="0" covered="65"/><counter type="BRANCH" missed="0" covered="2"/><counter type="LINE" missed="0" covered="12"/><counter type="COMPLEXITY" missed="0" covered="2"/><counter type="METHOD" missed="0" covered="1"/></method><method name="visitExpand" desc="(Lorg/opensearch/sql/ast/tree/Expand;Ljava/lang/String;)Ljava/lang/String;" line="374"><counter type="INSTRUCTION" missed="27" covered="0"/><counter type="LINE" missed="3" covered="0"/><counter type="COMPLEXITY" missed="1" covered="0"/><counter type="METHOD" missed="1" covered="0"/></method><method name="visitSort" desc="(Lorg/opensearch/sql/ast/tree/Sort;Ljava/lang/String;)Ljava/lang/String;" line="383"><counter type="INSTRUCTION" missed="0" covered="51"/><counter type="BRANCH" missed="0" covered="2"/><counter type="LINE" missed="0" covered="6"/><counter type="COMPLEXITY" missed="0" covered="2"/><counter type="METHOD" missed="0" covered="1"/></method><method name="visitDedupe" desc="(Lorg/opensearch/sql/ast/tree/Dedupe;Ljava/lang/String;)Ljava/lang/String;" line="397"><counter type="INSTRUCTION" missed="0" covered="67"/><counter type="LINE" missed="0" covered="7"/><counter type="COMPLEXITY" missed="0" covered="1"/><counter type="METHOD" missed="0" covered="1"/></method><method name="visitHead" desc="(Lorg/opensearch/sql/ast/tree/Head;Ljava/lang/String;)Ljava/lang/String;" line="411"><counter type="INSTRUCTION" missed="0" covered="26"/><counter type="LINE" missed="0" covered="3"/><counter type="COMPLEXITY" missed="0" covered="1"/><counter type="METHOD" missed="0" covered="1"/></method><method name="visitReverse" desc="(Lorg/opensearch/sql/ast/tree/Reverse;Ljava/lang/String;)Ljava/lang/String;" line="418"><counter type="INSTRUCTION" missed="0" covered="19"/><counter type="LINE" missed="0" covered="2"/><counter type="COMPLEXITY" missed="0" covered="1"/><counter type="METHOD" missed="0" covered="1"/></method><method name="visitParse" desc="(Lorg/opensearch/sql/ast/tree/Parse;Ljava/lang/String;)Ljava/lang/String;" line="424"><counter type="INSTRUCTION" missed="23" covered="56"/><counter type="BRANCH" missed="4" covered="3"/><counter type="LINE" missed="3" covered="9"/><counter type="COMPLEXITY" missed="3" covered="2"/><counter type="METHOD" missed="0" covered="1"/></method><method name="visitFlatten" desc="(Lorg/opensearch/sql/ast/tree/Flatten;Ljava/lang/String;)Ljava/lang/String;" line="447"><counter type="INSTRUCTION" missed="27" covered="0"/><counter type="LINE" missed="3" covered="0"/><counter type="COMPLEXITY" missed="1" covered="0"/><counter type="METHOD" missed="1" covered="0"/></method><method name="visitTrendline" desc="(Lorg/opensearch/sql/ast/tree/Trendline;Ljava/lang/String;)Ljava/lang/String;" line="454"><counter type="INSTRUCTION" missed="0" covered="29"/><counter type="LINE" missed="0" covered="3"/><counter type="COMPLEXITY" missed="0" covered="1"/><counter type="METHOD" missed="0" covered="1"/></method><method name="visitAppendCol" desc="(Lorg/opensearch/sql/ast/tree/AppendCol;Ljava/lang/String;)Ljava/lang/String;" line="461"><counter type="INSTRUCTION" missed="0" covered="49"/><counter type="LINE" missed="0" covered="7"/><counter type="COMPLEXITY" missed="0" covered="1"/><counter type="METHOD" missed="0" covered="1"/></method><method name="visitFieldList" desc="(Ljava/util/List;)Ljava/lang/String;" line="471"><counter type="INSTRUCTION" missed="0" covered="10"/><counter type="LINE" missed="0" covered="1"/><counter type="COMPLEXITY" missed="0" covered="1"/><counter type="METHOD" missed="0" covered="1"/></method><method name="visitExpressionList" desc="(Ljava/util/List;)Ljava/lang/String;" line="475"><counter type="INSTRUCTION" missed="0" covered="5"/><counter type="LINE" missed="0" covered="1"/><counter type="COMPLEXITY" missed="0" covered="1"/><counter type="METHOD" missed="0" covered="1"/></method><method name="visitExpressionList" desc="(Ljava/util/List;Ljava/lang/String;)Ljava/lang/String;" line="480"><counter type="INSTRUCTION" missed="0" covered="15"/><counter type="BRANCH" missed="0" covered="2"/><counter type="LINE" missed="0" covered="3"/><counter type="COMPLEXITY" missed="0" covered="2"/><counter type="METHOD" missed="0" covered="1"/></method><method name="visitExpression" desc="(Lorg/opensearch/sql/ast/expression/UnresolvedExpression;)Ljava/lang/String;" line="486"><counter type="INSTRUCTION" missed="0" covered="6"/><counter type="LINE" missed="0" covered="1"/><counter type="COMPLEXITY" missed="0" covered="1"/><counter type="METHOD" missed="0" covered="1"/></method><method name="visitFillNull" desc="(Lorg/opensearch/sql/ast/tree/FillNull;Ljava/lang/String;)Ljava/lang/String;" line="491"><counter type="INSTRUCTION" missed="0" covered="87"/><counter type="BRANCH" missed="0" covered="4"/><counter type="LINE" missed="0" covered="14"/><counter type="COMPLEXITY" missed="0" covered="3"/><counter type="METHOD" missed="0" covered="1"/></method><method name="visitPatterns" desc="(Lorg/opensearch/sql/ast/tree/Patterns;Ljava/lang/String;)Ljava/lang/String;" line="517"><counter type="INSTRUCTION" missed="11" covered="113"/><counter type="BRANCH" missed="1" covered="5"/><counter type="LINE" missed="2" covered="17"/><counter type="COMPLEXITY" missed="1" covered="3"/><counter type="METHOD" missed="0" covered="1"/></method><method name="groupBy" desc="(Ljava/lang/String;)Ljava/lang/String;" line="542"><counter type="INSTRUCTION" missed="0" covered="14"/><counter type="BRANCH" missed="0" covered="2"/><counter type="LINE" missed="0" covered="1"/><counter type="COMPLEXITY" missed="0" covered="2"/><counter type="METHOD" missed="0" covered="1"/></method><method name="isCalciteEnabled" desc="(Lorg/opensearch/sql/common/setting/Settings;)Z" line="546"><counter type="INSTRUCTION" missed="2" covered="8"/><counter type="BRANCH" missed="1" covered="1"/><counter type="LINE" missed="1" covered="2"/><counter type="COMPLEXITY" missed="1" covered="1"/><counter type="METHOD" missed="0" covered="1"/></method><method name="lambda$visitFillNull$2" desc="(Lorg/apache/commons/lang3/tuple/Pair;)Ljava/lang/String;" line="510"><counter type="INSTRUCTION" missed="0" covered="17"/><counter type="LINE" missed="0" covered="1"/><counter type="COMPLEXITY" missed="0" covered="1"/><counter type="METHOD" missed="0" covered="1"/></method><method name="lambda$visitFillNull$1" desc="(Lorg/apache/commons/lang3/tuple/Pair;)Ljava/lang/String;" line="503"><counter type="INSTRUCTION" missed="0" covered="6"/><counter type="LINE" missed="0" covered="1"/><counter type="COMPLEXITY" missed="0" covered="1"/><counter type="METHOD" missed="0" covered="1"/></method><method name="lambda$visitFillNull$0" desc="(Lorg/opensearch/sql/ast/expression/UnresolvedExpression;Lorg/apache/commons/lang3/tuple/Pair;)Z" line="497"><counter type="INSTRUCTION" missed="0" covered="8"/><counter type="BRANCH" missed="0" covered="2"/><counter type="LINE" missed="0" covered="1"/><counter type="COMPLEXITY" missed="0" covered="2"/><counter type="METHOD" missed="0" covered="1"/></method><method name="lambda$visitEval$0" desc="(Lorg/apache/commons/lang3/tuple/Pair;)Ljava/lang/String;" line="367"><counter type="INSTRUCTION" missed="0" covered="15"/><counter type="LINE" missed="0" covered="1"/><counter type="COMPLEXITY" missed="0" covered="1"/><counter type="METHOD" missed="0" covered="1"/></method><method name="lambda$visitRename$0" desc="(Ljava/util/Map$Entry;)Ljava/lang/String;" line="232"><counter type="INSTRUCTION" missed="0" covered="15"/><counter type="LINE" missed="0" covered="1"/><counter type="COMPLEXITY" missed="0" covered="1"/><counter type="METHOD" missed="0" covered="1"/></method><method name="lambda$visitTableFunction$0" desc="(Ljava/lang/String;Lorg/opensearch/sql/ast/expression/UnresolvedExpression;)Ljava/lang/String;" line="208"><counter type="INSTRUCTION" missed="0" covered="6"/><counter type="LINE" missed="0" covered="1"/><counter type="COMPLEXITY" missed="0" covered="1"/><counter type="METHOD" missed="0" covered="1"/></method><method name="lambda$formatFieldAlias$0" desc="(Ljava/util/Map$Entry;)Ljava/lang/String;" line="183"><counter type="INSTRUCTION" missed="0" covered="25"/><counter type="BRANCH" missed="0" covered="2"/><counter type="LINE" missed="0" covered="3"/><counter type="COMPLEXITY" missed="0" covered="2"/><counter type="METHOD" missed="0" covered="1"/></method><method name="lambda$visitJoin$2" desc="(Ljava/lang/String;Lorg/opensearch/sql/ast/expression/UnresolvedExpression;)Ljava/lang/String;" line="160"><counter type="INSTRUCTION" missed="0" covered="6"/><counter type="LINE" missed="0" covered="1"/><counter type="COMPLEXITY" missed="0" covered="1"/><counter type="METHOD" missed="0" covered="1"/></method><method name="lambda$visitJoin$1" desc="(Ljava/lang/String;)Ljava/lang/String;" line="158"><counter type="INSTRUCTION" missed="0" covered="3"/><counter type="LINE" missed="0" covered="1"/><counter type="COMPLEXITY" missed="0" covered="1"/><counter type="METHOD" missed="0" covered="1"/></method><method name="lambda$visitJoin$0" desc="(Ljava/lang/String;)Ljava/lang/String;" line="157"><counter type="INSTRUCTION" missed="0" covered="3"/><counter type="LINE" missed="0" covered="1"/><counter type="COMPLEXITY" missed="0" covered="1"/><counter type="METHOD" missed="0" covered="1"/></method><counter type="INSTRUCTION" missed="124" covered="1553"/><counter type="BRANCH" missed="20" covered="61"/><counter type="LINE" missed="18" covered="218"/><counter type="COMPLEXITY" missed="17" covered="70"/><counter type="METHOD" missed="2" covered="44"/><counter type="CLASS" missed="0" covered="1"/></class><class name="org/opensearch/sql/ppl/utils/PPLQueryDataAnonymizer$AnonymizerExpressionAnalyzer" sourcefilename="PPLQueryDataAnonymizer.java"><method name="&lt;init&gt;" desc="(Lorg/opensearch/sql/ppl/utils/PPLQueryDataAnonymizer;)V" line="557"><counter type="INSTRUCTION" missed="0" covered="6"/><counter type="LINE" missed="0" covered="3"/><counter type="COMPLEXITY" missed="0" covered="1"/><counter type="METHOD" missed="0" covered="1"/></method><method name="analyze" desc="(Lorg/opensearch/sql/ast/expression/UnresolvedExpression;Ljava/lang/String;)Ljava/lang/String;" line="562"><counter type="INSTRUCTION" missed="0" covered="6"/><counter type="LINE" missed="0" covered="1"/><counter type="COMPLEXITY" missed="0" covered="1"/><counter type="METHOD" missed="0" covered="1"/></method><method name="visitLiteral" desc="(Lorg/opensearch/sql/ast/expression/Literal;Ljava/lang/String;)Ljava/lang/String;" line="567"><counter type="INSTRUCTION" missed="0" covered="2"/><counter type="LINE" missed="0" covered="1"/><counter type="COMPLEXITY" missed="0" covered="1"/><counter type="METHOD" missed="0" covered="1"/></method><method name="visitInterval" desc="(Lorg/opensearch/sql/ast/expression/Interval;Ljava/lang/String;)Ljava/lang/String;" line="572"><counter type="INSTRUCTION" missed="0" covered="24"/><counter type="LINE" missed="0" covered="3"/><counter type="COMPLEXITY" missed="0" covered="1"/><counter type="METHOD" missed="0" covered="1"/></method><method name="visitAnd" desc="(Lorg/opensearch/sql/ast/expression/And;Ljava/lang/String;)Ljava/lang/String;" line="579"><counter type="INSTRUCTION" missed="0" covered="27"/><counter type="LINE" missed="0" covered="3"/><counter type="COMPLEXITY" missed="0" covered="1"/><counter type="METHOD" missed="0" covered="1"/></method><method name="visitOr" desc="(Lorg/opensearch/sql/ast/expression/Or;Ljava/lang/String;)Ljava/lang/String;" line="586"><counter type="INSTRUCTION" missed="0" covered="27"/><counter type="LINE" missed="0" covered="3"/><counter type="COMPLEXITY" missed="0" covered="1"/><counter type="METHOD" missed="0" covered="1"/></method><method name="visitXor" desc="(Lorg/opensearch/sql/ast/expression/Xor;Ljava/lang/String;)Ljava/lang/String;" line="593"><counter type="INSTRUCTION" missed="0" covered="27"/><counter type="LINE" missed="0" covered="3"/><counter type="COMPLEXITY" missed="0" covered="1"/><counter type="METHOD" missed="0" covered="1"/></method><method name="visitNot" desc="(Lorg/opensearch/sql/ast/expression/Not;Ljava/lang/String;)Ljava/lang/String;" line="600"><counter type="INSTRUCTION" missed="0" covered="16"/><counter type="LINE" missed="0" covered="2"/><counter type="COMPLEXITY" missed="0" covered="1"/><counter type="METHOD" missed="0" covered="1"/></method><method name="visitAggregateFunction" desc="(Lorg/opensearch/sql/ast/expression/AggregateFunction;Ljava/lang/String;)Ljava/lang/String;" line="606"><counter type="INSTRUCTION" missed="0" covered="21"/><counter type="LINE" missed="0" covered="2"/><counter type="COMPLEXITY" missed="0" covered="1"/><counter type="METHOD" missed="0" covered="1"/></method><method name="visitSpan" desc="(Lorg/opensearch/sql/ast/expression/Span;Ljava/lang/String;)Ljava/lang/String;" line="612"><counter type="INSTRUCTION" missed="0" covered="31"/><counter type="LINE" missed="0" covered="3"/><counter type="COMPLEXITY" missed="0" covered="1"/><counter type="METHOD" missed="0" covered="1"/></method><method name="visitFunction" desc="(Lorg/opensearch/sql/ast/expression/Function;Ljava/lang/String;)Ljava/lang/String;" line="619"><counter type="INSTRUCTION" missed="0" covered="26"/><counter type="LINE" missed="0" covered="5"/><counter type="COMPLEXITY" missed="0" covered="1"/><counter type="METHOD" missed="0" covered="1"/></method><method name="visitWindowFunction" desc="(Lorg/opensearch/sql/ast/expression/WindowFunction;Ljava/lang/String;)Ljava/lang/String;" line="628"><counter type="INSTRUCTION" missed="0" covered="43"/><counter type="BRANCH" missed="0" covered="2"/><counter type="LINE" missed="0" covered="8"/><counter type="COMPLEXITY" missed="0" covered="2"/><counter type="METHOD" missed="0" covered="1"/></method><method name="visitCompare" desc="(Lorg/opensearch/sql/ast/expression/Compare;Ljava/lang/String;)Ljava/lang/String;" line="642"><counter type="INSTRUCTION" missed="0" covered="30"/><counter type="LINE" missed="0" covered="3"/><counter type="COMPLEXITY" missed="0" covered="1"/><counter type="METHOD" missed="0" covered="1"/></method><method name="visitBetween" desc="(Lorg/opensearch/sql/ast/expression/Between;Ljava/lang/String;)Ljava/lang/String;" line="649"><counter type="INSTRUCTION" missed="0" covered="35"/><counter type="LINE" missed="0" covered="4"/><counter type="COMPLEXITY" missed="0" covered="1"/><counter type="METHOD" missed="0" covered="1"/></method><method name="visitIn" desc="(Lorg/opensearch/sql/ast/expression/In;Ljava/lang/String;)Ljava/lang/String;" line="657"><counter type="INSTRUCTION" missed="0" covered="19"/><counter type="LINE" missed="0" covered="2"/><counter type="COMPLEXITY" missed="0" covered="1"/><counter type="METHOD" missed="0" covered="1"/></method><method name="visitField" desc="(Lorg/opensearch/sql/ast/expression/Field;Ljava/lang/String;)Ljava/lang/String;" line="663"><counter type="INSTRUCTION" missed="0" covered="4"/><counter type="LINE" missed="0" covered="1"/><counter type="COMPLEXITY" missed="0" covered="1"/><counter type="METHOD" missed="0" covered="1"/></method><method name="visitAllFields" desc="(Lorg/opensearch/sql/ast/expression/AllFields;Ljava/lang/String;)Ljava/lang/String;" line="668"><counter type="INSTRUCTION" missed="0" covered="2"/><counter type="LINE" missed="0" covered="1"/><counter type="COMPLEXITY" missed="0" covered="1"/><counter type="METHOD" missed="0" covered="1"/></method><method name="visitAllFieldsExcludeMeta" desc="(Lorg/opensearch/sql/ast/expression/AllFieldsExcludeMeta;Ljava/lang/String;)Ljava/lang/String;" line="673"><counter type="INSTRUCTION" missed="0" covered="2"/><counter type="LINE" missed="0" covered="1"/><counter type="COMPLEXITY" missed="0" covered="1"/><counter type="METHOD" missed="0" covered="1"/></method><method name="visitAlias" desc="(Lorg/opensearch/sql/ast/expression/Alias;Ljava/lang/String;)Ljava/lang/String;" line="678"><counter type="INSTRUCTION" missed="0" covered="16"/><counter type="LINE" missed="0" covered="2"/><counter type="COMPLEXITY" missed="0" covered="1"/><counter type="METHOD" missed="0" covered="1"/></method><method name="visitTrendlineComputation" desc="(Lorg/opensearch/sql/ast/tree/Trendline$TrendlineComputation;Ljava/lang/String;)Ljava/lang/String;" line="684"><counter type="INSTRUCTION" missed="0" covered="39"/><counter type="LINE" missed="0" covered="5"/><counter type="COMPLEXITY" missed="0" covered="1"/><counter type="METHOD" missed="0" covered="1"/></method><method name="visitInSubquery" desc="(Lorg/opensearch/sql/ast/expression/subquery/InSubquery;Ljava/lang/String;)Ljava/lang/String;" line="693"><counter type="INSTRUCTION" missed="0" covered="31"/><counter type="LINE" missed="0" covered="4"/><counter type="COMPLEXITY" missed="0" covered="1"/><counter type="METHOD" missed="0" covered="1"/></method><method name="visitScalarSubquery" desc="(Lorg/opensearch/sql/ast/expression/subquery/ScalarSubquery;Ljava/lang/String;)Ljava/lang/String;" line="701"><counter type="INSTRUCTION" missed="0" covered="15"/><counter type="LINE" missed="0" covered="2"/><counter type="COMPLEXITY" missed="0" covered="1"/><counter type="METHOD" missed="0" covered="1"/></method><method name="visitExistsSubquery" desc="(Lorg/opensearch/sql/ast/expression/subquery/ExistsSubquery;Ljava/lang/String;)Ljava/lang/String;" line="707"><counter type="INSTRUCTION" missed="0" covered="15"/><counter type="LINE" missed="0" covered="2"/><counter type="COMPLEXITY" missed="0" covered="1"/><counter type="METHOD" missed="0" covered="1"/></method><method name="visitCase" desc="(Lorg/opensearch/sql/ast/expression/Case;Ljava/lang/String;)Ljava/lang/String;" line="713"><counter type="INSTRUCTION" missed="0" covered="64"/><counter type="BRANCH" missed="0" covered="2"/><counter type="LINE" missed="0" covered="13"/><counter type="COMPLEXITY" missed="0" covered="2"/><counter type="METHOD" missed="0" covered="1"/></method><method name="visitCast" desc="(Lorg/opensearch/sql/ast/expression/Cast;Ljava/lang/String;)Ljava/lang/String;" line="734"><counter type="INSTRUCTION" missed="0" covered="21"/><counter type="LINE" missed="0" covered="2"/><counter type="COMPLEXITY" missed="0" covered="1"/><counter type="METHOD" missed="0" covered="1"/></method><method name="lambda$visitCase$0" desc="(Ljava/lang/StringBuilder;Ljava/lang/String;Lorg/opensearch/sql/ast/expression/UnresolvedExpression;)V" line="725"><counter type="INSTRUCTION" missed="0" covered="12"/><counter type="LINE" missed="0" covered="3"/><counter type="COMPLEXITY" missed="0" covered="1"/><counter type="METHOD" missed="0" covered="1"/></method><method name="lambda$visitInSubquery$0" desc="(Ljava/lang/String;Lorg/opensearch/sql/ast/expression/UnresolvedExpression;)Ljava/lang/String;" line="694"><counter type="INSTRUCTION" missed="0" covered="5"/><counter type="LINE" missed="0" covered="1"/><counter type="COMPLEXITY" missed="0" covered="1"/><counter type="METHOD" missed="0" covered="1"/></method><method name="lambda$visitWindowFunction$0" desc="(Ljava/lang/String;Lorg/opensearch/sql/ast/expression/UnresolvedExpression;)Ljava/lang/String;" line="631"><counter type="INSTRUCTION" missed="0" covered="5"/><counter type="LINE" missed="0" covered="1"/><counter type="COMPLEXITY" missed="0" covered="1"/><counter type="METHOD" missed="0" covered="1"/></method><method name="lambda$visitFunction$0" desc="(Ljava/lang/String;Lorg/opensearch/sql/ast/expression/UnresolvedExpression;)Ljava/lang/String;" line="621"><counter type="INSTRUCTION" missed="0" covered="5"/><counter type="LINE" missed="0" covered="1"/><counter type="COMPLEXITY" missed="0" covered="1"/><counter type="METHOD" missed="0" covered="1"/></method><counter type="INSTRUCTION" missed="0" covered="576"/><counter type="BRANCH" missed="0" covered="4"/><counter type="LINE" missed="0" covered="82"/><counter type="COMPLEXITY" missed="0" covered="31"/><counter type="METHOD" missed="0" covered="29"/><counter type="CLASS" missed="0" covered="1"/></class><sourcefile name="ArgumentFactory.java"><line nr="35" mi="0" ci="3" mb="0" cb="0"/><line nr="44" mi="0" ci="2" mb="0" cb="0"/><line nr="45" mi="0" ci="4" mb="0" cb="2"/><line nr="46" mi="0" ci="11" mb="0" cb="0"/><line nr="47" mi="0" ci="10" mb="0" cb="0"/><line nr="57" mi="0" ci="6" mb="0" cb="0"/><line nr="58" mi="0" ci="3" mb="0" cb="2"/><line nr="59" mi="0" ci="8" mb="0" cb="0"/><line nr="60" mi="0" ci="13" mb="0" cb="0"/><line nr="61" mi="0" ci="3" mb="0" cb="2"/><line nr="62" mi="0" ci="8" mb="0" cb="0"/><line nr="63" mi="0" ci="13" mb="0" cb="0"/><line nr="64" mi="0" ci="3" mb="0" cb="2"/><line nr="65" mi="0" ci="8" mb="0" cb="0"/><line nr="66" mi="0" ci="12" mb="0" cb="0"/><line nr="67" mi="0" ci="3" mb="0" cb="2"/><line nr="68" mi="0" ci="8" mb="0" cb="0"/><line nr="69" mi="0" ci="11" mb="0" cb="0"/><line nr="79" mi="0" ci="6" mb="0" cb="0"/><line nr="80" mi="0" ci="3" mb="0" cb="2"/><line nr="81" mi="0" ci="8" mb="0" cb="0"/><line nr="82" mi="0" ci="13" mb="0" cb="0"/><line nr="83" mi="0" ci="3" mb="0" cb="2"/><line nr="84" mi="0" ci="8" mb="0" cb="0"/><line nr="85" mi="0" ci="13" mb="0" cb="0"/><line nr="86" mi="0" ci="3" mb="0" cb="2"/><line nr="87" mi="0" ci="8" mb="0" cb="0"/><line nr="88" mi="0" ci="11" mb="0" cb="0"/><line nr="98" mi="0" ci="6" mb="0" cb="0"/><line nr="99" mi="0" ci="3" mb="0" cb="2"/><line nr="100" mi="0" ci="11" mb="0" cb="0"/><line nr="101" mi="0" ci="13" mb="0" cb="0"/><line nr="102" mi="0" ci="4" mb="0" cb="2"/><line nr="103" mi="0" ci="10" mb="0" cb="0"/><line nr="104" mi="0" ci="4" mb="0" cb="2"/><line nr="105" mi="0" ci="10" mb="0" cb="0"/><line nr="106" mi="0" ci="4" mb="0" cb="2"/><line nr="107" mi="0" ci="10" mb="0" cb="0"/><line nr="108" mi="0" ci="4" mb="0" cb="2"/><line nr="109" mi="0" ci="10" mb="0" cb="0"/><line nr="110" mi="0" ci="10" mb="0" cb="0"/><line nr="120" mi="0" ci="6" mb="0" cb="0"/><line nr="121" mi="0" ci="3" mb="0" cb="2"/><line nr="122" mi="0" ci="8" mb="0" cb="0"/><line nr="123" mi="0" ci="13" mb="0" cb="0"/><line nr="124" mi="0" ci="3" mb="1" cb="1"/><line nr="125" mi="8" ci="0" mb="0" cb="0"/><line nr="126" mi="0" ci="12" mb="0" cb="0"/><line nr="127" mi="0" ci="3" mb="1" cb="1"/><line nr="128" mi="8" ci="0" mb="0" cb="0"/><line nr="129" mi="0" ci="11" mb="0" cb="0"/><line nr="139" mi="0" ci="6" mb="0" cb="0"/><line nr="140" mi="0" ci="3" mb="1" cb="1"/><line nr="141" mi="8" ci="0" mb="0" cb="0"/><line nr="142" mi="0" ci="13" mb="0" cb="0"/><line nr="143" mi="0" ci="3" mb="0" cb="2"/><line nr="144" mi="0" ci="8" mb="0" cb="0"/><line nr="145" mi="0" ci="12" mb="0" cb="0"/><line nr="146" mi="0" ci="3" mb="0" cb="2"/><line nr="147" mi="0" ci="8" mb="0" cb="0"/><line nr="148" mi="0" ci="11" mb="0" cb="0"/><line nr="158" mi="0" ci="4" mb="0" cb="2"/><line nr="159" mi="0" ci="9" mb="0" cb="0"/><line nr="160" mi="0" ci="3" mb="0" cb="2"/><line nr="161" mi="0" ci="8" mb="0" cb="0"/><line nr="162" mi="0" ci="7" mb="0" cb="0"/><counter type="INSTRUCTION" missed="24" covered="461"/><counter type="BRANCH" missed="3" covered="39"/><counter type="LINE" missed="3" covered="63"/><counter type="COMPLEXITY" missed="3" covered="26"/><counter type="METHOD" missed="0" covered="8"/><counter type="CLASS" missed="0" covered="1"/></sourcefile><sourcefile name="UnresolvedPlanHelper.java"><line nr="20" mi="0" ci="7" mb="0" cb="4"/><line nr="21" mi="0" ci="2" mb="0" cb="0"/><line nr="23" mi="0" ci="8" mb="0" cb="0"/><counter type="INSTRUCTION" missed="0" covered="17"/><counter type="BRANCH" missed="0" covered="4"/><counter type="LINE" missed="0" covered="3"/><counter type="COMPLEXITY" missed="0" covered="3"/><counter type="METHOD" missed="0" covered="1"/><counter type="CLASS" missed="0" covered="1"/></sourcefile><sourcefile name="PPLQueryDataAnonymizer.java"><line nr="105" mi="0" ci="2" mb="0" cb="0"/><line nr="106" mi="0" ci="6" mb="0" cb="0"/><line nr="107" mi="0" ci="3" mb="0" cb="0"/><line nr="108" mi="0" ci="1" mb="0" cb="0"/><line nr="117" mi="0" ci="6" mb="0" cb="0"/><line nr="121" mi="0" ci="6" mb="0" cb="0"/><line nr="127" mi="0" ci="7" mb="0" cb="0"/><line nr="132" mi="0" ci="8" mb="0" cb="0"/><line nr="134" mi="0" ci="13" mb="0" cb="0"/><line nr="139" mi="0" ci="3" mb="0" cb="2"/><line nr="141" mi="0" ci="4" mb="0" cb="0"/><line nr="142" mi="0" ci="11" mb="0" cb="0"/><line nr="143" mi="0" ci="3" mb="0" cb="0"/><line nr="145" mi="0" ci="11" mb="0" cb="0"/><line nr="150" mi="0" ci="7" mb="0" cb="0"/><line nr="151" mi="0" ci="7" mb="0" cb="0"/><line nr="153" mi="0" ci="4" mb="0" cb="2"/><line nr="154" mi="0" ci="5" mb="0" cb="0"/><line nr="155" mi="0" ci="2" mb="0" cb="0"/><line nr="156" mi="0" ci="6" mb="0" cb="0"/><line nr="157" mi="0" ci="11" mb="0" cb="0"/><line nr="158" mi="0" ci="11" mb="0" cb="0"/><line nr="159" mi="0" ci="1" mb="0" cb="0"/><line nr="160" mi="0" ci="15" mb="0" cb="0"/><line nr="161" mi="0" ci="29" mb="0" cb="0"/><line nr="167" mi="0" ci="10" mb="0" cb="0"/><line nr="168" mi="0" ci="6" mb="0" cb="0"/><line nr="169" mi="0" ci="5" mb="0" cb="0"/><line nr="171" mi="0" ci="4" mb="0" cb="2"/><line nr="172" mi="0" ci="2" mb="0" cb="0"/><line nr="173" mi="0" ci="12" mb="0" cb="0"/><line nr="174" mi="0" ci="5" mb="0" cb="0"/><line nr="175" mi="0" ci="25" mb="0" cb="0"/><line nr="180" mi="0" ci="5" mb="0" cb="0"/><line nr="181" mi="0" ci="2" mb="0" cb="0"/><line nr="183" mi="0" ci="7" mb="0" cb="2"/><line nr="184" mi="0" ci="4" mb="0" cb="0"/><line nr="185" mi="0" ci="14" mb="0" cb="0"/><line nr="186" mi="0" ci="3" mb="0" cb="0"/><line nr="191" mi="0" ci="6" mb="0" cb="0"/><line nr="192" mi="0" ci="6" mb="0" cb="0"/><line nr="193" mi="0" ci="7" mb="0" cb="2"/><line nr="194" mi="0" ci="5" mb="1" cb="1"/><line nr="195" mi="0" ci="6" mb="0" cb="0"/><line nr="198" mi="0" ci="8" mb="0" cb="2"/><line nr="199" mi="0" ci="14" mb="0" cb="0"/><line nr="204" mi="0" ci="1" mb="0" cb="0"/><line nr="205" mi="0" ci="5" mb="0" cb="0"/><line nr="206" mi="0" ci="2" mb="0" cb="0"/><line nr="208" mi="0" ci="6" mb="0" cb="0"/><line nr="209" mi="0" ci="4" mb="0" cb="0"/><line nr="210" mi="0" ci="15" mb="0" cb="0"/><line nr="215" mi="0" ci="10" mb="0" cb="0"/><line nr="216" mi="0" ci="5" mb="0" cb="0"/><line nr="217" mi="0" ci="13" mb="0" cb="0"/><line nr="223" mi="0" ci="10" mb="0" cb="0"/><line nr="224" mi="0" ci="4" mb="0" cb="0"/><line nr="225" mi="0" ci="11" mb="0" cb="2"/><line nr="226" mi="0" ci="5" mb="0" cb="0"/><line nr="227" mi="0" ci="3" mb="0" cb="0"/><line nr="228" mi="0" ci="4" mb="0" cb="0"/><line nr="229" mi="0" ci="1" mb="0" cb="0"/><line nr="230" mi="0" ci="1" mb="0" cb="0"/><line nr="231" mi="0" ci="4" mb="0" cb="0"/><line nr="232" mi="0" ci="17" mb="0" cb="0"/><line nr="233" mi="0" ci="4" mb="0" cb="0"/><line nr="234" mi="0" ci="13" mb="0" cb="0"/><line nr="240" mi="0" ci="10" mb="0" cb="0"/><line nr="241" mi="0" ci="3" mb="0" cb="0"/><line nr="242" mi="0" ci="4" mb="0" cb="0"/><line nr="243" mi="0" ci="3" mb="0" cb="2"/><line nr="244" mi="0" ci="4" mb="0" cb="0"/><line nr="246" mi="0" ci="5" mb="0" cb="0"/><line nr="247" mi="0" ci="4" mb="0" cb="0"/><line nr="248" mi="0" ci="18" mb="0" cb="0"/><line nr="250" mi="0" ci="12" mb="0" cb="0"/><line nr="255" mi="0" ci="10" mb="0" cb="0"/><line nr="256" mi="0" ci="4" mb="0" cb="0"/><line nr="257" mi="0" ci="9" mb="0" cb="0"/><line nr="260" mi="0" ci="3" mb="0" cb="2"/><line nr="261" mi="0" ci="3" mb="0" cb="0"/><line nr="262" mi="0" ci="9" mb="0" cb="0"/><line nr="263" mi="0" ci="3" mb="0" cb="2"/><line nr="264" mi="0" ci="9" mb="0" cb="0"/><line nr="266" mi="0" ci="4" mb="0" cb="2"/><line nr="267" mi="0" ci="3" mb="0" cb="0"/><line nr="268" mi="0" ci="9" mb="0" cb="0"/><line nr="269" mi="0" ci="3" mb="1" cb="1"/><line nr="270" mi="0" ci="9" mb="0" cb="0"/><line nr="272" mi="0" ci="3" mb="1" cb="1"/><line nr="273" mi="0" ci="9" mb="0" cb="0"/><line nr="275" mi="0" ci="4" mb="1" cb="1"/><line nr="276" mi="0" ci="3" mb="0" cb="0"/><line nr="277" mi="0" ci="6" mb="0" cb="0"/><line nr="278" mi="0" ci="3" mb="1" cb="1"/><line nr="279" mi="0" ci="9" mb="0" cb="0"/><line nr="281" mi="0" ci="3" mb="1" cb="1"/><line nr="282" mi="0" ci="9" mb="0" cb="0"/><line nr="284" mi="3" ci="1" mb="2" cb="0"/><line nr="285" mi="3" ci="0" mb="0" cb="0"/><line nr="286" mi="3" ci="0" mb="2" cb="0"/><line nr="287" mi="9" ci="0" mb="0" cb="0"/><line nr="289" mi="3" ci="0" mb="2" cb="0"/><line nr="290" mi="9" ci="0" mb="0" cb="0"/><line nr="292" mi="4" ci="0" mb="2" cb="0"/><line nr="296" mi="0" ci="3" mb="0" cb="2"/><line nr="297" mi="0" ci="7" mb="0" cb="0"/><line nr="300" mi="0" ci="14" mb="0" cb="0"/><line nr="305" mi="0" ci="10" mb="0" cb="0"/><line nr="306" mi="0" ci="18" mb="0" cb="0"/><line nr="308" mi="0" ci="6" mb="0" cb="0"/><line nr="314" mi="0" ci="10" mb="0" cb="0"/><line nr="315" mi="0" ci="4" mb="0" cb="0"/><line nr="316" mi="0" ci="6" mb="0" cb="0"/><line nr="317" mi="0" ci="6" mb="0" cb="0"/><line nr="318" mi="0" ci="6" mb="0" cb="0"/><line nr="319" mi="0" ci="5" mb="0" cb="0"/><line nr="320" mi="0" ci="5" mb="0" cb="0"/><line nr="322" mi="0" ci="5" mb="0" cb="2"/><line nr="323" mi="0" ci="13" mb="0" cb="0"/><line nr="324" mi="0" ci="2" mb="0" cb="0"/><line nr="325" mi="0" ci="12" mb="0" cb="0"/><line nr="328" mi="0" ci="25" mb="0" cb="0"/><line nr="331" mi="0" ci="5" mb="0" cb="0"/><line nr="337" mi="0" ci="10" mb="0" cb="0"/><line nr="338" mi="0" ci="2" mb="0" cb="0"/><line nr="339" mi="0" ci="5" mb="0" cb="0"/><line nr="341" mi="0" ci="3" mb="0" cb="2"/><line nr="342" mi="0" ci="2" mb="0" cb="0"/><line nr="345" mi="0" ci="3" mb="0" cb="2"/><line nr="346" mi="0" ci="6" mb="0" cb="0"/><line nr="347" mi="0" ci="5" mb="0" cb="0"/><line nr="348" mi="0" ci="3" mb="0" cb="2"/><line nr="349" mi="0" ci="2" mb="0" cb="0"/><line nr="352" mi="0" ci="17" mb="0" cb="0"/><line nr="358" mi="0" ci="10" mb="0" cb="0"/><line nr="359" mi="0" ci="4" mb="0" cb="0"/><line nr="360" mi="0" ci="11" mb="0" cb="2"/><line nr="361" mi="0" ci="5" mb="0" cb="0"/><line nr="362" mi="0" ci="5" mb="0" cb="0"/><line nr="363" mi="0" ci="6" mb="0" cb="0"/><line nr="364" mi="0" ci="1" mb="0" cb="0"/><line nr="365" mi="0" ci="1" mb="0" cb="0"/><line nr="366" mi="0" ci="3" mb="0" cb="0"/><line nr="367" mi="0" ci="17" mb="0" cb="0"/><line nr="368" mi="0" ci="4" mb="0" cb="0"/><line nr="369" mi="0" ci="13" mb="0" cb="0"/><line nr="374" mi="9" ci="0" mb="0" cb="0"/><line nr="375" mi="5" ci="0" mb="0" cb="0"/><line nr="377" mi="13" ci="0" mb="0" cb="0"/><line nr="383" mi="0" ci="10" mb="0" cb="0"/><line nr="385" mi="0" ci="3" mb="0" cb="0"/><line nr="386" mi="0" ci="5" mb="0" cb="0"/><line nr="387" mi="0" ci="3" mb="0" cb="2"/><line nr="388" mi="0" ci="17" mb="0" cb="0"/><line nr="390" mi="0" ci="13" mb="0" cb="0"/><line nr="397" mi="0" ci="10" mb="0" cb="0"/><line nr="398" mi="0" ci="5" mb="0" cb="0"/><line nr="399" mi="0" ci="3" mb="0" cb="0"/><line nr="400" mi="0" ci="8" mb="0" cb="0"/><line nr="401" mi="0" ci="8" mb="0" cb="0"/><line nr="402" mi="0" ci="8" mb="0" cb="0"/><line nr="404" mi="0" ci="25" mb="0" cb="0"/><line nr="411" mi="0" ci="10" mb="0" cb="0"/><line nr="412" mi="0" ci="3" mb="0" cb="0"/><line nr="413" mi="0" ci="13" mb="0" cb="0"/><line nr="418" mi="0" ci="10" mb="0" cb="0"/><line nr="419" mi="0" ci="9" mb="0" cb="0"/><line nr="424" mi="0" ci="10" mb="0" cb="0"/><line nr="425" mi="0" ci="5" mb="0" cb="0"/><line nr="426" mi="0" ci="4" mb="0" cb="0"/><line nr="429" mi="0" ci="6" mb="1" cb="2"/><line nr="431" mi="2" ci="0" mb="0" cb="0"/><line nr="432" mi="1" ci="0" mb="0" cb="0"/><line nr="434" mi="0" ci="2" mb="0" cb="0"/><line nr="435" mi="0" ci="1" mb="0" cb="0"/><line nr="437" mi="0" ci="2" mb="0" cb="0"/><line nr="440" mi="3" ci="6" mb="3" cb="1"/><line nr="441" mi="17" ci="0" mb="0" cb="0"/><line nr="442" mi="0" ci="20" mb="0" cb="0"/><line nr="447" mi="9" ci="0" mb="0" cb="0"/><line nr="448" mi="5" ci="0" mb="0" cb="0"/><line nr="449" mi="13" ci="0" mb="0" cb="0"/><line nr="454" mi="0" ci="10" mb="0" cb="0"/><line nr="455" mi="0" ci="6" mb="0" cb="0"/><line nr="456" mi="0" ci="13" mb="0" cb="0"/><line nr="461" mi="0" ci="10" mb="0" cb="0"/><line nr="462" mi="0" ci="3" mb="0" cb="0"/><line nr="463" mi="0" ci="4" mb="0" cb="0"/><line nr="464" mi="0" ci="5" mb="0" cb="0"/><line nr="465" mi="0" ci="8" mb="0" cb="0"/><line nr="466" mi="0" ci="12" mb="0" cb="0"/><line nr="467" mi="0" ci="7" mb="0" cb="0"/><line nr="471" mi="0" ci="10" mb="0" cb="0"/><line nr="475" mi="0" ci="5" mb="0" cb="0"/><line nr="480" mi="0" ci="4" mb="0" cb="2"/><line nr="481" mi="0" ci="2" mb="0" cb="0"/><line nr="482" mi="0" ci="9" mb="0" cb="0"/><line nr="486" mi="0" ci="6" mb="0" cb="0"/><line nr="491" mi="0" ci="10" mb="0" cb="0"/><line nr="492" mi="0" ci="3" mb="0" cb="0"/><line nr="493" mi="0" ci="3" mb="0" cb="2"/><line nr="494" mi="0" ci="13" mb="0" cb="0"/><line nr="496" mi="0" ci="6" mb="0" cb="0"/><line nr="497" mi="0" ci="14" mb="0" cb="4"/><line nr="498" mi="0" ci="16" mb="0" cb="0"/><line nr="502" mi="0" ci="4" mb="0" cb="0"/><line nr="503" mi="0" ci="8" mb="0" cb="0"/><line nr="504" mi="0" ci="3" mb="0" cb="0"/><line nr="506" mi="0" ci="12" mb="0" cb="0"/><line nr="509" mi="0" ci="4" mb="0" cb="0"/><line nr="510" mi="0" ci="19" mb="0" cb="0"/><line nr="511" mi="0" ci="3" mb="0" cb="0"/><line nr="517" mi="0" ci="10" mb="0" cb="0"/><line nr="518" mi="0" ci="5" mb="0" cb="0"/><line nr="519" mi="0" ci="4" mb="0" cb="0"/><line nr="520" mi="0" ci="8" mb="0" cb="0"/><line nr="521" mi="0" ci="4" mb="1" cb="1"/><line nr="522" mi="5" ci="0" mb="0" cb="0"/><line nr="523" mi="6" ci="0" mb="0" cb="0"/><line nr="525" mi="0" ci="8" mb="0" cb="0"/><line nr="526" mi="0" ci="8" mb="0" cb="0"/><line nr="527" mi="0" ci="9" mb="0" cb="0"/><line nr="528" mi="0" ci="9" mb="0" cb="0"/><line nr="529" mi="0" ci="7" mb="0" cb="0"/><line nr="530" mi="0" ci="4" mb="0" cb="2"/><line nr="531" mi="0" ci="12" mb="0" cb="2"/><line nr="532" mi="0" ci="10" mb="0" cb="0"/><line nr="533" mi="0" ci="1" mb="0" cb="0"/><line nr="534" mi="0" ci="10" mb="0" cb="0"/><line nr="535" mi="0" ci="1" mb="0" cb="0"/><line nr="538" mi="0" ci="3" mb="0" cb="0"/><line nr="542" mi="0" ci="14" mb="0" cb="2"/><line nr="546" mi="0" ci="2" mb="1" cb="1"/><line nr="547" mi="0" ci="6" mb="0" cb="0"/><line nr="549" mi="2" ci="0" mb="0" cb="0"/><line nr="557" mi="0" ci="2" mb="0" cb="0"/><line nr="558" mi="0" ci="3" mb="0" cb="0"/><line nr="559" mi="0" ci="1" mb="0" cb="0"/><line nr="562" mi="0" ci="6" mb="0" cb="0"/><line nr="567" mi="0" ci="2" mb="0" cb="0"/><line nr="572" mi="0" ci="7" mb="0" cb="0"/><line nr="573" mi="0" ci="4" mb="0" cb="0"/><line nr="574" mi="0" ci="13" mb="0" cb="0"/><line nr="579" mi="0" ci="7" mb="0" cb="0"/><line nr="580" mi="0" ci="7" mb="0" cb="0"/><line nr="581" mi="0" ci="13" mb="0" cb="0"/><line nr="586" mi="0" ci="7" mb="0" cb="0"/><line nr="587" mi="0" ci="7" mb="0" cb="0"/><line nr="588" mi="0" ci="13" mb="0" cb="0"/><line nr="593" mi="0" ci="7" mb="0" cb="0"/><line nr="594" mi="0" ci="7" mb="0" cb="0"/><line nr="595" mi="0" ci="13" mb="0" cb="0"/><line nr="600" mi="0" ci="7" mb="0" cb="0"/><line nr="601" mi="0" ci="9" mb="0" cb="0"/><line nr="606" mi="0" ci="7" mb="0" cb="0"/><line nr="607" mi="0" ci="14" mb="0" cb="0"/><line nr="612" mi="0" ci="6" mb="0" cb="0"/><line nr="613" mi="0" ci="6" mb="0" cb="0"/><line nr="614" mi="0" ci="19" mb="0" cb="0"/><line nr="619" mi="0" ci="1" mb="0" cb="0"/><line nr="620" mi="0" ci="5" mb="0" cb="0"/><line nr="621" mi="0" ci="7" mb="0" cb="0"/><line nr="622" mi="0" ci="4" mb="0" cb="0"/><line nr="623" mi="0" ci="14" mb="0" cb="0"/><line nr="628" mi="0" ci="6" mb="0" cb="0"/><line nr="629" mi="0" ci="1" mb="0" cb="0"/><line nr="630" mi="0" ci="5" mb="0" cb="0"/><line nr="631" mi="0" ci="7" mb="0" cb="0"/><line nr="632" mi="0" ci="4" mb="0" cb="0"/><line nr="633" mi="0" ci="3" mb="0" cb="2"/><line nr="634" mi="0" ci="9" mb="0" cb="0"/><line nr="636" mi="0" ci="13" mb="0" cb="0"/><line nr="642" mi="0" ci="6" mb="0" cb="0"/><line nr="643" mi="0" ci="6" mb="0" cb="0"/><line nr="644" mi="0" ci="18" mb="0" cb="0"/><line nr="649" mi="0" ci="6" mb="0" cb="0"/><line nr="650" mi="0" ci="6" mb="0" cb="0"/><line nr="651" mi="0" ci="6" mb="0" cb="0"/><line nr="652" mi="0" ci="17" mb="0" cb="0"/><line nr="657" mi="0" ci="6" mb="0" cb="0"/><line nr="658" mi="0" ci="13" mb="0" cb="0"/><line nr="663" mi="0" ci="4" mb="0" cb="0"/><line nr="668" mi="0" ci="2" mb="0" cb="0"/><line nr="673" mi="0" ci="2" mb="0" cb="0"/><line nr="678" mi="0" ci="7" mb="0" cb="0"/><line nr="679" mi="0" ci="9" mb="0" cb="0"/><line nr="684" mi="0" ci="7" mb="0" cb="0"/><line nr="685" mi="0" ci="4" mb="0" cb="0"/><line nr="686" mi="0" ci="6" mb="0" cb="0"/><line nr="687" mi="0" ci="12" mb="0" cb="0"/><line nr="688" mi="0" ci="10" mb="0" cb="0"/><line nr="693" mi="0" ci="1" mb="0" cb="0"/><line nr="694" mi="0" ci="16" mb="0" cb="0"/><line nr="695" mi="0" ci="6" mb="0" cb="0"/><line nr="696" mi="0" ci="13" mb="0" cb="0"/><line nr="701" mi="0" ci="6" mb="0" cb="0"/><line nr="702" mi="0" ci="9" mb="0" cb="0"/><line nr="707" mi="0" ci="6" mb="0" cb="0"/><line nr="708" mi="0" ci="9" mb="0" cb="0"/><line nr="713" mi="0" ci="4" mb="0" cb="0"/><line nr="714" mi="0" ci="4" mb="0" cb="0"/><line nr="715" mi="0" ci="11" mb="0" cb="2"/><line nr="716" mi="0" ci="8" mb="0" cb="0"/><line nr="717" mi="0" ci="4" mb="0" cb="0"/><line nr="718" mi="0" ci="8" mb="0" cb="0"/><line nr="719" mi="0" ci="4" mb="0" cb="0"/><line nr="720" mi="0" ci="1" mb="0" cb="0"/><line nr="721" mi="0" ci="6" mb="0" cb="0"/><line nr="722" mi="0" ci="6" mb="0" cb="0"/><line nr="723" mi="0" ci="1" mb="0" cb="0"/><line nr="725" mi="0" ci="4" mb="0" cb="0"/><line nr="726" mi="0" ci="7" mb="0" cb="0"/><line nr="727" mi="0" ci="1" mb="0" cb="0"/><line nr="728" mi="0" ci="4" mb="0" cb="0"/><line nr="729" mi="0" ci="3" mb="0" cb="0"/><line nr="734" mi="0" ci="6" mb="0" cb="0"/><line nr="735" mi="0" ci="15" mb="0" cb="0"/><counter type="INSTRUCTION" missed="124" covered="2129"/><counter type="BRANCH" missed="20" covered="65"/><counter type="LINE" missed="18" covered="300"/><counter type="COMPLEXITY" missed="17" covered="101"/><counter type="METHOD" missed="2" covered="73"/><counter type="CLASS" missed="0" covered="2"/></sourcefile><counter type="INSTRUCTION" missed="148" covered="2607"/><counter type="BRANCH" missed="23" covered="108"/><counter type="LINE" missed="21" covered="366"/><counter type="COMPLEXITY" missed="20" covered="130"/><counter type="METHOD" missed="2" covered="82"/><counter type="CLASS" missed="0" covered="4"/></package><package name="org/opensearch/sql/ppl/antlr"><class name="org/opensearch/sql/ppl/antlr/PPLSyntaxParser" sourcefilename="PPLSyntaxParser.java"><method name="&lt;init&gt;" desc="()V" line="18"><counter type="INSTRUCTION" missed="0" covered="3"/><counter type="LINE" missed="0" covered="1"/><counter type="COMPLEXITY" missed="0" covered="1"/><counter type="METHOD" missed="0" covered="1"/></method><method name="parse" desc="(Ljava/lang/String;)Lorg/antlr/v4/runtime/tree/ParseTree;" line="22"><counter type="INSTRUCTION" missed="0" covered="14"/><counter type="LINE" missed="0" covered="3"/><counter type="COMPLEXITY" missed="0" covered="1"/><counter type="METHOD" missed="0" covered="1"/></method><method name="createParser" desc="(Lorg/antlr/v4/runtime/Lexer;)Lorg/opensearch/sql/ppl/antlr/parser/OpenSearchPPLParser;" line="28"><counter type="INSTRUCTION" missed="0" covered="8"/><counter type="LINE" missed="0" covered="1"/><counter type="COMPLEXITY" missed="0" covered="1"/><counter type="METHOD" missed="0" covered="1"/></method><method name="createLexer" desc="(Ljava/lang/String;)Lorg/opensearch/sql/ppl/antlr/parser/OpenSearchPPLLexer;" line="32"><counter type="INSTRUCTION" missed="0" covered="8"/><counter type="LINE" missed="0" covered="1"/><counter type="COMPLEXITY" missed="0" covered="1"/><counter type="METHOD" missed="0" covered="1"/></method><counter type="INSTRUCTION" missed="0" covered="33"/><counter type="LINE" missed="0" covered="6"/><counter type="COMPLEXITY" missed="0" covered="4"/><counter type="METHOD" missed="0" covered="4"/><counter type="CLASS" missed="0" covered="1"/></class><sourcefile name="PPLSyntaxParser.java"><line nr="18" mi="0" ci="3" mb="0" cb="0"/><line nr="22" mi="0" ci="6" mb="0" cb="0"/><line nr="23" mi="0" ci="5" mb="0" cb="0"/><line nr="24" mi="0" ci="3" mb="0" cb="0"/><line nr="28" mi="0" ci="8" mb="0" cb="0"/><line nr="32" mi="0" ci="8" mb="0" cb="0"/><counter type="INSTRUCTION" missed="0" covered="33"/><counter type="LINE" missed="0" covered="6"/><counter type="COMPLEXITY" missed="0" covered="4"/><counter type="METHOD" missed="0" covered="4"/><counter type="CLASS" missed="0" covered="1"/></sourcefile><counter type="INSTRUCTION" missed="0" covered="33"/><counter type="LINE" missed="0" covered="6"/><counter type="COMPLEXITY" missed="0" covered="4"/><counter type="METHOD" missed="0" covered="4"/><counter type="CLASS" missed="0" covered="1"/></package><package name="org/opensearch/sql/ppl/parser"><class name="org/opensearch/sql/ppl/parser/AstStatementBuilder" sourcefilename="AstStatementBuilder.java"><method name="visitPplStatement" desc="(Lorg/opensearch/sql/ppl/antlr/parser/OpenSearchPPLParser$PplStatementContext;)Lorg/opensearch/sql/ast/statement/Statement;" line="36"><counter type="INSTRUCTION" missed="0" covered="53"/><counter type="BRANCH" missed="0" covered="6"/><counter type="LINE" missed="0" covered="6"/><counter type="COMPLEXITY" missed="0" covered="4"/><counter type="METHOD" missed="0" covered="1"/></method><method name="aggregateResult" desc="(Lorg/opensearch/sql/ast/statement/Statement;Lorg/opensearch/sql/ast/statement/Statement;)Lorg/opensearch/sql/ast/statement/Statement;" line="50"><counter type="INSTRUCTION" missed="0" covered="6"/><counter type="BRANCH" missed="0" covered="2"/><counter type="LINE" missed="0" covered="1"/><counter type="COMPLEXITY" missed="0" covered="2"/><counter type="METHOD" missed="0" covered="1"/></method><method name="addSelectAll" desc="(Lorg/opensearch/sql/ast/tree/UnresolvedPlan;)Lorg/opensearch/sql/ast/tree/UnresolvedPlan;" line="62"><counter type="INSTRUCTION" missed="0" covered="17"/><counter type="BRANCH" missed="0" covered="4"/><counter type="LINE" missed="0" covered="3"/><counter type="COMPLEXITY" missed="0" covered="3"/><counter type="METHOD" missed="0" covered="1"/></method><counter type="INSTRUCTION" missed="0" covered="76"/><counter type="BRANCH" missed="0" covered="12"/><counter type="LINE" missed="0" covered="10"/><counter type="COMPLEXITY" missed="0" covered="9"/><counter type="METHOD" missed="0" covered="3"/><counter type="CLASS" missed="0" covered="1"/></class><class name="org/opensearch/sql/ppl/parser/AstBuilder" sourcefilename="AstBuilder.java"><method name="&lt;init&gt;" desc="(Ljava/lang/String;)V" line="127"><counter type="INSTRUCTION" missed="5" covered="0"/><counter type="LINE" missed="2" covered="0"/><counter type="COMPLEXITY" missed="1" covered="0"/><counter type="METHOD" missed="1" covered="0"/></method><method name="&lt;init&gt;" desc="(Ljava/lang/String;Lorg/opensearch/sql/common/setting/Settings;)V" line="130"><counter type="INSTRUCTION" missed="0" covered="15"/><counter type="LINE" missed="0" covered="5"/><counter type="COMPLEXITY" missed="0" covered="1"/><counter type="METHOD" missed="0" covered="1"/></method><method name="visitQueryStatement" desc="(Lorg/opensearch/sql/ppl/antlr/parser/OpenSearchPPLParser$QueryStatementContext;)Lorg/opensearch/sql/ast/tree/UnresolvedPlan;" line="138"><counter type="INSTRUCTION" missed="0" covered="18"/><counter type="LINE" missed="0" covered="4"/><counter type="COMPLEXITY" missed="0" covered="1"/><counter type="METHOD" missed="0" covered="1"/></method><method name="visitSubSearch" desc="(Lorg/opensearch/sql/ppl/antlr/parser/OpenSearchPPLParser$SubSearchContext;)Lorg/opensearch/sql/ast/tree/UnresolvedPlan;" line="146"><counter type="INSTRUCTION" missed="0" covered="19"/><counter type="LINE" missed="0" covered="3"/><counter type="COMPLEXITY" missed="0" covered="1"/><counter type="METHOD" missed="0" covered="1"/></method><method name="visitSearchFrom" desc="(Lorg/opensearch/sql/ppl/antlr/parser/OpenSearchPPLParser$SearchFromContext;)Lorg/opensearch/sql/ast/tree/UnresolvedPlan;" line="155"><counter type="INSTRUCTION" missed="0" covered="30"/><counter type="BRANCH" missed="0" covered="2"/><counter type="LINE" missed="0" covered="8"/><counter type="COMPLEXITY" missed="0" covered="2"/><counter type="METHOD" missed="0" covered="1"/></method><method name="visitDescribeCommand" desc="(Lorg/opensearch/sql/ppl/antlr/parser/OpenSearchPPLParser$DescribeCommandContext;)Lorg/opensearch/sql/ast/tree/UnresolvedPlan;" line="176"><counter type="INSTRUCTION" missed="0" covered="39"/><counter type="LINE" missed="0" covered="5"/><counter type="COMPLEXITY" missed="0" covered="1"/><counter type="METHOD" missed="0" covered="1"/></method><method name="visitShowDataSourcesCommand" desc="(Lorg/opensearch/sql/ppl/antlr/parser/OpenSearchPPLParser$ShowDataSourcesCommandContext;)Lorg/opensearch/sql/ast/tree/UnresolvedPlan;" line="187"><counter type="INSTRUCTION" missed="0" covered="11"/><counter type="LINE" missed="0" covered="1"/><counter type="COMPLEXITY" missed="0" covered="1"/><counter type="METHOD" missed="0" covered="1"/></method><method name="visitWhereCommand" desc="(Lorg/opensearch/sql/ppl/antlr/parser/OpenSearchPPLParser$WhereCommandContext;)Lorg/opensearch/sql/ast/tree/UnresolvedPlan;" line="193"><counter type="INSTRUCTION" missed="0" covered="8"/><counter type="LINE" missed="0" covered="1"/><counter type="COMPLEXITY" missed="0" covered="1"/><counter type="METHOD" missed="0" covered="1"/></method><method name="visitJoinCommand" desc="(Lorg/opensearch/sql/ppl/antlr/parser/OpenSearchPPLParser$JoinCommandContext;)Lorg/opensearch/sql/ast/tree/UnresolvedPlan;" line="198"><counter type="INSTRUCTION" missed="0" covered="111"/><counter type="BRANCH" missed="1" covered="15"/><counter type="LINE" missed="0" covered="23"/><counter type="COMPLEXITY" missed="1" covered="8"/><counter type="METHOD" missed="0" covered="1"/></method><method name="getJoinHint" desc="(Lorg/opensearch/sql/ppl/antlr/parser/OpenSearchPPLParser$JoinHintListContext;)Lorg/opensearch/sql/ast/tree/Join$JoinHint;" line="237"><counter type="INSTRUCTION" missed="25" covered="9"/><counter type="BRANCH" missed="1" covered="1"/><counter type="LINE" missed="7" covered="3"/><counter type="COMPLEXITY" missed="1" covered="1"/><counter type="METHOD" missed="0" covered="1"/></method><method name="getJoinType" desc="(Lorg/opensearch/sql/ppl/antlr/parser/OpenSearchPPLParser$JoinTypeContext;)Lorg/opensearch/sql/ast/tree/Join$JoinType;" line="258"><counter type="INSTRUCTION" missed="3" covered="48"/><counter type="BRANCH" missed="1" covered="15"/><counter type="LINE" missed="1" covered="17"/><counter type="COMPLEXITY" missed="1" covered="8"/><counter type="METHOD" missed="0" covered="1"/></method><method name="visitFieldsCommand" desc="(Lorg/opensearch/sql/ppl/antlr/parser/OpenSearchPPLParser$FieldsCommandContext;)Lorg/opensearch/sql/ast/tree/UnresolvedPlan;" line="282"><counter type="INSTRUCTION" missed="0" covered="7"/><counter type="LINE" missed="0" covered="1"/><counter type="COMPLEXITY" missed="0" covered="1"/><counter type="METHOD" missed="0" covered="1"/></method><method name="visitTableCommand" desc="(Lorg/opensearch/sql/ppl/antlr/parser/OpenSearchPPLParser$TableCommandContext;)Lorg/opensearch/sql/ast/tree/UnresolvedPlan;" line="288"><counter type="INSTRUCTION" missed="7" covered="43"/><counter type="BRANCH" missed="2" covered="4"/><counter type="LINE" missed="2" covered="7"/><counter type="COMPLEXITY" missed="2" covered="2"/><counter type="METHOD" missed="0" covered="1"/></method><method name="buildProjectCommand" desc="(Lorg/opensearch/sql/ppl/antlr/parser/OpenSearchPPLParser$FieldsCommandBodyContext;Ljava/util/List;)Lorg/opensearch/sql/ast/tree/UnresolvedPlan;" line="306"><counter type="INSTRUCTION" missed="12" covered="20"/><counter type="BRANCH" missed="4" covered="2"/><counter type="LINE" missed="3" covered="4"/><counter type="COMPLEXITY" missed="3" covered="1"/><counter type="METHOD" missed="0" covered="1"/></method><method name="extractFieldExpressions" desc="(Lorg/opensearch/sql/ppl/antlr/parser/OpenSearchPPLParser$FieldsCommandBodyContext;)Ljava/util/List;" line="324"><counter type="INSTRUCTION" missed="2" covered="9"/><counter type="BRANCH" missed="1" covered="1"/><counter type="LINE" missed="1" covered="2"/><counter type="COMPLEXITY" missed="1" covered="1"/><counter type="METHOD" missed="0" covered="1"/></method><method name="processFieldExpressions" desc="(Ljava/util/List;)Ljava/util/List;" line="332"><counter type="INSTRUCTION" missed="0" covered="24"/><counter type="BRANCH" missed="1" covered="3"/><counter type="LINE" missed="0" covered="5"/><counter type="COMPLEXITY" missed="1" covered="2"/><counter type="METHOD" missed="0" covered="1"/></method><method name="visitRenameCommand" desc="(Lorg/opensearch/sql/ppl/antlr/parser/OpenSearchPPLParser$RenameCommandContext;)Lorg/opensearch/sql/ast/tree/UnresolvedPlan;" line="345"><counter type="INSTRUCTION" missed="0" covered="13"/><counter type="LINE" missed="0" covered="4"/><counter type="COMPLEXITY" missed="0" covered="1"/><counter type="METHOD" missed="0" covered="1"/></method><method name="visitStatsCommand" desc="(Lorg/opensearch/sql/ppl/antlr/parser/OpenSearchPPLParser$StatsCommandContext;)Lorg/opensearch/sql/ast/tree/UnresolvedPlan;" line="358"><counter type="INSTRUCTION" missed="0" covered="80"/><counter type="BRANCH" missed="0" covered="4"/><counter type="LINE" missed="0" covered="24"/><counter type="COMPLEXITY" missed="0" covered="3"/><counter type="METHOD" missed="0" covered="1"/></method><method name="visitEventstatsCommand" desc="(Lorg/opensearch/sql/ppl/antlr/parser/OpenSearchPPLParser$EventstatsCommandContext;)Lorg/opensearch/sql/ast/tree/UnresolvedPlan;" line="401"><counter type="INSTRUCTION" missed="4" covered="55"/><counter type="BRANCH" missed="2" covered="4"/><counter type="LINE" missed="0" covered="13"/><counter type="COMPLEXITY" missed="2" covered="2"/><counter type="METHOD" missed="0" covered="1"/></method><method name="visitDedupCommand" desc="(Lorg/opensearch/sql/ppl/antlr/parser/OpenSearchPPLParser$DedupCommandContext;)Lorg/opensearch/sql/ast/tree/UnresolvedPlan;" line="424"><counter type="INSTRUCTION" missed="0" covered="10"/><counter type="LINE" missed="0" covered="1"/><counter type="COMPLEXITY" missed="0" covered="1"/><counter type="METHOD" missed="0" covered="1"/></method><method name="visitHeadCommand" desc="(Lorg/opensearch/sql/ppl/antlr/parser/OpenSearchPPLParser$HeadCommandContext;)Lorg/opensearch/sql/ast/tree/UnresolvedPlan;" line="430"><counter type="INSTRUCTION" missed="0" covered="28"/><counter type="BRANCH" missed="0" covered="4"/><counter type="LINE" missed="0" covered="3"/><counter type="COMPLEXITY" missed="0" covered="3"/><counter type="METHOD" missed="0" covered="1"/></method><method name="visitBinCommand" desc="(Lorg/opensearch/sql/ppl/antlr/parser/OpenSearchPPLParser$BinCommandContext;)Lorg/opensearch/sql/ast/tree/UnresolvedPlan;" line="438"><counter type="INSTRUCTION" missed="55" covered="191"/><counter type="BRANCH" missed="13" covered="33"/><counter type="LINE" missed="9" covered="49"/><counter type="COMPLEXITY" missed="11" covered="13"/><counter type="METHOD" missed="0" covered="1"/></method><method name="visitSortCommand" desc="(Lorg/opensearch/sql/ppl/antlr/parser/OpenSearchPPLParser$SortCommandContext;)Lorg/opensearch/sql/ast/tree/UnresolvedPlan;" line="543"><counter type="INSTRUCTION" missed="0" covered="44"/><counter type="BRANCH" missed="0" covered="6"/><counter type="LINE" missed="0" covered="8"/><counter type="COMPLEXITY" missed="0" covered="4"/><counter type="METHOD" missed="0" covered="1"/></method><method name="reverseSortDirection" desc="(Lorg/opensearch/sql/ast/expression/Field;)Lorg/opensearch/sql/ast/expression/Field;" line="556"><counter type="INSTRUCTION" missed="0" covered="16"/><counter type="LINE" missed="0" covered="5"/><counter type="COMPLEXITY" missed="0" covered="1"/><counter type="METHOD" missed="0" covered="1"/></method><method name="visitReverseCommand" desc="(Lorg/opensearch/sql/ppl/antlr/parser/OpenSearchPPLParser$ReverseCommandContext;)Lorg/opensearch/sql/ast/tree/UnresolvedPlan;" line="572"><counter type="INSTRUCTION" missed="0" covered="4"/><counter type="LINE" missed="0" covered="1"/><counter type="COMPLEXITY" missed="0" covered="1"/><counter type="METHOD" missed="0" covered="1"/></method><method name="visitEvalCommand" desc="(Lorg/opensearch/sql/ppl/antlr/parser/OpenSearchPPLParser$EvalCommandContext;)Lorg/opensearch/sql/ast/tree/UnresolvedPlan;" line="578"><counter type="INSTRUCTION" missed="0" covered="13"/><counter type="LINE" missed="0" covered="4"/><counter type="COMPLEXITY" missed="0" covered="1"/><counter type="METHOD" missed="0" covered="1"/></method><method name="getGroupByList" desc="(Lorg/opensearch/sql/ppl/antlr/parser/OpenSearchPPLParser$ByClauseContext;)Ljava/util/List;" line="585"><counter type="INSTRUCTION" missed="0" covered="11"/><counter type="LINE" missed="0" covered="3"/><counter type="COMPLEXITY" missed="0" covered="1"/><counter type="METHOD" missed="0" covered="1"/></method><method name="getFieldList" desc="(Lorg/opensearch/sql/ppl/antlr/parser/OpenSearchPPLParser$FieldListContext;)Ljava/util/List;" line="591"><counter type="INSTRUCTION" missed="0" covered="10"/><counter type="LINE" missed="0" covered="3"/><counter type="COMPLEXITY" missed="0" covered="1"/><counter type="METHOD" missed="0" covered="1"/></method><method name="visitRareCommand" desc="(Lorg/opensearch/sql/ppl/antlr/parser/OpenSearchPPLParser$RareCommandContext;)Lorg/opensearch/sql/ast/tree/UnresolvedPlan;" line="600"><counter type="INSTRUCTION" missed="0" covered="22"/><counter type="BRANCH" missed="0" covered="2"/><counter type="LINE" missed="0" covered="4"/><counter type="COMPLEXITY" missed="0" covered="2"/><counter type="METHOD" missed="0" covered="1"/></method><method name="visitTopCommand" desc="(Lorg/opensearch/sql/ppl/antlr/parser/OpenSearchPPLParser$TopCommandContext;)Lorg/opensearch/sql/ast/tree/UnresolvedPlan;" line="612"><counter type="INSTRUCTION" missed="0" covered="22"/><counter type="BRANCH" missed="0" covered="2"/><counter type="LINE" missed="0" covered="4"/><counter type="COMPLEXITY" missed="0" covered="2"/><counter type="METHOD" missed="0" covered="1"/></method><method name="visitExpandCommand" desc="(Lorg/opensearch/sql/ppl/antlr/parser/OpenSearchPPLParser$ExpandCommandContext;)Lorg/opensearch/sql/ast/tree/UnresolvedPlan;" line="623"><counter type="INSTRUCTION" missed="6" covered="17"/><counter type="BRANCH" missed="1" covered="1"/><counter type="LINE" missed="0" covered="3"/><counter type="COMPLEXITY" missed="1" covered="1"/><counter type="METHOD" missed="0" covered="1"/></method><method name="visitGrokCommand" desc="(Lorg/opensearch/sql/ppl/antlr/parser/OpenSearchPPLParser$GrokCommandContext;)Lorg/opensearch/sql/ast/tree/UnresolvedPlan;" line="630"><counter type="INSTRUCTION" missed="0" covered="19"/><counter type="LINE" missed="0" covered="3"/><counter type="COMPLEXITY" missed="0" covered="1"/><counter type="METHOD" missed="0" covered="1"/></method><method name="visitParseCommand" desc="(Lorg/opensearch/sql/ppl/antlr/parser/OpenSearchPPLParser$ParseCommandContext;)Lorg/opensearch/sql/ast/tree/UnresolvedPlan;" line="638"><counter type="INSTRUCTION" missed="0" covered="19"/><counter type="LINE" missed="0" covered="3"/><counter type="COMPLEXITY" missed="0" covered="1"/><counter type="METHOD" missed="0" covered="1"/></method><method name="visitSpathCommand" desc="(Lorg/opensearch/sql/ppl/antlr/parser/OpenSearchPPLParser$SpathCommandContext;)Lorg/opensearch/sql/ast/tree/UnresolvedPlan;" line="646"><counter type="INSTRUCTION" missed="0" covered="60"/><counter type="BRANCH" missed="0" covered="12"/><counter type="LINE" missed="0" covered="16"/><counter type="COMPLEXITY" missed="0" covered="7"/><counter type="METHOD" missed="0" covered="1"/></method><method name="visitPatternsCommand" desc="(Lorg/opensearch/sql/ppl/antlr/parser/OpenSearchPPLParser$PatternsCommandContext;)Lorg/opensearch/sql/ast/tree/UnresolvedPlan;" line="674"><counter type="INSTRUCTION" missed="12" covered="117"/><counter type="BRANCH" missed="2" covered="10"/><counter type="LINE" missed="2" covered="24"/><counter type="COMPLEXITY" missed="2" covered="5"/><counter type="METHOD" missed="0" covered="1"/></method><method name="visitLookupCommand" desc="(Lorg/opensearch/sql/ppl/antlr/parser/OpenSearchPPLParser$LookupCommandContext;)Lorg/opensearch/sql/ast/tree/UnresolvedPlan;" line="721"><counter type="INSTRUCTION" missed="0" covered="40"/><counter type="BRANCH" missed="0" covered="4"/><counter type="LINE" missed="0" covered="8"/><counter type="COMPLEXITY" missed="0" covered="3"/><counter type="METHOD" missed="0" covered="1"/></method><method name="buildFieldAliasMap" desc="(Ljava/util/List;)Ljava/util/Map;" line="735"><counter type="INSTRUCTION" missed="0" covered="10"/><counter type="LINE" missed="0" covered="3"/><counter type="COMPLEXITY" missed="0" covered="1"/><counter type="METHOD" missed="0" covered="1"/></method><method name="visitTableOrSubqueryClause" desc="(Lorg/opensearch/sql/ppl/antlr/parser/OpenSearchPPLParser$TableOrSubqueryClauseContext;)Lorg/opensearch/sql/ast/tree/UnresolvedPlan;" line="747"><counter type="INSTRUCTION" missed="0" covered="29"/><counter type="BRANCH" missed="0" covered="4"/><counter type="LINE" missed="0" covered="6"/><counter type="COMPLEXITY" missed="0" covered="3"/><counter type="METHOD" missed="0" covered="1"/></method><method name="visitTableSourceClause" desc="(Lorg/opensearch/sql/ppl/antlr/parser/OpenSearchPPLParser$TableSourceClauseContext;)Lorg/opensearch/sql/ast/tree/UnresolvedPlan;" line="759"><counter type="INSTRUCTION" missed="0" covered="28"/><counter type="BRANCH" missed="0" covered="2"/><counter type="LINE" missed="0" covered="7"/><counter type="COMPLEXITY" missed="0" covered="2"/><counter type="METHOD" missed="0" covered="1"/></method><method name="visitTableFunction" desc="(Lorg/opensearch/sql/ppl/antlr/parser/OpenSearchPPLParser$TableFunctionContext;)Lorg/opensearch/sql/ast/tree/UnresolvedPlan;" line="771"><counter type="INSTRUCTION" missed="0" covered="19"/><counter type="LINE" missed="0" covered="5"/><counter type="COMPLEXITY" missed="0" covered="1"/><counter type="METHOD" missed="0" covered="1"/></method><method name="internalVisitExpression" desc="(Lorg/antlr/v4/runtime/tree/ParseTree;)Lorg/opensearch/sql/ast/expression/UnresolvedExpression;" line="786"><counter type="INSTRUCTION" missed="0" covered="6"/><counter type="LINE" missed="0" covered="1"/><counter type="COMPLEXITY" missed="0" covered="1"/><counter type="METHOD" missed="0" covered="1"/></method><method name="aggregateResult" desc="(Lorg/opensearch/sql/ast/tree/UnresolvedPlan;Lorg/opensearch/sql/ast/tree/UnresolvedPlan;)Lorg/opensearch/sql/ast/tree/UnresolvedPlan;" line="792"><counter type="INSTRUCTION" missed="0" covered="8"/><counter type="BRANCH" missed="0" covered="2"/><counter type="LINE" missed="0" covered="3"/><counter type="COMPLEXITY" missed="0" covered="2"/><counter type="METHOD" missed="0" covered="1"/></method><method name="visitKmeansCommand" desc="(Lorg/opensearch/sql/ppl/antlr/parser/OpenSearchPPLParser$KmeansCommandContext;)Lorg/opensearch/sql/ast/tree/UnresolvedPlan;" line="801"><counter type="INSTRUCTION" missed="0" covered="14"/><counter type="LINE" missed="0" covered="4"/><counter type="COMPLEXITY" missed="0" covered="1"/><counter type="METHOD" missed="0" covered="1"/></method><method name="visitAdCommand" desc="(Lorg/opensearch/sql/ppl/antlr/parser/OpenSearchPPLParser$AdCommandContext;)Lorg/opensearch/sql/ast/tree/UnresolvedPlan;" line="815"><counter type="INSTRUCTION" missed="0" covered="14"/><counter type="LINE" missed="0" covered="4"/><counter type="COMPLEXITY" missed="0" covered="1"/><counter type="METHOD" missed="0" covered="1"/></method><method name="visitMlCommand" desc="(Lorg/opensearch/sql/ppl/antlr/parser/OpenSearchPPLParser$MlCommandContext;)Lorg/opensearch/sql/ast/tree/UnresolvedPlan;" line="830"><counter type="INSTRUCTION" missed="0" covered="14"/><counter type="LINE" missed="0" covered="4"/><counter type="COMPLEXITY" missed="0" covered="1"/><counter type="METHOD" missed="0" covered="1"/></method><method name="visitFillNullWith" desc="(Lorg/opensearch/sql/ppl/antlr/parser/OpenSearchPPLParser$FillNullWithContext;)Lorg/opensearch/sql/ast/tree/UnresolvedPlan;" line="842"><counter type="INSTRUCTION" missed="0" covered="24"/><counter type="BRANCH" missed="0" covered="2"/><counter type="LINE" missed="0" covered="7"/><counter type="COMPLEXITY" missed="0" covered="2"/><counter type="METHOD" missed="0" covered="1"/></method><method name="visitFillNullUsing" desc="(Lorg/opensearch/sql/ppl/antlr/parser/OpenSearchPPLParser$FillNullUsingContext;)Lorg/opensearch/sql/ast/tree/UnresolvedPlan;" line="857"><counter type="INSTRUCTION" missed="0" covered="32"/><counter type="BRANCH" missed="0" covered="2"/><counter type="LINE" missed="0" covered="7"/><counter type="COMPLEXITY" missed="0" covered="2"/><counter type="METHOD" missed="0" covered="1"/></method><method name="visitFlattenCommand" desc="(Lorg/opensearch/sql/ppl/antlr/parser/OpenSearchPPLParser$FlattenCommandContext;)Lorg/opensearch/sql/ast/tree/UnresolvedPlan;" line="870"><counter type="INSTRUCTION" missed="0" covered="23"/><counter type="BRANCH" missed="0" covered="2"/><counter type="LINE" missed="0" covered="3"/><counter type="COMPLEXITY" missed="0" covered="2"/><counter type="METHOD" missed="0" covered="1"/></method><method name="getAliasList" desc="(Lorg/opensearch/sql/ppl/antlr/parser/OpenSearchPPLParser$IdentsAsQualifiedNameSeqContext;)Ljava/util/List;" line="877"><counter type="INSTRUCTION" missed="0" covered="12"/><counter type="LINE" missed="0" covered="4"/><counter type="COMPLEXITY" missed="0" covered="1"/><counter type="METHOD" missed="0" covered="1"/></method><method name="visitTrendlineCommand" desc="(Lorg/opensearch/sql/ppl/antlr/parser/OpenSearchPPLParser$TrendlineCommandContext;)Lorg/opensearch/sql/ast/tree/UnresolvedPlan;" line="886"><counter type="INSTRUCTION" missed="0" covered="43"/><counter type="LINE" missed="0" covered="10"/><counter type="COMPLEXITY" missed="0" covered="1"/><counter type="METHOD" missed="0" covered="1"/></method><method name="visitAppendcolCommand" desc="(Lorg/opensearch/sql/ppl/antlr/parser/OpenSearchPPLParser$AppendcolCommandContext;)Lorg/opensearch/sql/ast/tree/UnresolvedPlan;" line="900"><counter type="INSTRUCTION" missed="5" covered="32"/><counter type="BRANCH" missed="1" covered="5"/><counter type="LINE" missed="1" covered="5"/><counter type="COMPLEXITY" missed="1" covered="3"/><counter type="METHOD" missed="0" covered="1"/></method><method name="getTextInQuery" desc="(Lorg/antlr/v4/runtime/ParserRuleContext;)Ljava/lang/String;" line="911"><counter type="INSTRUCTION" missed="0" covered="16"/><counter type="LINE" missed="0" covered="3"/><counter type="COMPLEXITY" missed="0" covered="1"/><counter type="METHOD" missed="0" covered="1"/></method><method name="projectExceptMeta" desc="(Lorg/opensearch/sql/ast/tree/UnresolvedPlan;)Lorg/opensearch/sql/ast/tree/UnresolvedPlan;" line="924"><counter type="INSTRUCTION" missed="0" covered="39"/><counter type="BRANCH" missed="1" covered="5"/><counter type="LINE" missed="0" covered="8"/><counter type="COMPLEXITY" missed="1" covered="3"/><counter type="METHOD" missed="0" covered="1"/></method><method name="getPartitionExprList" desc="(Lorg/opensearch/sql/ppl/antlr/parser/OpenSearchPPLParser$StatsByClauseContext;)Ljava/util/List;" line="939"><counter type="INSTRUCTION" missed="0" covered="33"/><counter type="LINE" missed="0" covered="10"/><counter type="COMPLEXITY" missed="0" covered="1"/><counter type="METHOD" missed="0" covered="1"/></method><method name="hasEnhancedFieldFeatures" desc="(Lorg/opensearch/sql/ppl/antlr/parser/OpenSearchPPLParser$FieldsCommandBodyContext;Ljava/util/List;)Z" line="963"><counter type="INSTRUCTION" missed="10" covered="0"/><counter type="BRANCH" missed="2" covered="0"/><counter type="LINE" missed="3" covered="0"/><counter type="COMPLEXITY" missed="2" covered="0"/><counter type="METHOD" missed="1" covered="0"/></method><method name="hasSpaceDelimitedFields" desc="(Lorg/opensearch/sql/ppl/antlr/parser/OpenSearchPPLParser$FieldsCommandBodyContext;)Z" line="971"><counter type="INSTRUCTION" missed="40" covered="0"/><counter type="BRANCH" missed="12" covered="0"/><counter type="LINE" missed="10" covered="0"/><counter type="COMPLEXITY" missed="7" covered="0"/><counter type="METHOD" missed="1" covered="0"/></method><method name="hasSpacesBetweenFields" desc="(Ljava/lang/String;)Z" line="994"><counter type="INSTRUCTION" missed="45" covered="0"/><counter type="BRANCH" missed="10" covered="0"/><counter type="LINE" missed="7" covered="0"/><counter type="COMPLEXITY" missed="6" covered="0"/><counter type="METHOD" missed="1" covered="0"/></method><method name="isAllFieldsBacktickEnclosed" desc="(Lorg/opensearch/sql/ppl/antlr/parser/OpenSearchPPLParser$FieldsCommandBodyContext;)Z" line="1009"><counter type="INSTRUCTION" missed="33" covered="0"/><counter type="BRANCH" missed="8" covered="0"/><counter type="LINE" missed="7" covered="0"/><counter type="COMPLEXITY" missed="5" covered="0"/><counter type="METHOD" missed="1" covered="0"/></method><method name="hasActualWildcards" desc="(Lorg/opensearch/sql/ppl/antlr/parser/OpenSearchPPLParser$FieldsCommandBodyContext;)Z" line="1021"><counter type="INSTRUCTION" missed="43" covered="0"/><counter type="BRANCH" missed="12" covered="0"/><counter type="LINE" missed="11" covered="0"/><counter type="COMPLEXITY" missed="7" covered="0"/><counter type="METHOD" missed="1" covered="0"/></method><method name="lambda$getPartitionExprList$0" desc="(Lorg/opensearch/sql/ppl/antlr/parser/OpenSearchPPLParser$FieldListContext;)Ljava/util/List;" line="949"><counter type="INSTRUCTION" missed="0" covered="10"/><counter type="LINE" missed="0" covered="3"/><counter type="COMPLEXITY" missed="0" covered="1"/><counter type="METHOD" missed="0" covered="1"/></method><method name="lambda$getPartitionExprList$1" desc="(Lorg/opensearch/sql/ppl/antlr/parser/OpenSearchPPLParser$FieldExpressionContext;)Lorg/opensearch/sql/ast/expression/UnresolvedExpression;" line="952"><counter type="INSTRUCTION" missed="0" covered="11"/><counter type="LINE" missed="0" covered="3"/><counter type="COMPLEXITY" missed="0" covered="1"/><counter type="METHOD" missed="0" covered="1"/></method><method name="lambda$visitAppendcolCommand$0" desc="(Lorg/opensearch/sql/ast/tree/UnresolvedPlan;Lorg/opensearch/sql/ast/tree/UnresolvedPlan;)Lorg/opensearch/sql/ast/tree/UnresolvedPlan;" line="901"><counter type="INSTRUCTION" missed="0" covered="4"/><counter type="LINE" missed="0" covered="1"/><counter type="COMPLEXITY" missed="0" covered="1"/><counter type="METHOD" missed="0" covered="1"/></method><method name="lambda$visitTrendlineCommand$0" desc="(Ljava/util/List;Lorg/opensearch/sql/ast/expression/Field;)Lorg/opensearch/sql/ast/tree/Trendline;" line="894"><counter type="INSTRUCTION" missed="0" covered="7"/><counter type="LINE" missed="0" covered="1"/><counter type="COMPLEXITY" missed="0" covered="1"/><counter type="METHOD" missed="0" covered="1"/></method><method name="lambda$visitFillNullWith$0" desc="(Lorg/opensearch/sql/ppl/antlr/parser/OpenSearchPPLParser$FieldExpressionContext;)Lorg/opensearch/sql/ast/expression/Field;" line="846"><counter type="INSTRUCTION" missed="0" covered="5"/><counter type="LINE" missed="0" covered="1"/><counter type="COMPLEXITY" missed="0" covered="1"/><counter type="METHOD" missed="0" covered="1"/></method><method name="lambda$visitMlCommand$0" desc="(Lcom/google/common/collect/ImmutableMap$Builder;Lorg/opensearch/sql/ppl/antlr/parser/OpenSearchPPLParser$MlArgContext;)V" line="834"><counter type="INSTRUCTION" missed="0" covered="12"/><counter type="LINE" missed="0" covered="2"/><counter type="COMPLEXITY" missed="0" covered="1"/><counter type="METHOD" missed="0" covered="1"/></method><method name="lambda$visitAdCommand$0" desc="(Lcom/google/common/collect/ImmutableMap$Builder;Lorg/opensearch/sql/ppl/antlr/parser/OpenSearchPPLParser$AdParameterContext;)V" line="819"><counter type="INSTRUCTION" missed="0" covered="18"/><counter type="LINE" missed="0" covered="4"/><counter type="COMPLEXITY" missed="0" covered="1"/><counter type="METHOD" missed="0" covered="1"/></method><method name="lambda$visitKmeansCommand$0" desc="(Lcom/google/common/collect/ImmutableMap$Builder;Lorg/opensearch/sql/ppl/antlr/parser/OpenSearchPPLParser$KmeansParameterContext;)V" line="805"><counter type="INSTRUCTION" missed="0" covered="18"/><counter type="LINE" missed="0" covered="4"/><counter type="COMPLEXITY" missed="0" covered="1"/><counter type="METHOD" missed="0" covered="1"/></method><method name="lambda$visitTableFunction$0" desc="(Lcom/google/common/collect/ImmutableList$Builder;Lorg/open
[...]
line nr="585" mi="0" ci="7" mb="0" cb="0"/><line nr="586" mi="0" ci="1" mb="0" cb="0"/><line nr="587" mi="0" ci="3" mb="0" cb="0"/><line nr="591" mi="0" ci="6" mb="0" cb="0"/><line nr="592" mi="0" ci="6" mb="0" cb="0"/><line nr="593" mi="0" ci="3" mb="0" cb="0"/><line nr="600" mi="0" ci="10" mb="0" cb="2"/><line nr="601" mi="0" ci="5" mb="0" cb="0"/><line nr="603" mi="0" ci="3" mb="0" cb="0"/><line nr="604" mi="0" ci="4" mb="0" cb="0"/><line nr="612" mi="0" ci="10" mb="0" cb="2"/><line nr="613" mi="0" ci="5" mb="0" cb="0"/><line nr="615" mi="0" ci="3" mb="0" cb="0"/><line nr="616" mi="0" ci="4" mb="0" cb="0"/><line nr="623" mi="0" ci="6" mb="0" cb="0"/><line nr="624" mi="6" ci="5" mb="1" cb="1"/><line nr="625" mi="0" ci="6" mb="0" cb="0"/><line nr="630" mi="0" ci="5" mb="0" cb="0"/><line nr="631" mi="0" ci="6" mb="0" cb="0"/><line nr="633" mi="0" ci="8" mb="0" cb="0"/><line nr="638" mi="0" ci="5" mb="0" cb="0"/><line nr="639" mi="0" ci="6" mb="0" cb="0"/><line nr="641" mi="0" ci="8" mb="0" cb="0"/><line nr="646" mi="0" ci="2" mb="0" cb="0"/><line nr="647" mi="0" ci="2" mb="0" cb="0"/><line nr="648" mi="0" ci="2" mb="0" cb="0"/><line nr="650" mi="0" ci="11" mb="0" cb="2"/><line nr="651" mi="0" ci="3" mb="0" cb="2"/><line nr="652" mi="0" ci="4" mb="0" cb="0"/><line nr="654" mi="0" ci="3" mb="0" cb="2"/><line nr="655" mi="0" ci="4" mb="0" cb="0"/><line nr="657" mi="0" ci="3" mb="0" cb="2"/><line nr="658" mi="0" ci="4" mb="0" cb="0"/><line nr="660" mi="0" ci="1" mb="0" cb="0"/><line nr="662" mi="0" ci="2" mb="0" cb="2"/><line nr="663" mi="0" ci="5" mb="0" cb="0"/><line nr="665" mi="0" ci="2" mb="0" cb="2"/><line nr="666" mi="0" ci="5" mb="0" cb="0"/><line nr="669" mi="0" ci="7" mb="0" cb="0"/><line nr="674" mi="0" ci="5" mb="0" cb="0"/><line nr="675" mi="0" ci="2" mb="0" cb="0"/><line nr="676" mi="0" ci="2" mb="0" cb="0"/><line nr="677" mi="0" ci="3" mb="0" cb="2"/><line nr="678" mi="0" ci="6" mb="0" cb="0"/><line nr="679" mi="0" ci="5" mb="0" cb="0"/><line nr="681" mi="0" ci="5" mb="0" cb="0"/><line nr="682" mi="0" ci="1" mb="0" cb="0"/><line nr="684" mi="0" ci="7" mb="0" cb="0"/><line nr="685" mi="0" ci="9" mb="0" cb="0"/><line nr="686" mi="0" ci="5" mb="0" cb="0"/><line nr="687" mi="0" ci="1" mb="0" cb="0"/><line nr="688" mi="0" ci="3" mb="0" cb="0"/><line nr="690" mi="0" ci="3" mb="0" cb="2"/><line nr="691" mi="0" ci="7" mb="0" cb="0"/><line nr="692" mi="0" ci="8" mb="0" cb="0"/><line nr="694" mi="0" ci="3" mb="0" cb="2"/><line nr="695" mi="0" ci="7" mb="0" cb="0"/><line nr="696" mi="0" ci="8" mb="0" cb="0"/><line nr="698" mi="0" ci="3" mb="1" cb="1"/><line nr="699" mi="6" ci="0" mb="0" cb="0"/><line nr="700" mi="0" ci="7" mb="0" cb="0"/><line nr="702" mi="0" ci="3" mb="1" cb="1"/><line nr="703" mi="6" ci="0" mb="0" cb="0"/><line nr="704" mi="0" ci="7" mb="0" cb="0"/><line nr="705" mi="0" ci="5" mb="0" cb="0"/><line nr="707" mi="0" ci="5" mb="0" cb="0"/><line nr="710" mi="0" ci="9" mb="0" cb="2"/><line nr="711" mi="0" ci="4" mb="0" cb="0"/><line nr="712" mi="0" ci="6" mb="0" cb="0"/><line nr="721" mi="0" ci="8" mb="0" cb="0"/><line nr="723" mi="0" ci="7" mb="0" cb="2"/><line nr="724" mi="0" ci="2" mb="0" cb="0"/><line nr="725" mi="0" ci="4" mb="0" cb="0"/><line nr="727" mi="0" ci="3" mb="0" cb="2"/><line nr="728" mi="0" ci="2" mb="0" cb="0"/><line nr="729" mi="0" ci="6" mb="0" cb="0"/><line nr="730" mi="0" ci="8" mb="0" cb="0"/><line nr="735" mi="0" ci="7" mb="0" cb="0"/><line nr="736" mi="0" ci="2" mb="0" cb="0"/><line nr="737" mi="0" ci="1" mb="0" cb="0"/><line nr="738" mi="0" ci="4" mb="0" cb="0"/><line nr="739" mi="0" ci="11" mb="0" cb="2"/><line nr="740" mi="2" ci="0" mb="0" cb="0"/><line nr="747" mi="0" ci="3" mb="0" cb="2"/><line nr="748" mi="0" ci="4" mb="0" cb="2"/><line nr="749" mi="0" ci="5" mb="0" cb="0"/><line nr="750" mi="0" ci="8" mb="0" cb="0"/><line nr="751" mi="0" ci="4" mb="0" cb="0"/><line nr="753" mi="0" ci="5" mb="0" cb="0"/><line nr="759" mi="0" ci="3" mb="0" cb="0"/><line nr="761" mi="0" ci="4" mb="0" cb="0"/><line nr="762" mi="0" ci="1" mb="0" cb="0"/><line nr="763" mi="0" ci="5" mb="0" cb="0"/><line nr="764" mi="0" ci="4" mb="0" cb="2"/><line nr="765" mi="0" ci="10" mb="0" cb="0"/><line nr="766" mi="0" ci="1" mb="0" cb="0"/><line nr="771" mi="0" ci="2" mb="0" cb="0"/><line nr="772" mi="0" ci="2" mb="0" cb="0"/><line nr="773" mi="0" ci="4" mb="0" cb="0"/><line nr="774" mi="0" ci="1" mb="0" cb="0"/><line nr="776" mi="0" ci="9" mb="0" cb="2"/><line nr="777" mi="0" ci="8" mb="0" cb="0"/><line nr="779" mi="0" ci="3" mb="0" cb="0"/><line nr="780" mi="0" ci="1" mb="0" cb="0"/><line nr="781" mi="0" ci="10" mb="0" cb="0"/><line nr="786" mi="0" ci="6" mb="0" cb="0"/><line nr="792" mi="0" ci="4" mb="0" cb="2"/><line nr="793" mi="0" ci="2" mb="0" cb="0"/><line nr="795" mi="0" ci="2" mb="0" cb="0"/><line nr="801" mi="0" ci="2" mb="0" cb="0"/><line nr="802" mi="0" ci="5" mb="0" cb="0"/><line nr="803" mi="0" ci="1" mb="0" cb="0"/><line nr="805" mi="0" ci="6" mb="0" cb="0"/><line nr="806" mi="0" ci="7" mb="0" cb="0"/><line nr="807" mi="0" ci="4" mb="0" cb="0"/><line nr="808" mi="0" ci="1" mb="0" cb="0"/><line nr="809" mi="0" ci="6" mb="0" cb="0"/><line nr="815" mi="0" ci="2" mb="0" cb="0"/><line nr="816" mi="0" ci="5" mb="0" cb="0"/><line nr="817" mi="0" ci="1" mb="0" cb="0"/><line nr="819" mi="0" ci="6" mb="0" cb="0"/><line nr="820" mi="0" ci="7" mb="0" cb="0"/><line nr="821" mi="0" ci="4" mb="0" cb="0"/><line nr="822" mi="0" ci="1" mb="0" cb="0"/><line nr="824" mi="0" ci="6" mb="0" cb="0"/><line nr="830" mi="0" ci="2" mb="0" cb="0"/><line nr="831" mi="0" ci="5" mb="0" cb="0"/><line nr="832" mi="0" ci="1" mb="0" cb="0"/><line nr="834" mi="0" ci="11" mb="0" cb="0"/><line nr="835" mi="0" ci="1" mb="0" cb="0"/><line nr="836" mi="0" ci="6" mb="0" cb="0"/><line nr="842" mi="0" ci="3" mb="0" cb="2"/><line nr="843" mi="0" ci="5" mb="0" cb="0"/><line nr="844" mi="0" ci="2" mb="0" cb="0"/><line nr="845" mi="0" ci="5" mb="0" cb="0"/><line nr="846" mi="0" ci="6" mb="0" cb="0"/><line nr="847" mi="0" ci="1" mb="0" cb="0"/><line nr="849" mi="0" ci="7" mb="0" cb="0"/><line nr="857" mi="0" ci="2" mb="0" cb="0"/><line nr="858" mi="0" ci="9" mb="0" cb="2"/><line nr="859" mi="0" ci="6" mb="0" cb="0"/><line nr="860" mi="0" ci="1" mb="0" cb="0"/><line nr="861" mi="0" ci="7" mb="0" cb="0"/><line nr="862" mi="0" ci="3" mb="0" cb="0"/><line nr="865" mi="0" ci="4" mb="0" cb="0"/><line nr="870" mi="0" ci="6" mb="0" cb="0"/><line nr="872" mi="0" ci="11" mb="0" cb="2"/><line nr="873" mi="0" ci="6" mb="0" cb="0"/><line nr="877" mi="0" ci="6" mb="0" cb="0"/><line nr="878" mi="0" ci="2" mb="0" cb="0"/><line nr="879" mi="0" ci="1" mb="0" cb="0"/><line nr="880" mi="0" ci="3" mb="0" cb="0"/><line nr="886" mi="0" ci="1" mb="0" cb="0"/><line nr="887" mi="0" ci="5" mb="0" cb="0"/><line nr="888" mi="0" ci="6" mb="0" cb="0"/><line nr="889" mi="0" ci="4" mb="0" cb="0"/><line nr="890" mi="0" ci="4" mb="0" cb="0"/><line nr="891" mi="0" ci="6" mb="0" cb="0"/><line nr="892" mi="0" ci="3" mb="0" cb="0"/><line nr="893" mi="0" ci="6" mb="0" cb="0"/><line nr="894" mi="0" ci="10" mb="0" cb="0"/><line nr="895" mi="0" ci="5" mb="0" cb="0"/><line nr="900" mi="0" ci="1" mb="0" cb="0"/><line nr="901" mi="0" ci="12" mb="0" cb="0"/><line nr="902" mi="0" ci="12" mb="0" cb="4"/><line nr="903" mi="0" ci="3" mb="1" cb="1"/><line nr="904" mi="5" ci="0" mb="0" cb="0"/><line nr="906" mi="0" ci="8" mb="0" cb="0"/><line nr="911" mi="0" ci="3" mb="0" cb="0"/><line nr="912" mi="0" ci="3" mb="0" cb="0"/><line nr="913" mi="0" ci="10" mb="0" cb="0"/><line nr="924" mi="0" ci="7" mb="1" cb="3"/><line nr="925" mi="0" ci="2" mb="0" cb="0"/><line nr="926" mi="0" ci="6" mb="0" cb="2"/><line nr="928" mi="0" ci="4" mb="0" cb="0"/><line nr="929" mi="0" ci="3" mb="0" cb="0"/><line nr="930" mi="0" ci="4" mb="0" cb="0"/><line nr="931" mi="0" ci="5" mb="0" cb="0"/><line nr="933" mi="0" ci="8" mb="0" cb="0"/><line nr="939" mi="0" ci="4" mb="0" cb="0"/><line nr="940" mi="0" ci="3" mb="0" cb="0"/><line nr="941" mi="0" ci="3" mb="0" cb="0"/><line nr="942" mi="0" ci="3" mb="0" cb="0"/><line nr="943" mi="0" ci="4" mb="0" cb="0"/><line nr="945" mi="0" ci="3" mb="0" cb="0"/><line nr="946" mi="0" ci="3" mb="0" cb="0"/><line nr="947" mi="0" ci="3" mb="0" cb="0"/><line nr="949" mi="0" ci="4" mb="0" cb="0"/><line nr="950" mi="0" ci="1" mb="0" cb="0"/><line nr="952" mi="0" ci="5" mb="0" cb="0"/><line nr="954" mi="0" ci="4" mb="0" cb="0"/><line nr="955" mi="0" ci="2" mb="0" cb="0"/><line nr="956" mi="0" ci="5" mb="0" cb="0"/><line nr="957" mi="0" ci="4" mb="0" cb="0"/><line nr="958" mi="0" ci="3" mb="0" cb="0"/><line nr="963" mi="4" ci="0" mb="2" cb="0"/><line nr="964" mi="2" ci="0" mb="0" cb="0"/><line nr="967" mi="4" ci="0" mb="0" cb="0"/><line nr="971" mi="3" ci="0" mb="2" cb="0"/><line nr="972" mi="2" ci="0" mb="0" cb="0"/><line nr="975" mi="5" ci="0" mb="0" cb="0"/><line nr="978" mi="4" ci="0" mb="2" cb="0"/><line nr="979" mi="2" ci="0" mb="0" cb="0"/><line nr="982" mi="10" ci="0" mb="4" cb="0"/><line nr="983" mi="2" ci="0" mb="0" cb="0"/><line nr="986" mi="8" ci="0" mb="4" cb="0"/><line nr="987" mi="2" ci="0" mb="0" cb="0"/><line nr="990" mi="2" ci="0" mb="0" cb="0"/><line nr="994" mi="4" ci="0" mb="0" cb="0"/><line nr="995" mi="16" ci="0" mb="2" cb="0"/><line nr="996" mi="3" ci="0" mb="0" cb="0"/><line nr="997" mi="10" ci="0" mb="4" cb="0"/><line nr="999" mi="8" ci="0" mb="4" cb="0"/><line nr="1000" mi="2" ci="0" mb="0" cb="0"/><line nr="1004" mi="2" ci="0" mb="0" cb="0"/><line nr="1009" mi="12" ci="0" mb="2" cb="0"/><line nr="1010" mi="3" ci="0" mb="2" cb="0"/><line nr="1011" mi="5" ci="0" mb="0" cb="0"/><line nr="1012" mi="8" ci="0" mb="4" cb="0"/><line nr="1013" mi="2" ci="0" mb="0" cb="0"/><line nr="1016" mi="1" ci="0" mb="0" cb="0"/><line nr="1017" mi="2" ci="0" mb="0" cb="0"/><line nr="1021" mi="3" ci="0" mb="2" cb="0"/><line nr="1022" mi="2" ci="0" mb="0" cb="0"/><line nr="1025" mi="12" ci="0" mb="2" cb="0"/><line nr="1026" mi="3" ci="0" mb="2" cb="0"/><line nr="1027" mi="2" ci="0" mb="0" cb="0"/><line nr="1030" mi="3" ci="0" mb="2" cb="0"/><line nr="1031" mi="5" ci="0" mb="0" cb="0"/><line nr="1032" mi="8" ci="0" mb="4" cb="0"/><line nr="1033" mi="2" ci="0" mb="0" cb="0"/><line nr="1036" mi="1" ci="0" mb="0" cb="0"/><line nr="1037" mi="2" ci="0" mb="0" cb="0"/><counter type="INSTRUCTION" missed="325" covered="1835"/><counter type="BRANCH" missed="75" covered="161"/><counter type="LINE" missed="70" covered="405"/><counter type="COMPLEXITY" missed="62" covered="143"/><counter type="METHOD" missed="12" covered="75"/><counter type="CLASS" missed="0" covered="1"/></sourcefile><counter type="INSTRUCTION" missed="401" covered="3372"/><counter type="BRANCH" missed="81" covered="243"/><counter type="LINE" missed="82" covered="655"/><counter type="COMPLEXITY" missed="73" covered="254"/><counter type="METHOD" missed="17" covered="148"/><counter type="CLASS" missed="0" covered="3"/></package><package name="org/opensearch/sql/ppl"><class name="org/opensearch/sql/ppl/PPLService" sourcefilename="PPLService.java"><method name="&lt;init&gt;" desc="(Lorg/opensearch/sql/ppl/antlr/PPLSyntaxParser;Lorg/opensearch/sql/executor/QueryManager;Lorg/opensearch/sql/executor/execution/QueryPlanFactory;Lorg/opensearch/sql/common/setting/Settings;)V" line="39"><counter type="INSTRUCTION" missed="0" covered="24"/><counter type="LINE" missed="0" covered="8"/><counter type="COMPLEXITY" missed="0" covered="1"/><counter type="METHOD" missed="0" covered="1"/></method><method name="execute" desc="(Lorg/opensearch/sql/ppl/domain/PPLQueryRequest;Lorg/opensearch/sql/common/response/ResponseListener;Lorg/opensearch/sql/common/response/ResponseListener;)V" line="67"><counter type="INSTRUCTION" missed="0" covered="15"/><counter type="LINE" missed="0" covered="5"/><counter type="COMPLEXITY" missed="0" covered="1"/><counter type="METHOD" missed="0" covered="1"/></method><method name="explain" desc="(Lorg/opensearch/sql/ppl/domain/PPLQueryRequest;Lorg/opensearch/sql/common/response/ResponseListener;)V" line="82"><counter type="INSTRUCTION" missed="0" covered="15"/><counter type="LINE" missed="0" covered="5"/><counter type="COMPLEXITY" missed="0" covered="1"/><counter type="METHOD" missed="0" covered="1"/></method><method name="plan" desc="(Lorg/opensearch/sql/ppl/domain/PPLQueryRequest;Lorg/opensearch/sql/common/response/ResponseListener;Lorg/opensearch/sql/common/response/ResponseListener;)Lorg/opensearch/sql/executor/execution/AbstractPlan;" line="93"><counter type="INSTRUCTION" missed="0" covered="43"/><counter type="LINE" missed="0" covered="12"/><counter type="COMPLEXITY" missed="0" covered="1"/><counter type="METHOD" missed="0" covered="1"/></method><method name="&lt;clinit&gt;" desc="()V" line="29"><counter type="INSTRUCTION" missed="0" covered="4"/><counter type="LINE" missed="0" covered="1"/><counter type="COMPLEXITY" missed="0" covered="1"/><counter type="METHOD" missed="0" covered="1"/></method><counter type="INSTRUCTION" missed="0" covered="101"/><counter type="LINE" missed="0" covered="31"/><counter type="COMPLEXITY" missed="0" covered="5"/><counter type="METHOD" missed="0" covered="5"/><counter type="CLASS" missed="0" covered="1"/></class><sourcefile name="PPLService.java"><line nr="29" mi="0" ci="4" mb="0" cb="0"/><line nr="39" mi="0" ci="3" mb="0" cb="0"/><line nr="47" mi="0" ci="2" mb="0" cb="0"/><line nr="48" mi="0" ci="3" mb="0" cb="0"/><line nr="49" mi="0" ci="3" mb="0" cb="0"/><line nr="50" mi="0" ci="3" mb="0" cb="0"/><line nr="51" mi="0" ci="3" mb="0" cb="0"/><line nr="52" mi="0" ci="6" mb="0" cb="0"/><line nr="53" mi="0" ci="1" mb="0" cb="0"/><line nr="67" mi="0" ci="9" mb="0" cb="0"/><line nr="68" mi="0" ci="1" mb="0" cb="0"/><line nr="69" mi="0" ci="3" mb="0" cb="0"/><line nr="70" mi="0" ci="1" mb="0" cb="0"/><line nr="71" mi="0" ci="1" mb="0" cb="0"/><line nr="82" mi="0" ci="9" mb="0" cb="0"/><line nr="83" mi="0" ci="1" mb="0" cb="0"/><line nr="84" mi="0" ci="3" mb="0" cb="0"/><line nr="85" mi="0" ci="1" mb="0" cb="0"/><line nr="86" mi="0" ci="1" mb="0" cb="0"/><line nr="93" mi="0" ci="6" mb="0" cb="0"/><line nr="94" mi="0" ci="6" mb="0" cb="0"/><line nr="95" mi="0" ci="3" mb="0" cb="0"/><line nr="97" mi="0" ci="4" mb="0" cb="0"/><line nr="98" mi="0" ci="2" mb="0" cb="0"/><line nr="99" mi="0" ci="3" mb="0" cb="0"/><line nr="100" mi="0" ci="2" mb="0" cb="0"/><line nr="101" mi="0" ci="2" mb="0" cb="0"/><line nr="103" mi="0" ci="3" mb="0" cb="0"/><line nr="105" mi="0" ci="4" mb="0" cb="0"/><line nr="106" mi="0" ci="1" mb="0" cb="0"/><line nr="108" mi="0" ci="7" mb="0" cb="0"/><counter type="INSTRUCTION" missed="0" covered="101"/><counter type="LINE" missed="0" covered="31"/><counter type="COMPLEXITY" missed="0" covered="5"/><counter type="METHOD" missed="0" covered="5"/><counter type="CLASS" missed="0" covered="1"/></sourcefile><counter type="INSTRUCTION" missed="0" covered="101"/><counter type="LINE" missed="0" covered="31"/><counter type="COMPLEXITY" missed="0" covered="5"/><counter type="METHOD" missed="0" covered="5"/><counter type="CLASS" missed="0" covered="1"/></package><package name="org/opensearch/sql/ppl/domain"><class name="org/opensearch/sql/ppl/domain/PPLQueryResponse" sourcefilename="PPLQueryResponse.java"><method name="&lt;init&gt;" desc="()V" line="8"><counter type="INSTRUCTION" missed="0" covered="3"/><counter type="LINE" missed="0" covered="1"/><counter type="COMPLEXITY" missed="0" covered="1"/><counter type="METHOD" missed="0" covered="1"/></method><counter type="INSTRUCTION" missed="0" covered="3"/><counter type="LINE" missed="0" covered="1"/><counter type="COMPLEXITY" missed="0" covered="1"/><counter type="METHOD" missed="0" covered="1"/><counter type="CLASS" missed="0" covered="1"/></class><class name="org/opensearch/sql/ppl/domain/PPLQueryRequest" sourcefilename="PPLQueryRequest.java"><method name="&lt;init&gt;" desc="(Ljava/lang/String;Lorg/json/JSONObject;Ljava/lang/String;)V" line="39"><counter type="INSTRUCTION" missed="0" covered="7"/><counter type="LINE" missed="0" covered="2"/><counter type="COMPLEXITY" missed="0" covered="1"/><counter type="METHOD" missed="0" covered="1"/></method><method name="&lt;init&gt;" desc="(Ljava/lang/String;Lorg/json/JSONObject;Ljava/lang/String;Ljava/lang/String;)V" line="26"><counter type="INSTRUCTION" missed="0" covered="28"/><counter type="LINE" missed="0" covered="9"/><counter type="COMPLEXITY" missed="0" covered="1"/><counter type="METHOD" missed="0" covered="1"/></method><method name="getRequest" desc="()Ljava/lang/String;" line="51"><counter type="INSTRUCTION" missed="0" covered="3"/><counter type="LINE" missed="0" covered="1"/><counter type="COMPLEXITY" missed="0" covered="1"/><counter type="METHOD" missed="0" covered="1"/></method><method name="isExplainRequest" desc="()Z" line="60"><counter type="INSTRUCTION" missed="0" covered="5"/><counter type="LINE" missed="0" covered="1"/><counter type="COMPLEXITY" missed="0" covered="1"/><counter type="METHOD" missed="0" covered="1"/></method><method name="format" desc="()Lorg/opensearch/sql/protocol/response/format/Format;" line="65"><counter type="INSTRUCTION" missed="0" covered="25"/><counter type="BRANCH" missed="0" covered="2"/><counter type="LINE" missed="0" covered="5"/><counter type="COMPLEXITY" missed="0" covered="2"/><counter type="METHOD" missed="0" covered="1"/></method><method name="&lt;clinit&gt;" desc="()V" line="21"><counter type="INSTRUCTION" missed="0" covered="9"/><counter type="LINE" missed="0" covered="1"/><counter type="COMPLEXITY" missed="0" covered="1"/><counter type="METHOD" missed="0" covered="1"/></method><counter type="INSTRUCTION" missed="0" covered="77"/><counter type="BRANCH" missed="0" covered="2"/><counter type="LINE" missed="0" covered="19"/><counter type="COMPLEXITY" missed="0" covered="7"/><counter type="METHOD" missed="0" covered="6"/><counter type="CLASS" missed="0" covered="1"/></class><sourcefile name="PPLQueryResponse.java"><line nr="8" mi="0" ci="3" mb="0" cb="0"/><counter type="INSTRUCTION" missed="0" covered="3"/><counter type="LINE" missed="0" covered="1"/><counter type="COMPLEXITY" missed="0" covered="1"/><counter type="METHOD" missed="0" covered="1"/><counter type="CLASS" missed="0" covered="1"/></sourcefile><sourcefile name="PPLQueryRequest.java"><line nr="21" mi="0" ci="9" mb="0" cb="0"/><line nr="26" mi="0" ci="3" mb="0" cb="0"/><line nr="28" mi="0" ci="3" mb="0" cb="0"/><line nr="33" mi="0" ci="3" mb="0" cb="0"/><line nr="39" mi="0" ci="6" mb="0" cb="0"/><line nr="40" mi="0" ci="1" mb="0" cb="0"/><line nr="43" mi="0" ci="2" mb="0" cb="0"/><line nr="44" mi="0" ci="3" mb="0" cb="0"/><line nr="45" mi="0" ci="3" mb="0" cb="0"/><line nr="46" mi="0" ci="7" mb="0" cb="0"/><line nr="47" mi="0" ci="3" mb="0" cb="0"/><line nr="48" mi="0" ci="1" mb="0" cb="0"/><line nr="51" mi="0" ci="3" mb="0" cb="0"/><line nr="60" mi="0" ci="5" mb="0" cb="0"/><line nr="65" mi="0" ci="4" mb="0" cb="0"/><line nr="66" mi="0" ci="3" mb="0" cb="2"/><line nr="67" mi="0" ci="4" mb="0" cb="0"/><line nr="69" mi="0" ci="11" mb="0" cb="0"/><line nr="70" mi="0" ci="3" mb="0" cb="0"/><counter type="INSTRUCTION" missed="0" covered="77"/><counter type="BRANCH" missed="0" covered="2"/><counter type="LINE" missed="0" covered="19"/><counter type="COMPLEXITY" missed="0" covered="7"/><counter type="METHOD" missed="0" covered="6"/><counter type="CLASS" missed="0" covered="1"/></sourcefile><counter type="INSTRUCTION" missed="0" covered="80"/><counter type="BRANCH" missed="0" covered="2"/><counter type="LINE" missed="0" covered="20"/><counter type="COMPLEXITY" missed="0" covered="8"/><counter type="METHOD" missed="0" covered="7"/><counter type="CLASS" missed="0" covered="2"/></package><counter type="INSTRUCTION" missed="549" covered="6193"/><counter type="BRANCH" missed="104" covered="353"/><counter type="LINE" missed="103" covered="1078"/><counter type="COMPLEXITY" missed="93" covered="401"/><counter type="METHOD" missed="19" covered="246"/><counter type="CLASS" missed="0" covered="11"/></report>