<!DOCTYPE html>
<html>
<head>
<meta http-equiv="Content-Type" content="text/html; charset=utf-8"/>
<meta http-equiv="x-ua-compatible" content="IE=edge"/>
<title>Test results - Class org.opensearch.sql.calcite.remote.CalciteExplainIT</title>
<link href="../css/base-style.css" rel="stylesheet" type="text/css"/>
<link href="../css/style.css" rel="stylesheet" type="text/css"/>
<script src="../js/report.js" type="text/javascript"></script>
</head>
<body>
<div id="content">
<h1>Class org.opensearch.sql.calcite.remote.CalciteExplainIT</h1>
<div class="breadcrumbs">
<a href="../index.html">all</a> &gt; 
<a href="../packages/org.opensearch.sql.calcite.remote.html">org.opensearch.sql.calcite.remote</a> &gt; CalciteExplainIT</div>
<div id="summary">
<table>
<tr>
<td>
<div class="summaryGroup">
<table>
<tr>
<td>
<div class="infoBox" id="tests">
<div class="counter">148</div>
<p>tests</p>
</div>
</td>
<td>
<div class="infoBox" id="failures">
<div class="counter">0</div>
<p>failures</p>
</div>
</td>
<td>
<div class="infoBox" id="ignored">
<div class="counter">15</div>
<p>ignored</p>
</div>
</td>
<td>
<div class="infoBox" id="duration">
<div class="counter">10.116s</div>
<p>duration</p>
</div>
</td>
</tr>
</table>
</div>
</td>
<td>
<div class="infoBox skipped" id="successRate">
<div class="percent">100%</div>
<p>successful</p>
</div>
</td>
</tr>
</table>
</div>
<div class="tab-container">
<ul class="tabLinks">
<li>
<a href="#">Ignored tests</a>
</li>
<li>
<a href="#">Tests</a>
</li>
<li>
<a href="#">Standard output</a>
</li>
</ul>
<div class="tab">
<h2>Ignored tests</h2>
<div class="test">
<a name="noPushDownForAggOnWindow"></a>
<h3 class="skipped">noPushDownForAggOnWindow</h3>
<span class="code">
<pre>This test is only for push down enabled

org.junit.AssumptionViolatedException: This test is only for push down enabled
	at __randomizedtesting.SeedInfo.seed([1DBE20EC18525727:9E86DED9A227F8D1]:0)
	at org.junit.Assume.assumeTrue(Assume.java:68)
	at org.opensearch.sql.calcite.remote.CalciteExplainIT.noPushDownForAggOnWindow(CalciteExplainIT.java:221)
	at java.base/jdk.internal.reflect.DirectMethodHandleAccessor.invoke(DirectMethodHandleAccessor.java:104)
	at java.base/java.lang.reflect.Method.invoke(Method.java:565)
	at com.carrotsearch.randomizedtesting.RandomizedRunner.invoke(RandomizedRunner.java:1750)
	at com.carrotsearch.randomizedtesting.RandomizedRunner$8.evaluate(RandomizedRunner.java:938)
	at com.carrotsearch.randomizedtesting.RandomizedRunner$9.evaluate(RandomizedRunner.java:974)
	at com.carrotsearch.randomizedtesting.RandomizedRunner$10.evaluate(RandomizedRunner.java:988)
	at com.carrotsearch.randomizedtesting.rules.StatementAdapter.evaluate(StatementAdapter.java:36)
	at org.junit.rules.RunRules.evaluate(RunRules.java:20)
	at org.apache.lucene.tests.util.TestRuleSetupTeardownChained$1.evaluate(TestRuleSetupTeardownChained.java:48)
	at org.apache.lucene.tests.util.AbstractBeforeAfterRule$1.evaluate(AbstractBeforeAfterRule.java:43)
	at org.apache.lucene.tests.util.TestRuleThreadAndTestName$1.evaluate(TestRuleThreadAndTestName.java:45)
	at org.apache.lucene.tests.util.TestRuleIgnoreAfterMaxFailures$1.evaluate(TestRuleIgnoreAfterMaxFailures.java:60)
	at org.apache.lucene.tests.util.TestRuleMarkFailure$1.evaluate(TestRuleMarkFailure.java:44)
	at org.junit.rules.RunRules.evaluate(RunRules.java:20)
	at com.carrotsearch.randomizedtesting.rules.StatementAdapter.evaluate(StatementAdapter.java:36)
	at com.carrotsearch.randomizedtesting.ThreadLeakControl$StatementRunner.run(ThreadLeakControl.java:368)
	at com.carrotsearch.randomizedtesting.ThreadLeakControl.forkTimeoutingTask(ThreadLeakControl.java:817)
	at com.carrotsearch.randomizedtesting.ThreadLeakControl$3.evaluate(ThreadLeakControl.java:468)
	at com.carrotsearch.randomizedtesting.RandomizedRunner.runSingleTest(RandomizedRunner.java:947)
	at com.carrotsearch.randomizedtesting.RandomizedRunner$5.evaluate(RandomizedRunner.java:832)
	at com.carrotsearch.randomizedtesting.RandomizedRunner$6.evaluate(RandomizedRunner.java:883)
	at com.carrotsearch.randomizedtesting.RandomizedRunner$7.evaluate(RandomizedRunner.java:894)
	at org.apache.lucene.tests.util.AbstractBeforeAfterRule$1.evaluate(AbstractBeforeAfterRule.java:43)
	at com.carrotsearch.randomizedtesting.rules.StatementAdapter.evaluate(StatementAdapter.java:36)
	at org.apache.lucene.tests.util.TestRuleStoreClassName$1.evaluate(TestRuleStoreClassName.java:38)
	at com.carrotsearch.randomizedtesting.rules.NoShadowingOrOverridesOnMethodsRule$1.evaluate(NoShadowingOrOverridesOnMethodsRule.java:40)
	at com.carrotsearch.randomizedtesting.rules.NoShadowingOrOverridesOnMethodsRule$1.evaluate(NoShadowingOrOverridesOnMethodsRule.java:40)
	at com.carrotsearch.randomizedtesting.rules.StatementAdapter.evaluate(StatementAdapter.java:36)
	at com.carrotsearch.randomizedtesting.rules.StatementAdapter.evaluate(StatementAdapter.java:36)
	at org.apache.lucene.tests.util.TestRuleAssertionsRequired$1.evaluate(TestRuleAssertionsRequired.java:53)
	at org.apache.lucene.tests.util.AbstractBeforeAfterRule$1.evaluate(AbstractBeforeAfterRule.java:43)
	at org.apache.lucene.tests.util.TestRuleMarkFailure$1.evaluate(TestRuleMarkFailure.java:44)
	at org.apache.lucene.tests.util.TestRuleIgnoreAfterMaxFailures$1.evaluate(TestRuleIgnoreAfterMaxFailures.java:60)
	at org.apache.lucene.tests.util.TestRuleIgnoreTestSuites$1.evaluate(TestRuleIgnoreTestSuites.java:47)
	at org.junit.rules.RunRules.evaluate(RunRules.java:20)
	at com.carrotsearch.randomizedtesting.rules.StatementAdapter.evaluate(StatementAdapter.java:36)
	at com.carrotsearch.randomizedtesting.ThreadLeakControl$StatementRunner.run(ThreadLeakControl.java:368)
	at java.base/java.lang.Thread.run(Thread.java:1447)
</pre>
</span>
</div>
<div class="test">
<a name="supportPartialPushDown"></a>
<h3 class="skipped">supportPartialPushDown</h3>
</div>
<div class="test">
<a name="supportPartialPushDown"></a>
<h3 class="skipped">supportPartialPushDown</h3>
</div>
<div class="test">
<a name="supportPartialPushDownScript"></a>
<h3 class="skipped">supportPartialPushDownScript</h3>
</div>
<div class="test">
<a name="supportPartialPushDownScript"></a>
<h3 class="skipped">supportPartialPushDownScript</h3>
</div>
<div class="test">
<a name="supportPartialPushDown_NoPushIfAllFailed"></a>
<h3 class="skipped">supportPartialPushDown_NoPushIfAllFailed</h3>
</div>
<div class="test">
<a name="supportPartialPushDown_NoPushIfAllFailed"></a>
<h3 class="skipped">supportPartialPushDown_NoPushIfAllFailed</h3>
</div>
<div class="test">
<a name="supportPushDownScriptOnTextField"></a>
<h3 class="skipped">supportPushDownScriptOnTextField</h3>
<span class="code">
<pre>This test is only for push down enabled

org.junit.AssumptionViolatedException: This test is only for push down enabled
	at __randomizedtesting.SeedInfo.seed([1DBE20EC18525727:87BA514EC1BF322E]:0)
	at org.junit.Assume.assumeTrue(Assume.java:68)
	at org.opensearch.sql.calcite.remote.CalciteExplainIT.supportPushDownScriptOnTextField(CalciteExplainIT.java:233)
	at java.base/jdk.internal.reflect.DirectMethodHandleAccessor.invoke(DirectMethodHandleAccessor.java:104)
	at java.base/java.lang.reflect.Method.invoke(Method.java:565)
	at com.carrotsearch.randomizedtesting.RandomizedRunner.invoke(RandomizedRunner.java:1750)
	at com.carrotsearch.randomizedtesting.RandomizedRunner$8.evaluate(RandomizedRunner.java:938)
	at com.carrotsearch.randomizedtesting.RandomizedRunner$9.evaluate(RandomizedRunner.java:974)
	at com.carrotsearch.randomizedtesting.RandomizedRunner$10.evaluate(RandomizedRunner.java:988)
	at com.carrotsearch.randomizedtesting.rules.StatementAdapter.evaluate(StatementAdapter.java:36)
	at org.junit.rules.RunRules.evaluate(RunRules.java:20)
	at org.apache.lucene.tests.util.TestRuleSetupTeardownChained$1.evaluate(TestRuleSetupTeardownChained.java:48)
	at org.apache.lucene.tests.util.AbstractBeforeAfterRule$1.evaluate(AbstractBeforeAfterRule.java:43)
	at org.apache.lucene.tests.util.TestRuleThreadAndTestName$1.evaluate(TestRuleThreadAndTestName.java:45)
	at org.apache.lucene.tests.util.TestRuleIgnoreAfterMaxFailures$1.evaluate(TestRuleIgnoreAfterMaxFailures.java:60)
	at org.apache.lucene.tests.util.TestRuleMarkFailure$1.evaluate(TestRuleMarkFailure.java:44)
	at org.junit.rules.RunRules.evaluate(RunRules.java:20)
	at com.carrotsearch.randomizedtesting.rules.StatementAdapter.evaluate(StatementAdapter.java:36)
	at com.carrotsearch.randomizedtesting.ThreadLeakControl$StatementRunner.run(ThreadLeakControl.java:368)
	at com.carrotsearch.randomizedtesting.ThreadLeakControl.forkTimeoutingTask(ThreadLeakControl.java:817)
	at com.carrotsearch.randomizedtesting.ThreadLeakControl$3.evaluate(ThreadLeakControl.java:468)
	at com.carrotsearch.randomizedtesting.RandomizedRunner.runSingleTest(RandomizedRunner.java:947)
	at com.carrotsearch.randomizedtesting.RandomizedRunner$5.evaluate(RandomizedRunner.java:832)
	at com.carrotsearch.randomizedtesting.RandomizedRunner$6.evaluate(RandomizedRunner.java:883)
	at com.carrotsearch.randomizedtesting.RandomizedRunner$7.evaluate(RandomizedRunner.java:894)
	at org.apache.lucene.tests.util.AbstractBeforeAfterRule$1.evaluate(AbstractBeforeAfterRule.java:43)
	at com.carrotsearch.randomizedtesting.rules.StatementAdapter.evaluate(StatementAdapter.java:36)
	at org.apache.lucene.tests.util.TestRuleStoreClassName$1.evaluate(TestRuleStoreClassName.java:38)
	at com.carrotsearch.randomizedtesting.rules.NoShadowingOrOverridesOnMethodsRule$1.evaluate(NoShadowingOrOverridesOnMethodsRule.java:40)
	at com.carrotsearch.randomizedtesting.rules.NoShadowingOrOverridesOnMethodsRule$1.evaluate(NoShadowingOrOverridesOnMethodsRule.java:40)
	at com.carrotsearch.randomizedtesting.rules.StatementAdapter.evaluate(StatementAdapter.java:36)
	at com.carrotsearch.randomizedtesting.rules.StatementAdapter.evaluate(StatementAdapter.java:36)
	at org.apache.lucene.tests.util.TestRuleAssertionsRequired$1.evaluate(TestRuleAssertionsRequired.java:53)
	at org.apache.lucene.tests.util.AbstractBeforeAfterRule$1.evaluate(AbstractBeforeAfterRule.java:43)
	at org.apache.lucene.tests.util.TestRuleMarkFailure$1.evaluate(TestRuleMarkFailure.java:44)
	at org.apache.lucene.tests.util.TestRuleIgnoreAfterMaxFailures$1.evaluate(TestRuleIgnoreAfterMaxFailures.java:60)
	at org.apache.lucene.tests.util.TestRuleIgnoreTestSuites$1.evaluate(TestRuleIgnoreTestSuites.java:47)
	at org.junit.rules.RunRules.evaluate(RunRules.java:20)
	at com.carrotsearch.randomizedtesting.rules.StatementAdapter.evaluate(StatementAdapter.java:36)
	at com.carrotsearch.randomizedtesting.ThreadLeakControl$StatementRunner.run(ThreadLeakControl.java:368)
	at java.base/java.lang.Thread.run(Thread.java:1447)
</pre>
</span>
</div>
<div class="test">
<a name="testEventstatsDistinctCountExplain"></a>
<h3 class="skipped">testEventstatsDistinctCountExplain</h3>
<span class="code">
<pre>This test is only for push down enabled

org.junit.AssumptionViolatedException: This test is only for push down enabled
	at __randomizedtesting.SeedInfo.seed([1DBE20EC18525727:5DAC596F82655C11]:0)
	at org.junit.Assume.assumeTrue(Assume.java:68)
	at org.opensearch.sql.calcite.remote.CalciteExplainIT.testEventstatsDistinctCountExplain(CalciteExplainIT.java:288)
	at java.base/jdk.internal.reflect.DirectMethodHandleAccessor.invoke(DirectMethodHandleAccessor.java:104)
	at java.base/java.lang.reflect.Method.invoke(Method.java:565)
	at com.carrotsearch.randomizedtesting.RandomizedRunner.invoke(RandomizedRunner.java:1750)
	at com.carrotsearch.randomizedtesting.RandomizedRunner$8.evaluate(RandomizedRunner.java:938)
	at com.carrotsearch.randomizedtesting.RandomizedRunner$9.evaluate(RandomizedRunner.java:974)
	at com.carrotsearch.randomizedtesting.RandomizedRunner$10.evaluate(RandomizedRunner.java:988)
	at com.carrotsearch.randomizedtesting.rules.StatementAdapter.evaluate(StatementAdapter.java:36)
	at org.junit.rules.RunRules.evaluate(RunRules.java:20)
	at org.apache.lucene.tests.util.TestRuleSetupTeardownChained$1.evaluate(TestRuleSetupTeardownChained.java:48)
	at org.apache.lucene.tests.util.AbstractBeforeAfterRule$1.evaluate(AbstractBeforeAfterRule.java:43)
	at org.apache.lucene.tests.util.TestRuleThreadAndTestName$1.evaluate(TestRuleThreadAndTestName.java:45)
	at org.apache.lucene.tests.util.TestRuleIgnoreAfterMaxFailures$1.evaluate(TestRuleIgnoreAfterMaxFailures.java:60)
	at org.apache.lucene.tests.util.TestRuleMarkFailure$1.evaluate(TestRuleMarkFailure.java:44)
	at org.junit.rules.RunRules.evaluate(RunRules.java:20)
	at com.carrotsearch.randomizedtesting.rules.StatementAdapter.evaluate(StatementAdapter.java:36)
	at com.carrotsearch.randomizedtesting.ThreadLeakControl$StatementRunner.run(ThreadLeakControl.java:368)
	at com.carrotsearch.randomizedtesting.ThreadLeakControl.forkTimeoutingTask(ThreadLeakControl.java:817)
	at com.carrotsearch.randomizedtesting.ThreadLeakControl$3.evaluate(ThreadLeakControl.java:468)
	at com.carrotsearch.randomizedtesting.RandomizedRunner.runSingleTest(RandomizedRunner.java:947)
	at com.carrotsearch.randomizedtesting.RandomizedRunner$5.evaluate(RandomizedRunner.java:832)
	at com.carrotsearch.randomizedtesting.RandomizedRunner$6.evaluate(RandomizedRunner.java:883)
	at com.carrotsearch.randomizedtesting.RandomizedRunner$7.evaluate(RandomizedRunner.java:894)
	at org.apache.lucene.tests.util.AbstractBeforeAfterRule$1.evaluate(AbstractBeforeAfterRule.java:43)
	at com.carrotsearch.randomizedtesting.rules.StatementAdapter.evaluate(StatementAdapter.java:36)
	at org.apache.lucene.tests.util.TestRuleStoreClassName$1.evaluate(TestRuleStoreClassName.java:38)
	at com.carrotsearch.randomizedtesting.rules.NoShadowingOrOverridesOnMethodsRule$1.evaluate(NoShadowingOrOverridesOnMethodsRule.java:40)
	at com.carrotsearch.randomizedtesting.rules.NoShadowingOrOverridesOnMethodsRule$1.evaluate(NoShadowingOrOverridesOnMethodsRule.java:40)
	at com.carrotsearch.randomizedtesting.rules.StatementAdapter.evaluate(StatementAdapter.java:36)
	at com.carrotsearch.randomizedtesting.rules.StatementAdapter.evaluate(StatementAdapter.java:36)
	at org.apache.lucene.tests.util.TestRuleAssertionsRequired$1.evaluate(TestRuleAssertionsRequired.java:53)
	at org.apache.lucene.tests.util.AbstractBeforeAfterRule$1.evaluate(AbstractBeforeAfterRule.java:43)
	at org.apache.lucene.tests.util.TestRuleMarkFailure$1.evaluate(TestRuleMarkFailure.java:44)
	at org.apache.lucene.tests.util.TestRuleIgnoreAfterMaxFailures$1.evaluate(TestRuleIgnoreAfterMaxFailures.java:60)
	at org.apache.lucene.tests.util.TestRuleIgnoreTestSuites$1.evaluate(TestRuleIgnoreTestSuites.java:47)
	at org.junit.rules.RunRules.evaluate(RunRules.java:20)
	at com.carrotsearch.randomizedtesting.rules.StatementAdapter.evaluate(StatementAdapter.java:36)
	at com.carrotsearch.randomizedtesting.ThreadLeakControl$StatementRunner.run(ThreadLeakControl.java:368)
	at java.base/java.lang.Thread.run(Thread.java:1447)
</pre>
</span>
</div>
<div class="test">
<a name="testEventstatsDistinctCountFunctionExplain"></a>
<h3 class="skipped">testEventstatsDistinctCountFunctionExplain</h3>
<span class="code">
<pre>This test is only for push down enabled

org.junit.AssumptionViolatedException: This test is only for push down enabled
	at __randomizedtesting.SeedInfo.seed([1DBE20EC18525727:4B0DFB1CE24C52B8]:0)
	at org.junit.Assume.assumeTrue(Assume.java:68)
	at org.opensearch.sql.calcite.remote.CalciteExplainIT.testEventstatsDistinctCountFunctionExplain(CalciteExplainIT.java:298)
	at java.base/jdk.internal.reflect.DirectMethodHandleAccessor.invoke(DirectMethodHandleAccessor.java:104)
	at java.base/java.lang.reflect.Method.invoke(Method.java:565)
	at com.carrotsearch.randomizedtesting.RandomizedRunner.invoke(RandomizedRunner.java:1750)
	at com.carrotsearch.randomizedtesting.RandomizedRunner$8.evaluate(RandomizedRunner.java:938)
	at com.carrotsearch.randomizedtesting.RandomizedRunner$9.evaluate(RandomizedRunner.java:974)
	at com.carrotsearch.randomizedtesting.RandomizedRunner$10.evaluate(RandomizedRunner.java:988)
	at com.carrotsearch.randomizedtesting.rules.StatementAdapter.evaluate(StatementAdapter.java:36)
	at org.junit.rules.RunRules.evaluate(RunRules.java:20)
	at org.apache.lucene.tests.util.TestRuleSetupTeardownChained$1.evaluate(TestRuleSetupTeardownChained.java:48)
	at org.apache.lucene.tests.util.AbstractBeforeAfterRule$1.evaluate(AbstractBeforeAfterRule.java:43)
	at org.apache.lucene.tests.util.TestRuleThreadAndTestName$1.evaluate(TestRuleThreadAndTestName.java:45)
	at org.apache.lucene.tests.util.TestRuleIgnoreAfterMaxFailures$1.evaluate(TestRuleIgnoreAfterMaxFailures.java:60)
	at org.apache.lucene.tests.util.TestRuleMarkFailure$1.evaluate(TestRuleMarkFailure.java:44)
	at org.junit.rules.RunRules.evaluate(RunRules.java:20)
	at com.carrotsearch.randomizedtesting.rules.StatementAdapter.evaluate(StatementAdapter.java:36)
	at com.carrotsearch.randomizedtesting.ThreadLeakControl$StatementRunner.run(ThreadLeakControl.java:368)
	at com.carrotsearch.randomizedtesting.ThreadLeakControl.forkTimeoutingTask(ThreadLeakControl.java:817)
	at com.carrotsearch.randomizedtesting.ThreadLeakControl$3.evaluate(ThreadLeakControl.java:468)
	at com.carrotsearch.randomizedtesting.RandomizedRunner.runSingleTest(RandomizedRunner.java:947)
	at com.carrotsearch.randomizedtesting.RandomizedRunner$5.evaluate(RandomizedRunner.java:832)
	at com.carrotsearch.randomizedtesting.RandomizedRunner$6.evaluate(RandomizedRunner.java:883)
	at com.carrotsearch.randomizedtesting.RandomizedRunner$7.evaluate(RandomizedRunner.java:894)
	at org.apache.lucene.tests.util.AbstractBeforeAfterRule$1.evaluate(AbstractBeforeAfterRule.java:43)
	at com.carrotsearch.randomizedtesting.rules.StatementAdapter.evaluate(StatementAdapter.java:36)
	at org.apache.lucene.tests.util.TestRuleStoreClassName$1.evaluate(TestRuleStoreClassName.java:38)
	at com.carrotsearch.randomizedtesting.rules.NoShadowingOrOverridesOnMethodsRule$1.evaluate(NoShadowingOrOverridesOnMethodsRule.java:40)
	at com.carrotsearch.randomizedtesting.rules.NoShadowingOrOverridesOnMethodsRule$1.evaluate(NoShadowingOrOverridesOnMethodsRule.java:40)
	at com.carrotsearch.randomizedtesting.rules.StatementAdapter.evaluate(StatementAdapter.java:36)
	at com.carrotsearch.randomizedtesting.rules.StatementAdapter.evaluate(StatementAdapter.java:36)
	at org.apache.lucene.tests.util.TestRuleAssertionsRequired$1.evaluate(TestRuleAssertionsRequired.java:53)
	at org.apache.lucene.tests.util.AbstractBeforeAfterRule$1.evaluate(AbstractBeforeAfterRule.java:43)
	at org.apache.lucene.tests.util.TestRuleMarkFailure$1.evaluate(TestRuleMarkFailure.java:44)
	at org.apache.lucene.tests.util.TestRuleIgnoreAfterMaxFailures$1.evaluate(TestRuleIgnoreAfterMaxFailures.java:60)
	at org.apache.lucene.tests.util.TestRuleIgnoreTestSuites$1.evaluate(TestRuleIgnoreTestSuites.java:47)
	at org.junit.rules.RunRules.evaluate(RunRules.java:20)
	at com.carrotsearch.randomizedtesting.rules.StatementAdapter.evaluate(StatementAdapter.java:36)
	at com.carrotsearch.randomizedtesting.ThreadLeakControl$StatementRunner.run(ThreadLeakControl.java:368)
	at java.base/java.lang.Thread.run(Thread.java:1447)
</pre>
</span>
</div>
<div class="test">
<a name="testExplainModeUnsupportedInV2"></a>
<h3 class="skipped">testExplainModeUnsupportedInV2</h3>
</div>
<div class="test">
<a name="testExplainModeUnsupportedInV2"></a>
<h3 class="skipped">testExplainModeUnsupportedInV2</h3>
</div>
<div class="test">
<a name="testExplainRegexMatchInEvalWithOutScriptPushdown"></a>
<h3 class="skipped">testExplainRegexMatchInEvalWithOutScriptPushdown</h3>
<span class="code">
<pre>This test is only for push down enabled

org.junit.AssumptionViolatedException: This test is only for push down enabled
	at __randomizedtesting.SeedInfo.seed([1DBE20EC18525727:C496E85A7E28EEB]:0)
	at org.junit.Assume.assumeTrue(Assume.java:68)
	at org.opensearch.sql.calcite.remote.CalciteExplainIT.testExplainRegexMatchInEvalWithOutScriptPushdown(CalciteExplainIT.java:332)
	at java.base/jdk.internal.reflect.DirectMethodHandleAccessor.invoke(DirectMethodHandleAccessor.java:104)
	at java.base/java.lang.reflect.Method.invoke(Method.java:565)
	at com.carrotsearch.randomizedtesting.RandomizedRunner.invoke(RandomizedRunner.java:1750)
	at com.carrotsearch.randomizedtesting.RandomizedRunner$8.evaluate(RandomizedRunner.java:938)
	at com.carrotsearch.randomizedtesting.RandomizedRunner$9.evaluate(RandomizedRunner.java:974)
	at com.carrotsearch.randomizedtesting.RandomizedRunner$10.evaluate(RandomizedRunner.java:988)
	at com.carrotsearch.randomizedtesting.rules.StatementAdapter.evaluate(StatementAdapter.java:36)
	at org.junit.rules.RunRules.evaluate(RunRules.java:20)
	at org.apache.lucene.tests.util.TestRuleSetupTeardownChained$1.evaluate(TestRuleSetupTeardownChained.java:48)
	at org.apache.lucene.tests.util.AbstractBeforeAfterRule$1.evaluate(AbstractBeforeAfterRule.java:43)
	at org.apache.lucene.tests.util.TestRuleThreadAndTestName$1.evaluate(TestRuleThreadAndTestName.java:45)
	at org.apache.lucene.tests.util.TestRuleIgnoreAfterMaxFailures$1.evaluate(TestRuleIgnoreAfterMaxFailures.java:60)
	at org.apache.lucene.tests.util.TestRuleMarkFailure$1.evaluate(TestRuleMarkFailure.java:44)
	at org.junit.rules.RunRules.evaluate(RunRules.java:20)
	at com.carrotsearch.randomizedtesting.rules.StatementAdapter.evaluate(StatementAdapter.java:36)
	at com.carrotsearch.randomizedtesting.ThreadLeakControl$StatementRunner.run(ThreadLeakControl.java:368)
	at com.carrotsearch.randomizedtesting.ThreadLeakControl.forkTimeoutingTask(ThreadLeakControl.java:817)
	at com.carrotsearch.randomizedtesting.ThreadLeakControl$3.evaluate(ThreadLeakControl.java:468)
	at com.carrotsearch.randomizedtesting.RandomizedRunner.runSingleTest(RandomizedRunner.java:947)
	at com.carrotsearch.randomizedtesting.RandomizedRunner$5.evaluate(RandomizedRunner.java:832)
	at com.carrotsearch.randomizedtesting.RandomizedRunner$6.evaluate(RandomizedRunner.java:883)
	at com.carrotsearch.randomizedtesting.RandomizedRunner$7.evaluate(RandomizedRunner.java:894)
	at org.apache.lucene.tests.util.AbstractBeforeAfterRule$1.evaluate(AbstractBeforeAfterRule.java:43)
	at com.carrotsearch.randomizedtesting.rules.StatementAdapter.evaluate(StatementAdapter.java:36)
	at org.apache.lucene.tests.util.TestRuleStoreClassName$1.evaluate(TestRuleStoreClassName.java:38)
	at com.carrotsearch.randomizedtesting.rules.NoShadowingOrOverridesOnMethodsRule$1.evaluate(NoShadowingOrOverridesOnMethodsRule.java:40)
	at com.carrotsearch.randomizedtesting.rules.NoShadowingOrOverridesOnMethodsRule$1.evaluate(NoShadowingOrOverridesOnMethodsRule.java:40)
	at com.carrotsearch.randomizedtesting.rules.StatementAdapter.evaluate(StatementAdapter.java:36)
	at com.carrotsearch.randomizedtesting.rules.StatementAdapter.evaluate(StatementAdapter.java:36)
	at org.apache.lucene.tests.util.TestRuleAssertionsRequired$1.evaluate(TestRuleAssertionsRequired.java:53)
	at org.apache.lucene.tests.util.AbstractBeforeAfterRule$1.evaluate(AbstractBeforeAfterRule.java:43)
	at org.apache.lucene.tests.util.TestRuleMarkFailure$1.evaluate(TestRuleMarkFailure.java:44)
	at org.apache.lucene.tests.util.TestRuleIgnoreAfterMaxFailures$1.evaluate(TestRuleIgnoreAfterMaxFailures.java:60)
	at org.apache.lucene.tests.util.TestRuleIgnoreTestSuites$1.evaluate(TestRuleIgnoreTestSuites.java:47)
	at org.junit.rules.RunRules.evaluate(RunRules.java:20)
	at com.carrotsearch.randomizedtesting.rules.StatementAdapter.evaluate(StatementAdapter.java:36)
	at com.carrotsearch.randomizedtesting.ThreadLeakControl$StatementRunner.run(ThreadLeakControl.java:368)
	at java.base/java.lang.Thread.run(Thread.java:1447)
</pre>
</span>
</div>
<div class="test">
<a name="testExplainRegexMatchInWhereWithScriptPushdown"></a>
<h3 class="skipped">testExplainRegexMatchInWhereWithScriptPushdown</h3>
<span class="code">
<pre>This test is only for push down enabled

org.junit.AssumptionViolatedException: This test is only for push down enabled
	at __randomizedtesting.SeedInfo.seed([1DBE20EC18525727:9A3C1F22E1283D29]:0)
	at org.junit.Assume.assumeTrue(Assume.java:68)
	at org.opensearch.sql.calcite.remote.CalciteExplainIT.testExplainRegexMatchInWhereWithScriptPushdown(CalciteExplainIT.java:322)
	at java.base/jdk.internal.reflect.DirectMethodHandleAccessor.invoke(DirectMethodHandleAccessor.java:104)
	at java.base/java.lang.reflect.Method.invoke(Method.java:565)
	at com.carrotsearch.randomizedtesting.RandomizedRunner.invoke(RandomizedRunner.java:1750)
	at com.carrotsearch.randomizedtesting.RandomizedRunner$8.evaluate(RandomizedRunner.java:938)
	at com.carrotsearch.randomizedtesting.RandomizedRunner$9.evaluate(RandomizedRunner.java:974)
	at com.carrotsearch.randomizedtesting.RandomizedRunner$10.evaluate(RandomizedRunner.java:988)
	at com.carrotsearch.randomizedtesting.rules.StatementAdapter.evaluate(StatementAdapter.java:36)
	at org.junit.rules.RunRules.evaluate(RunRules.java:20)
	at org.apache.lucene.tests.util.TestRuleSetupTeardownChained$1.evaluate(TestRuleSetupTeardownChained.java:48)
	at org.apache.lucene.tests.util.AbstractBeforeAfterRule$1.evaluate(AbstractBeforeAfterRule.java:43)
	at org.apache.lucene.tests.util.TestRuleThreadAndTestName$1.evaluate(TestRuleThreadAndTestName.java:45)
	at org.apache.lucene.tests.util.TestRuleIgnoreAfterMaxFailures$1.evaluate(TestRuleIgnoreAfterMaxFailures.java:60)
	at org.apache.lucene.tests.util.TestRuleMarkFailure$1.evaluate(TestRuleMarkFailure.java:44)
	at org.junit.rules.RunRules.evaluate(RunRules.java:20)
	at com.carrotsearch.randomizedtesting.rules.StatementAdapter.evaluate(StatementAdapter.java:36)
	at com.carrotsearch.randomizedtesting.ThreadLeakControl$StatementRunner.run(ThreadLeakControl.java:368)
	at com.carrotsearch.randomizedtesting.ThreadLeakControl.forkTimeoutingTask(ThreadLeakControl.java:817)
	at com.carrotsearch.randomizedtesting.ThreadLeakControl$3.evaluate(ThreadLeakControl.java:468)
	at com.carrotsearch.randomizedtesting.RandomizedRunner.runSingleTest(RandomizedRunner.java:947)
	at com.carrotsearch.randomizedtesting.RandomizedRunner$5.evaluate(RandomizedRunner.java:832)
	at com.carrotsearch.randomizedtesting.RandomizedRunner$6.evaluate(RandomizedRunner.java:883)
	at com.carrotsearch.randomizedtesting.RandomizedRunner$7.evaluate(RandomizedRunner.java:894)
	at org.apache.lucene.tests.util.AbstractBeforeAfterRule$1.evaluate(AbstractBeforeAfterRule.java:43)
	at com.carrotsearch.randomizedtesting.rules.StatementAdapter.evaluate(StatementAdapter.java:36)
	at org.apache.lucene.tests.util.TestRuleStoreClassName$1.evaluate(TestRuleStoreClassName.java:38)
	at com.carrotsearch.randomizedtesting.rules.NoShadowingOrOverridesOnMethodsRule$1.evaluate(NoShadowingOrOverridesOnMethodsRule.java:40)
	at com.carrotsearch.randomizedtesting.rules.NoShadowingOrOverridesOnMethodsRule$1.evaluate(NoShadowingOrOverridesOnMethodsRule.java:40)
	at com.carrotsearch.randomizedtesting.rules.StatementAdapter.evaluate(StatementAdapter.java:36)
	at com.carrotsearch.randomizedtesting.rules.StatementAdapter.evaluate(StatementAdapter.java:36)
	at org.apache.lucene.tests.util.TestRuleAssertionsRequired$1.evaluate(TestRuleAssertionsRequired.java:53)
	at org.apache.lucene.tests.util.AbstractBeforeAfterRule$1.evaluate(AbstractBeforeAfterRule.java:43)
	at org.apache.lucene.tests.util.TestRuleMarkFailure$1.evaluate(TestRuleMarkFailure.java:44)
	at org.apache.lucene.tests.util.TestRuleIgnoreAfterMaxFailures$1.evaluate(TestRuleIgnoreAfterMaxFailures.java:60)
	at org.apache.lucene.tests.util.TestRuleIgnoreTestSuites$1.evaluate(TestRuleIgnoreTestSuites.java:47)
	at org.junit.rules.RunRules.evaluate(RunRules.java:20)
	at com.carrotsearch.randomizedtesting.rules.StatementAdapter.evaluate(StatementAdapter.java:36)
	at com.carrotsearch.randomizedtesting.ThreadLeakControl$StatementRunner.run(ThreadLeakControl.java:368)
	at java.base/java.lang.Thread.run(Thread.java:1447)
</pre>
</span>
</div>
<div class="test">
<a name="testSkipScriptEncodingOnExtendedFormat"></a>
<h3 class="skipped">testSkipScriptEncodingOnExtendedFormat</h3>
<span class="code">
<pre>This test is only for push down enabled

org.junit.AssumptionViolatedException: This test is only for push down enabled
	at __randomizedtesting.SeedInfo.seed([1DBE20EC18525727:A1BB055CBA893183]:0)
	at org.junit.Assume.assumeTrue(Assume.java:68)
	at org.opensearch.sql.calcite.remote.CalciteExplainIT.testSkipScriptEncodingOnExtendedFormat(CalciteExplainIT.java:184)
	at java.base/jdk.internal.reflect.DirectMethodHandleAccessor.invoke(DirectMethodHandleAccessor.java:104)
	at java.base/java.lang.reflect.Method.invoke(Method.java:565)
	at com.carrotsearch.randomizedtesting.RandomizedRunner.invoke(RandomizedRunner.java:1750)
	at com.carrotsearch.randomizedtesting.RandomizedRunner$8.evaluate(RandomizedRunner.java:938)
	at com.carrotsearch.randomizedtesting.RandomizedRunner$9.evaluate(RandomizedRunner.java:974)
	at com.carrotsearch.randomizedtesting.RandomizedRunner$10.evaluate(RandomizedRunner.java:988)
	at com.carrotsearch.randomizedtesting.rules.StatementAdapter.evaluate(StatementAdapter.java:36)
	at org.junit.rules.RunRules.evaluate(RunRules.java:20)
	at org.apache.lucene.tests.util.TestRuleSetupTeardownChained$1.evaluate(TestRuleSetupTeardownChained.java:48)
	at org.apache.lucene.tests.util.AbstractBeforeAfterRule$1.evaluate(AbstractBeforeAfterRule.java:43)
	at org.apache.lucene.tests.util.TestRuleThreadAndTestName$1.evaluate(TestRuleThreadAndTestName.java:45)
	at org.apache.lucene.tests.util.TestRuleIgnoreAfterMaxFailures$1.evaluate(TestRuleIgnoreAfterMaxFailures.java:60)
	at org.apache.lucene.tests.util.TestRuleMarkFailure$1.evaluate(TestRuleMarkFailure.java:44)
	at org.junit.rules.RunRules.evaluate(RunRules.java:20)
	at com.carrotsearch.randomizedtesting.rules.StatementAdapter.evaluate(StatementAdapter.java:36)
	at com.carrotsearch.randomizedtesting.ThreadLeakControl$StatementRunner.run(ThreadLeakControl.java:368)
	at com.carrotsearch.randomizedtesting.ThreadLeakControl.forkTimeoutingTask(ThreadLeakControl.java:817)
	at com.carrotsearch.randomizedtesting.ThreadLeakControl$3.evaluate(ThreadLeakControl.java:468)
	at com.carrotsearch.randomizedtesting.RandomizedRunner.runSingleTest(RandomizedRunner.java:947)
	at com.carrotsearch.randomizedtesting.RandomizedRunner$5.evaluate(RandomizedRunner.java:832)
	at com.carrotsearch.randomizedtesting.RandomizedRunner$6.evaluate(RandomizedRunner.java:883)
	at com.carrotsearch.randomizedtesting.RandomizedRunner$7.evaluate(RandomizedRunner.java:894)
	at org.apache.lucene.tests.util.AbstractBeforeAfterRule$1.evaluate(AbstractBeforeAfterRule.java:43)
	at com.carrotsearch.randomizedtesting.rules.StatementAdapter.evaluate(StatementAdapter.java:36)
	at org.apache.lucene.tests.util.TestRuleStoreClassName$1.evaluate(TestRuleStoreClassName.java:38)
	at com.carrotsearch.randomizedtesting.rules.NoShadowingOrOverridesOnMethodsRule$1.evaluate(NoShadowingOrOverridesOnMethodsRule.java:40)
	at com.carrotsearch.randomizedtesting.rules.NoShadowingOrOverridesOnMethodsRule$1.evaluate(NoShadowingOrOverridesOnMethodsRule.java:40)
	at com.carrotsearch.randomizedtesting.rules.StatementAdapter.evaluate(StatementAdapter.java:36)
	at com.carrotsearch.randomizedtesting.rules.StatementAdapter.evaluate(StatementAdapter.java:36)
	at org.apache.lucene.tests.util.TestRuleAssertionsRequired$1.evaluate(TestRuleAssertionsRequired.java:53)
	at org.apache.lucene.tests.util.AbstractBeforeAfterRule$1.evaluate(AbstractBeforeAfterRule.java:43)
	at org.apache.lucene.tests.util.TestRuleMarkFailure$1.evaluate(TestRuleMarkFailure.java:44)
	at org.apache.lucene.tests.util.TestRuleIgnoreAfterMaxFailures$1.evaluate(TestRuleIgnoreAfterMaxFailures.java:60)
	at org.apache.lucene.tests.util.TestRuleIgnoreTestSuites$1.evaluate(TestRuleIgnoreTestSuites.java:47)
	at org.junit.rules.RunRules.evaluate(RunRules.java:20)
	at com.carrotsearch.randomizedtesting.rules.StatementAdapter.evaluate(StatementAdapter.java:36)
	at com.carrotsearch.randomizedtesting.ThreadLeakControl$StatementRunner.run(ThreadLeakControl.java:368)
	at java.base/java.lang.Thread.run(Thread.java:1447)
</pre>
</span>
</div>
</div>
<div class="tab">
<h2>Tests</h2>
<table>
<thead>
<tr>
<th>Test</th>
<th>Duration</th>
<th>Result</th>
</tr>
</thead>
<tr>
<td class="success">noPushDownForAggOnWindow</td>
<td class="success">0.056s</td>
<td class="success">passed</td>
</tr>
<tr>
<td class="skipped">noPushDownForAggOnWindow</td>
<td class="skipped">-</td>
<td class="skipped">ignored</td>
</tr>
<tr>
<td class="skipped">supportPartialPushDown</td>
<td class="skipped">-</td>
<td class="skipped">ignored</td>
</tr>
<tr>
<td class="skipped">supportPartialPushDown</td>
<td class="skipped">-</td>
<td class="skipped">ignored</td>
</tr>
<tr>
<td class="skipped">supportPartialPushDownScript</td>
<td class="skipped">-</td>
<td class="skipped">ignored</td>
</tr>
<tr>
<td class="skipped">supportPartialPushDownScript</td>
<td class="skipped">-</td>
<td class="skipped">ignored</td>
</tr>
<tr>
<td class="skipped">supportPartialPushDown_NoPushIfAllFailed</td>
<td class="skipped">-</td>
<td class="skipped">ignored</td>
</tr>
<tr>
<td class="skipped">supportPartialPushDown_NoPushIfAllFailed</td>
<td class="skipped">-</td>
<td class="skipped">ignored</td>
</tr>
<tr>
<td class="success">supportPushDownScriptOnTextField</td>
<td class="success">0.104s</td>
<td class="success">passed</td>
</tr>
<tr>
<td class="skipped">supportPushDownScriptOnTextField</td>
<td class="skipped">-</td>
<td class="skipped">ignored</td>
</tr>
<tr>
<td class="success">supportPushDownSortMergeJoin</td>
<td class="success">0.047s</td>
<td class="success">passed</td>
</tr>
<tr>
<td class="success">supportPushDownSortMergeJoin</td>
<td class="success">0.099s</td>
<td class="success">passed</td>
</tr>
<tr>
<td class="success">supportSearchSargPushDown_multiRange</td>
<td class="success">0.069s</td>
<td class="success">passed</td>
</tr>
<tr>
<td class="success">supportSearchSargPushDown_multiRange</td>
<td class="success">0.042s</td>
<td class="success">passed</td>
</tr>
<tr>
<td class="success">supportSearchSargPushDown_singleRange</td>
<td class="success">0.043s</td>
<td class="success">passed</td>
</tr>
<tr>
<td class="success">supportSearchSargPushDown_singleRange</td>
<td class="success">0.067s</td>
<td class="success">passed</td>
</tr>
<tr>
<td class="success">supportSearchSargPushDown_timeRange</td>
<td class="success">0.065s</td>
<td class="success">passed</td>
</tr>
<tr>
<td class="success">supportSearchSargPushDown_timeRange</td>
<td class="success">0.046s</td>
<td class="success">passed</td>
</tr>
<tr>
<td class="success">testCountAggPushDownExplain</td>
<td class="success">0.048s</td>
<td class="success">passed</td>
</tr>
<tr>
<td class="success">testCountAggPushDownExplain</td>
<td class="success">0.064s</td>
<td class="success">passed</td>
</tr>
<tr>
<td class="success">testDedupKeepEmptyFalsePushdown</td>
<td class="success">0.071s</td>
<td class="success">passed</td>
</tr>
<tr>
<td class="success">testDedupKeepEmptyFalsePushdown</td>
<td class="success">0.046s</td>
<td class="success">passed</td>
</tr>
<tr>
<td class="success">testDedupKeepEmptyTruePushdown</td>
<td class="success">0.046s</td>
<td class="success">passed</td>
</tr>
<tr>
<td class="success">testDedupKeepEmptyTruePushdown</td>
<td class="success">0.092s</td>
<td class="success">passed</td>
</tr>
<tr>
<td class="success">testDedupPushdown</td>
<td class="success">0.088s</td>
<td class="success">passed</td>
</tr>
<tr>
<td class="success">testDedupPushdown</td>
<td class="success">0.065s</td>
<td class="success">passed</td>
</tr>
<tr>
<td class="success">testDifferentFilterScriptPushDownBehaviorExplain</td>
<td class="success">0.089s</td>
<td class="success">passed</td>
</tr>
<tr>
<td class="success">testDifferentFilterScriptPushDownBehaviorExplain</td>
<td class="success">0.043s</td>
<td class="success">passed</td>
</tr>
<tr>
<td class="success">testEventstatsDistinctCountExplain</td>
<td class="success">0.044s</td>
<td class="success">passed</td>
</tr>
<tr>
<td class="skipped">testEventstatsDistinctCountExplain</td>
<td class="skipped">-</td>
<td class="skipped">ignored</td>
</tr>
<tr>
<td class="success">testEventstatsDistinctCountFunctionExplain</td>
<td class="success">0.047s</td>
<td class="success">passed</td>
</tr>
<tr>
<td class="skipped">testEventstatsDistinctCountFunctionExplain</td>
<td class="skipped">-</td>
<td class="skipped">ignored</td>
</tr>
<tr>
<td class="success">testExplain</td>
<td class="success">0.094s</td>
<td class="success">passed</td>
</tr>
<tr>
<td class="success">testExplain</td>
<td class="success">0.156s</td>
<td class="success">passed</td>
</tr>
<tr>
<td class="success">testExplainBinWithAligntime</td>
<td class="success">0.063s</td>
<td class="success">passed</td>
</tr>
<tr>
<td class="success">testExplainBinWithAligntime</td>
<td class="success">0.045s</td>
<td class="success">passed</td>
</tr>
<tr>
<td class="success">testExplainBinWithBins</td>
<td class="success">0.059s</td>
<td class="success">passed</td>
</tr>
<tr>
<td class="success">testExplainBinWithBins</td>
<td class="success">0.080s</td>
<td class="success">passed</td>
</tr>
<tr>
<td class="success">testExplainBinWithMinspan</td>
<td class="success">0.076s</td>
<td class="success">passed</td>
</tr>
<tr>
<td class="success">testExplainBinWithMinspan</td>
<td class="success">0.073s</td>
<td class="success">passed</td>
</tr>
<tr>
<td class="success">testExplainBinWithSpan</td>
<td class="success">0.070s</td>
<td class="success">passed</td>
</tr>
<tr>
<td class="success">testExplainBinWithSpan</td>
<td class="success">0.045s</td>
<td class="success">passed</td>
</tr>
<tr>
<td class="success">testExplainBinWithStartEnd</td>
<td class="success">0.048s</td>
<td class="success">passed</td>
</tr>
<tr>
<td class="success">testExplainBinWithStartEnd</td>
<td class="success">0.079s</td>
<td class="success">passed</td>
</tr>
<tr>
<td class="success">testExplainIsBlank</td>
<td class="success">0.070s</td>
<td class="success">passed</td>
</tr>
<tr>
<td class="success">testExplainIsBlank</td>
<td class="success">0.049s</td>
<td class="success">passed</td>
</tr>
<tr>
<td class="success">testExplainIsEmpty</td>
<td class="success">0.072s</td>
<td class="success">passed</td>
</tr>
<tr>
<td class="success">testExplainIsEmpty</td>
<td class="success">0.048s</td>
<td class="success">passed</td>
</tr>
<tr>
<td class="success">testExplainIsEmptyOrOthers</td>
<td class="success">0.045s</td>
<td class="success">passed</td>
</tr>
<tr>
<td class="success">testExplainIsEmptyOrOthers</td>
<td class="success">0.072s</td>
<td class="success">passed</td>
</tr>
<tr>
<td class="success">testExplainIsNullOrOthers</td>
<td class="success">0.038s</td>
<td class="success">passed</td>
</tr>
<tr>
<td class="success">testExplainIsNullOrOthers</td>
<td class="success">0.061s</td>
<td class="success">passed</td>
</tr>
<tr>
<td class="skipped">testExplainModeUnsupportedInV2</td>
<td class="skipped">-</td>
<td class="skipped">ignored</td>
</tr>
<tr>
<td class="skipped">testExplainModeUnsupportedInV2</td>
<td class="skipped">-</td>
<td class="skipped">ignored</td>
</tr>
<tr>
<td class="success">testExplainOnAggregationWithFunction</td>
<td class="success">0.055s</td>
<td class="success">passed</td>
</tr>
<tr>
<td class="success">testExplainOnAggregationWithFunction</td>
<td class="success">0.085s</td>
<td class="success">passed</td>
</tr>
<tr>
<td class="success">testExplainOnAggregationWithSumEnhancement</td>
<td class="success">0.113s</td>
<td class="success">passed</td>
</tr>
<tr>
<td class="success">testExplainOnAggregationWithSumEnhancement</td>
<td class="success">0.062s</td>
<td class="success">passed</td>
</tr>
<tr>
<td class="success">testExplainOnEarliestLatest</td>
<td class="success">0.044s</td>
<td class="success">passed</td>
</tr>
<tr>
<td class="success">testExplainOnEarliestLatest</td>
<td class="success">0.131s</td>
<td class="success">passed</td>
</tr>
<tr>
<td class="success">testExplainOnEarliestLatestWithCustomTimeField</td>
<td class="success">0.073s</td>
<td class="success">passed</td>
</tr>
<tr>
<td class="success">testExplainOnEarliestLatestWithCustomTimeField</td>
<td class="success">0.048s</td>
<td class="success">passed</td>
</tr>
<tr>
<td class="success">testExplainOnPercentile</td>
<td class="success">0.041s</td>
<td class="success">passed</td>
</tr>
<tr>
<td class="success">testExplainOnPercentile</td>
<td class="success">0.082s</td>
<td class="success">passed</td>
</tr>
<tr>
<td class="success">testExplainOnTake</td>
<td class="success">0.084s</td>
<td class="success">passed</td>
</tr>
<tr>
<td class="success">testExplainOnTake</td>
<td class="success">0.046s</td>
<td class="success">passed</td>
</tr>
<tr>
<td class="success">testExplainRegexMatchInEvalWithOutScriptPushdown</td>
<td class="success">0.040s</td>
<td class="success">passed</td>
</tr>
<tr>
<td class="skipped">testExplainRegexMatchInEvalWithOutScriptPushdown</td>
<td class="skipped">-</td>
<td class="skipped">ignored</td>
</tr>
<tr>
<td class="success">testExplainRegexMatchInWhereWithScriptPushdown</td>
<td class="success">0.039s</td>
<td class="success">passed</td>
</tr>
<tr>
<td class="skipped">testExplainRegexMatchInWhereWithScriptPushdown</td>
<td class="skipped">-</td>
<td class="skipped">ignored</td>
</tr>
<tr>
<td class="success">testExplainWithReverse</td>
<td class="success">0.073s</td>
<td class="success">passed</td>
</tr>
<tr>
<td class="success">testExplainWithReverse</td>
<td class="success">0.049s</td>
<td class="success">passed</td>
</tr>
<tr>
<td class="success">testFillNullPushDownExplain</td>
<td class="success">0.041s</td>
<td class="success">passed</td>
</tr>
<tr>
<td class="success">testFillNullPushDownExplain</td>
<td class="success">0.081s</td>
<td class="success">passed</td>
</tr>
<tr>
<td class="success">testFilterAndAggPushDownExplain</td>
<td class="success">0.052s</td>
<td class="success">passed</td>
</tr>
<tr>
<td class="success">testFilterAndAggPushDownExplain</td>
<td class="success">0.104s</td>
<td class="success">passed</td>
</tr>
<tr>
<td class="success">testFilterByCompareIPCoercion</td>
<td class="success">0.875s</td>
<td class="success">passed</td>
</tr>
<tr>
<td class="success">testFilterByCompareIPCoercion</td>
<td class="success">0.583s</td>
<td class="success">passed</td>
</tr>
<tr>
<td class="success">testFilterByCompareIpv6Swapped</td>
<td class="success">0.055s</td>
<td class="success">passed</td>
</tr>
<tr>
<td class="success">testFilterByCompareIpv6Swapped</td>
<td class="success">0.090s</td>
<td class="success">passed</td>
</tr>
<tr>
<td class="success">testFilterByCompareStringDatePushDownExplain</td>
<td class="success">0.061s</td>
<td class="success">passed</td>
</tr>
<tr>
<td class="success">testFilterByCompareStringDatePushDownExplain</td>
<td class="success">0.087s</td>
<td class="success">passed</td>
</tr>
<tr>
<td class="success">testFilterByCompareStringTimePushDownExplain</td>
<td class="success">0.071s</td>
<td class="success">passed</td>
</tr>
<tr>
<td class="success">testFilterByCompareStringTimePushDownExplain</td>
<td class="success">0.063s</td>
<td class="success">passed</td>
</tr>
<tr>
<td class="success">testFilterByCompareStringTimestampPushDownExplain</td>
<td class="success">0.045s</td>
<td class="success">passed</td>
</tr>
<tr>
<td class="success">testFilterByCompareStringTimestampPushDownExplain</td>
<td class="success">0.073s</td>
<td class="success">passed</td>
</tr>
<tr>
<td class="success">testFilterFunctionScriptPushDownExplain</td>
<td class="success">0.072s</td>
<td class="success">passed</td>
</tr>
<tr>
<td class="success">testFilterFunctionScriptPushDownExplain</td>
<td class="success">0.049s</td>
<td class="success">passed</td>
</tr>
<tr>
<td class="success">testFilterPushDownExplain</td>
<td class="success">0.050s</td>
<td class="success">passed</td>
</tr>
<tr>
<td class="success">testFilterPushDownExplain</td>
<td class="success">0.082s</td>
<td class="success">passed</td>
</tr>
<tr>
<td class="success">testFilterScriptPushDownExplain</td>
<td class="success">0.069s</td>
<td class="success">passed</td>
</tr>
<tr>
<td class="success">testFilterScriptPushDownExplain</td>
<td class="success">0.045s</td>
<td class="success">passed</td>
</tr>
<tr>
<td class="success">testKeywordLikeFunctionExplain</td>
<td class="success">0.065s</td>
<td class="success">passed</td>
</tr>
<tr>
<td class="success">testKeywordLikeFunctionExplain</td>
<td class="success">0.040s</td>
<td class="success">passed</td>
</tr>
<tr>
<td class="success">testLimitPushDownExplain</td>
<td class="success">0.062s</td>
<td class="success">passed</td>
</tr>
<tr>
<td class="success">testLimitPushDownExplain</td>
<td class="success">0.044s</td>
<td class="success">passed</td>
</tr>
<tr>
<td class="success">testLimitThenSortExplain</td>
<td class="success">0.060s</td>
<td class="success">passed</td>
</tr>
<tr>
<td class="success">testLimitThenSortExplain</td>
<td class="success">0.041s</td>
<td class="success">passed</td>
</tr>
<tr>
<td class="success">testLimitWithFilterPushdownExplain</td>
<td class="success">0.078s</td>
<td class="success">passed</td>
</tr>
<tr>
<td class="success">testLimitWithFilterPushdownExplain</td>
<td class="success">0.057s</td>
<td class="success">passed</td>
</tr>
<tr>
<td class="success">testLimitWithMultipleOffsetPushdownExplain</td>
<td class="success">0.053s</td>
<td class="success">passed</td>
</tr>
<tr>
<td class="success">testLimitWithMultipleOffsetPushdownExplain</td>
<td class="success">0.036s</td>
<td class="success">passed</td>
</tr>
<tr>
<td class="success">testMultiFieldsRelevanceQueryFunctionExplain</td>
<td class="success">0.048s</td>
<td class="success">passed</td>
</tr>
<tr>
<td class="success">testMultiFieldsRelevanceQueryFunctionExplain</td>
<td class="success">0.045s</td>
<td class="success">passed</td>
</tr>
<tr>
<td class="success">testMultiSortPushDownExplain</td>
<td class="success">0.050s</td>
<td class="success">passed</td>
</tr>
<tr>
<td class="success">testMultiSortPushDownExplain</td>
<td class="success">0.067s</td>
<td class="success">passed</td>
</tr>
<tr>
<td class="success">testMultipleLimitExplain</td>
<td class="success">0.064s</td>
<td class="success">passed</td>
</tr>
<tr>
<td class="success">testMultipleLimitExplain</td>
<td class="success">0.120s</td>
<td class="success">passed</td>
</tr>
<tr>
<td class="success">testPartialPushdownFilterWithIsNull</td>
<td class="success">0.047s</td>
<td class="success">passed</td>
</tr>
<tr>
<td class="success">testPartialPushdownFilterWithIsNull</td>
<td class="success">0.071s</td>
<td class="success">passed</td>
</tr>
<tr>
<td class="success">testPatternsBrainMethodWithAggPushDownExplain</td>
<td class="success">0.054s</td>
<td class="success">passed</td>
</tr>
<tr>
<td class="success">testPatternsBrainMethodWithAggPushDownExplain</td>
<td class="success">0.086s</td>
<td class="success">passed</td>
</tr>
<tr>
<td class="success">testPatternsSimplePatternMethodWithAggPushDownExplain</td>
<td class="success">0.076s</td>
<td class="success">passed</td>
</tr>
<tr>
<td class="success">testPatternsSimplePatternMethodWithAggPushDownExplain</td>
<td class="success">0.047s</td>
<td class="success">passed</td>
</tr>
<tr>
<td class="success">testPatternsSimplePatternMethodWithoutAggExplain</td>
<td class="success">0.043s</td>
<td class="success">passed</td>
</tr>
<tr>
<td class="success">testPatternsSimplePatternMethodWithoutAggExplain</td>
<td class="success">0.076s</td>
<td class="success">passed</td>
</tr>
<tr>
<td class="success">testSingleFieldRelevanceQueryFunctionExplain</td>
<td class="success">0.043s</td>
<td class="success">passed</td>
</tr>
<tr>
<td class="success">testSingleFieldRelevanceQueryFunctionExplain</td>
<td class="success">0.052s</td>
<td class="success">passed</td>
</tr>
<tr>
<td class="skipped">testSkipScriptEncodingOnExtendedFormat</td>
<td class="skipped">-</td>
<td class="skipped">ignored</td>
</tr>
<tr>
<td class="success">testSkipScriptEncodingOnExtendedFormat</td>
<td class="success">0.038s</td>
<td class="success">passed</td>
</tr>
<tr>
<td class="success">testSortPushDownExplain</td>
<td class="success">0.044s</td>
<td class="success">passed</td>
</tr>
<tr>
<td class="success">testSortPushDownExplain</td>
<td class="success">0.065s</td>
<td class="success">passed</td>
</tr>
<tr>
<td class="success">testSortThenAggregatePushDownExplain</td>
<td class="success">0.051s</td>
<td class="success">passed</td>
</tr>
<tr>
<td class="success">testSortThenAggregatePushDownExplain</td>
<td class="success">0.084s</td>
<td class="success">passed</td>
</tr>
<tr>
<td class="success">testSortThenLimitExplain</td>
<td class="success">0.095s</td>
<td class="success">passed</td>
</tr>
<tr>
<td class="success">testSortThenLimitExplain</td>
<td class="success">0.043s</td>
<td class="success">passed</td>
</tr>
<tr>
<td class="success">testSortWithAggregationExplain</td>
<td class="success">0.054s</td>
<td class="success">passed</td>
</tr>
<tr>
<td class="success">testSortWithAggregationExplain</td>
<td class="success">0.075s</td>
<td class="success">passed</td>
</tr>
<tr>
<td class="success">testSortWithCountPushDownExplain</td>
<td class="success">0.039s</td>
<td class="success">passed</td>
</tr>
<tr>
<td class="success">testSortWithCountPushDownExplain</td>
<td class="success">0.063s</td>
<td class="success">passed</td>
</tr>
<tr>
<td class="success">testSortWithDescPushDownExplain</td>
<td class="success">0.047s</td>
<td class="success">passed</td>
</tr>
<tr>
<td class="success">testSortWithDescPushDownExplain</td>
<td class="success">0.064s</td>
<td class="success">passed</td>
</tr>
<tr>
<td class="success">testSortWithRenameExplain</td>
<td class="success">0.063s</td>
<td class="success">passed</td>
</tr>
<tr>
<td class="success">testSortWithRenameExplain</td>
<td class="success">0.045s</td>
<td class="success">passed</td>
</tr>
<tr>
<td class="success">testSortWithTypePushDownExplain</td>
<td class="success">0.059s</td>
<td class="success">passed</td>
</tr>
<tr>
<td class="success">testSortWithTypePushDownExplain</td>
<td class="success">0.078s</td>
<td class="success">passed</td>
</tr>
<tr>
<td class="success">testStatsBySpan</td>
<td class="success">0.080s</td>
<td class="success">passed</td>
</tr>
<tr>
<td class="success">testStatsBySpan</td>
<td class="success">0.043s</td>
<td class="success">passed</td>
</tr>
<tr>
<td class="success">testStatsByTimeSpan</td>
<td class="success">0.109s</td>
<td class="success">passed</td>
</tr>
<tr>
<td class="success">testStatsByTimeSpan</td>
<td class="success">0.058s</td>
<td class="success">passed</td>
</tr>
<tr>
<td class="success">testTextLikeFunctionExplain</td>
<td class="success">0.046s</td>
<td class="success">passed</td>
</tr>
<tr>
<td class="success">testTextLikeFunctionExplain</td>
<td class="success">0.062s</td>
<td class="success">passed</td>
</tr>
<tr>
<td class="success">testTrendlinePushDownExplain</td>
<td class="success">0.065s</td>
<td class="success">passed</td>
</tr>
<tr>
<td class="success">testTrendlinePushDownExplain</td>
<td class="success">0.048s</td>
<td class="success">passed</td>
</tr>
<tr>
<td class="success">testTrendlineWithSortPushDownExplain</td>
<td class="success">0.105s</td>
<td class="success">passed</td>
</tr>
<tr>
<td class="success">testTrendlineWithSortPushDownExplain</td>
<td class="success">0.052s</td>
<td class="success">passed</td>
</tr>
<tr>
<td class="success">testWeekArgumentCoercion</td>
<td class="success">0.053s</td>
<td class="success">passed</td>
</tr>
<tr>
<td class="success">testWeekArgumentCoercion</td>
<td class="success">0.059s</td>
<td class="success">passed</td>
</tr>
</table>
</div>
<div class="tab">
<h2>Standard output</h2>
<span class="code">
<pre>[2025-08-30T23:23:30,693][INFO ][o.o.s.c.r.CalciteExplainIT] [testFilterByCompareIPCoercion] before test
[2025-08-30T23:23:30,697][INFO ][o.o.s.c.r.CalciteExplainIT] [testFilterByCompareIPCoercion] initializing REST clients against [http://[::1]:43357, http://127.0.0.1:43599]
[2025-08-30T23:23:30,733][INFO ][o.o.s.p.PPLIntegTestCase ] [testFilterByCompareIPCoercion] Updating plugins.calcite.pushdown.enabled to false
[2025-08-30T23:23:31,567][INFO ][o.o.s.c.r.CalciteExplainIT] [testFilterByCompareIPCoercion] after test
[2025-08-30T23:23:31,569][INFO ][o.o.s.c.r.CalciteExplainIT] [testCountAggPushDownExplain] before test
[2025-08-30T23:23:31,631][INFO ][o.o.s.c.r.CalciteExplainIT] [testCountAggPushDownExplain] after test
[2025-08-30T23:23:31,634][INFO ][o.o.s.c.r.CalciteExplainIT] [testExplainOnAggregationWithSumEnhancement] before test
[2025-08-30T23:23:31,743][INFO ][o.o.s.c.r.CalciteExplainIT] [testExplainOnAggregationWithSumEnhancement] after test
[2025-08-30T23:23:31,746][INFO ][o.o.s.c.r.CalciteExplainIT] [testFilterScriptPushDownExplain] before test
[2025-08-30T23:23:31,813][INFO ][o.o.s.c.r.CalciteExplainIT] [testFilterScriptPushDownExplain] after test
[2025-08-30T23:23:31,815][INFO ][o.o.s.c.r.CalciteExplainIT] [testStatsByTimeSpan] before test
[2025-08-30T23:23:31,922][INFO ][o.o.s.c.r.CalciteExplainIT] [testStatsByTimeSpan] after test
[2025-08-30T23:23:31,924][INFO ][o.o.s.c.r.CalciteExplainIT] [testExplainWithReverse] before test
[2025-08-30T23:23:31,995][INFO ][o.o.s.c.r.CalciteExplainIT] [testExplainWithReverse] after test
[2025-08-30T23:23:31,998][INFO ][o.o.s.c.r.CalciteExplainIT] [testFillNullPushDownExplain] before test
[2025-08-30T23:23:32,076][INFO ][o.o.s.c.r.CalciteExplainIT] [testFillNullPushDownExplain] after test
[2025-08-30T23:23:32,078][INFO ][o.o.s.c.r.CalciteExplainIT] [testFilterFunctionScriptPushDownExplain] before test
[2025-08-30T23:23:32,148][INFO ][o.o.s.c.r.CalciteExplainIT] [testFilterFunctionScriptPushDownExplain] after test
[2025-08-30T23:23:32,150][INFO ][o.o.s.c.r.CalciteExplainIT] [testTextLikeFunctionExplain] before test
[2025-08-30T23:23:32,211][INFO ][o.o.s.c.r.CalciteExplainIT] [testTextLikeFunctionExplain] after test
[2025-08-30T23:23:32,213][INFO ][o.o.s.c.r.CalciteExplainIT] [testSortPushDownExplain] before test
[2025-08-30T23:23:32,276][INFO ][o.o.s.c.r.CalciteExplainIT] [testSortPushDownExplain] after test
[2025-08-30T23:23:32,278][INFO ][o.o.s.c.r.CalciteExplainIT] [testDedupKeepEmptyFalsePushdown] before test
[2025-08-30T23:23:32,346][INFO ][o.o.s.c.r.CalciteExplainIT] [testDedupKeepEmptyFalsePushdown] after test
[2025-08-30T23:23:32,348][INFO ][o.o.s.c.r.CalciteExplainIT] [supportSearchSargPushDown_singleRange] before test
[2025-08-30T23:23:32,413][INFO ][o.o.s.c.r.CalciteExplainIT] [supportSearchSargPushDown_singleRange] after test
[2025-08-30T23:23:32,415][INFO ][o.o.s.c.r.CalciteExplainIT] [testExplainIsEmpty] before test
[2025-08-30T23:23:32,485][INFO ][o.o.s.c.r.CalciteExplainIT] [testExplainIsEmpty] after test
[2025-08-30T23:23:32,488][INFO ][o.o.s.c.r.CalciteExplainIT] [testSortWithTypePushDownExplain] before test
[2025-08-30T23:23:32,564][INFO ][o.o.s.c.r.CalciteExplainIT] [testSortWithTypePushDownExplain] after test
[2025-08-30T23:23:32,567][INFO ][o.o.s.c.r.CalciteExplainIT] [testFilterByCompareStringDatePushDownExplain] before test
[2025-08-30T23:23:32,651][INFO ][o.o.s.c.r.CalciteExplainIT] [testFilterByCompareStringDatePushDownExplain] after test
[2025-08-30T23:23:32,653][INFO ][o.o.s.c.r.CalciteExplainIT] [testExplainOnAggregationWithFunction] before test
[2025-08-30T23:23:32,736][INFO ][o.o.s.c.r.CalciteExplainIT] [testExplainOnAggregationWithFunction] after test
[2025-08-30T23:23:32,738][INFO ][o.o.s.c.r.CalciteExplainIT] [testMultipleLimitExplain] before test
[2025-08-30T23:23:32,855][INFO ][o.o.s.c.r.CalciteExplainIT] [testMultipleLimitExplain] after test
[2025-08-30T23:23:32,858][INFO ][o.o.s.c.r.CalciteExplainIT] [supportSearchSargPushDown_multiRange] before test
[2025-08-30T23:23:32,925][INFO ][o.o.s.c.r.CalciteExplainIT] [supportSearchSargPushDown_multiRange] after test
[2025-08-30T23:23:32,927][INFO ][o.o.s.c.r.CalciteExplainIT] [testExplainIsEmptyOrOthers] before test
[2025-08-30T23:23:32,997][INFO ][o.o.s.c.r.CalciteExplainIT] [testExplainIsEmptyOrOthers] after test
[2025-08-30T23:23:33,000][INFO ][o.o.s.c.r.CalciteExplainIT] [testEventstatsDistinctCountExplain] before test
[2025-08-30T23:23:33,047][INFO ][o.o.s.c.r.CalciteExplainIT] [testEventstatsDistinctCountExplain] after test
[2025-08-30T23:23:33,056][INFO ][o.o.s.c.r.CalciteExplainIT] [testSortThenLimitExplain] before test
[2025-08-30T23:23:33,148][INFO ][o.o.s.c.r.CalciteExplainIT] [testSortThenLimitExplain] after test
[2025-08-30T23:23:33,150][INFO ][o.o.s.c.r.CalciteExplainIT] [testExplainBinWithMinspan] before test
[2025-08-30T23:23:33,221][INFO ][o.o.s.c.r.CalciteExplainIT] [testExplainBinWithMinspan] after test
[2025-08-30T23:23:33,223][INFO ][o.o.s.c.r.CalciteExplainIT] [testDedupPushdown] before test
[2025-08-30T23:23:33,308][INFO ][o.o.s.c.r.CalciteExplainIT] [testDedupPushdown] after test
[2025-08-30T23:23:33,311][INFO ][o.o.s.c.r.CalciteExplainIT] [testExplainBinWithBins] before test
[2025-08-30T23:23:33,388][INFO ][o.o.s.c.r.CalciteExplainIT] [testExplainBinWithBins] after test
[2025-08-30T23:23:33,391][INFO ][o.o.s.c.r.CalciteExplainIT] [supportPushDownScriptOnTextField] before test
[2025-08-30T23:23:33,434][INFO ][o.o.s.c.r.CalciteExplainIT] [supportPushDownScriptOnTextField] after test
[2025-08-30T23:23:33,437][INFO ][o.o.s.c.r.CalciteExplainIT] [testExplainBinWithSpan] before test
[2025-08-30T23:23:33,505][INFO ][o.o.s.c.r.CalciteExplainIT] [testExplainBinWithSpan] after test
[2025-08-30T23:23:33,507][INFO ][o.o.s.c.r.CalciteExplainIT] [testTrendlineWithSortPushDownExplain] before test
[2025-08-30T23:23:33,610][INFO ][o.o.s.c.r.CalciteExplainIT] [testTrendlineWithSortPushDownExplain] after test
[2025-08-30T23:23:33,612][INFO ][o.o.s.c.r.CalciteExplainIT] [testSortWithDescPushDownExplain] before test
[2025-08-30T23:23:33,674][INFO ][o.o.s.c.r.CalciteExplainIT] [testSortWithDescPushDownExplain] after test
[2025-08-30T23:23:33,676][INFO ][o.o.s.c.r.CalciteExplainIT] [testDifferentFilterScriptPushDownBehaviorExplain] before test
[2025-08-30T23:23:33,762][INFO ][o.o.s.c.r.CalciteExplainIT] [testDifferentFilterScriptPushDownBehaviorExplain] after test
[2025-08-30T23:23:33,765][INFO ][o.o.s.c.r.CalciteExplainIT] [testExplainOnTake] before test
[2025-08-30T23:23:33,847][INFO ][o.o.s.c.r.CalciteExplainIT] [testExplainOnTake] after test
[2025-08-30T23:23:33,850][INFO ][o.o.s.c.r.CalciteExplainIT] [testExplainBinWithStartEnd] before test
[2025-08-30T23:23:33,926][INFO ][o.o.s.c.r.CalciteExplainIT] [testExplainBinWithStartEnd] after test
[2025-08-30T23:23:33,928][INFO ][o.o.s.c.r.CalciteExplainIT] [testSortThenAggregatePushDownExplain] before test
[2025-08-30T23:23:34,011][INFO ][o.o.s.c.r.CalciteExplainIT] [testSortThenAggregatePushDownExplain] after test
[2025-08-30T23:23:34,013][INFO ][o.o.s.c.r.CalciteExplainIT] [testFilterAndAggPushDownExplain] before test
[2025-08-30T23:23:34,114][INFO ][o.o.s.c.r.CalciteExplainIT] [testFilterAndAggPushDownExplain] after test
[2025-08-30T23:23:34,117][INFO ][o.o.s.c.r.CalciteExplainIT] [testPartialPushdownFilterWithIsNull] before test
[2025-08-30T23:23:34,186][INFO ][o.o.s.c.r.CalciteExplainIT] [testPartialPushdownFilterWithIsNull] after test
[2025-08-30T23:23:34,188][INFO ][o.o.s.c.r.CalciteExplainIT] [testMultiFieldsRelevanceQueryFunctionExplain] before test
[2025-08-30T23:23:34,231][INFO ][o.o.s.c.r.CalciteExplainIT] [testMultiFieldsRelevanceQueryFunctionExplain] after test
[2025-08-30T23:23:34,233][INFO ][o.o.s.c.r.CalciteExplainIT] [testSortWithRenameExplain] before test
[2025-08-30T23:23:34,294][INFO ][o.o.s.c.r.CalciteExplainIT] [testSortWithRenameExplain] after test
[2025-08-30T23:23:34,296][INFO ][o.o.s.c.r.CalciteExplainIT] [testFilterByCompareIpv6Swapped] before test
[2025-08-30T23:23:34,383][INFO ][o.o.s.c.r.CalciteExplainIT] [testFilterByCompareIpv6Swapped] after test
[2025-08-30T23:23:34,385][INFO ][o.o.s.c.r.CalciteExplainIT] [testLimitThenSortExplain] before test
[2025-08-30T23:23:34,444][INFO ][o.o.s.c.r.CalciteExplainIT] [testLimitThenSortExplain] after test
[2025-08-30T23:23:34,446][INFO ][o.o.s.c.r.CalciteExplainIT] [testExplainRegexMatchInWhereWithScriptPushdown] before test
[2025-08-30T23:23:34,493][INFO ][o.o.s.c.r.CalciteExplainIT] [testExplainRegexMatchInWhereWithScriptPushdown] after test
[2025-08-30T23:23:34,495][INFO ][o.o.s.c.r.CalciteExplainIT] [testFilterByCompareStringTimestampPushDownExplain] before test
[2025-08-30T23:23:34,566][INFO ][o.o.s.c.r.CalciteExplainIT] [testFilterByCompareStringTimestampPushDownExplain] after test
[2025-08-30T23:23:34,568][INFO ][o.o.s.c.r.CalciteExplainIT] [testExplainIsNullOrOthers] before test
[2025-08-30T23:23:34,627][INFO ][o.o.s.c.r.CalciteExplainIT] [testExplainIsNullOrOthers] after test
[2025-08-30T23:23:34,629][INFO ][o.o.s.c.r.CalciteExplainIT] [testTrendlinePushDownExplain] before test
[2025-08-30T23:23:34,692][INFO ][o.o.s.c.r.CalciteExplainIT] [testTrendlinePushDownExplain] after test
[2025-08-30T23:23:34,694][INFO ][o.o.s.c.r.CalciteExplainIT] [supportSearchSargPushDown_timeRange] before test
[2025-08-30T23:23:34,758][INFO ][o.o.s.c.r.CalciteExplainIT] [supportSearchSargPushDown_timeRange] after test
[2025-08-30T23:23:34,760][INFO ][o.o.s.c.r.CalciteExplainIT] [testDedupKeepEmptyTruePushdown] before test
[2025-08-30T23:23:34,850][INFO ][o.o.s.c.r.CalciteExplainIT] [testDedupKeepEmptyTruePushdown] after test
[2025-08-30T23:23:34,853][INFO ][o.o.s.c.r.CalciteExplainIT] [noPushDownForAggOnWindow] before test
[2025-08-30T23:23:34,922][INFO ][o.o.s.c.r.CalciteExplainIT] [noPushDownForAggOnWindow] after test
[2025-08-30T23:23:34,925][INFO ][o.o.s.c.r.CalciteExplainIT] [testExplainOnEarliestLatest] before test
[2025-08-30T23:23:35,054][INFO ][o.o.s.c.r.CalciteExplainIT] [testExplainOnEarliestLatest] after test
[2025-08-30T23:23:35,060][INFO ][o.o.s.c.r.CalciteExplainIT] [testStatsBySpan] before test
[2025-08-30T23:23:35,135][INFO ][o.o.s.c.r.CalciteExplainIT] [testStatsBySpan] after test
[2025-08-30T23:23:35,137][INFO ][o.o.s.c.r.CalciteExplainIT] [testSkipScriptEncodingOnExtendedFormat] before test
[2025-08-30T23:23:35,180][INFO ][o.o.s.c.r.CalciteExplainIT] [testSkipScriptEncodingOnExtendedFormat] after test
[2025-08-30T23:23:35,183][INFO ][o.o.s.c.r.CalciteExplainIT] [testMultiSortPushDownExplain] before test
[2025-08-30T23:23:35,248][INFO ][o.o.s.c.r.CalciteExplainIT] [testMultiSortPushDownExplain] after test
[2025-08-30T23:23:35,249][INFO ][o.o.s.c.r.CalciteExplainIT] [testSortWithCountPushDownExplain] before test
[2025-08-30T23:23:35,310][INFO ][o.o.s.c.r.CalciteExplainIT] [testSortWithCountPushDownExplain] after test
[2025-08-30T23:23:35,313][INFO ][o.o.s.c.r.CalciteExplainIT] [testPatternsSimplePatternMethodWithoutAggExplain] before test
[2025-08-30T23:23:35,387][INFO ][o.o.s.c.r.CalciteExplainIT] [testPatternsSimplePatternMethodWithoutAggExplain] after test
[2025-08-30T23:23:35,389][INFO ][o.o.s.c.r.CalciteExplainIT] [testExplainOnPercentile] before test
[2025-08-30T23:23:35,468][INFO ][o.o.s.c.r.CalciteExplainIT] [testExplainOnPercentile] after test
[2025-08-30T23:23:35,471][INFO ][o.o.s.c.r.CalciteExplainIT] [testFilterByCompareStringTimePushDownExplain] before test
[2025-08-30T23:23:35,539][INFO ][o.o.s.c.r.CalciteExplainIT] [testFilterByCompareStringTimePushDownExplain] after test
[2025-08-30T23:23:35,541][INFO ][o.o.s.c.r.CalciteExplainIT] [testExplainRegexMatchInEvalWithOutScriptPushdown] before test
[2025-08-30T23:23:35,586][INFO ][o.o.s.c.r.CalciteExplainIT] [testExplainRegexMatchInEvalWithOutScriptPushdown] after test
[2025-08-30T23:23:35,589][INFO ][o.o.s.c.r.CalciteExplainIT] [testSingleFieldRelevanceQueryFunctionExplain] before test
[2025-08-30T23:23:35,639][INFO ][o.o.s.c.r.CalciteExplainIT] [testSingleFieldRelevanceQueryFunctionExplain] after test
[2025-08-30T23:23:35,641][INFO ][o.o.s.c.r.CalciteExplainIT] [testLimitWithFilterPushdownExplain] before test
[2025-08-30T23:23:35,717][INFO ][o.o.s.c.r.CalciteExplainIT] [testLimitWithFilterPushdownExplain] after test
[2025-08-30T23:23:35,719][INFO ][o.o.s.c.r.CalciteExplainIT] [testSortWithAggregationExplain] before test
[2025-08-30T23:23:35,793][INFO ][o.o.s.c.r.CalciteExplainIT] [testSortWithAggregationExplain] after test
[2025-08-30T23:23:35,795][INFO ][o.o.s.c.r.CalciteExplainIT] [testExplainIsBlank] before test
[2025-08-30T23:23:35,863][INFO ][o.o.s.c.r.CalciteExplainIT] [testExplainIsBlank] after test
[2025-08-30T23:23:35,865][INFO ][o.o.s.c.r.CalciteExplainIT] [testExplain] before test
[2025-08-30T23:23:36,018][INFO ][o.o.s.c.r.CalciteExplainIT] [testExplain] after test
[2025-08-30T23:23:36,021][INFO ][o.o.s.c.r.CalciteExplainIT] [supportPushDownSortMergeJoin] before test
[2025-08-30T23:23:36,118][INFO ][o.o.s.c.r.CalciteExplainIT] [supportPushDownSortMergeJoin] after test
[2025-08-30T23:23:36,120][INFO ][o.o.s.c.r.CalciteExplainIT] [testWeekArgumentCoercion] before test
[2025-08-30T23:23:36,177][INFO ][o.o.s.c.r.CalciteExplainIT] [testWeekArgumentCoercion] after test
[2025-08-30T23:23:36,179][INFO ][o.o.s.c.r.CalciteExplainIT] [testEventstatsDistinctCountFunctionExplain] before test
[2025-08-30T23:23:36,227][INFO ][o.o.s.c.r.CalciteExplainIT] [testEventstatsDistinctCountFunctionExplain] after test
[2025-08-30T23:23:36,230][INFO ][o.o.s.c.r.CalciteExplainIT] [testFilterPushDownExplain] before test
[2025-08-30T23:23:36,310][INFO ][o.o.s.c.r.CalciteExplainIT] [testFilterPushDownExplain] after test
[2025-08-30T23:23:36,312][INFO ][o.o.s.c.r.CalciteExplainIT] [testLimitPushDownExplain] before test
[2025-08-30T23:23:36,372][INFO ][o.o.s.c.r.CalciteExplainIT] [testLimitPushDownExplain] after test
[2025-08-30T23:23:36,374][INFO ][o.o.s.c.r.CalciteExplainIT] [testPatternsBrainMethodWithAggPushDownExplain] before test
[2025-08-30T23:23:36,458][INFO ][o.o.s.c.r.CalciteExplainIT] [testPatternsBrainMethodWithAggPushDownExplain] after test
[2025-08-30T23:23:36,461][INFO ][o.o.s.c.r.CalciteExplainIT] [testExplainOnEarliestLatestWithCustomTimeField] before test
[2025-08-30T23:23:36,532][INFO ][o.o.s.c.r.CalciteExplainIT] [testExplainOnEarliestLatestWithCustomTimeField] after test
[2025-08-30T23:23:36,534][INFO ][o.o.s.c.r.CalciteExplainIT] [testExplainBinWithAligntime] before test
[2025-08-30T23:23:36,595][INFO ][o.o.s.c.r.CalciteExplainIT] [testExplainBinWithAligntime] after test
[2025-08-30T23:23:36,597][INFO ][o.o.s.c.r.CalciteExplainIT] [testPatternsSimplePatternMethodWithAggPushDownExplain] before test
[2025-08-30T23:23:36,671][INFO ][o.o.s.c.r.CalciteExplainIT] [testPatternsSimplePatternMethodWithAggPushDownExplain] after test
[2025-08-30T23:23:36,673][INFO ][o.o.s.c.r.CalciteExplainIT] [testLimitWithMultipleOffsetPushdownExplain] before test
[2025-08-30T23:23:36,724][INFO ][o.o.s.c.r.CalciteExplainIT] [testLimitWithMultipleOffsetPushdownExplain] after test
[2025-08-30T23:23:36,726][INFO ][o.o.s.c.r.CalciteExplainIT] [testKeywordLikeFunctionExplain] before test
[2025-08-30T23:23:36,789][INFO ][o.o.s.c.r.CalciteExplainIT] [testKeywordLikeFunctionExplain] after test
[2025-08-30T23:26:09,942][INFO ][o.o.s.c.r.CalciteExplainIT] [testFilterByCompareIPCoercion] before test
[2025-08-30T23:26:09,942][INFO ][o.o.s.c.r.CalciteExplainIT] [testFilterByCompareIPCoercion] initializing REST clients against [http://[::1]:43357, http://127.0.0.1:43599]
[2025-08-30T23:26:10,524][INFO ][o.o.s.c.r.CalciteExplainIT] [testFilterByCompareIPCoercion] after test
[2025-08-30T23:26:10,525][INFO ][o.o.s.c.r.CalciteExplainIT] [testCountAggPushDownExplain] before test
[2025-08-30T23:26:10,572][INFO ][o.o.s.c.r.CalciteExplainIT] [testCountAggPushDownExplain] after test
[2025-08-30T23:26:10,574][INFO ][o.o.s.c.r.CalciteExplainIT] [testExplainOnAggregationWithSumEnhancement] before test
[2025-08-30T23:26:10,634][INFO ][o.o.s.c.r.CalciteExplainIT] [testExplainOnAggregationWithSumEnhancement] after test
[2025-08-30T23:26:10,636][INFO ][o.o.s.c.r.CalciteExplainIT] [testFilterScriptPushDownExplain] before test
[2025-08-30T23:26:10,679][INFO ][o.o.s.c.r.CalciteExplainIT] [testFilterScriptPushDownExplain] after test
[2025-08-30T23:26:10,681][INFO ][o.o.s.c.r.CalciteExplainIT] [testStatsByTimeSpan] before test
[2025-08-30T23:26:10,738][INFO ][o.o.s.c.r.CalciteExplainIT] [testStatsByTimeSpan] after test
[2025-08-30T23:26:10,740][INFO ][o.o.s.c.r.CalciteExplainIT] [testExplainWithReverse] before test
[2025-08-30T23:26:10,788][INFO ][o.o.s.c.r.CalciteExplainIT] [testExplainWithReverse] after test
[2025-08-30T23:26:10,790][INFO ][o.o.s.c.r.CalciteExplainIT] [testFillNullPushDownExplain] before test
[2025-08-30T23:26:10,830][INFO ][o.o.s.c.r.CalciteExplainIT] [testFillNullPushDownExplain] after test
[2025-08-30T23:26:10,831][INFO ][o.o.s.c.r.CalciteExplainIT] [testFilterFunctionScriptPushDownExplain] before test
[2025-08-30T23:26:10,878][INFO ][o.o.s.c.r.CalciteExplainIT] [testFilterFunctionScriptPushDownExplain] after test
[2025-08-30T23:26:10,880][INFO ][o.o.s.c.r.CalciteExplainIT] [testTextLikeFunctionExplain] before test
[2025-08-30T23:26:10,924][INFO ][o.o.s.c.r.CalciteExplainIT] [testTextLikeFunctionExplain] after test
[2025-08-30T23:26:10,926][INFO ][o.o.s.c.r.CalciteExplainIT] [testSortPushDownExplain] before test
[2025-08-30T23:26:10,969][INFO ][o.o.s.c.r.CalciteExplainIT] [testSortPushDownExplain] after test
[2025-08-30T23:26:10,970][INFO ][o.o.s.c.r.CalciteExplainIT] [testDedupKeepEmptyFalsePushdown] before test
[2025-08-30T23:26:11,014][INFO ][o.o.s.c.r.CalciteExplainIT] [testDedupKeepEmptyFalsePushdown] after test
[2025-08-30T23:26:11,016][INFO ][o.o.s.c.r.CalciteExplainIT] [supportSearchSargPushDown_singleRange] before test
[2025-08-30T23:26:11,058][INFO ][o.o.s.c.r.CalciteExplainIT] [supportSearchSargPushDown_singleRange] after test
[2025-08-30T23:26:11,060][INFO ][o.o.s.c.r.CalciteExplainIT] [testExplainIsEmpty] before test
[2025-08-30T23:26:11,106][INFO ][o.o.s.c.r.CalciteExplainIT] [testExplainIsEmpty] after test
[2025-08-30T23:26:11,108][INFO ][o.o.s.c.r.CalciteExplainIT] [testSortWithTypePushDownExplain] before test
[2025-08-30T23:26:11,164][INFO ][o.o.s.c.r.CalciteExplainIT] [testSortWithTypePushDownExplain] after test
[2025-08-30T23:26:11,166][INFO ][o.o.s.c.r.CalciteExplainIT] [testFilterByCompareStringDatePushDownExplain] before test
[2025-08-30T23:26:11,225][INFO ][o.o.s.c.r.CalciteExplainIT] [testFilterByCompareStringDatePushDownExplain] after test
[2025-08-30T23:26:11,227][INFO ][o.o.s.c.r.CalciteExplainIT] [testExplainOnAggregationWithFunction] before test
[2025-08-30T23:26:11,281][INFO ][o.o.s.c.r.CalciteExplainIT] [testExplainOnAggregationWithFunction] after test
[2025-08-30T23:26:11,283][INFO ][o.o.s.c.r.CalciteExplainIT] [testMultipleLimitExplain] before test
[2025-08-30T23:26:11,345][INFO ][o.o.s.c.r.CalciteExplainIT] [testMultipleLimitExplain] after test
[2025-08-30T23:26:11,347][INFO ][o.o.s.c.r.CalciteExplainIT] [supportSearchSargPushDown_multiRange] before test
[2025-08-30T23:26:11,387][INFO ][o.o.s.c.r.CalciteExplainIT] [supportSearchSargPushDown_multiRange] after test
[2025-08-30T23:26:11,389][INFO ][o.o.s.c.r.CalciteExplainIT] [testExplainIsEmptyOrOthers] before test
[2025-08-30T23:26:11,432][INFO ][o.o.s.c.r.CalciteExplainIT] [testExplainIsEmptyOrOthers] after test
[2025-08-30T23:26:11,433][INFO ][o.o.s.c.r.CalciteExplainIT] [testEventstatsDistinctCountExplain] before test
[2025-08-30T23:26:11,476][INFO ][o.o.s.c.r.CalciteExplainIT] [testEventstatsDistinctCountExplain] after test
[2025-08-30T23:26:11,478][INFO ][o.o.s.c.r.CalciteExplainIT] [testSortThenLimitExplain] before test
[2025-08-30T23:26:11,520][INFO ][o.o.s.c.r.CalciteExplainIT] [testSortThenLimitExplain] after test
[2025-08-30T23:26:11,521][INFO ][o.o.s.c.r.CalciteExplainIT] [testExplainBinWithMinspan] before test
[2025-08-30T23:26:11,596][INFO ][o.o.s.c.r.CalciteExplainIT] [testExplainBinWithMinspan] after test
[2025-08-30T23:26:11,598][INFO ][o.o.s.c.r.CalciteExplainIT] [testDedupPushdown] before test
[2025-08-30T23:26:11,661][INFO ][o.o.s.c.r.CalciteExplainIT] [testDedupPushdown] after test
[2025-08-30T23:26:11,663][INFO ][o.o.s.c.r.CalciteExplainIT] [testExplainBinWithBins] before test
[2025-08-30T23:26:11,719][INFO ][o.o.s.c.r.CalciteExplainIT] [testExplainBinWithBins] after test
[2025-08-30T23:26:11,722][INFO ][o.o.s.c.r.CalciteExplainIT] [supportPushDownScriptOnTextField] before test
[2025-08-30T23:26:11,824][INFO ][o.o.s.c.r.CalciteExplainIT] [supportPushDownScriptOnTextField] after test
[2025-08-30T23:26:11,825][INFO ][o.o.s.c.r.CalciteExplainIT] [testExplainBinWithSpan] before test
[2025-08-30T23:26:11,869][INFO ][o.o.s.c.r.CalciteExplainIT] [testExplainBinWithSpan] after test
[2025-08-30T23:26:11,870][INFO ][o.o.s.c.r.CalciteExplainIT] [testTrendlineWithSortPushDownExplain] before test
[2025-08-30T23:26:11,921][INFO ][o.o.s.c.r.CalciteExplainIT] [testTrendlineWithSortPushDownExplain] after test
[2025-08-30T23:26:11,922][INFO ][o.o.s.c.r.CalciteExplainIT] [testSortWithDescPushDownExplain] before test
[2025-08-30T23:26:11,968][INFO ][o.o.s.c.r.CalciteExplainIT] [testSortWithDescPushDownExplain] after test
[2025-08-30T23:26:11,969][INFO ][o.o.s.c.r.CalciteExplainIT] [testDifferentFilterScriptPushDownBehaviorExplain] before test
[2025-08-30T23:26:12,011][INFO ][o.o.s.c.r.CalciteExplainIT] [testDifferentFilterScriptPushDownBehaviorExplain] after test
[2025-08-30T23:26:12,013][INFO ][o.o.s.c.r.CalciteExplainIT] [testExplainOnTake] before test
[2025-08-30T23:26:12,057][INFO ][o.o.s.c.r.CalciteExplainIT] [testExplainOnTake] after test
[2025-08-30T23:26:12,058][INFO ][o.o.s.c.r.CalciteExplainIT] [testExplainBinWithStartEnd] before test
[2025-08-30T23:26:12,105][INFO ][o.o.s.c.r.CalciteExplainIT] [testExplainBinWithStartEnd] after test
[2025-08-30T23:26:12,106][INFO ][o.o.s.c.r.CalciteExplainIT] [testSortThenAggregatePushDownExplain] before test
[2025-08-30T23:26:12,156][INFO ][o.o.s.c.r.CalciteExplainIT] [testSortThenAggregatePushDownExplain] after test
[2025-08-30T23:26:12,158][INFO ][o.o.s.c.r.CalciteExplainIT] [testFilterAndAggPushDownExplain] before test
[2025-08-30T23:26:12,207][INFO ][o.o.s.c.r.CalciteExplainIT] [testFilterAndAggPushDownExplain] after test
[2025-08-30T23:26:12,209][INFO ][o.o.s.c.r.CalciteExplainIT] [testPartialPushdownFilterWithIsNull] before test
[2025-08-30T23:26:12,255][INFO ][o.o.s.c.r.CalciteExplainIT] [testPartialPushdownFilterWithIsNull] after test
[2025-08-30T23:26:12,256][INFO ][o.o.s.c.r.CalciteExplainIT] [testMultiFieldsRelevanceQueryFunctionExplain] before test
[2025-08-30T23:26:12,303][INFO ][o.o.s.c.r.CalciteExplainIT] [testMultiFieldsRelevanceQueryFunctionExplain] after test
[2025-08-30T23:26:12,304][INFO ][o.o.s.c.r.CalciteExplainIT] [testSortWithRenameExplain] before test
[2025-08-30T23:26:12,347][INFO ][o.o.s.c.r.CalciteExplainIT] [testSortWithRenameExplain] after test
[2025-08-30T23:26:12,349][INFO ][o.o.s.c.r.CalciteExplainIT] [testFilterByCompareIpv6Swapped] before test
[2025-08-30T23:26:12,403][INFO ][o.o.s.c.r.CalciteExplainIT] [testFilterByCompareIpv6Swapped] after test
[2025-08-30T23:26:12,405][INFO ][o.o.s.c.r.CalciteExplainIT] [testLimitThenSortExplain] before test
[2025-08-30T23:26:12,445][INFO ][o.o.s.c.r.CalciteExplainIT] [testLimitThenSortExplain] after test
[2025-08-30T23:26:12,447][INFO ][o.o.s.c.r.CalciteExplainIT] [testExplainRegexMatchInWhereWithScriptPushdown] before test
[2025-08-30T23:26:12,484][INFO ][o.o.s.c.r.CalciteExplainIT] [testExplainRegexMatchInWhereWithScriptPushdown] after test
[2025-08-30T23:26:12,486][INFO ][o.o.s.c.r.CalciteExplainIT] [testFilterByCompareStringTimestampPushDownExplain] before test
[2025-08-30T23:26:12,529][INFO ][o.o.s.c.r.CalciteExplainIT] [testFilterByCompareStringTimestampPushDownExplain] after test
[2025-08-30T23:26:12,531][INFO ][o.o.s.c.r.CalciteExplainIT] [testExplainIsNullOrOthers] before test
[2025-08-30T23:26:12,568][INFO ][o.o.s.c.r.CalciteExplainIT] [testExplainIsNullOrOthers] after test
[2025-08-30T23:26:12,569][INFO ][o.o.s.c.r.CalciteExplainIT] [testTrendlinePushDownExplain] before test
[2025-08-30T23:26:12,616][INFO ][o.o.s.c.r.CalciteExplainIT] [testTrendlinePushDownExplain] after test
[2025-08-30T23:26:12,618][INFO ][o.o.s.c.r.CalciteExplainIT] [supportSearchSargPushDown_timeRange] before test
[2025-08-30T23:26:12,663][INFO ][o.o.s.c.r.CalciteExplainIT] [supportSearchSargPushDown_timeRange] after test
[2025-08-30T23:26:12,665][INFO ][o.o.s.c.r.CalciteExplainIT] [testDedupKeepEmptyTruePushdown] before test
[2025-08-30T23:26:12,709][INFO ][o.o.s.c.r.CalciteExplainIT] [testDedupKeepEmptyTruePushdown] after test
[2025-08-30T23:26:12,714][INFO ][o.o.s.c.r.CalciteExplainIT] [noPushDownForAggOnWindow] before test
[2025-08-30T23:26:12,765][INFO ][o.o.s.c.r.CalciteExplainIT] [noPushDownForAggOnWindow] after test
[2025-08-30T23:26:12,766][INFO ][o.o.s.c.r.CalciteExplainIT] [testExplainOnEarliestLatest] before test
[2025-08-30T23:26:12,809][INFO ][o.o.s.c.r.CalciteExplainIT] [testExplainOnEarliestLatest] after test
[2025-08-30T23:26:12,811][INFO ][o.o.s.c.r.CalciteExplainIT] [testStatsBySpan] before test
[2025-08-30T23:26:12,852][INFO ][o.o.s.c.r.CalciteExplainIT] [testStatsBySpan] after test
[2025-08-30T23:26:12,853][INFO ][o.o.s.c.r.CalciteExplainIT] [testSkipScriptEncodingOnExtendedFormat] before test
[2025-08-30T23:26:12,890][INFO ][o.o.s.c.r.CalciteExplainIT] [testSkipScriptEncodingOnExtendedFormat] after test
[2025-08-30T23:26:12,892][INFO ][o.o.s.c.r.CalciteExplainIT] [testMultiSortPushDownExplain] before test
[2025-08-30T23:26:12,940][INFO ][o.o.s.c.r.CalciteExplainIT] [testMultiSortPushDownExplain] after test
[2025-08-30T23:26:12,942][INFO ][o.o.s.c.r.CalciteExplainIT] [testSortWithCountPushDownExplain] before test
[2025-08-30T23:26:12,979][INFO ][o.o.s.c.r.CalciteExplainIT] [testSortWithCountPushDownExplain] after test
[2025-08-30T23:26:12,981][INFO ][o.o.s.c.r.CalciteExplainIT] [testPatternsSimplePatternMethodWithoutAggExplain] before test
[2025-08-30T23:26:13,023][INFO ][o.o.s.c.r.CalciteExplainIT] [testPatternsSimplePatternMethodWithoutAggExplain] after test
[2025-08-30T23:26:13,024][INFO ][o.o.s.c.r.CalciteExplainIT] [testExplainOnPercentile] before test
[2025-08-30T23:26:13,064][INFO ][o.o.s.c.r.CalciteExplainIT] [testExplainOnPercentile] after test
[2025-08-30T23:26:13,065][INFO ][o.o.s.c.r.CalciteExplainIT] [testFilterByCompareStringTimePushDownExplain] before test
[2025-08-30T23:26:13,127][INFO ][o.o.s.c.r.CalciteExplainIT] [testFilterByCompareStringTimePushDownExplain] after test
[2025-08-30T23:26:13,129][INFO ][o.o.s.c.r.CalciteExplainIT] [testExplainRegexMatchInEvalWithOutScriptPushdown] before test
[2025-08-30T23:26:13,167][INFO ][o.o.s.c.r.CalciteExplainIT] [testExplainRegexMatchInEvalWithOutScriptPushdown] after test
[2025-08-30T23:26:13,169][INFO ][o.o.s.c.r.CalciteExplainIT] [testSingleFieldRelevanceQueryFunctionExplain] before test
[2025-08-30T23:26:13,211][INFO ][o.o.s.c.r.CalciteExplainIT] [testSingleFieldRelevanceQueryFunctionExplain] after test
[2025-08-30T23:26:13,212][INFO ][o.o.s.c.r.CalciteExplainIT] [testLimitWithFilterPushdownExplain] before test
[2025-08-30T23:26:13,268][INFO ][o.o.s.c.r.CalciteExplainIT] [testLimitWithFilterPushdownExplain] after test
[2025-08-30T23:26:13,270][INFO ][o.o.s.c.r.CalciteExplainIT] [testSortWithAggregationExplain] before test
[2025-08-30T23:26:13,322][INFO ][o.o.s.c.r.CalciteExplainIT] [testSortWithAggregationExplain] after test
[2025-08-30T23:26:13,324][INFO ][o.o.s.c.r.CalciteExplainIT] [testExplainIsBlank] before test
[2025-08-30T23:26:13,372][INFO ][o.o.s.c.r.CalciteExplainIT] [testExplainIsBlank] after test
[2025-08-30T23:26:13,375][INFO ][o.o.s.c.r.CalciteExplainIT] [testExplain] before test
[2025-08-30T23:26:13,467][INFO ][o.o.s.c.r.CalciteExplainIT] [testExplain] after test
[2025-08-30T23:26:13,469][INFO ][o.o.s.c.r.CalciteExplainIT] [supportPushDownSortMergeJoin] before test
[2025-08-30T23:26:13,514][INFO ][o.o.s.c.r.CalciteExplainIT] [supportPushDownSortMergeJoin] after test
[2025-08-30T23:26:13,516][INFO ][o.o.s.c.r.CalciteExplainIT] [testWeekArgumentCoercion] before test
[2025-08-30T23:26:13,567][INFO ][o.o.s.c.r.CalciteExplainIT] [testWeekArgumentCoercion] after test
[2025-08-30T23:26:13,568][INFO ][o.o.s.c.r.CalciteExplainIT] [testEventstatsDistinctCountFunctionExplain] before test
[2025-08-30T23:26:13,613][INFO ][o.o.s.c.r.CalciteExplainIT] [testEventstatsDistinctCountFunctionExplain] after test
[2025-08-30T23:26:13,615][INFO ][o.o.s.c.r.CalciteExplainIT] [testFilterPushDownExplain] before test
[2025-08-30T23:26:13,664][INFO ][o.o.s.c.r.CalciteExplainIT] [testFilterPushDownExplain] after test
[2025-08-30T23:26:13,665][INFO ][o.o.s.c.r.CalciteExplainIT] [testLimitPushDownExplain] before test
[2025-08-30T23:26:13,708][INFO ][o.o.s.c.r.CalciteExplainIT] [testLimitPushDownExplain] after test
[2025-08-30T23:26:13,709][INFO ][o.o.s.c.r.CalciteExplainIT] [testPatternsBrainMethodWithAggPushDownExplain] before test
[2025-08-30T23:26:13,762][INFO ][o.o.s.c.r.CalciteExplainIT] [testPatternsBrainMethodWithAggPushDownExplain] after test
[2025-08-30T23:26:13,763][INFO ][o.o.s.c.r.CalciteExplainIT] [testExplainOnEarliestLatestWithCustomTimeField] before test
[2025-08-30T23:26:13,810][INFO ][o.o.s.c.r.CalciteExplainIT] [testExplainOnEarliestLatestWithCustomTimeField] after test
[2025-08-30T23:26:13,811][INFO ][o.o.s.c.r.CalciteExplainIT] [testExplainBinWithAligntime] before test
[2025-08-30T23:26:13,855][INFO ][o.o.s.c.r.CalciteExplainIT] [testExplainBinWithAligntime] after test
[2025-08-30T23:26:13,857][INFO ][o.o.s.c.r.CalciteExplainIT] [testPatternsSimplePatternMethodWithAggPushDownExplain] before test
[2025-08-30T23:26:13,901][INFO ][o.o.s.c.r.CalciteExplainIT] [testPatternsSimplePatternMethodWithAggPushDownExplain] after test
[2025-08-30T23:26:13,903][INFO ][o.o.s.c.r.CalciteExplainIT] [testLimitWithMultipleOffsetPushdownExplain] before test
[2025-08-30T23:26:13,938][INFO ][o.o.s.c.r.CalciteExplainIT] [testLimitWithMultipleOffsetPushdownExplain] after test
[2025-08-30T23:26:13,940][INFO ][o.o.s.c.r.CalciteExplainIT] [testKeywordLikeFunctionExplain] before test
[2025-08-30T23:26:13,978][INFO ][o.o.s.c.r.CalciteExplainIT] [testKeywordLikeFunctionExplain] after test
</pre>
</span>
</div>
</div>
<div id="footer">
<p>
<div>
<label class="hidden" id="label-for-line-wrapping-toggle" for="line-wrapping-toggle">Wrap lines
<input id="line-wrapping-toggle" type="checkbox" autocomplete="off"/>
</label>
</div>Generated by 
<a href="https://www.gradle.org">Gradle 8.14</a> at Aug 30, 2025, 5:30:33PM</p>
</div>
</div>
</body>
</html>
