<!DOCTYPE html>
<html>
<head>
<meta http-equiv="Content-Type" content="text/html; charset=utf-8"/>
<meta http-equiv="x-ua-compatible" content="IE=edge"/>
<title>Test results - Class org.opensearch.sql.calcite.remote.CalciteExplainIT</title>
<link href="../css/base-style.css" rel="stylesheet" type="text/css"/>
<link href="../css/style.css" rel="stylesheet" type="text/css"/>
<script src="../js/report.js" type="text/javascript"></script>
</head>
<body>
<div id="content">
<h1>Class org.opensearch.sql.calcite.remote.CalciteExplainIT</h1>
<div class="breadcrumbs">
<a href="../index.html">all</a> &gt; 
<a href="../packages/org.opensearch.sql.calcite.remote.html">org.opensearch.sql.calcite.remote</a> &gt; CalciteExplainIT</div>
<div id="summary">
<table>
<tr>
<td>
<div class="summaryGroup">
<table>
<tr>
<td>
<div class="infoBox" id="tests">
<div class="counter">148</div>
<p>tests</p>
</div>
</td>
<td>
<div class="infoBox" id="failures">
<div class="counter">0</div>
<p>failures</p>
</div>
</td>
<td>
<div class="infoBox" id="ignored">
<div class="counter">15</div>
<p>ignored</p>
</div>
</td>
<td>
<div class="infoBox" id="duration">
<div class="counter">9.217s</div>
<p>duration</p>
</div>
</td>
</tr>
</table>
</div>
</td>
<td>
<div class="infoBox skipped" id="successRate">
<div class="percent">100%</div>
<p>successful</p>
</div>
</td>
</tr>
</table>
</div>
<div class="tab-container">
<ul class="tabLinks">
<li>
<a href="#">Ignored tests</a>
</li>
<li>
<a href="#">Tests</a>
</li>
<li>
<a href="#">Standard output</a>
</li>
</ul>
<div class="tab">
<h2>Ignored tests</h2>
<div class="test">
<a name="noPushDownForAggOnWindow"></a>
<h3 class="skipped">noPushDownForAggOnWindow</h3>
<span class="code">
<pre>This test is only for push down enabled

org.junit.AssumptionViolatedException: This test is only for push down enabled
	at __randomizedtesting.SeedInfo.seed([F607A1F86CFC198B:753F5FCDD689B67D]:0)
	at org.junit.Assume.assumeTrue(Assume.java:68)
	at org.opensearch.sql.calcite.remote.CalciteExplainIT.noPushDownForAggOnWindow(CalciteExplainIT.java:221)
	at java.base/jdk.internal.reflect.DirectMethodHandleAccessor.invoke(DirectMethodHandleAccessor.java:103)
	at java.base/java.lang.reflect.Method.invoke(Method.java:580)
	at com.carrotsearch.randomizedtesting.RandomizedRunner.invoke(RandomizedRunner.java:1750)
	at com.carrotsearch.randomizedtesting.RandomizedRunner$8.evaluate(RandomizedRunner.java:938)
	at com.carrotsearch.randomizedtesting.RandomizedRunner$9.evaluate(RandomizedRunner.java:974)
	at com.carrotsearch.randomizedtesting.RandomizedRunner$10.evaluate(RandomizedRunner.java:988)
	at com.carrotsearch.randomizedtesting.rules.StatementAdapter.evaluate(StatementAdapter.java:36)
	at org.junit.rules.RunRules.evaluate(RunRules.java:20)
	at org.apache.lucene.tests.util.TestRuleSetupTeardownChained$1.evaluate(TestRuleSetupTeardownChained.java:48)
	at org.apache.lucene.tests.util.AbstractBeforeAfterRule$1.evaluate(AbstractBeforeAfterRule.java:43)
	at org.apache.lucene.tests.util.TestRuleThreadAndTestName$1.evaluate(TestRuleThreadAndTestName.java:45)
	at org.apache.lucene.tests.util.TestRuleIgnoreAfterMaxFailures$1.evaluate(TestRuleIgnoreAfterMaxFailures.java:60)
	at org.apache.lucene.tests.util.TestRuleMarkFailure$1.evaluate(TestRuleMarkFailure.java:44)
	at org.junit.rules.RunRules.evaluate(RunRules.java:20)
	at com.carrotsearch.randomizedtesting.rules.StatementAdapter.evaluate(StatementAdapter.java:36)
	at com.carrotsearch.randomizedtesting.ThreadLeakControl$StatementRunner.run(ThreadLeakControl.java:368)
	at com.carrotsearch.randomizedtesting.ThreadLeakControl.forkTimeoutingTask(ThreadLeakControl.java:817)
	at com.carrotsearch.randomizedtesting.ThreadLeakControl$3.evaluate(ThreadLeakControl.java:468)
	at com.carrotsearch.randomizedtesting.RandomizedRunner.runSingleTest(RandomizedRunner.java:947)
	at com.carrotsearch.randomizedtesting.RandomizedRunner$5.evaluate(RandomizedRunner.java:832)
	at com.carrotsearch.randomizedtesting.RandomizedRunner$6.evaluate(RandomizedRunner.java:883)
	at com.carrotsearch.randomizedtesting.RandomizedRunner$7.evaluate(RandomizedRunner.java:894)
	at org.apache.lucene.tests.util.AbstractBeforeAfterRule$1.evaluate(AbstractBeforeAfterRule.java:43)
	at com.carrotsearch.randomizedtesting.rules.StatementAdapter.evaluate(StatementAdapter.java:36)
	at org.apache.lucene.tests.util.TestRuleStoreClassName$1.evaluate(TestRuleStoreClassName.java:38)
	at com.carrotsearch.randomizedtesting.rules.NoShadowingOrOverridesOnMethodsRule$1.evaluate(NoShadowingOrOverridesOnMethodsRule.java:40)
	at com.carrotsearch.randomizedtesting.rules.NoShadowingOrOverridesOnMethodsRule$1.evaluate(NoShadowingOrOverridesOnMethodsRule.java:40)
	at com.carrotsearch.randomizedtesting.rules.StatementAdapter.evaluate(StatementAdapter.java:36)
	at com.carrotsearch.randomizedtesting.rules.StatementAdapter.evaluate(StatementAdapter.java:36)
	at org.apache.lucene.tests.util.TestRuleAssertionsRequired$1.evaluate(TestRuleAssertionsRequired.java:53)
	at org.apache.lucene.tests.util.AbstractBeforeAfterRule$1.evaluate(AbstractBeforeAfterRule.java:43)
	at org.apache.lucene.tests.util.TestRuleMarkFailure$1.evaluate(TestRuleMarkFailure.java:44)
	at org.apache.lucene.tests.util.TestRuleIgnoreAfterMaxFailures$1.evaluate(TestRuleIgnoreAfterMaxFailures.java:60)
	at org.apache.lucene.tests.util.TestRuleIgnoreTestSuites$1.evaluate(TestRuleIgnoreTestSuites.java:47)
	at org.junit.rules.RunRules.evaluate(RunRules.java:20)
	at com.carrotsearch.randomizedtesting.rules.StatementAdapter.evaluate(StatementAdapter.java:36)
	at com.carrotsearch.randomizedtesting.ThreadLeakControl$StatementRunner.run(ThreadLeakControl.java:368)
	at java.base/java.lang.Thread.run(Thread.java:1583)
</pre>
</span>
</div>
<div class="test">
<a name="supportPartialPushDown"></a>
<h3 class="skipped">supportPartialPushDown</h3>
</div>
<div class="test">
<a name="supportPartialPushDown"></a>
<h3 class="skipped">supportPartialPushDown</h3>
</div>
<div class="test">
<a name="supportPartialPushDownScript"></a>
<h3 class="skipped">supportPartialPushDownScript</h3>
</div>
<div class="test">
<a name="supportPartialPushDownScript"></a>
<h3 class="skipped">supportPartialPushDownScript</h3>
</div>
<div class="test">
<a name="supportPartialPushDown_NoPushIfAllFailed"></a>
<h3 class="skipped">supportPartialPushDown_NoPushIfAllFailed</h3>
</div>
<div class="test">
<a name="supportPartialPushDown_NoPushIfAllFailed"></a>
<h3 class="skipped">supportPartialPushDown_NoPushIfAllFailed</h3>
</div>
<div class="test">
<a name="supportPushDownScriptOnTextField"></a>
<h3 class="skipped">supportPushDownScriptOnTextField</h3>
<span class="code">
<pre>This test is only for push down enabled

org.junit.AssumptionViolatedException: This test is only for push down enabled
	at __randomizedtesting.SeedInfo.seed([F607A1F86CFC198B:6C03D05AB5117C82]:0)
	at org.junit.Assume.assumeTrue(Assume.java:68)
	at org.opensearch.sql.calcite.remote.CalciteExplainIT.supportPushDownScriptOnTextField(CalciteExplainIT.java:233)
	at java.base/jdk.internal.reflect.DirectMethodHandleAccessor.invoke(DirectMethodHandleAccessor.java:103)
	at java.base/java.lang.reflect.Method.invoke(Method.java:580)
	at com.carrotsearch.randomizedtesting.RandomizedRunner.invoke(RandomizedRunner.java:1750)
	at com.carrotsearch.randomizedtesting.RandomizedRunner$8.evaluate(RandomizedRunner.java:938)
	at com.carrotsearch.randomizedtesting.RandomizedRunner$9.evaluate(RandomizedRunner.java:974)
	at com.carrotsearch.randomizedtesting.RandomizedRunner$10.evaluate(RandomizedRunner.java:988)
	at com.carrotsearch.randomizedtesting.rules.StatementAdapter.evaluate(StatementAdapter.java:36)
	at org.junit.rules.RunRules.evaluate(RunRules.java:20)
	at org.apache.lucene.tests.util.TestRuleSetupTeardownChained$1.evaluate(TestRuleSetupTeardownChained.java:48)
	at org.apache.lucene.tests.util.AbstractBeforeAfterRule$1.evaluate(AbstractBeforeAfterRule.java:43)
	at org.apache.lucene.tests.util.TestRuleThreadAndTestName$1.evaluate(TestRuleThreadAndTestName.java:45)
	at org.apache.lucene.tests.util.TestRuleIgnoreAfterMaxFailures$1.evaluate(TestRuleIgnoreAfterMaxFailures.java:60)
	at org.apache.lucene.tests.util.TestRuleMarkFailure$1.evaluate(TestRuleMarkFailure.java:44)
	at org.junit.rules.RunRules.evaluate(RunRules.java:20)
	at com.carrotsearch.randomizedtesting.rules.StatementAdapter.evaluate(StatementAdapter.java:36)
	at com.carrotsearch.randomizedtesting.ThreadLeakControl$StatementRunner.run(ThreadLeakControl.java:368)
	at com.carrotsearch.randomizedtesting.ThreadLeakControl.forkTimeoutingTask(ThreadLeakControl.java:817)
	at com.carrotsearch.randomizedtesting.ThreadLeakControl$3.evaluate(ThreadLeakControl.java:468)
	at com.carrotsearch.randomizedtesting.RandomizedRunner.runSingleTest(RandomizedRunner.java:947)
	at com.carrotsearch.randomizedtesting.RandomizedRunner$5.evaluate(RandomizedRunner.java:832)
	at com.carrotsearch.randomizedtesting.RandomizedRunner$6.evaluate(RandomizedRunner.java:883)
	at com.carrotsearch.randomizedtesting.RandomizedRunner$7.evaluate(RandomizedRunner.java:894)
	at org.apache.lucene.tests.util.AbstractBeforeAfterRule$1.evaluate(AbstractBeforeAfterRule.java:43)
	at com.carrotsearch.randomizedtesting.rules.StatementAdapter.evaluate(StatementAdapter.java:36)
	at org.apache.lucene.tests.util.TestRuleStoreClassName$1.evaluate(TestRuleStoreClassName.java:38)
	at com.carrotsearch.randomizedtesting.rules.NoShadowingOrOverridesOnMethodsRule$1.evaluate(NoShadowingOrOverridesOnMethodsRule.java:40)
	at com.carrotsearch.randomizedtesting.rules.NoShadowingOrOverridesOnMethodsRule$1.evaluate(NoShadowingOrOverridesOnMethodsRule.java:40)
	at com.carrotsearch.randomizedtesting.rules.StatementAdapter.evaluate(StatementAdapter.java:36)
	at com.carrotsearch.randomizedtesting.rules.StatementAdapter.evaluate(StatementAdapter.java:36)
	at org.apache.lucene.tests.util.TestRuleAssertionsRequired$1.evaluate(TestRuleAssertionsRequired.java:53)
	at org.apache.lucene.tests.util.AbstractBeforeAfterRule$1.evaluate(AbstractBeforeAfterRule.java:43)
	at org.apache.lucene.tests.util.TestRuleMarkFailure$1.evaluate(TestRuleMarkFailure.java:44)
	at org.apache.lucene.tests.util.TestRuleIgnoreAfterMaxFailures$1.evaluate(TestRuleIgnoreAfterMaxFailures.java:60)
	at org.apache.lucene.tests.util.TestRuleIgnoreTestSuites$1.evaluate(TestRuleIgnoreTestSuites.java:47)
	at org.junit.rules.RunRules.evaluate(RunRules.java:20)
	at com.carrotsearch.randomizedtesting.rules.StatementAdapter.evaluate(StatementAdapter.java:36)
	at com.carrotsearch.randomizedtesting.ThreadLeakControl$StatementRunner.run(ThreadLeakControl.java:368)
	at java.base/java.lang.Thread.run(Thread.java:1583)
</pre>
</span>
</div>
<div class="test">
<a name="testEventstatsDistinctCountExplain"></a>
<h3 class="skipped">testEventstatsDistinctCountExplain</h3>
<span class="code">
<pre>This test is only for push down enabled

org.junit.AssumptionViolatedException: This test is only for push down enabled
	at __randomizedtesting.SeedInfo.seed([F607A1F86CFC198B:B615D87BF6CB12BD]:0)
	at org.junit.Assume.assumeTrue(Assume.java:68)
	at org.opensearch.sql.calcite.remote.CalciteExplainIT.testEventstatsDistinctCountExplain(CalciteExplainIT.java:288)
	at java.base/jdk.internal.reflect.DirectMethodHandleAccessor.invoke(DirectMethodHandleAccessor.java:103)
	at java.base/java.lang.reflect.Method.invoke(Method.java:580)
	at com.carrotsearch.randomizedtesting.RandomizedRunner.invoke(RandomizedRunner.java:1750)
	at com.carrotsearch.randomizedtesting.RandomizedRunner$8.evaluate(RandomizedRunner.java:938)
	at com.carrotsearch.randomizedtesting.RandomizedRunner$9.evaluate(RandomizedRunner.java:974)
	at com.carrotsearch.randomizedtesting.RandomizedRunner$10.evaluate(RandomizedRunner.java:988)
	at com.carrotsearch.randomizedtesting.rules.StatementAdapter.evaluate(StatementAdapter.java:36)
	at org.junit.rules.RunRules.evaluate(RunRules.java:20)
	at org.apache.lucene.tests.util.TestRuleSetupTeardownChained$1.evaluate(TestRuleSetupTeardownChained.java:48)
	at org.apache.lucene.tests.util.AbstractBeforeAfterRule$1.evaluate(AbstractBeforeAfterRule.java:43)
	at org.apache.lucene.tests.util.TestRuleThreadAndTestName$1.evaluate(TestRuleThreadAndTestName.java:45)
	at org.apache.lucene.tests.util.TestRuleIgnoreAfterMaxFailures$1.evaluate(TestRuleIgnoreAfterMaxFailures.java:60)
	at org.apache.lucene.tests.util.TestRuleMarkFailure$1.evaluate(TestRuleMarkFailure.java:44)
	at org.junit.rules.RunRules.evaluate(RunRules.java:20)
	at com.carrotsearch.randomizedtesting.rules.StatementAdapter.evaluate(StatementAdapter.java:36)
	at com.carrotsearch.randomizedtesting.ThreadLeakControl$StatementRunner.run(ThreadLeakControl.java:368)
	at com.carrotsearch.randomizedtesting.ThreadLeakControl.forkTimeoutingTask(ThreadLeakControl.java:817)
	at com.carrotsearch.randomizedtesting.ThreadLeakControl$3.evaluate(ThreadLeakControl.java:468)
	at com.carrotsearch.randomizedtesting.RandomizedRunner.runSingleTest(RandomizedRunner.java:947)
	at com.carrotsearch.randomizedtesting.RandomizedRunner$5.evaluate(RandomizedRunner.java:832)
	at com.carrotsearch.randomizedtesting.RandomizedRunner$6.evaluate(RandomizedRunner.java:883)
	at com.carrotsearch.randomizedtesting.RandomizedRunner$7.evaluate(RandomizedRunner.java:894)
	at org.apache.lucene.tests.util.AbstractBeforeAfterRule$1.evaluate(AbstractBeforeAfterRule.java:43)
	at com.carrotsearch.randomizedtesting.rules.StatementAdapter.evaluate(StatementAdapter.java:36)
	at org.apache.lucene.tests.util.TestRuleStoreClassName$1.evaluate(TestRuleStoreClassName.java:38)
	at com.carrotsearch.randomizedtesting.rules.NoShadowingOrOverridesOnMethodsRule$1.evaluate(NoShadowingOrOverridesOnMethodsRule.java:40)
	at com.carrotsearch.randomizedtesting.rules.NoShadowingOrOverridesOnMethodsRule$1.evaluate(NoShadowingOrOverridesOnMethodsRule.java:40)
	at com.carrotsearch.randomizedtesting.rules.StatementAdapter.evaluate(StatementAdapter.java:36)
	at com.carrotsearch.randomizedtesting.rules.StatementAdapter.evaluate(StatementAdapter.java:36)
	at org.apache.lucene.tests.util.TestRuleAssertionsRequired$1.evaluate(TestRuleAssertionsRequired.java:53)
	at org.apache.lucene.tests.util.AbstractBeforeAfterRule$1.evaluate(AbstractBeforeAfterRule.java:43)
	at org.apache.lucene.tests.util.TestRuleMarkFailure$1.evaluate(TestRuleMarkFailure.java:44)
	at org.apache.lucene.tests.util.TestRuleIgnoreAfterMaxFailures$1.evaluate(TestRuleIgnoreAfterMaxFailures.java:60)
	at org.apache.lucene.tests.util.TestRuleIgnoreTestSuites$1.evaluate(TestRuleIgnoreTestSuites.java:47)
	at org.junit.rules.RunRules.evaluate(RunRules.java:20)
	at com.carrotsearch.randomizedtesting.rules.StatementAdapter.evaluate(StatementAdapter.java:36)
	at com.carrotsearch.randomizedtesting.ThreadLeakControl$StatementRunner.run(ThreadLeakControl.java:368)
	at java.base/java.lang.Thread.run(Thread.java:1583)
</pre>
</span>
</div>
<div class="test">
<a name="testEventstatsDistinctCountFunctionExplain"></a>
<h3 class="skipped">testEventstatsDistinctCountFunctionExplain</h3>
<span class="code">
<pre>This test is only for push down enabled

org.junit.AssumptionViolatedException: This test is only for push down enabled
	at __randomizedtesting.SeedInfo.seed([F607A1F86CFC198B:A0B47A0896E21C14]:0)
	at org.junit.Assume.assumeTrue(Assume.java:68)
	at org.opensearch.sql.calcite.remote.CalciteExplainIT.testEventstatsDistinctCountFunctionExplain(CalciteExplainIT.java:298)
	at java.base/jdk.internal.reflect.DirectMethodHandleAccessor.invoke(DirectMethodHandleAccessor.java:103)
	at java.base/java.lang.reflect.Method.invoke(Method.java:580)
	at com.carrotsearch.randomizedtesting.RandomizedRunner.invoke(RandomizedRunner.java:1750)
	at com.carrotsearch.randomizedtesting.RandomizedRunner$8.evaluate(RandomizedRunner.java:938)
	at com.carrotsearch.randomizedtesting.RandomizedRunner$9.evaluate(RandomizedRunner.java:974)
	at com.carrotsearch.randomizedtesting.RandomizedRunner$10.evaluate(RandomizedRunner.java:988)
	at com.carrotsearch.randomizedtesting.rules.StatementAdapter.evaluate(StatementAdapter.java:36)
	at org.junit.rules.RunRules.evaluate(RunRules.java:20)
	at org.apache.lucene.tests.util.TestRuleSetupTeardownChained$1.evaluate(TestRuleSetupTeardownChained.java:48)
	at org.apache.lucene.tests.util.AbstractBeforeAfterRule$1.evaluate(AbstractBeforeAfterRule.java:43)
	at org.apache.lucene.tests.util.TestRuleThreadAndTestName$1.evaluate(TestRuleThreadAndTestName.java:45)
	at org.apache.lucene.tests.util.TestRuleIgnoreAfterMaxFailures$1.evaluate(TestRuleIgnoreAfterMaxFailures.java:60)
	at org.apache.lucene.tests.util.TestRuleMarkFailure$1.evaluate(TestRuleMarkFailure.java:44)
	at org.junit.rules.RunRules.evaluate(RunRules.java:20)
	at com.carrotsearch.randomizedtesting.rules.StatementAdapter.evaluate(StatementAdapter.java:36)
	at com.carrotsearch.randomizedtesting.ThreadLeakControl$StatementRunner.run(ThreadLeakControl.java:368)
	at com.carrotsearch.randomizedtesting.ThreadLeakControl.forkTimeoutingTask(ThreadLeakControl.java:817)
	at com.carrotsearch.randomizedtesting.ThreadLeakControl$3.evaluate(ThreadLeakControl.java:468)
	at com.carrotsearch.randomizedtesting.RandomizedRunner.runSingleTest(RandomizedRunner.java:947)
	at com.carrotsearch.randomizedtesting.RandomizedRunner$5.evaluate(RandomizedRunner.java:832)
	at com.carrotsearch.randomizedtesting.RandomizedRunner$6.evaluate(RandomizedRunner.java:883)
	at com.carrotsearch.randomizedtesting.RandomizedRunner$7.evaluate(RandomizedRunner.java:894)
	at org.apache.lucene.tests.util.AbstractBeforeAfterRule$1.evaluate(AbstractBeforeAfterRule.java:43)
	at com.carrotsearch.randomizedtesting.rules.StatementAdapter.evaluate(StatementAdapter.java:36)
	at org.apache.lucene.tests.util.TestRuleStoreClassName$1.evaluate(TestRuleStoreClassName.java:38)
	at com.carrotsearch.randomizedtesting.rules.NoShadowingOrOverridesOnMethodsRule$1.evaluate(NoShadowingOrOverridesOnMethodsRule.java:40)
	at com.carrotsearch.randomizedtesting.rules.NoShadowingOrOverridesOnMethodsRule$1.evaluate(NoShadowingOrOverridesOnMethodsRule.java:40)
	at com.carrotsearch.randomizedtesting.rules.StatementAdapter.evaluate(StatementAdapter.java:36)
	at com.carrotsearch.randomizedtesting.rules.StatementAdapter.evaluate(StatementAdapter.java:36)
	at org.apache.lucene.tests.util.TestRuleAssertionsRequired$1.evaluate(TestRuleAssertionsRequired.java:53)
	at org.apache.lucene.tests.util.AbstractBeforeAfterRule$1.evaluate(AbstractBeforeAfterRule.java:43)
	at org.apache.lucene.tests.util.TestRuleMarkFailure$1.evaluate(TestRuleMarkFailure.java:44)
	at org.apache.lucene.tests.util.TestRuleIgnoreAfterMaxFailures$1.evaluate(TestRuleIgnoreAfterMaxFailures.java:60)
	at org.apache.lucene.tests.util.TestRuleIgnoreTestSuites$1.evaluate(TestRuleIgnoreTestSuites.java:47)
	at org.junit.rules.RunRules.evaluate(RunRules.java:20)
	at com.carrotsearch.randomizedtesting.rules.StatementAdapter.evaluate(StatementAdapter.java:36)
	at com.carrotsearch.randomizedtesting.ThreadLeakControl$StatementRunner.run(ThreadLeakControl.java:368)
	at java.base/java.lang.Thread.run(Thread.java:1583)
</pre>
</span>
</div>
<div class="test">
<a name="testExplainModeUnsupportedInV2"></a>
<h3 class="skipped">testExplainModeUnsupportedInV2</h3>
</div>
<div class="test">
<a name="testExplainModeUnsupportedInV2"></a>
<h3 class="skipped">testExplainModeUnsupportedInV2</h3>
</div>
<div class="test">
<a name="testExplainRegexMatchInEvalWithOutScriptPushdown"></a>
<h3 class="skipped">testExplainRegexMatchInEvalWithOutScriptPushdown</h3>
<span class="code">
<pre>This test is only for push down enabled

org.junit.AssumptionViolatedException: This test is only for push down enabled
	at __randomizedtesting.SeedInfo.seed([F607A1F86CFC198B:E7F0EF91D34CC047]:0)
	at org.junit.Assume.assumeTrue(Assume.java:68)
	at org.opensearch.sql.calcite.remote.CalciteExplainIT.testExplainRegexMatchInEvalWithOutScriptPushdown(CalciteExplainIT.java:332)
	at java.base/jdk.internal.reflect.DirectMethodHandleAccessor.invoke(DirectMethodHandleAccessor.java:103)
	at java.base/java.lang.reflect.Method.invoke(Method.java:580)
	at com.carrotsearch.randomizedtesting.RandomizedRunner.invoke(RandomizedRunner.java:1750)
	at com.carrotsearch.randomizedtesting.RandomizedRunner$8.evaluate(RandomizedRunner.java:938)
	at com.carrotsearch.randomizedtesting.RandomizedRunner$9.evaluate(RandomizedRunner.java:974)
	at com.carrotsearch.randomizedtesting.RandomizedRunner$10.evaluate(RandomizedRunner.java:988)
	at com.carrotsearch.randomizedtesting.rules.StatementAdapter.evaluate(StatementAdapter.java:36)
	at org.junit.rules.RunRules.evaluate(RunRules.java:20)
	at org.apache.lucene.tests.util.TestRuleSetupTeardownChained$1.evaluate(TestRuleSetupTeardownChained.java:48)
	at org.apache.lucene.tests.util.AbstractBeforeAfterRule$1.evaluate(AbstractBeforeAfterRule.java:43)
	at org.apache.lucene.tests.util.TestRuleThreadAndTestName$1.evaluate(TestRuleThreadAndTestName.java:45)
	at org.apache.lucene.tests.util.TestRuleIgnoreAfterMaxFailures$1.evaluate(TestRuleIgnoreAfterMaxFailures.java:60)
	at org.apache.lucene.tests.util.TestRuleMarkFailure$1.evaluate(TestRuleMarkFailure.java:44)
	at org.junit.rules.RunRules.evaluate(RunRules.java:20)
	at com.carrotsearch.randomizedtesting.rules.StatementAdapter.evaluate(StatementAdapter.java:36)
	at com.carrotsearch.randomizedtesting.ThreadLeakControl$StatementRunner.run(ThreadLeakControl.java:368)
	at com.carrotsearch.randomizedtesting.ThreadLeakControl.forkTimeoutingTask(ThreadLeakControl.java:817)
	at com.carrotsearch.randomizedtesting.ThreadLeakControl$3.evaluate(ThreadLeakControl.java:468)
	at com.carrotsearch.randomizedtesting.RandomizedRunner.runSingleTest(RandomizedRunner.java:947)
	at com.carrotsearch.randomizedtesting.RandomizedRunner$5.evaluate(RandomizedRunner.java:832)
	at com.carrotsearch.randomizedtesting.RandomizedRunner$6.evaluate(RandomizedRunner.java:883)
	at com.carrotsearch.randomizedtesting.RandomizedRunner$7.evaluate(RandomizedRunner.java:894)
	at org.apache.lucene.tests.util.AbstractBeforeAfterRule$1.evaluate(AbstractBeforeAfterRule.java:43)
	at com.carrotsearch.randomizedtesting.rules.StatementAdapter.evaluate(StatementAdapter.java:36)
	at org.apache.lucene.tests.util.TestRuleStoreClassName$1.evaluate(TestRuleStoreClassName.java:38)
	at com.carrotsearch.randomizedtesting.rules.NoShadowingOrOverridesOnMethodsRule$1.evaluate(NoShadowingOrOverridesOnMethodsRule.java:40)
	at com.carrotsearch.randomizedtesting.rules.NoShadowingOrOverridesOnMethodsRule$1.evaluate(NoShadowingOrOverridesOnMethodsRule.java:40)
	at com.carrotsearch.randomizedtesting.rules.StatementAdapter.evaluate(StatementAdapter.java:36)
	at com.carrotsearch.randomizedtesting.rules.StatementAdapter.evaluate(StatementAdapter.java:36)
	at org.apache.lucene.tests.util.TestRuleAssertionsRequired$1.evaluate(TestRuleAssertionsRequired.java:53)
	at org.apache.lucene.tests.util.AbstractBeforeAfterRule$1.evaluate(AbstractBeforeAfterRule.java:43)
	at org.apache.lucene.tests.util.TestRuleMarkFailure$1.evaluate(TestRuleMarkFailure.java:44)
	at org.apache.lucene.tests.util.TestRuleIgnoreAfterMaxFailures$1.evaluate(TestRuleIgnoreAfterMaxFailures.java:60)
	at org.apache.lucene.tests.util.TestRuleIgnoreTestSuites$1.evaluate(TestRuleIgnoreTestSuites.java:47)
	at org.junit.rules.RunRules.evaluate(RunRules.java:20)
	at com.carrotsearch.randomizedtesting.rules.StatementAdapter.evaluate(StatementAdapter.java:36)
	at com.carrotsearch.randomizedtesting.ThreadLeakControl$StatementRunner.run(ThreadLeakControl.java:368)
	at java.base/java.lang.Thread.run(Thread.java:1583)
</pre>
</span>
</div>
<div class="test">
<a name="testExplainRegexMatchInWhereWithScriptPushdown"></a>
<h3 class="skipped">testExplainRegexMatchInWhereWithScriptPushdown</h3>
<span class="code">
<pre>This test is only for push down enabled

org.junit.AssumptionViolatedException: This test is only for push down enabled
	at __randomizedtesting.SeedInfo.seed([F607A1F86CFC198B:71859E3695867385]:0)
	at org.junit.Assume.assumeTrue(Assume.java:68)
	at org.opensearch.sql.calcite.remote.CalciteExplainIT.testExplainRegexMatchInWhereWithScriptPushdown(CalciteExplainIT.java:322)
	at java.base/jdk.internal.reflect.DirectMethodHandleAccessor.invoke(DirectMethodHandleAccessor.java:103)
	at java.base/java.lang.reflect.Method.invoke(Method.java:580)
	at com.carrotsearch.randomizedtesting.RandomizedRunner.invoke(RandomizedRunner.java:1750)
	at com.carrotsearch.randomizedtesting.RandomizedRunner$8.evaluate(RandomizedRunner.java:938)
	at com.carrotsearch.randomizedtesting.RandomizedRunner$9.evaluate(RandomizedRunner.java:974)
	at com.carrotsearch.randomizedtesting.RandomizedRunner$10.evaluate(RandomizedRunner.java:988)
	at com.carrotsearch.randomizedtesting.rules.StatementAdapter.evaluate(StatementAdapter.java:36)
	at org.junit.rules.RunRules.evaluate(RunRules.java:20)
	at org.apache.lucene.tests.util.TestRuleSetupTeardownChained$1.evaluate(TestRuleSetupTeardownChained.java:48)
	at org.apache.lucene.tests.util.AbstractBeforeAfterRule$1.evaluate(AbstractBeforeAfterRule.java:43)
	at org.apache.lucene.tests.util.TestRuleThreadAndTestName$1.evaluate(TestRuleThreadAndTestName.java:45)
	at org.apache.lucene.tests.util.TestRuleIgnoreAfterMaxFailures$1.evaluate(TestRuleIgnoreAfterMaxFailures.java:60)
	at org.apache.lucene.tests.util.TestRuleMarkFailure$1.evaluate(TestRuleMarkFailure.java:44)
	at org.junit.rules.RunRules.evaluate(RunRules.java:20)
	at com.carrotsearch.randomizedtesting.rules.StatementAdapter.evaluate(StatementAdapter.java:36)
	at com.carrotsearch.randomizedtesting.ThreadLeakControl$StatementRunner.run(ThreadLeakControl.java:368)
	at com.carrotsearch.randomizedtesting.ThreadLeakControl.forkTimeoutingTask(ThreadLeakControl.java:817)
	at com.carrotsearch.randomizedtesting.ThreadLeakControl$3.evaluate(ThreadLeakControl.java:468)
	at com.carrotsearch.randomizedtesting.RandomizedRunner.runSingleTest(RandomizedRunner.java:947)
	at com.carrotsearch.randomizedtesting.RandomizedRunner$5.evaluate(RandomizedRunner.java:832)
	at com.carrotsearch.randomizedtesting.RandomizedRunner$6.evaluate(RandomizedRunner.java:883)
	at com.carrotsearch.randomizedtesting.RandomizedRunner$7.evaluate(RandomizedRunner.java:894)
	at org.apache.lucene.tests.util.AbstractBeforeAfterRule$1.evaluate(AbstractBeforeAfterRule.java:43)
	at com.carrotsearch.randomizedtesting.rules.StatementAdapter.evaluate(StatementAdapter.java:36)
	at org.apache.lucene.tests.util.TestRuleStoreClassName$1.evaluate(TestRuleStoreClassName.java:38)
	at com.carrotsearch.randomizedtesting.rules.NoShadowingOrOverridesOnMethodsRule$1.evaluate(NoShadowingOrOverridesOnMethodsRule.java:40)
	at com.carrotsearch.randomizedtesting.rules.NoShadowingOrOverridesOnMethodsRule$1.evaluate(NoShadowingOrOverridesOnMethodsRule.java:40)
	at com.carrotsearch.randomizedtesting.rules.StatementAdapter.evaluate(StatementAdapter.java:36)
	at com.carrotsearch.randomizedtesting.rules.StatementAdapter.evaluate(StatementAdapter.java:36)
	at org.apache.lucene.tests.util.TestRuleAssertionsRequired$1.evaluate(TestRuleAssertionsRequired.java:53)
	at org.apache.lucene.tests.util.AbstractBeforeAfterRule$1.evaluate(AbstractBeforeAfterRule.java:43)
	at org.apache.lucene.tests.util.TestRuleMarkFailure$1.evaluate(TestRuleMarkFailure.java:44)
	at org.apache.lucene.tests.util.TestRuleIgnoreAfterMaxFailures$1.evaluate(TestRuleIgnoreAfterMaxFailures.java:60)
	at org.apache.lucene.tests.util.TestRuleIgnoreTestSuites$1.evaluate(TestRuleIgnoreTestSuites.java:47)
	at org.junit.rules.RunRules.evaluate(RunRules.java:20)
	at com.carrotsearch.randomizedtesting.rules.StatementAdapter.evaluate(StatementAdapter.java:36)
	at com.carrotsearch.randomizedtesting.ThreadLeakControl$StatementRunner.run(ThreadLeakControl.java:368)
	at java.base/java.lang.Thread.run(Thread.java:1583)
</pre>
</span>
</div>
<div class="test">
<a name="testSkipScriptEncodingOnExtendedFormat"></a>
<h3 class="skipped">testSkipScriptEncodingOnExtendedFormat</h3>
<span class="code">
<pre>This test is only for push down enabled

org.junit.AssumptionViolatedException: This test is only for push down enabled
	at __randomizedtesting.SeedInfo.seed([F607A1F86CFC198B:4A028448CE277F2F]:0)
	at org.junit.Assume.assumeTrue(Assume.java:68)
	at org.opensearch.sql.calcite.remote.CalciteExplainIT.testSkipScriptEncodingOnExtendedFormat(CalciteExplainIT.java:184)
	at java.base/jdk.internal.reflect.DirectMethodHandleAccessor.invoke(DirectMethodHandleAccessor.java:103)
	at java.base/java.lang.reflect.Method.invoke(Method.java:580)
	at com.carrotsearch.randomizedtesting.RandomizedRunner.invoke(RandomizedRunner.java:1750)
	at com.carrotsearch.randomizedtesting.RandomizedRunner$8.evaluate(RandomizedRunner.java:938)
	at com.carrotsearch.randomizedtesting.RandomizedRunner$9.evaluate(RandomizedRunner.java:974)
	at com.carrotsearch.randomizedtesting.RandomizedRunner$10.evaluate(RandomizedRunner.java:988)
	at com.carrotsearch.randomizedtesting.rules.StatementAdapter.evaluate(StatementAdapter.java:36)
	at org.junit.rules.RunRules.evaluate(RunRules.java:20)
	at org.apache.lucene.tests.util.TestRuleSetupTeardownChained$1.evaluate(TestRuleSetupTeardownChained.java:48)
	at org.apache.lucene.tests.util.AbstractBeforeAfterRule$1.evaluate(AbstractBeforeAfterRule.java:43)
	at org.apache.lucene.tests.util.TestRuleThreadAndTestName$1.evaluate(TestRuleThreadAndTestName.java:45)
	at org.apache.lucene.tests.util.TestRuleIgnoreAfterMaxFailures$1.evaluate(TestRuleIgnoreAfterMaxFailures.java:60)
	at org.apache.lucene.tests.util.TestRuleMarkFailure$1.evaluate(TestRuleMarkFailure.java:44)
	at org.junit.rules.RunRules.evaluate(RunRules.java:20)
	at com.carrotsearch.randomizedtesting.rules.StatementAdapter.evaluate(StatementAdapter.java:36)
	at com.carrotsearch.randomizedtesting.ThreadLeakControl$StatementRunner.run(ThreadLeakControl.java:368)
	at com.carrotsearch.randomizedtesting.ThreadLeakControl.forkTimeoutingTask(ThreadLeakControl.java:817)
	at com.carrotsearch.randomizedtesting.ThreadLeakControl$3.evaluate(ThreadLeakControl.java:468)
	at com.carrotsearch.randomizedtesting.RandomizedRunner.runSingleTest(RandomizedRunner.java:947)
	at com.carrotsearch.randomizedtesting.RandomizedRunner$5.evaluate(RandomizedRunner.java:832)
	at com.carrotsearch.randomizedtesting.RandomizedRunner$6.evaluate(RandomizedRunner.java:883)
	at com.carrotsearch.randomizedtesting.RandomizedRunner$7.evaluate(RandomizedRunner.java:894)
	at org.apache.lucene.tests.util.AbstractBeforeAfterRule$1.evaluate(AbstractBeforeAfterRule.java:43)
	at com.carrotsearch.randomizedtesting.rules.StatementAdapter.evaluate(StatementAdapter.java:36)
	at org.apache.lucene.tests.util.TestRuleStoreClassName$1.evaluate(TestRuleStoreClassName.java:38)
	at com.carrotsearch.randomizedtesting.rules.NoShadowingOrOverridesOnMethodsRule$1.evaluate(NoShadowingOrOverridesOnMethodsRule.java:40)
	at com.carrotsearch.randomizedtesting.rules.NoShadowingOrOverridesOnMethodsRule$1.evaluate(NoShadowingOrOverridesOnMethodsRule.java:40)
	at com.carrotsearch.randomizedtesting.rules.StatementAdapter.evaluate(StatementAdapter.java:36)
	at com.carrotsearch.randomizedtesting.rules.StatementAdapter.evaluate(StatementAdapter.java:36)
	at org.apache.lucene.tests.util.TestRuleAssertionsRequired$1.evaluate(TestRuleAssertionsRequired.java:53)
	at org.apache.lucene.tests.util.AbstractBeforeAfterRule$1.evaluate(AbstractBeforeAfterRule.java:43)
	at org.apache.lucene.tests.util.TestRuleMarkFailure$1.evaluate(TestRuleMarkFailure.java:44)
	at org.apache.lucene.tests.util.TestRuleIgnoreAfterMaxFailures$1.evaluate(TestRuleIgnoreAfterMaxFailures.java:60)
	at org.apache.lucene.tests.util.TestRuleIgnoreTestSuites$1.evaluate(TestRuleIgnoreTestSuites.java:47)
	at org.junit.rules.RunRules.evaluate(RunRules.java:20)
	at com.carrotsearch.randomizedtesting.rules.StatementAdapter.evaluate(StatementAdapter.java:36)
	at com.carrotsearch.randomizedtesting.ThreadLeakControl$StatementRunner.run(ThreadLeakControl.java:368)
	at java.base/java.lang.Thread.run(Thread.java:1583)
</pre>
</span>
</div>
</div>
<div class="tab">
<h2>Tests</h2>
<table>
<thead>
<tr>
<th>Test</th>
<th>Duration</th>
<th>Result</th>
</tr>
</thead>
<tr>
<td class="success">noPushDownForAggOnWindow</td>
<td class="success">0.058s</td>
<td class="success">passed</td>
</tr>
<tr>
<td class="skipped">noPushDownForAggOnWindow</td>
<td class="skipped">-</td>
<td class="skipped">ignored</td>
</tr>
<tr>
<td class="skipped">supportPartialPushDown</td>
<td class="skipped">-</td>
<td class="skipped">ignored</td>
</tr>
<tr>
<td class="skipped">supportPartialPushDown</td>
<td class="skipped">-</td>
<td class="skipped">ignored</td>
</tr>
<tr>
<td class="skipped">supportPartialPushDownScript</td>
<td class="skipped">-</td>
<td class="skipped">ignored</td>
</tr>
<tr>
<td class="skipped">supportPartialPushDownScript</td>
<td class="skipped">-</td>
<td class="skipped">ignored</td>
</tr>
<tr>
<td class="skipped">supportPartialPushDown_NoPushIfAllFailed</td>
<td class="skipped">-</td>
<td class="skipped">ignored</td>
</tr>
<tr>
<td class="skipped">supportPartialPushDown_NoPushIfAllFailed</td>
<td class="skipped">-</td>
<td class="skipped">ignored</td>
</tr>
<tr>
<td class="skipped">supportPushDownScriptOnTextField</td>
<td class="skipped">-</td>
<td class="skipped">ignored</td>
</tr>
<tr>
<td class="success">supportPushDownScriptOnTextField</td>
<td class="success">0.094s</td>
<td class="success">passed</td>
</tr>
<tr>
<td class="success">supportPushDownSortMergeJoin</td>
<td class="success">0.052s</td>
<td class="success">passed</td>
</tr>
<tr>
<td class="success">supportPushDownSortMergeJoin</td>
<td class="success">0.090s</td>
<td class="success">passed</td>
</tr>
<tr>
<td class="success">supportSearchSargPushDown_multiRange</td>
<td class="success">0.063s</td>
<td class="success">passed</td>
</tr>
<tr>
<td class="success">supportSearchSargPushDown_multiRange</td>
<td class="success">0.041s</td>
<td class="success">passed</td>
</tr>
<tr>
<td class="success">supportSearchSargPushDown_singleRange</td>
<td class="success">0.052s</td>
<td class="success">passed</td>
</tr>
<tr>
<td class="success">supportSearchSargPushDown_singleRange</td>
<td class="success">0.039s</td>
<td class="success">passed</td>
</tr>
<tr>
<td class="success">supportSearchSargPushDown_timeRange</td>
<td class="success">0.061s</td>
<td class="success">passed</td>
</tr>
<tr>
<td class="success">supportSearchSargPushDown_timeRange</td>
<td class="success">0.037s</td>
<td class="success">passed</td>
</tr>
<tr>
<td class="success">testCountAggPushDownExplain</td>
<td class="success">0.075s</td>
<td class="success">passed</td>
</tr>
<tr>
<td class="success">testCountAggPushDownExplain</td>
<td class="success">0.036s</td>
<td class="success">passed</td>
</tr>
<tr>
<td class="success">testDedupKeepEmptyFalsePushdown</td>
<td class="success">0.062s</td>
<td class="success">passed</td>
</tr>
<tr>
<td class="success">testDedupKeepEmptyFalsePushdown</td>
<td class="success">0.043s</td>
<td class="success">passed</td>
</tr>
<tr>
<td class="success">testDedupKeepEmptyTruePushdown</td>
<td class="success">0.069s</td>
<td class="success">passed</td>
</tr>
<tr>
<td class="success">testDedupKeepEmptyTruePushdown</td>
<td class="success">0.044s</td>
<td class="success">passed</td>
</tr>
<tr>
<td class="success">testDedupPushdown</td>
<td class="success">0.065s</td>
<td class="success">passed</td>
</tr>
<tr>
<td class="success">testDedupPushdown</td>
<td class="success">0.054s</td>
<td class="success">passed</td>
</tr>
<tr>
<td class="success">testDifferentFilterScriptPushDownBehaviorExplain</td>
<td class="success">0.065s</td>
<td class="success">passed</td>
</tr>
<tr>
<td class="success">testDifferentFilterScriptPushDownBehaviorExplain</td>
<td class="success">0.041s</td>
<td class="success">passed</td>
</tr>
<tr>
<td class="skipped">testEventstatsDistinctCountExplain</td>
<td class="skipped">-</td>
<td class="skipped">ignored</td>
</tr>
<tr>
<td class="success">testEventstatsDistinctCountExplain</td>
<td class="success">0.045s</td>
<td class="success">passed</td>
</tr>
<tr>
<td class="success">testEventstatsDistinctCountFunctionExplain</td>
<td class="success">0.041s</td>
<td class="success">passed</td>
</tr>
<tr>
<td class="skipped">testEventstatsDistinctCountFunctionExplain</td>
<td class="skipped">-</td>
<td class="skipped">ignored</td>
</tr>
<tr>
<td class="success">testExplain</td>
<td class="success">0.081s</td>
<td class="success">passed</td>
</tr>
<tr>
<td class="success">testExplain</td>
<td class="success">0.155s</td>
<td class="success">passed</td>
</tr>
<tr>
<td class="success">testExplainBinWithAligntime</td>
<td class="success">0.043s</td>
<td class="success">passed</td>
</tr>
<tr>
<td class="success">testExplainBinWithAligntime</td>
<td class="success">0.053s</td>
<td class="success">passed</td>
</tr>
<tr>
<td class="success">testExplainBinWithBins</td>
<td class="success">0.055s</td>
<td class="success">passed</td>
</tr>
<tr>
<td class="success">testExplainBinWithBins</td>
<td class="success">0.046s</td>
<td class="success">passed</td>
</tr>
<tr>
<td class="success">testExplainBinWithMinspan</td>
<td class="success">0.068s</td>
<td class="success">passed</td>
</tr>
<tr>
<td class="success">testExplainBinWithMinspan</td>
<td class="success">0.044s</td>
<td class="success">passed</td>
</tr>
<tr>
<td class="success">testExplainBinWithSpan</td>
<td class="success">0.078s</td>
<td class="success">passed</td>
</tr>
<tr>
<td class="success">testExplainBinWithSpan</td>
<td class="success">0.044s</td>
<td class="success">passed</td>
</tr>
<tr>
<td class="success">testExplainBinWithStartEnd</td>
<td class="success">0.054s</td>
<td class="success">passed</td>
</tr>
<tr>
<td class="success">testExplainBinWithStartEnd</td>
<td class="success">0.069s</td>
<td class="success">passed</td>
</tr>
<tr>
<td class="success">testExplainIsBlank</td>
<td class="success">0.053s</td>
<td class="success">passed</td>
</tr>
<tr>
<td class="success">testExplainIsBlank</td>
<td class="success">0.061s</td>
<td class="success">passed</td>
</tr>
<tr>
<td class="success">testExplainIsEmpty</td>
<td class="success">0.068s</td>
<td class="success">passed</td>
</tr>
<tr>
<td class="success">testExplainIsEmpty</td>
<td class="success">0.041s</td>
<td class="success">passed</td>
</tr>
<tr>
<td class="success">testExplainIsEmptyOrOthers</td>
<td class="success">0.061s</td>
<td class="success">passed</td>
</tr>
<tr>
<td class="success">testExplainIsEmptyOrOthers</td>
<td class="success">0.040s</td>
<td class="success">passed</td>
</tr>
<tr>
<td class="success">testExplainIsNullOrOthers</td>
<td class="success">0.576s</td>
<td class="success">passed</td>
</tr>
<tr>
<td class="success">testExplainIsNullOrOthers</td>
<td class="success">0.811s</td>
<td class="success">passed</td>
</tr>
<tr>
<td class="skipped">testExplainModeUnsupportedInV2</td>
<td class="skipped">-</td>
<td class="skipped">ignored</td>
</tr>
<tr>
<td class="skipped">testExplainModeUnsupportedInV2</td>
<td class="skipped">-</td>
<td class="skipped">ignored</td>
</tr>
<tr>
<td class="success">testExplainOnAggregationWithFunction</td>
<td class="success">0.046s</td>
<td class="success">passed</td>
</tr>
<tr>
<td class="success">testExplainOnAggregationWithFunction</td>
<td class="success">0.070s</td>
<td class="success">passed</td>
</tr>
<tr>
<td class="success">testExplainOnAggregationWithSumEnhancement</td>
<td class="success">0.046s</td>
<td class="success">passed</td>
</tr>
<tr>
<td class="success">testExplainOnAggregationWithSumEnhancement</td>
<td class="success">0.091s</td>
<td class="success">passed</td>
</tr>
<tr>
<td class="success">testExplainOnEarliestLatest</td>
<td class="success">0.073s</td>
<td class="success">passed</td>
</tr>
<tr>
<td class="success">testExplainOnEarliestLatest</td>
<td class="success">0.043s</td>
<td class="success">passed</td>
</tr>
<tr>
<td class="success">testExplainOnEarliestLatestWithCustomTimeField</td>
<td class="success">0.052s</td>
<td class="success">passed</td>
</tr>
<tr>
<td class="success">testExplainOnEarliestLatestWithCustomTimeField</td>
<td class="success">0.066s</td>
<td class="success">passed</td>
</tr>
<tr>
<td class="success">testExplainOnPercentile</td>
<td class="success">0.065s</td>
<td class="success">passed</td>
</tr>
<tr>
<td class="success">testExplainOnPercentile</td>
<td class="success">0.037s</td>
<td class="success">passed</td>
</tr>
<tr>
<td class="success">testExplainOnTake</td>
<td class="success">0.036s</td>
<td class="success">passed</td>
</tr>
<tr>
<td class="success">testExplainOnTake</td>
<td class="success">0.128s</td>
<td class="success">passed</td>
</tr>
<tr>
<td class="success">testExplainRegexMatchInEvalWithOutScriptPushdown</td>
<td class="success">0.045s</td>
<td class="success">passed</td>
</tr>
<tr>
<td class="skipped">testExplainRegexMatchInEvalWithOutScriptPushdown</td>
<td class="skipped">-</td>
<td class="skipped">ignored</td>
</tr>
<tr>
<td class="success">testExplainRegexMatchInWhereWithScriptPushdown</td>
<td class="success">0.035s</td>
<td class="success">passed</td>
</tr>
<tr>
<td class="skipped">testExplainRegexMatchInWhereWithScriptPushdown</td>
<td class="skipped">-</td>
<td class="skipped">ignored</td>
</tr>
<tr>
<td class="success">testExplainWithReverse</td>
<td class="success">0.040s</td>
<td class="success">passed</td>
</tr>
<tr>
<td class="success">testExplainWithReverse</td>
<td class="success">0.059s</td>
<td class="success">passed</td>
</tr>
<tr>
<td class="success">testFillNullPushDownExplain</td>
<td class="success">0.041s</td>
<td class="success">passed</td>
</tr>
<tr>
<td class="success">testFillNullPushDownExplain</td>
<td class="success">0.057s</td>
<td class="success">passed</td>
</tr>
<tr>
<td class="success">testFilterAndAggPushDownExplain</td>
<td class="success">0.055s</td>
<td class="success">passed</td>
</tr>
<tr>
<td class="success">testFilterAndAggPushDownExplain</td>
<td class="success">0.111s</td>
<td class="success">passed</td>
</tr>
<tr>
<td class="success">testFilterByCompareIPCoercion</td>
<td class="success">0.065s</td>
<td class="success">passed</td>
</tr>
<tr>
<td class="success">testFilterByCompareIPCoercion</td>
<td class="success">0.036s</td>
<td class="success">passed</td>
</tr>
<tr>
<td class="success">testFilterByCompareIpv6Swapped</td>
<td class="success">0.044s</td>
<td class="success">passed</td>
</tr>
<tr>
<td class="success">testFilterByCompareIpv6Swapped</td>
<td class="success">0.085s</td>
<td class="success">passed</td>
</tr>
<tr>
<td class="success">testFilterByCompareStringDatePushDownExplain</td>
<td class="success">0.057s</td>
<td class="success">passed</td>
</tr>
<tr>
<td class="success">testFilterByCompareStringDatePushDownExplain</td>
<td class="success">0.066s</td>
<td class="success">passed</td>
</tr>
<tr>
<td class="success">testFilterByCompareStringTimePushDownExplain</td>
<td class="success">0.060s</td>
<td class="success">passed</td>
</tr>
<tr>
<td class="success">testFilterByCompareStringTimePushDownExplain</td>
<td class="success">0.081s</td>
<td class="success">passed</td>
</tr>
<tr>
<td class="success">testFilterByCompareStringTimestampPushDownExplain</td>
<td class="success">0.081s</td>
<td class="success">passed</td>
</tr>
<tr>
<td class="success">testFilterByCompareStringTimestampPushDownExplain</td>
<td class="success">0.049s</td>
<td class="success">passed</td>
</tr>
<tr>
<td class="success">testFilterFunctionScriptPushDownExplain</td>
<td class="success">0.082s</td>
<td class="success">passed</td>
</tr>
<tr>
<td class="success">testFilterFunctionScriptPushDownExplain</td>
<td class="success">0.044s</td>
<td class="success">passed</td>
</tr>
<tr>
<td class="success">testFilterPushDownExplain</td>
<td class="success">0.059s</td>
<td class="success">passed</td>
</tr>
<tr>
<td class="success">testFilterPushDownExplain</td>
<td class="success">0.047s</td>
<td class="success">passed</td>
</tr>
<tr>
<td class="success">testFilterScriptPushDownExplain</td>
<td class="success">0.038s</td>
<td class="success">passed</td>
</tr>
<tr>
<td class="success">testFilterScriptPushDownExplain</td>
<td class="success">0.056s</td>
<td class="success">passed</td>
</tr>
<tr>
<td class="success">testKeywordLikeFunctionExplain</td>
<td class="success">0.036s</td>
<td class="success">passed</td>
</tr>
<tr>
<td class="success">testKeywordLikeFunctionExplain</td>
<td class="success">0.073s</td>
<td class="success">passed</td>
</tr>
<tr>
<td class="success">testLimitPushDownExplain</td>
<td class="success">0.046s</td>
<td class="success">passed</td>
</tr>
<tr>
<td class="success">testLimitPushDownExplain</td>
<td class="success">0.058s</td>
<td class="success">passed</td>
</tr>
<tr>
<td class="success">testLimitThenSortExplain</td>
<td class="success">0.055s</td>
<td class="success">passed</td>
</tr>
<tr>
<td class="success">testLimitThenSortExplain</td>
<td class="success">0.037s</td>
<td class="success">passed</td>
</tr>
<tr>
<td class="success">testLimitWithFilterPushdownExplain</td>
<td class="success">0.051s</td>
<td class="success">passed</td>
</tr>
<tr>
<td class="success">testLimitWithFilterPushdownExplain</td>
<td class="success">0.082s</td>
<td class="success">passed</td>
</tr>
<tr>
<td class="success">testLimitWithMultipleOffsetPushdownExplain</td>
<td class="success">0.062s</td>
<td class="success">passed</td>
</tr>
<tr>
<td class="success">testLimitWithMultipleOffsetPushdownExplain</td>
<td class="success">0.034s</td>
<td class="success">passed</td>
</tr>
<tr>
<td class="success">testMultiFieldsRelevanceQueryFunctionExplain</td>
<td class="success">0.058s</td>
<td class="success">passed</td>
</tr>
<tr>
<td class="success">testMultiFieldsRelevanceQueryFunctionExplain</td>
<td class="success">0.039s</td>
<td class="success">passed</td>
</tr>
<tr>
<td class="success">testMultiSortPushDownExplain</td>
<td class="success">0.042s</td>
<td class="success">passed</td>
</tr>
<tr>
<td class="success">testMultiSortPushDownExplain</td>
<td class="success">0.061s</td>
<td class="success">passed</td>
</tr>
<tr>
<td class="success">testMultipleLimitExplain</td>
<td class="success">0.062s</td>
<td class="success">passed</td>
</tr>
<tr>
<td class="success">testMultipleLimitExplain</td>
<td class="success">0.107s</td>
<td class="success">passed</td>
</tr>
<tr>
<td class="success">testPartialPushdownFilterWithIsNull</td>
<td class="success">0.063s</td>
<td class="success">passed</td>
</tr>
<tr>
<td class="success">testPartialPushdownFilterWithIsNull</td>
<td class="success">0.041s</td>
<td class="success">passed</td>
</tr>
<tr>
<td class="success">testPatternsBrainMethodWithAggPushDownExplain</td>
<td class="success">0.076s</td>
<td class="success">passed</td>
</tr>
<tr>
<td class="success">testPatternsBrainMethodWithAggPushDownExplain</td>
<td class="success">0.047s</td>
<td class="success">passed</td>
</tr>
<tr>
<td class="success">testPatternsSimplePatternMethodWithAggPushDownExplain</td>
<td class="success">0.115s</td>
<td class="success">passed</td>
</tr>
<tr>
<td class="success">testPatternsSimplePatternMethodWithAggPushDownExplain</td>
<td class="success">0.050s</td>
<td class="success">passed</td>
</tr>
<tr>
<td class="success">testPatternsSimplePatternMethodWithoutAggExplain</td>
<td class="success">0.053s</td>
<td class="success">passed</td>
</tr>
<tr>
<td class="success">testPatternsSimplePatternMethodWithoutAggExplain</td>
<td class="success">0.057s</td>
<td class="success">passed</td>
</tr>
<tr>
<td class="success">testSingleFieldRelevanceQueryFunctionExplain</td>
<td class="success">0.040s</td>
<td class="success">passed</td>
</tr>
<tr>
<td class="success">testSingleFieldRelevanceQueryFunctionExplain</td>
<td class="success">0.038s</td>
<td class="success">passed</td>
</tr>
<tr>
<td class="success">testSkipScriptEncodingOnExtendedFormat</td>
<td class="success">0.035s</td>
<td class="success">passed</td>
</tr>
<tr>
<td class="skipped">testSkipScriptEncodingOnExtendedFormat</td>
<td class="skipped">-</td>
<td class="skipped">ignored</td>
</tr>
<tr>
<td class="success">testSortPushDownExplain</td>
<td class="success">0.037s</td>
<td class="success">passed</td>
</tr>
<tr>
<td class="success">testSortPushDownExplain</td>
<td class="success">0.063s</td>
<td class="success">passed</td>
</tr>
<tr>
<td class="success">testSortThenAggregatePushDownExplain</td>
<td class="success">0.045s</td>
<td class="success">passed</td>
</tr>
<tr>
<td class="success">testSortThenAggregatePushDownExplain</td>
<td class="success">0.071s</td>
<td class="success">passed</td>
</tr>
<tr>
<td class="success">testSortThenLimitExplain</td>
<td class="success">0.066s</td>
<td class="success">passed</td>
</tr>
<tr>
<td class="success">testSortThenLimitExplain</td>
<td class="success">0.041s</td>
<td class="success">passed</td>
</tr>
<tr>
<td class="success">testSortWithAggregationExplain</td>
<td class="success">0.066s</td>
<td class="success">passed</td>
</tr>
<tr>
<td class="success">testSortWithAggregationExplain</td>
<td class="success">0.042s</td>
<td class="success">passed</td>
</tr>
<tr>
<td class="success">testSortWithCountPushDownExplain</td>
<td class="success">0.038s</td>
<td class="success">passed</td>
</tr>
<tr>
<td class="success">testSortWithCountPushDownExplain</td>
<td class="success">0.057s</td>
<td class="success">passed</td>
</tr>
<tr>
<td class="success">testSortWithDescPushDownExplain</td>
<td class="success">0.040s</td>
<td class="success">passed</td>
</tr>
<tr>
<td class="success">testSortWithDescPushDownExplain</td>
<td class="success">0.063s</td>
<td class="success">passed</td>
</tr>
<tr>
<td class="success">testSortWithRenameExplain</td>
<td class="success">0.035s</td>
<td class="success">passed</td>
</tr>
<tr>
<td class="success">testSortWithRenameExplain</td>
<td class="success">0.054s</td>
<td class="success">passed</td>
</tr>
<tr>
<td class="success">testSortWithTypePushDownExplain</td>
<td class="success">0.057s</td>
<td class="success">passed</td>
</tr>
<tr>
<td class="success">testSortWithTypePushDownExplain</td>
<td class="success">0.042s</td>
<td class="success">passed</td>
</tr>
<tr>
<td class="success">testStatsBySpan</td>
<td class="success">0.040s</td>
<td class="success">passed</td>
</tr>
<tr>
<td class="success">testStatsBySpan</td>
<td class="success">0.054s</td>
<td class="success">passed</td>
</tr>
<tr>
<td class="success">testStatsByTimeSpan</td>
<td class="success">0.078s</td>
<td class="success">passed</td>
</tr>
<tr>
<td class="success">testStatsByTimeSpan</td>
<td class="success">0.057s</td>
<td class="success">passed</td>
</tr>
<tr>
<td class="success">testTextLikeFunctionExplain</td>
<td class="success">0.045s</td>
<td class="success">passed</td>
</tr>
<tr>
<td class="success">testTextLikeFunctionExplain</td>
<td class="success">0.058s</td>
<td class="success">passed</td>
</tr>
<tr>
<td class="success">testTrendlinePushDownExplain</td>
<td class="success">0.071s</td>
<td class="success">passed</td>
</tr>
<tr>
<td class="success">testTrendlinePushDownExplain</td>
<td class="success">0.049s</td>
<td class="success">passed</td>
</tr>
<tr>
<td class="success">testTrendlineWithSortPushDownExplain</td>
<td class="success">0.045s</td>
<td class="success">passed</td>
</tr>
<tr>
<td class="success">testTrendlineWithSortPushDownExplain</td>
<td class="success">0.094s</td>
<td class="success">passed</td>
</tr>
<tr>
<td class="success">testWeekArgumentCoercion</td>
<td class="success">0.038s</td>
<td class="success">passed</td>
</tr>
<tr>
<td class="success">testWeekArgumentCoercion</td>
<td class="success">0.057s</td>
<td class="success">passed</td>
</tr>
</table>
</div>
<div class="tab">
<h2>Standard output</h2>
<span class="code">
<pre>[2025-08-30T01:33:55,471][INFO ][o.o.s.c.r.CalciteExplainIT] [testExplainIsNullOrOthers] before test
[2025-08-30T01:33:55,476][INFO ][o.o.s.c.r.CalciteExplainIT] [testExplainIsNullOrOthers] initializing REST clients against [http://[::1]:41179, http://127.0.0.1:44991]
[2025-08-30T01:33:55,502][INFO ][o.o.s.p.PPLIntegTestCase ] [testExplainIsNullOrOthers] Updating plugins.calcite.pushdown.enabled to false
[2025-08-30T01:33:56,279][INFO ][o.o.s.c.r.CalciteExplainIT] [testExplainIsNullOrOthers] after test
[2025-08-30T01:33:56,282][INFO ][o.o.s.c.r.CalciteExplainIT] [testFilterByCompareStringTimestampPushDownExplain] before test
[2025-08-30T01:33:56,360][INFO ][o.o.s.c.r.CalciteExplainIT] [testFilterByCompareStringTimestampPushDownExplain] after test
[2025-08-30T01:33:56,363][INFO ][o.o.s.c.r.CalciteExplainIT] [testFilterAndAggPushDownExplain] before test
[2025-08-30T01:33:56,471][INFO ][o.o.s.c.r.CalciteExplainIT] [testFilterAndAggPushDownExplain] after test
[2025-08-30T01:33:56,474][INFO ][o.o.s.c.r.CalciteExplainIT] [testLimitWithMultipleOffsetPushdownExplain] before test
[2025-08-30T01:33:56,533][INFO ][o.o.s.c.r.CalciteExplainIT] [testLimitWithMultipleOffsetPushdownExplain] after test
[2025-08-30T01:33:56,536][INFO ][o.o.s.c.r.CalciteExplainIT] [supportSearchSargPushDown_timeRange] before test
[2025-08-30T01:33:56,595][INFO ][o.o.s.c.r.CalciteExplainIT] [supportSearchSargPushDown_timeRange] after test
[2025-08-30T01:33:56,598][INFO ][o.o.s.c.r.CalciteExplainIT] [testExplainOnEarliestLatest] before test
[2025-08-30T01:33:56,667][INFO ][o.o.s.c.r.CalciteExplainIT] [testExplainOnEarliestLatest] after test
[2025-08-30T01:33:56,671][INFO ][o.o.s.c.r.CalciteExplainIT] [testFilterFunctionScriptPushDownExplain] before test
[2025-08-30T01:33:56,749][INFO ][o.o.s.c.r.CalciteExplainIT] [testFilterFunctionScriptPushDownExplain] after test
[2025-08-30T01:33:56,751][INFO ][o.o.s.c.r.CalciteExplainIT] [testFillNullPushDownExplain] before test
[2025-08-30T01:33:56,806][INFO ][o.o.s.c.r.CalciteExplainIT] [testFillNullPushDownExplain] after test
[2025-08-30T01:33:56,809][INFO ][o.o.s.c.r.CalciteExplainIT] [supportSearchSargPushDown_multiRange] before test
[2025-08-30T01:33:56,869][INFO ][o.o.s.c.r.CalciteExplainIT] [supportSearchSargPushDown_multiRange] after test
[2025-08-30T01:33:56,871][INFO ][o.o.s.c.r.CalciteExplainIT] [testDedupKeepEmptyFalsePushdown] before test
[2025-08-30T01:33:56,932][INFO ][o.o.s.c.r.CalciteExplainIT] [testDedupKeepEmptyFalsePushdown] after test
[2025-08-30T01:33:56,934][INFO ][o.o.s.c.r.CalciteExplainIT] [supportSearchSargPushDown_singleRange] before test
[2025-08-30T01:33:56,985][INFO ][o.o.s.c.r.CalciteExplainIT] [supportSearchSargPushDown_singleRange] after test
[2025-08-30T01:33:56,987][INFO ][o.o.s.c.r.CalciteExplainIT] [testFilterByCompareIpv6Swapped] before test
[2025-08-30T01:33:57,069][INFO ][o.o.s.c.r.CalciteExplainIT] [testFilterByCompareIpv6Swapped] after test
[2025-08-30T01:33:57,071][INFO ][o.o.s.c.r.CalciteExplainIT] [testDedupKeepEmptyTruePushdown] before test
[2025-08-30T01:33:57,138][INFO ][o.o.s.c.r.CalciteExplainIT] [testDedupKeepEmptyTruePushdown] after test
[2025-08-30T01:33:57,141][INFO ][o.o.s.c.r.CalciteExplainIT] [testCountAggPushDownExplain] before test
[2025-08-30T01:33:57,213][INFO ][o.o.s.c.r.CalciteExplainIT] [testCountAggPushDownExplain] after test
[2025-08-30T01:33:57,216][INFO ][o.o.s.c.r.CalciteExplainIT] [testSortPushDownExplain] before test
[2025-08-30T01:33:57,276][INFO ][o.o.s.c.r.CalciteExplainIT] [testSortPushDownExplain] after test
[2025-08-30T01:33:57,279][INFO ][o.o.s.c.r.CalciteExplainIT] [testExplainOnEarliestLatestWithCustomTimeField] before test
[2025-08-30T01:33:57,342][INFO ][o.o.s.c.r.CalciteExplainIT] [testExplainOnEarliestLatestWithCustomTimeField] after test
[2025-08-30T01:33:57,344][INFO ][o.o.s.c.r.CalciteExplainIT] [testFilterScriptPushDownExplain] before test
[2025-08-30T01:33:57,398][INFO ][o.o.s.c.r.CalciteExplainIT] [testFilterScriptPushDownExplain] after test
[2025-08-30T01:33:57,401][INFO ][o.o.s.c.r.CalciteExplainIT] [testExplainWithReverse] before test
[2025-08-30T01:33:57,458][INFO ][o.o.s.c.r.CalciteExplainIT] [testExplainWithReverse] after test
[2025-08-30T01:33:57,461][INFO ][o.o.s.c.r.CalciteExplainIT] [testSortWithDescPushDownExplain] before test
[2025-08-30T01:33:57,521][INFO ][o.o.s.c.r.CalciteExplainIT] [testSortWithDescPushDownExplain] after test
[2025-08-30T01:33:57,524][INFO ][o.o.s.c.r.CalciteExplainIT] [testExplainBinWithAligntime] before test
[2025-08-30T01:33:57,575][INFO ][o.o.s.c.r.CalciteExplainIT] [testExplainBinWithAligntime] after test
[2025-08-30T01:33:57,577][INFO ][o.o.s.c.r.CalciteExplainIT] [testEventstatsDistinctCountExplain] before test
[2025-08-30T01:33:57,613][INFO ][o.o.s.c.r.CalciteExplainIT] [testEventstatsDistinctCountExplain] after test
[2025-08-30T01:33:57,621][INFO ][o.o.s.c.r.CalciteExplainIT] [testPatternsSimplePatternMethodWithAggPushDownExplain] before test
[2025-08-30T01:33:57,733][INFO ][o.o.s.c.r.CalciteExplainIT] [testPatternsSimplePatternMethodWithAggPushDownExplain] after test
[2025-08-30T01:33:57,736][INFO ][o.o.s.c.r.CalciteExplainIT] [testStatsByTimeSpan] before test
[2025-08-30T01:33:57,811][INFO ][o.o.s.c.r.CalciteExplainIT] [testStatsByTimeSpan] after test
[2025-08-30T01:33:57,814][INFO ][o.o.s.c.r.CalciteExplainIT] [testLimitPushDownExplain] before test
[2025-08-30T01:33:57,869][INFO ][o.o.s.c.r.CalciteExplainIT] [testLimitPushDownExplain] after test
[2025-08-30T01:33:57,872][INFO ][o.o.s.c.r.CalciteExplainIT] [testStatsBySpan] before test
[2025-08-30T01:33:57,925][INFO ][o.o.s.c.r.CalciteExplainIT] [testStatsBySpan] after test
[2025-08-30T01:33:57,927][INFO ][o.o.s.c.r.CalciteExplainIT] [testLimitThenSortExplain] before test
[2025-08-30T01:33:57,981][INFO ][o.o.s.c.r.CalciteExplainIT] [testLimitThenSortExplain] after test
[2025-08-30T01:33:57,985][INFO ][o.o.s.c.r.CalciteExplainIT] [testExplainBinWithSpan] before test
[2025-08-30T01:33:58,059][INFO ][o.o.s.c.r.CalciteExplainIT] [testExplainBinWithSpan] after test
[2025-08-30T01:33:58,061][INFO ][o.o.s.c.r.CalciteExplainIT] [testEventstatsDistinctCountFunctionExplain] before test
[2025-08-30T01:33:58,099][INFO ][o.o.s.c.r.CalciteExplainIT] [testEventstatsDistinctCountFunctionExplain] after test
[2025-08-30T01:33:58,102][INFO ][o.o.s.c.r.CalciteExplainIT] [testExplainOnTake] before test
[2025-08-30T01:33:58,227][INFO ][o.o.s.c.r.CalciteExplainIT] [testExplainOnTake] after test
[2025-08-30T01:33:58,229][INFO ][o.o.s.c.r.CalciteExplainIT] [testExplainBinWithMinspan] before test
[2025-08-30T01:33:58,294][INFO ][o.o.s.c.r.CalciteExplainIT] [testExplainBinWithMinspan] after test
[2025-08-30T01:33:58,309][INFO ][o.o.s.c.r.CalciteExplainIT] [testSortThenLimitExplain] before test
[2025-08-30T01:33:58,361][INFO ][o.o.s.c.r.CalciteExplainIT] [testSortThenLimitExplain] after test
[2025-08-30T01:33:58,365][INFO ][o.o.s.c.r.CalciteExplainIT] [testTrendlineWithSortPushDownExplain] before test
[2025-08-30T01:33:58,456][INFO ][o.o.s.c.r.CalciteExplainIT] [testTrendlineWithSortPushDownExplain] after test
[2025-08-30T01:33:58,458][INFO ][o.o.s.c.r.CalciteExplainIT] [testExplainOnAggregationWithSumEnhancement] before test
[2025-08-30T01:33:58,547][INFO ][o.o.s.c.r.CalciteExplainIT] [testExplainOnAggregationWithSumEnhancement] after test
[2025-08-30T01:33:58,550][INFO ][o.o.s.c.r.CalciteExplainIT] [noPushDownForAggOnWindow] before test
[2025-08-30T01:33:58,595][INFO ][o.o.s.c.r.CalciteExplainIT] [noPushDownForAggOnWindow] after test
[2025-08-30T01:33:58,599][INFO ][o.o.s.c.r.CalciteExplainIT] [testExplainIsEmpty] before test
[2025-08-30T01:33:58,664][INFO ][o.o.s.c.r.CalciteExplainIT] [testExplainIsEmpty] after test
[2025-08-30T01:33:58,666][INFO ][o.o.s.c.r.CalciteExplainIT] [testExplainOnAggregationWithFunction] before test
[2025-08-30T01:33:58,734][INFO ][o.o.s.c.r.CalciteExplainIT] [testExplainOnAggregationWithFunction] after test
[2025-08-30T01:33:58,736][INFO ][o.o.s.c.r.CalciteExplainIT] [testSortWithRenameExplain] before test
[2025-08-30T01:33:58,788][INFO ][o.o.s.c.r.CalciteExplainIT] [testSortWithRenameExplain] after test
[2025-08-30T01:33:58,790][INFO ][o.o.s.c.r.CalciteExplainIT] [testExplainBinWithBins] before test
[2025-08-30T01:33:58,843][INFO ][o.o.s.c.r.CalciteExplainIT] [testExplainBinWithBins] after test
[2025-08-30T01:33:58,845][INFO ][o.o.s.c.r.CalciteExplainIT] [testSortThenAggregatePushDownExplain] before test
[2025-08-30T01:33:58,914][INFO ][o.o.s.c.r.CalciteExplainIT] [testSortThenAggregatePushDownExplain] after test
[2025-08-30T01:33:58,917][INFO ][o.o.s.c.r.CalciteExplainIT] [testKeywordLikeFunctionExplain] before test
[2025-08-30T01:33:58,987][INFO ][o.o.s.c.r.CalciteExplainIT] [testKeywordLikeFunctionExplain] after test
[2025-08-30T01:33:58,990][INFO ][o.o.s.c.r.CalciteExplainIT] [testFilterByCompareStringTimePushDownExplain] before test
[2025-08-30T01:33:59,069][INFO ][o.o.s.c.r.CalciteExplainIT] [testFilterByCompareStringTimePushDownExplain] after test
[2025-08-30T01:33:59,071][INFO ][o.o.s.c.r.CalciteExplainIT] [testTextLikeFunctionExplain] before test
[2025-08-30T01:33:59,127][INFO ][o.o.s.c.r.CalciteExplainIT] [testTextLikeFunctionExplain] after test
[2025-08-30T01:33:59,129][INFO ][o.o.s.c.r.CalciteExplainIT] [testFilterByCompareStringDatePushDownExplain] before test
[2025-08-30T01:33:59,193][INFO ][o.o.s.c.r.CalciteExplainIT] [testFilterByCompareStringDatePushDownExplain] after test
[2025-08-30T01:33:59,196][INFO ][o.o.s.c.r.CalciteExplainIT] [testSingleFieldRelevanceQueryFunctionExplain] before test
[2025-08-30T01:33:59,233][INFO ][o.o.s.c.r.CalciteExplainIT] [testSingleFieldRelevanceQueryFunctionExplain] after test
[2025-08-30T01:33:59,236][INFO ][o.o.s.c.r.CalciteExplainIT] [testFilterByCompareIPCoercion] before test
[2025-08-30T01:33:59,299][INFO ][o.o.s.c.r.CalciteExplainIT] [testFilterByCompareIPCoercion] after test
[2025-08-30T01:33:59,302][INFO ][o.o.s.c.r.CalciteExplainIT] [testSortWithCountPushDownExplain] before test
[2025-08-30T01:33:59,356][INFO ][o.o.s.c.r.CalciteExplainIT] [testSortWithCountPushDownExplain] after test
[2025-08-30T01:33:59,358][INFO ][o.o.s.c.r.CalciteExplainIT] [testSortWithTypePushDownExplain] before test
[2025-08-30T01:33:59,413][INFO ][o.o.s.c.r.CalciteExplainIT] [testSortWithTypePushDownExplain] after test
[2025-08-30T01:33:59,415][INFO ][o.o.s.c.r.CalciteExplainIT] [testSortWithAggregationExplain] before test
[2025-08-30T01:33:59,479][INFO ][o.o.s.c.r.CalciteExplainIT] [testSortWithAggregationExplain] after test
[2025-08-30T01:33:59,481][INFO ][o.o.s.c.r.CalciteExplainIT] [testPatternsSimplePatternMethodWithoutAggExplain] before test
[2025-08-30T01:33:59,532][INFO ][o.o.s.c.r.CalciteExplainIT] [testPatternsSimplePatternMethodWithoutAggExplain] after test
[2025-08-30T01:33:59,534][INFO ][o.o.s.c.r.CalciteExplainIT] [testDedupPushdown] before test
[2025-08-30T01:33:59,597][INFO ][o.o.s.c.r.CalciteExplainIT] [testDedupPushdown] after test
[2025-08-30T01:33:59,599][INFO ][o.o.s.c.r.CalciteExplainIT] [testExplainBinWithStartEnd] before test
[2025-08-30T01:33:59,666][INFO ][o.o.s.c.r.CalciteExplainIT] [testExplainBinWithStartEnd] after test
[2025-08-30T01:33:59,669][INFO ][o.o.s.c.r.CalciteExplainIT] [testExplainRegexMatchInEvalWithOutScriptPushdown] before test
[2025-08-30T01:33:59,714][INFO ][o.o.s.c.r.CalciteExplainIT] [testExplainRegexMatchInEvalWithOutScriptPushdown] after test
[2025-08-30T01:33:59,717][INFO ][o.o.s.c.r.CalciteExplainIT] [supportPushDownScriptOnTextField] before test
[2025-08-30T01:33:59,771][INFO ][o.o.s.c.r.CalciteExplainIT] [supportPushDownScriptOnTextField] after test
[2025-08-30T01:33:59,774][INFO ][o.o.s.c.r.CalciteExplainIT] [testExplainOnPercentile] before test
[2025-08-30T01:33:59,837][INFO ][o.o.s.c.r.CalciteExplainIT] [testExplainOnPercentile] after test
[2025-08-30T01:33:59,840][INFO ][o.o.s.c.r.CalciteExplainIT] [testFilterPushDownExplain] before test
[2025-08-30T01:33:59,897][INFO ][o.o.s.c.r.CalciteExplainIT] [testFilterPushDownExplain] after test
[2025-08-30T01:33:59,899][INFO ][o.o.s.c.r.CalciteExplainIT] [testExplainIsBlank] before test
[2025-08-30T01:33:59,958][INFO ][o.o.s.c.r.CalciteExplainIT] [testExplainIsBlank] after test
[2025-08-30T01:33:59,961][INFO ][o.o.s.c.r.CalciteExplainIT] [testDifferentFilterScriptPushDownBehaviorExplain] before test
[2025-08-30T01:34:00,023][INFO ][o.o.s.c.r.CalciteExplainIT] [testDifferentFilterScriptPushDownBehaviorExplain] after test
[2025-08-30T01:34:00,025][INFO ][o.o.s.c.r.CalciteExplainIT] [testWeekArgumentCoercion] before test
[2025-08-30T01:34:00,080][INFO ][o.o.s.c.r.CalciteExplainIT] [testWeekArgumentCoercion] after test
[2025-08-30T01:34:00,083][INFO ][o.o.s.c.r.CalciteExplainIT] [testExplain] before test
[2025-08-30T01:34:00,235][INFO ][o.o.s.c.r.CalciteExplainIT] [testExplain] after test
[2025-08-30T01:34:00,238][INFO ][o.o.s.c.r.CalciteExplainIT] [testMultipleLimitExplain] before test
[2025-08-30T01:34:00,342][INFO ][o.o.s.c.r.CalciteExplainIT] [testMultipleLimitExplain] after test
[2025-08-30T01:34:00,345][INFO ][o.o.s.c.r.CalciteExplainIT] [testPatternsBrainMethodWithAggPushDownExplain] before test
[2025-08-30T01:34:00,418][INFO ][o.o.s.c.r.CalciteExplainIT] [testPatternsBrainMethodWithAggPushDownExplain] after test
[2025-08-30T01:34:00,421][INFO ][o.o.s.c.r.CalciteExplainIT] [testTrendlinePushDownExplain] before test
[2025-08-30T01:34:00,490][INFO ][o.o.s.c.r.CalciteExplainIT] [testTrendlinePushDownExplain] after test
[2025-08-30T01:34:00,492][INFO ][o.o.s.c.r.CalciteExplainIT] [testPartialPushdownFilterWithIsNull] before test
[2025-08-30T01:34:00,553][INFO ][o.o.s.c.r.CalciteExplainIT] [testPartialPushdownFilterWithIsNull] after test
[2025-08-30T01:34:00,555][INFO ][o.o.s.c.r.CalciteExplainIT] [testExplainRegexMatchInWhereWithScriptPushdown] before test
[2025-08-30T01:34:00,592][INFO ][o.o.s.c.r.CalciteExplainIT] [testExplainRegexMatchInWhereWithScriptPushdown] after test
[2025-08-30T01:34:00,595][INFO ][o.o.s.c.r.CalciteExplainIT] [testExplainIsEmptyOrOthers] before test
[2025-08-30T01:34:00,653][INFO ][o.o.s.c.r.CalciteExplainIT] [testExplainIsEmptyOrOthers] after test
[2025-08-30T01:34:00,656][INFO ][o.o.s.c.r.CalciteExplainIT] [testLimitWithFilterPushdownExplain] before test
[2025-08-30T01:34:00,734][INFO ][o.o.s.c.r.CalciteExplainIT] [testLimitWithFilterPushdownExplain] after test
[2025-08-30T01:34:00,737][INFO ][o.o.s.c.r.CalciteExplainIT] [supportPushDownSortMergeJoin] before test
[2025-08-30T01:34:00,825][INFO ][o.o.s.c.r.CalciteExplainIT] [supportPushDownSortMergeJoin] after test
[2025-08-30T01:34:00,827][INFO ][o.o.s.c.r.CalciteExplainIT] [testMultiFieldsRelevanceQueryFunctionExplain] before test
[2025-08-30T01:34:00,864][INFO ][o.o.s.c.r.CalciteExplainIT] [testMultiFieldsRelevanceQueryFunctionExplain] after test
[2025-08-30T01:34:00,866][INFO ][o.o.s.c.r.CalciteExplainIT] [testMultiSortPushDownExplain] before test
[2025-08-30T01:34:00,924][INFO ][o.o.s.c.r.CalciteExplainIT] [testMultiSortPushDownExplain] after test
[2025-08-30T01:34:00,927][INFO ][o.o.s.c.r.CalciteExplainIT] [testSkipScriptEncodingOnExtendedFormat] before test
[2025-08-30T01:34:00,969][INFO ][o.o.s.c.r.CalciteExplainIT] [testSkipScriptEncodingOnExtendedFormat] after test
[2025-08-30T01:36:24,418][INFO ][o.o.s.c.r.CalciteExplainIT] [testExplainIsNullOrOthers] before test
[2025-08-30T01:36:24,418][INFO ][o.o.s.c.r.CalciteExplainIT] [testExplainIsNullOrOthers] initializing REST clients against [http://[::1]:41179, http://127.0.0.1:44991]
[2025-08-30T01:36:24,992][INFO ][o.o.s.c.r.CalciteExplainIT] [testExplainIsNullOrOthers] after test
[2025-08-30T01:36:24,994][INFO ][o.o.s.c.r.CalciteExplainIT] [testFilterByCompareStringTimestampPushDownExplain] before test
[2025-08-30T01:36:25,041][INFO ][o.o.s.c.r.CalciteExplainIT] [testFilterByCompareStringTimestampPushDownExplain] after test
[2025-08-30T01:36:25,044][INFO ][o.o.s.c.r.CalciteExplainIT] [testFilterAndAggPushDownExplain] before test
[2025-08-30T01:36:25,098][INFO ][o.o.s.c.r.CalciteExplainIT] [testFilterAndAggPushDownExplain] after test
[2025-08-30T01:36:25,100][INFO ][o.o.s.c.r.CalciteExplainIT] [testLimitWithMultipleOffsetPushdownExplain] before test
[2025-08-30T01:36:25,133][INFO ][o.o.s.c.r.CalciteExplainIT] [testLimitWithMultipleOffsetPushdownExplain] after test
[2025-08-30T01:36:25,134][INFO ][o.o.s.c.r.CalciteExplainIT] [supportSearchSargPushDown_timeRange] before test
[2025-08-30T01:36:25,170][INFO ][o.o.s.c.r.CalciteExplainIT] [supportSearchSargPushDown_timeRange] after test
[2025-08-30T01:36:25,172][INFO ][o.o.s.c.r.CalciteExplainIT] [testExplainOnEarliestLatest] before test
[2025-08-30T01:36:25,213][INFO ][o.o.s.c.r.CalciteExplainIT] [testExplainOnEarliestLatest] after test
[2025-08-30T01:36:25,215][INFO ][o.o.s.c.r.CalciteExplainIT] [testFilterFunctionScriptPushDownExplain] before test
[2025-08-30T01:36:25,257][INFO ][o.o.s.c.r.CalciteExplainIT] [testFilterFunctionScriptPushDownExplain] after test
[2025-08-30T01:36:25,259][INFO ][o.o.s.c.r.CalciteExplainIT] [testFillNullPushDownExplain] before test
[2025-08-30T01:36:25,300][INFO ][o.o.s.c.r.CalciteExplainIT] [testFillNullPushDownExplain] after test
[2025-08-30T01:36:25,301][INFO ][o.o.s.c.r.CalciteExplainIT] [supportSearchSargPushDown_multiRange] before test
[2025-08-30T01:36:25,341][INFO ][o.o.s.c.r.CalciteExplainIT] [supportSearchSargPushDown_multiRange] after test
[2025-08-30T01:36:25,342][INFO ][o.o.s.c.r.CalciteExplainIT] [testDedupKeepEmptyFalsePushdown] before test
[2025-08-30T01:36:25,384][INFO ][o.o.s.c.r.CalciteExplainIT] [testDedupKeepEmptyFalsePushdown] after test
[2025-08-30T01:36:25,386][INFO ][o.o.s.c.r.CalciteExplainIT] [supportSearchSargPushDown_singleRange] before test
[2025-08-30T01:36:25,423][INFO ][o.o.s.c.r.CalciteExplainIT] [supportSearchSargPushDown_singleRange] after test
[2025-08-30T01:36:25,425][INFO ][o.o.s.c.r.CalciteExplainIT] [testFilterByCompareIpv6Swapped] before test
[2025-08-30T01:36:25,467][INFO ][o.o.s.c.r.CalciteExplainIT] [testFilterByCompareIpv6Swapped] after test
[2025-08-30T01:36:25,469][INFO ][o.o.s.c.r.CalciteExplainIT] [testDedupKeepEmptyTruePushdown] before test
[2025-08-30T01:36:25,511][INFO ][o.o.s.c.r.CalciteExplainIT] [testDedupKeepEmptyTruePushdown] after test
[2025-08-30T01:36:25,513][INFO ][o.o.s.c.r.CalciteExplainIT] [testCountAggPushDownExplain] before test
[2025-08-30T01:36:25,547][INFO ][o.o.s.c.r.CalciteExplainIT] [testCountAggPushDownExplain] after test
[2025-08-30T01:36:25,549][INFO ][o.o.s.c.r.CalciteExplainIT] [testSortPushDownExplain] before test
[2025-08-30T01:36:25,584][INFO ][o.o.s.c.r.CalciteExplainIT] [testSortPushDownExplain] after test
[2025-08-30T01:36:25,586][INFO ][o.o.s.c.r.CalciteExplainIT] [testExplainOnEarliestLatestWithCustomTimeField] before test
[2025-08-30T01:36:25,636][INFO ][o.o.s.c.r.CalciteExplainIT] [testExplainOnEarliestLatestWithCustomTimeField] after test
[2025-08-30T01:36:25,638][INFO ][o.o.s.c.r.CalciteExplainIT] [testFilterScriptPushDownExplain] before test
[2025-08-30T01:36:25,674][INFO ][o.o.s.c.r.CalciteExplainIT] [testFilterScriptPushDownExplain] after test
[2025-08-30T01:36:25,675][INFO ][o.o.s.c.r.CalciteExplainIT] [testExplainWithReverse] before test
[2025-08-30T01:36:25,714][INFO ][o.o.s.c.r.CalciteExplainIT] [testExplainWithReverse] after test
[2025-08-30T01:36:25,717][INFO ][o.o.s.c.r.CalciteExplainIT] [testSortWithDescPushDownExplain] before test
[2025-08-30T01:36:25,754][INFO ][o.o.s.c.r.CalciteExplainIT] [testSortWithDescPushDownExplain] after test
[2025-08-30T01:36:25,756][INFO ][o.o.s.c.r.CalciteExplainIT] [testExplainBinWithAligntime] before test
[2025-08-30T01:36:25,798][INFO ][o.o.s.c.r.CalciteExplainIT] [testExplainBinWithAligntime] after test
[2025-08-30T01:36:25,800][INFO ][o.o.s.c.r.CalciteExplainIT] [testEventstatsDistinctCountExplain] before test
[2025-08-30T01:36:25,844][INFO ][o.o.s.c.r.CalciteExplainIT] [testEventstatsDistinctCountExplain] after test
[2025-08-30T01:36:25,846][INFO ][o.o.s.c.r.CalciteExplainIT] [testPatternsSimplePatternMethodWithAggPushDownExplain] before test
[2025-08-30T01:36:25,895][INFO ][o.o.s.c.r.CalciteExplainIT] [testPatternsSimplePatternMethodWithAggPushDownExplain] after test
[2025-08-30T01:36:25,897][INFO ][o.o.s.c.r.CalciteExplainIT] [testStatsByTimeSpan] before test
[2025-08-30T01:36:25,952][INFO ][o.o.s.c.r.CalciteExplainIT] [testStatsByTimeSpan] after test
[2025-08-30T01:36:25,955][INFO ][o.o.s.c.r.CalciteExplainIT] [testLimitPushDownExplain] before test
[2025-08-30T01:36:25,999][INFO ][o.o.s.c.r.CalciteExplainIT] [testLimitPushDownExplain] after test
[2025-08-30T01:36:26,001][INFO ][o.o.s.c.r.CalciteExplainIT] [testStatsBySpan] before test
[2025-08-30T01:36:26,040][INFO ][o.o.s.c.r.CalciteExplainIT] [testStatsBySpan] after test
[2025-08-30T01:36:26,042][INFO ][o.o.s.c.r.CalciteExplainIT] [testLimitThenSortExplain] before test
[2025-08-30T01:36:26,077][INFO ][o.o.s.c.r.CalciteExplainIT] [testLimitThenSortExplain] after test
[2025-08-30T01:36:26,078][INFO ][o.o.s.c.r.CalciteExplainIT] [testExplainBinWithSpan] before test
[2025-08-30T01:36:26,121][INFO ][o.o.s.c.r.CalciteExplainIT] [testExplainBinWithSpan] after test
[2025-08-30T01:36:26,123][INFO ][o.o.s.c.r.CalciteExplainIT] [testEventstatsDistinctCountFunctionExplain] before test
[2025-08-30T01:36:26,162][INFO ][o.o.s.c.r.CalciteExplainIT] [testEventstatsDistinctCountFunctionExplain] after test
[2025-08-30T01:36:26,164][INFO ][o.o.s.c.r.CalciteExplainIT] [testExplainOnTake] before test
[2025-08-30T01:36:26,198][INFO ][o.o.s.c.r.CalciteExplainIT] [testExplainOnTake] after test
[2025-08-30T01:36:26,200][INFO ][o.o.s.c.r.CalciteExplainIT] [testExplainBinWithMinspan] before test
[2025-08-30T01:36:26,243][INFO ][o.o.s.c.r.CalciteExplainIT] [testExplainBinWithMinspan] after test
[2025-08-30T01:36:26,245][INFO ][o.o.s.c.r.CalciteExplainIT] [testSortThenLimitExplain] before test
[2025-08-30T01:36:26,284][INFO ][o.o.s.c.r.CalciteExplainIT] [testSortThenLimitExplain] after test
[2025-08-30T01:36:26,286][INFO ][o.o.s.c.r.CalciteExplainIT] [testTrendlineWithSortPushDownExplain] before test
[2025-08-30T01:36:26,330][INFO ][o.o.s.c.r.CalciteExplainIT] [testTrendlineWithSortPushDownExplain] after test
[2025-08-30T01:36:26,332][INFO ][o.o.s.c.r.CalciteExplainIT] [testExplainOnAggregationWithSumEnhancement] before test
[2025-08-30T01:36:26,376][INFO ][o.o.s.c.r.CalciteExplainIT] [testExplainOnAggregationWithSumEnhancement] after test
[2025-08-30T01:36:26,378][INFO ][o.o.s.c.r.CalciteExplainIT] [noPushDownForAggOnWindow] before test
[2025-08-30T01:36:26,435][INFO ][o.o.s.c.r.CalciteExplainIT] [noPushDownForAggOnWindow] after test
[2025-08-30T01:36:26,437][INFO ][o.o.s.c.r.CalciteExplainIT] [testExplainIsEmpty] before test
[2025-08-30T01:36:26,476][INFO ][o.o.s.c.r.CalciteExplainIT] [testExplainIsEmpty] after test
[2025-08-30T01:36:26,478][INFO ][o.o.s.c.r.CalciteExplainIT] [testExplainOnAggregationWithFunction] before test
[2025-08-30T01:36:26,521][INFO ][o.o.s.c.r.CalciteExplainIT] [testExplainOnAggregationWithFunction] after test
[2025-08-30T01:36:26,523][INFO ][o.o.s.c.r.CalciteExplainIT] [testSortWithRenameExplain] before test
[2025-08-30T01:36:26,557][INFO ][o.o.s.c.r.CalciteExplainIT] [testSortWithRenameExplain] after test
[2025-08-30T01:36:26,558][INFO ][o.o.s.c.r.CalciteExplainIT] [testExplainBinWithBins] before test
[2025-08-30T01:36:26,603][INFO ][o.o.s.c.r.CalciteExplainIT] [testExplainBinWithBins] after test
[2025-08-30T01:36:26,605][INFO ][o.o.s.c.r.CalciteExplainIT] [testSortThenAggregatePushDownExplain] before test
[2025-08-30T01:36:26,648][INFO ][o.o.s.c.r.CalciteExplainIT] [testSortThenAggregatePushDownExplain] after test
[2025-08-30T01:36:26,650][INFO ][o.o.s.c.r.CalciteExplainIT] [testKeywordLikeFunctionExplain] before test
[2025-08-30T01:36:26,684][INFO ][o.o.s.c.r.CalciteExplainIT] [testKeywordLikeFunctionExplain] after test
[2025-08-30T01:36:26,686][INFO ][o.o.s.c.r.CalciteExplainIT] [testFilterByCompareStringTimePushDownExplain] before test
[2025-08-30T01:36:26,744][INFO ][o.o.s.c.r.CalciteExplainIT] [testFilterByCompareStringTimePushDownExplain] after test
[2025-08-30T01:36:26,746][INFO ][o.o.s.c.r.CalciteExplainIT] [testTextLikeFunctionExplain] before test
[2025-08-30T01:36:26,789][INFO ][o.o.s.c.r.CalciteExplainIT] [testTextLikeFunctionExplain] after test
[2025-08-30T01:36:26,792][INFO ][o.o.s.c.r.CalciteExplainIT] [testFilterByCompareStringDatePushDownExplain] before test
[2025-08-30T01:36:26,846][INFO ][o.o.s.c.r.CalciteExplainIT] [testFilterByCompareStringDatePushDownExplain] after test
[2025-08-30T01:36:26,848][INFO ][o.o.s.c.r.CalciteExplainIT] [testSingleFieldRelevanceQueryFunctionExplain] before test
[2025-08-30T01:36:26,884][INFO ][o.o.s.c.r.CalciteExplainIT] [testSingleFieldRelevanceQueryFunctionExplain] after test
[2025-08-30T01:36:26,886][INFO ][o.o.s.c.r.CalciteExplainIT] [testFilterByCompareIPCoercion] before test
[2025-08-30T01:36:26,919][INFO ][o.o.s.c.r.CalciteExplainIT] [testFilterByCompareIPCoercion] after test
[2025-08-30T01:36:26,921][INFO ][o.o.s.c.r.CalciteExplainIT] [testSortWithCountPushDownExplain] before test
[2025-08-30T01:36:26,958][INFO ][o.o.s.c.r.CalciteExplainIT] [testSortWithCountPushDownExplain] after test
[2025-08-30T01:36:26,959][INFO ][o.o.s.c.r.CalciteExplainIT] [testSortWithTypePushDownExplain] before test
[2025-08-30T01:36:27,000][INFO ][o.o.s.c.r.CalciteExplainIT] [testSortWithTypePushDownExplain] after test
[2025-08-30T01:36:27,002][INFO ][o.o.s.c.r.CalciteExplainIT] [testSortWithAggregationExplain] before test
[2025-08-30T01:36:27,042][INFO ][o.o.s.c.r.CalciteExplainIT] [testSortWithAggregationExplain] after test
[2025-08-30T01:36:27,044][INFO ][o.o.s.c.r.CalciteExplainIT] [testPatternsSimplePatternMethodWithoutAggExplain] before test
[2025-08-30T01:36:27,099][INFO ][o.o.s.c.r.CalciteExplainIT] [testPatternsSimplePatternMethodWithoutAggExplain] after test
[2025-08-30T01:36:27,101][INFO ][o.o.s.c.r.CalciteExplainIT] [testDedupPushdown] before test
[2025-08-30T01:36:27,153][INFO ][o.o.s.c.r.CalciteExplainIT] [testDedupPushdown] after test
[2025-08-30T01:36:27,155][INFO ][o.o.s.c.r.CalciteExplainIT] [testExplainBinWithStartEnd] before test
[2025-08-30T01:36:27,207][INFO ][o.o.s.c.r.CalciteExplainIT] [testExplainBinWithStartEnd] after test
[2025-08-30T01:36:27,209][INFO ][o.o.s.c.r.CalciteExplainIT] [testExplainRegexMatchInEvalWithOutScriptPushdown] before test
[2025-08-30T01:36:27,252][INFO ][o.o.s.c.r.CalciteExplainIT] [testExplainRegexMatchInEvalWithOutScriptPushdown] after test
[2025-08-30T01:36:27,254][INFO ][o.o.s.c.r.CalciteExplainIT] [supportPushDownScriptOnTextField] before test
[2025-08-30T01:36:27,346][INFO ][o.o.s.c.r.CalciteExplainIT] [supportPushDownScriptOnTextField] after test
[2025-08-30T01:36:27,348][INFO ][o.o.s.c.r.CalciteExplainIT] [testExplainOnPercentile] before test
[2025-08-30T01:36:27,383][INFO ][o.o.s.c.r.CalciteExplainIT] [testExplainOnPercentile] after test
[2025-08-30T01:36:27,385][INFO ][o.o.s.c.r.CalciteExplainIT] [testFilterPushDownExplain] before test
[2025-08-30T01:36:27,430][INFO ][o.o.s.c.r.CalciteExplainIT] [testFilterPushDownExplain] after test
[2025-08-30T01:36:27,432][INFO ][o.o.s.c.r.CalciteExplainIT] [testExplainIsBlank] before test
[2025-08-30T01:36:27,484][INFO ][o.o.s.c.r.CalciteExplainIT] [testExplainIsBlank] after test
[2025-08-30T01:36:27,486][INFO ][o.o.s.c.r.CalciteExplainIT] [testDifferentFilterScriptPushDownBehaviorExplain] before test
[2025-08-30T01:36:27,525][INFO ][o.o.s.c.r.CalciteExplainIT] [testDifferentFilterScriptPushDownBehaviorExplain] after test
[2025-08-30T01:36:27,527][INFO ][o.o.s.c.r.CalciteExplainIT] [testWeekArgumentCoercion] before test
[2025-08-30T01:36:27,563][INFO ][o.o.s.c.r.CalciteExplainIT] [testWeekArgumentCoercion] after test
[2025-08-30T01:36:27,565][INFO ][o.o.s.c.r.CalciteExplainIT] [testExplain] before test
[2025-08-30T01:36:27,644][INFO ][o.o.s.c.r.CalciteExplainIT] [testExplain] after test
[2025-08-30T01:36:27,646][INFO ][o.o.s.c.r.CalciteExplainIT] [testMultipleLimitExplain] before test
[2025-08-30T01:36:27,706][INFO ][o.o.s.c.r.CalciteExplainIT] [testMultipleLimitExplain] after test
[2025-08-30T01:36:27,708][INFO ][o.o.s.c.r.CalciteExplainIT] [testPatternsBrainMethodWithAggPushDownExplain] before test
[2025-08-30T01:36:27,753][INFO ][o.o.s.c.r.CalciteExplainIT] [testPatternsBrainMethodWithAggPushDownExplain] after test
[2025-08-30T01:36:27,755][INFO ][o.o.s.c.r.CalciteExplainIT] [testTrendlinePushDownExplain] before test
[2025-08-30T01:36:27,803][INFO ][o.o.s.c.r.CalciteExplainIT] [testTrendlinePushDownExplain] after test
[2025-08-30T01:36:27,805][INFO ][o.o.s.c.r.CalciteExplainIT] [testPartialPushdownFilterWithIsNull] before test
[2025-08-30T01:36:27,844][INFO ][o.o.s.c.r.CalciteExplainIT] [testPartialPushdownFilterWithIsNull] after test
[2025-08-30T01:36:27,846][INFO ][o.o.s.c.r.CalciteExplainIT] [testExplainRegexMatchInWhereWithScriptPushdown] before test
[2025-08-30T01:36:27,878][INFO ][o.o.s.c.r.CalciteExplainIT] [testExplainRegexMatchInWhereWithScriptPushdown] after test
[2025-08-30T01:36:27,880][INFO ][o.o.s.c.r.CalciteExplainIT] [testExplainIsEmptyOrOthers] before test
[2025-08-30T01:36:27,918][INFO ][o.o.s.c.r.CalciteExplainIT] [testExplainIsEmptyOrOthers] after test
[2025-08-30T01:36:27,920][INFO ][o.o.s.c.r.CalciteExplainIT] [testLimitWithFilterPushdownExplain] before test
[2025-08-30T01:36:27,970][INFO ][o.o.s.c.r.CalciteExplainIT] [testLimitWithFilterPushdownExplain] after test
[2025-08-30T01:36:27,972][INFO ][o.o.s.c.r.CalciteExplainIT] [supportPushDownSortMergeJoin] before test
[2025-08-30T01:36:28,022][INFO ][o.o.s.c.r.CalciteExplainIT] [supportPushDownSortMergeJoin] after test
[2025-08-30T01:36:28,024][INFO ][o.o.s.c.r.CalciteExplainIT] [testMultiFieldsRelevanceQueryFunctionExplain] before test
[2025-08-30T01:36:28,080][INFO ][o.o.s.c.r.CalciteExplainIT] [testMultiFieldsRelevanceQueryFunctionExplain] after test
[2025-08-30T01:36:28,083][INFO ][o.o.s.c.r.CalciteExplainIT] [testMultiSortPushDownExplain] before test
[2025-08-30T01:36:28,122][INFO ][o.o.s.c.r.CalciteExplainIT] [testMultiSortPushDownExplain] after test
[2025-08-30T01:36:28,124][INFO ][o.o.s.c.r.CalciteExplainIT] [testSkipScriptEncodingOnExtendedFormat] before test
[2025-08-30T01:36:28,157][INFO ][o.o.s.c.r.CalciteExplainIT] [testSkipScriptEncodingOnExtendedFormat] after test
</pre>
</span>
</div>
</div>
<div id="footer">
<p>
<div>
<label class="hidden" id="label-for-line-wrapping-toggle" for="line-wrapping-toggle">Wrap lines
<input id="line-wrapping-toggle" type="checkbox" autocomplete="off"/>
</label>
</div>Generated by 
<a href="https://www.gradle.org">Gradle 8.14</a> at Aug 30, 2025, 7:40:34AM</p>
</div>
</div>
</body>
</html>

</html>
