<?xml version="1.0" encoding="UTF-8" standalone="yes"?><!DOCTYPE report PUBLIC "-//JACOCO//DTD Report 1.1//EN" "report.dtd"><report name="opensearch"><sessioninfo id="106a32ccfdd7-a39dbb69" start="1756575367817" dump="1756575388266"/><package name="org/opensearch/sql/opensearch/storage/script/filter/lucene/relevance"><class name="org/opensearch/sql/opensearch/storage/script/filter/lucene/relevance/WildcardQuery" sourcefilename="WildcardQuery.java"><method name="&lt;init&gt;" desc="()V" line="19"><counter type="INSTRUCTION" missed="0" covered="4"/><counter type="LINE" missed="0" covered="2"/><counter type="COMPLEXITY" missed="0" covered="1"/><counter type="METHOD" missed="0" covered="1"/></method><method name="getQueryName" desc="()Ljava/lang/String;" line="24"><counter type="INSTRUCTION" missed="0" covered="2"/><counter type="LINE" missed="0" covered="1"/><counter type="COMPLEXITY" missed="0" covered="1"/><counter type="METHOD" missed="0" covered="1"/></method><method name="createBuilder" desc="(Ljava/lang/String;Ljava/lang/String;)Lorg/opensearch/index/query/WildcardQueryBuilder;" line="29"><counter type="INSTRUCTION" missed="0" covered="7"/><counter type="LINE" missed="0" covered="2"/><counter type="COMPLEXITY" missed="0" covered="1"/><counter type="METHOD" missed="0" covered="1"/></method><counter type="INSTRUCTION" missed="0" covered="13"/><counter type="LINE" missed="0" covered="5"/><counter type="COMPLEXITY" missed="0" covered="3"/><counter type="METHOD" missed="0" covered="3"/><counter type="CLASS" missed="0" covered="1"/></class><class name="org/opensearch/sql/opensearch/storage/script/filter/lucene/relevance/MultiFieldQuery" sourcefilename="MultiFieldQuery.java"><method name="&lt;init&gt;" desc="(Ljava/util/Map;)V" line="29"><counter type="INSTRUCTION" missed="0" covered="4"/><counter type="LINE" missed="0" covered="2"/><counter type="COMPLEXITY" missed="0" covered="1"/><counter type="METHOD" missed="0" covered="1"/></method><method name="getMinimumParameterCount" desc="()I" line="34"><counter type="INSTRUCTION" missed="0" covered="2"/><counter type="LINE" missed="0" covered="1"/><counter type="COMPLEXITY" missed="0" covered="1"/><counter type="METHOD" missed="0" covered="1"/></method><method name="createQueryBuilder" desc="(Ljava/util/List;)Lorg/opensearch/index/query/QueryBuilder;" line="40"><counter type="INSTRUCTION" missed="0" covered="43"/><counter type="BRANCH" missed="0" covered="2"/><counter type="LINE" missed="0" covered="14"/><counter type="COMPLEXITY" missed="0" covered="2"/><counter type="METHOD" missed="0" covered="1"/></method><method name="build" desc="(Lorg/apache/calcite/rex/RexCall;Ljava/lang/String;Ljava/util/Map;)Lorg/opensearch/index/query/QueryBuilder;" line="77"><counter type="INSTRUCTION" missed="0" covered="36"/><counter type="BRANCH" missed="0" covered="2"/><counter type="LINE" missed="0" covered="10"/><counter type="COMPLEXITY" missed="0" covered="2"/><counter type="METHOD" missed="0" covered="1"/></method><method name="lambda$build$1" desc="(Ljava/util/List;I)Ljava/util/Map$Entry;" line="88"><counter type="INSTRUCTION" missed="0" covered="29"/><counter type="LINE" missed="0" covered="7"/><counter type="COMPLEXITY" missed="0" covered="1"/><counter type="METHOD" missed="0" covered="1"/></method><method name="lambda$build$0" desc="(I)I" line="85"><counter type="INSTRUCTION" missed="0" covered="4"/><counter type="LINE" missed="0" covered="1"/><counter type="COMPLEXITY" missed="0" covered="1"/><counter type="METHOD" missed="0" covered="1"/></method><method name="lambda$createQueryBuilder$4" desc="(Ljava/util/Map$Entry;)Ljava/lang/Float;" line="54"><counter type="INSTRUCTION" missed="0" covered="5"/><counter type="LINE" missed="0" covered="1"/><counter type="COMPLEXITY" missed="0" covered="1"/><counter type="METHOD" missed="0" covered="1"/></method><method name="lambda$createQueryBuilder$3" desc="(Ljava/util/Map$Entry;)Ljava/lang/String;" line="54"><counter type="INSTRUCTION" missed="0" covered="4"/><counter type="LINE" missed="0" covered="1"/><counter type="COMPLEXITY" missed="0" covered="1"/><counter type="METHOD" missed="0" covered="1"/></method><method name="lambda$createQueryBuilder$2" desc="()Lorg/opensearch/sql/exception/SemanticCheckException;" line="47"><counter type="INSTRUCTION" missed="0" covered="5"/><counter type="LINE" missed="0" covered="1"/><counter type="COMPLEXITY" missed="0" covered="1"/><counter type="METHOD" missed="0" covered="1"/></method><method name="lambda$createQueryBuilder$1" desc="(Lorg/opensearch/sql/expression/NamedArgumentExpression;)Z" line="45"><counter type="INSTRUCTION" missed="0" covered="5"/><counter type="LINE" missed="0" covered="1"/><counter type="COMPLEXITY" missed="0" covered="1"/><counter type="METHOD" missed="0" covered="1"/></method><method name="lambda$createQueryBuilder$0" desc="(Lorg/opensearch/sql/expression/NamedArgumentExpression;)Z" line="41"><counter type="INSTRUCTION" missed="0" covered="5"/><counter type="LINE" missed="0" covered="1"/><counter type="COMPLEXITY" missed="0" covered="1"/><counter type="METHOD" missed="0" covered="1"/></method><counter type="INSTRUCTION" missed="0" covered="142"/><counter type="BRANCH" missed="0" covered="4"/><counter type="LINE" missed="0" covered="34"/><counter type="COMPLEXITY" missed="0" covered="13"/><counter type="METHOD" missed="0" covered="11"/><counter type="CLASS" missed="0" covered="1"/></class><class name="org/opensearch/sql/opensearch/storage/script/filter/lucene/relevance/FunctionParameterRepository" sourcefilename="FunctionParameterRepository.java"><method name="formatErrorMessage" desc="(Ljava/lang/String;Ljava/lang/String;)Ljava/lang/String;" line="266"><counter type="INSTRUCTION" missed="0" covered="5"/><counter type="LINE" missed="0" covered="1"/><counter type="COMPLEXITY" missed="0" covered="1"/><counter type="METHOD" missed="0" covered="1"/></method><method name="formatErrorMessage" desc="(Ljava/lang/String;Ljava/lang/String;Ljava/lang/String;)Ljava/lang/String;" line="270"><counter type="INSTRUCTION" missed="0" covered="28"/><counter type="BRANCH" missed="0" covered="2"/><counter type="LINE" missed="0" covered="4"/><counter type="COMPLEXITY" missed="0" covered="2"/><counter type="METHOD" missed="0" covered="1"/></method><method name="checkRewrite" desc="(Lorg/opensearch/sql/data/model/ExprValue;Ljava/lang/String;)Ljava/lang/String;" line="288"><counter type="INSTRUCTION" missed="0" covered="20"/><counter type="LINE" missed="0" covered="5"/><counter type="COMPLEXITY" missed="0" covered="1"/><counter type="METHOD" missed="0" covered="1"/></method><method name="convertFlags" desc="(Lorg/opensearch/sql/data/model/ExprValue;)[Lorg/opensearch/index/query/SimpleQueryStringFlag;" line="304"><counter type="INSTRUCTION" missed="0" covered="22"/><counter type="LINE" missed="0" covered="5"/><counter type="COMPLEXITY" missed="0" covered="1"/><counter type="METHOD" missed="0" covered="1"/></method><method name="checkTimeZone" desc="(Lorg/opensearch/sql/data/model/ExprValue;)Ljava/lang/String;" line="320"><counter type="INSTRUCTION" missed="0" covered="17"/><counter type="LINE" missed="0" covered="4"/><counter type="COMPLEXITY" missed="0" covered="1"/><counter type="METHOD" missed="0" covered="1"/></method><method name="convertFuzziness" desc="(Lorg/opensearch/sql/data/model/ExprValue;)Lorg/opensearch/common/unit/Fuzziness;" line="335"><counter type="INSTRUCTION" missed="0" covered="15"/><counter type="LINE" missed="0" covered="3"/><counter type="COMPLEXITY" missed="0" covered="1"/><counter type="METHOD" missed="0" covered="1"/></method><method name="convertOperator" desc="(Lorg/opensearch/sql/data/model/ExprValue;Ljava/lang/String;)Lorg/opensearch/index/query/Operator;" line="350"><counter type="INSTRUCTION" missed="0" covered="15"/><counter type="LINE" missed="0" covered="3"/><counter type="COMPLEXITY" missed="0" covered="1"/><counter type="METHOD" missed="0" covered="1"/></method><method name="convertType" desc="(Lorg/opensearch/sql/data/model/ExprValue;)Lorg/opensearch/index/query/MultiMatchQueryBuilder$Type;" line="364"><counter type="INSTRUCTION" missed="0" covered="16"/><counter type="LINE" missed="0" covered="4"/><counter type="COMPLEXITY" missed="0" covered="1"/><counter type="METHOD" missed="0" covered="1"/></method><method name="convertZeroTermsQuery" desc="(Lorg/opensearch/sql/data/model/ExprValue;)Lorg/opensearch/index/search/MatchQuery$ZeroTermsQuery;" line="379"><counter type="INSTRUCTION" missed="0" covered="15"/><counter type="LINE" missed="0" covered="3"/><counter type="COMPLEXITY" missed="0" covered="1"/><counter type="METHOD" missed="0" covered="1"/></method><method name="convertIntValue" desc="(Lorg/opensearch/sql/data/model/ExprValue;Ljava/lang/String;)I" line="394"><counter type="INSTRUCTION" missed="0" covered="15"/><counter type="LINE" missed="0" covered="3"/><counter type="COMPLEXITY" missed="0" covered="1"/><counter type="METHOD" missed="0" covered="1"/></method><method name="convertFloatValue" desc="(Lorg/opensearch/sql/data/model/ExprValue;Ljava/lang/String;)F" line="409"><counter type="INSTRUCTION" missed="0" covered="15"/><counter type="LINE" missed="0" covered="3"/><counter type="COMPLEXITY" missed="0" covered="1"/><counter type="METHOD" missed="0" covered="1"/></method><method name="convertBoolValue" desc="(Lorg/opensearch/sql/data/model/ExprValue;Ljava/lang/String;)Z" line="425"><counter type="INSTRUCTION" missed="0" covered="30"/><counter type="BRANCH" missed="0" covered="2"/><counter type="LINE" missed="0" covered="6"/><counter type="COMPLEXITY" missed="0" covered="2"/><counter type="METHOD" missed="0" covered="1"/></method><method name="lambda$convertFlags$0" desc="(I)[Lorg/opensearch/index/query/SimpleQueryStringFlag;" line="306"><counter type="INSTRUCTION" missed="0" covered="3"/><counter type="LINE" missed="0" covered="1"/><counter type="COMPLEXITY" missed="0" covered="1"/><counter type="METHOD" missed="0" covered="1"/></method><method name="lambda$static$82" desc="(Lorg/opensearch/index/query/WildcardQueryBuilder;Lorg/opensearch/sql/data/model/ExprValue;)Lorg/opensearch/index/query/WildcardQueryBuilder;" line="213"><counter type="INSTRUCTION" missed="0" covered="6"/><counter type="LINE" missed="0" covered="1"/><counter type="COMPLEXITY" missed="0" covered="1"/><counter type="METHOD" missed="0" covered="1"/></method><method name="lambda$static$81" desc="(Lorg/opensearch/index/query/WildcardQueryBuilder;Lorg/opensearch/sql/data/model/ExprValue;)Lorg/opensearch/index/query/WildcardQueryBuilder;" line="212"><counter type="INSTRUCTION" missed="0" covered="6"/><counter type="LINE" missed="0" covered="1"/><counter type="COMPLEXITY" missed="0" covered="1"/><counter type="METHOD" missed="0" covered="1"/></method><method name="lambda$static$80" desc="(Lorg/opensearch/index/query/WildcardQueryBuilder;Lorg/opensearch/sql/data/model/ExprValue;)Lorg/opensearch/index/query/WildcardQueryBuilder;" line="209"><counter type="INSTRUCTION" missed="0" covered="7"/><counter type="LINE" missed="0" covered="1"/><counter type="COMPLEXITY" missed="0" covered="1"/><counter type="METHOD" missed="0" covered="1"/></method><method name="lambda$static$79" desc="(Lorg/opensearch/index/query/SimpleQueryStringBuilder;Lorg/opensearch/sql/data/model/ExprValue;)Lorg/opensearch/index/query/SimpleQueryStringBuilder;" line="203"><counter type="INSTRUCTION" missed="0" covered="5"/><counter type="LINE" missed="0" covered="1"/><counter type="COMPLEXITY" missed="0" covered="1"/><counter type="METHOD" missed="0" covered="1"/></method><method name="lambda$static$78" desc="(Lorg/opensearch/index/query/SimpleQueryStringBuilder;Lorg/opensearch/sql/data/model/ExprValue;)Lorg/opensearch/index/query/SimpleQueryStringBuilder;" line="202"><counter type="INSTRUCTION" missed="0" covered="5"/><counter type="LINE" missed="0" covered="1"/><counter type="COMPLEXITY" missed="0" covered="1"/><counter type="METHOD" missed="0" covered="1"/></method><method name="lambda$static$77" desc="(Lorg/opensearch/index/query/SimpleQueryStringBuilder;Lorg/opensearch/sql/data/model/ExprValue;)Lorg/opensearch/index/query/SimpleQueryStringBuilder;" line="201"><counter type="INSTRUCTION" missed="0" covered="6"/><counter type="LINE" missed="0" covered="1"/><counter type="COMPLEXITY" missed="0" covered="1"/><counter type="METHOD" missed="0" covered="1"/></method><method name="lambda$static$76" desc="(Lorg/opensearch/index/query/SimpleQueryStringBuilder;Lorg/opensearch/sql/data/model/ExprValue;)Lorg/opensearch/index/query/SimpleQueryStringBuilder;" line="200"><counter type="INSTRUCTION" missed="0" covered="6"/><counter type="LINE" missed="0" covered="1"/><counter type="COMPLEXITY" missed="0" covered="1"/><counter type="METHOD" missed="0" covered="1"/></method><method name="lambda$static$75" desc="(Lorg/opensearch/index/query/SimpleQueryStringBuilder;Lorg/opensearch/sql/data/model/ExprValue;)Lorg/opensearch/index/query/SimpleQueryStringBuilder;" line="197"><counter type="INSTRUCTION" missed="0" covered="6"/><counter type="LINE" missed="0" covered="1"/><counter type="COMPLEXITY" missed="0" covered="1"/><counter type="METHOD" missed="0" covered="1"/></method><method name="lambda$static$74" desc="(Lorg/opensearch/index/query/SimpleQueryStringBuilder;Lorg/opensearch/sql/data/model/ExprValue;)Lorg/opensearch/index/query/SimpleQueryStringBuilder;" line="194"><counter type="INSTRUCTION" missed="0" covered="6"/><counter type="LINE" missed="0" covered="1"/><counter type="COMPLEXITY" missed="0" covered="1"/><counter type="METHOD" missed="0" covered="1"/></method><method name="lambda$static$73" desc="(Lorg/opensearch/index/query/SimpleQueryStringBuilder;Lorg/opensearch/sql/data/model/ExprValue;)Lorg/opensearch/index/query/SimpleQueryStringBuilder;" line="191"><counter type="INSTRUCTION" missed="0" covered="5"/><counter type="LINE" missed="0" covered="1"/><counter type="COMPLEXITY" missed="0" covered="1"/><counter type="METHOD" missed="0" covered="1"/></method><method name="lambda$static$72" desc="(Lorg/opensearch/index/query/SimpleQueryStringBuilder;Lorg/opensearch/sql/data/model/ExprValue;)Lorg/opensearch/index/query/SimpleQueryStringBuilder;" line="190"><counter type="INSTRUCTION" missed="0" covered="6"/><counter type="LINE" missed="0" covered="1"/><counter type="COMPLEXITY" missed="0" covered="1"/><counter type="METHOD" missed="0" covered="1"/></method><method name="lambda$static$71" desc="(Lorg/opensearch/index/query/SimpleQueryStringBuilder;Lorg/opensearch/sql/data/model/ExprValue;)Lorg/opensearch/index/query/SimpleQueryStringBuilder;" line="187"><counter type="INSTRUCTION" missed="0" covered="7"/><counter type="LINE" missed="0" covered="1"/><counter type="COMPLEXITY" missed="0" covered="1"/><counter type="METHOD" missed="0" covered="1"/></method><method name="lambda$static$70" desc="(Lorg/opensearch/index/query/SimpleQueryStringBuilder;Lorg/opensearch/sql/data/model/ExprValue;)Lorg/opensearch/index/query/SimpleQueryStringBuilder;" line="185"><counter type="INSTRUCTION" missed="0" covered="6"/><counter type="LINE" missed="0" covered="2"/><counter type="COMPLEXITY" missed="0" covered="1"/><counter type="METHOD" missed="0" covered="1"/></method><method name="lambda$static$69" desc="(Lorg/opensearch/index/query/SimpleQueryStringBuilder;Lorg/opensearch/sql/data/model/ExprValue;)Lorg/opensearch/index/query/SimpleQueryStringBuilder;" line="181"><counter type="INSTRUCTION" missed="0" covered="6"/><counter type="LINE" missed="0" covered="1"/><counter type="COMPLEXITY" missed="0" covered="1"/><counter type="METHOD" missed="0" covered="1"/></method><method name="lambda$static$68" desc="(Lorg/opensearch/index/query/SimpleQueryStringBuilder;Lorg/opensearch/sql/data/model/ExprValue;)Lorg/opensearch/index/query/SimpleQueryStringBuilder;" line="178"><counter type="INSTRUCTION" missed="0" covered="5"/><counter type="LINE" missed="0" covered="1"/><counter type="COMPLEXITY" missed="0" covered="1"/><counter type="METHOD" missed="0" covered="1"/></method><method name="lambda$static$67" desc="(Lorg/opensearch/index/query/QueryStringQueryBuilder;Lorg/opensearch/sql/data/model/ExprValue;)Lorg/opensearch/index/query/QueryStringQueryBuilder;" line="172"><counter type="INSTRUCTION" missed="0" covered="5"/><counter type="LINE" missed="0" covered="1"/><counter type="COMPLEXITY" missed="0" covered="1"/><counter type="METHOD" missed="0" covered="1"/></method><method name="lambda$static$66" desc="(Lorg/opensearch/index/query/QueryStringQueryBuilder;Lorg/opensearch/sql/data/model/ExprValue;)Lorg/opensearch/index/query/QueryStringQueryBuilder;" line="171"><counter type="INSTRUCTION" missed="0" covered="5"/><counter type="LINE" missed="0" covered="1"/><counter type="COMPLEXITY" missed="0" covered="1"/><counter type="METHOD" missed="0" covered="1"/></method><method name="lambda$static$65" desc="(Lorg/opensearch/index/query/QueryStringQueryBuilder;Lorg/opensearch/sql/data/model/ExprValue;)Lorg/opensearch/index/query/QueryStringQueryBuilder;" line="170"><counter type="INSTRUCTION" missed="0" covered="6"/><counter type="LINE" missed="0" covered="1"/><counter type="COMPLEXITY" missed="0" covered="1"/><counter type="METHOD" missed="0" covered="1"/></method><method name="lambda$static$64" desc="(Lorg/opensearch/index/query/QueryStringQueryBuilder;Lorg/opensearch/sql/data/model/ExprValue;)Lorg/opensearch/index/query/QueryStringQueryBuilder;" line="169"><counter type="INSTRUCTION" missed="0" covered="6"/><counter type="LINE" missed="0" covered="1"/><counter type="COMPLEXITY" missed="0" covered="1"/><counter type="METHOD" missed="0" covered="1"/></method><method name="lambda$static$63" desc="(Lorg/opensearch/index/query/QueryStringQueryBuilder;Lorg/opensearch/sql/data/model/ExprValue;)Lorg/opensearch/index/query/QueryStringQueryBuilder;" line="168"><counter type="INSTRUCTION" missed="0" covered="5"/><counter type="LINE" missed="0" covered="1"/><counter type="COMPLEXITY" missed="0" covered="1"/><counter type="METHOD" missed="0" covered="1"/></method><method name="lambda$static$62" desc="(Lorg/opensearch/index/query/QueryStringQueryBuilder;Lorg/opensearch/sql/data/model/ExprValue;)Lorg/opensearch/index/query/QueryStringQueryBuilder;" line="167"><counter type="INSTRUCTION" missed="0" covered="5"/><counter type="LINE" missed="0" covered="1"/><counter type="COMPLEXITY" missed="0" covered="1"/><counter type="METHOD" missed="0" covered="1"/></method><method name="lambda$static$61" desc="(Lorg/opensearch/index/query/QueryStringQueryBuilder;Lorg/opensearch/sql/data/model/ExprValue;)Lorg/opensearch/index/query/QueryStringQueryBuilder;" line="166"><counter type="INSTRUCTION" missed="0" covered="6"/><counter type="LINE" missed="0" covered="1"/><counter type="COMPLEXITY" missed="0" covered="1"/><counter type="METHOD" missed="0" covered="1"/></method><method name="lambda$static$60" desc="(Lorg/opensearch/index/query/QueryStringQueryBuilder;Lorg/opensearch/sql/data/model/ExprValue;)Lorg/opensearch/index/query/QueryStringQueryBuilder;" line="165"><counter type="INSTRUCTION" missed="0" covered="5"/><counter type="LINE" missed="0" covered="1"/><counter type="COMPLEXITY" missed="0" covered="1"/><counter type="METHOD" missed="0" covered="1"/></method><method name="lambda$static$59" desc="(Lorg/opensearch/index/query/QueryStringQueryBuilder;Lorg/opensearch/sql/data/model/ExprValue;)Lorg/opensearch/index/query/QueryStringQueryBuilder;" line="164"><counter type="INSTRUCTION" missed="0" covered="6"/><counter type="LINE" missed="0" covered="1"/><counter type="COMPLEXITY" missed="0" covered="1"/><counter type="METHOD" missed="0" covered="1"/></method><method name="lambda$static$58" desc="(Lorg/opensearch/index/query/QueryStringQueryBuilder;Lorg/opensearch/sql/data/model/ExprValue;)Lorg/opensearch/index/query/QueryStringQueryBuilder;" line="161"><counter type="INSTRUCTION" missed="0" covered="7"/><counter type="LINE" missed="0" covered="1"/><counter type="COMPLEXITY" missed="0" covered="1"/><counter type="METHOD" missed="0" covered="1"/></method><method name="lambda$static$57" desc="(Lorg/opensearch/index/query/QueryStringQueryBuilder;Lorg/opensearch/sql/data/model/ExprValue;)Lorg/opensearch/index/query/QueryStringQueryBuilder;" line="160"><counter type="INSTRUCTION" missed="0" covered="6"/><counter type="LINE" missed="0" covered="1"/><counter type="COMPLEXITY" missed="0" covered="1"/><counter type="METHOD" missed="0" covered="1"/></method><method name="lambda$static$56" desc="(Lorg/opensearch/index/query/QueryStringQueryBuilder;Lorg/opensearch/sql/data/model/ExprValue;)Lorg/opensearch/index/query/QueryStringQueryBuilder;" line="157"><counter type="INSTRUCTION" missed="0" covered="6"/><counter type="LINE" missed="0" covered="1"/><counter type="COMPLEXITY" missed="0" covered="1"/><counter type="METHOD" missed="0" covered="1"/></method><method name="lambda$static$55" desc="(Lorg/opensearch/index/query/QueryStringQueryBuilder;Lorg/opensearch/sql/data/model/ExprValue;)Lorg/opensearch/index/query/QueryStringQueryBuilder;" line="156"><counter type="INSTRUCTION" missed="0" covered="6"/><counter type="LINE" missed="0" covered="1"/><counter type="COMPLEXITY" missed="0" covered="1"/><counter type="METHOD" missed="0" covered="1"/></method><method name="lambda$static$54" desc="(Lorg/opensearch/index/query/QueryStringQueryBuilder;Lorg/opensearch/sql/data/model/ExprValue;)Lorg/opensearch/index/query/QueryStringQueryBuilder;" line="153"><counter type="INSTRUCTION" missed="0" covered="6"/><counter type="LINE" missed="0" covered="1"/><counter type="COMPLEXITY" missed="0" covered="1"/><counter type="METHOD" missed="0" covered="1"/></method><method name="lambda$static$53" desc="(Lorg/opensearch/index/query/QueryStringQueryBuilder;Lorg/opensearch/sql/data/model/ExprValue;)Lorg/opensearch/index/query/QueryStringQueryBuilder;" line="150"><counter type="INSTRUCTION" missed="0" covered="5"/><counter type="LINE" missed="0" covered="1"/><counter type="COMPLEXITY" missed="0" covered="1"/><counter type="METHOD" missed="0" covered="1"/></method><method name="lambda$static$52" desc="(Lorg/opensearch/index/query/QueryStringQueryBuilder;Lorg/opensearch/sql/data/model/ExprValue;)Lorg/opensearch/index/query/QueryStringQueryBuilder;" line="149"><counter type="INSTRUCTION" missed="0" covered="6"/><counter type="LINE" missed="0" covered="1"/><counter type="COMPLEXITY" missed="0" covered="1"/><counter type="METHOD" missed="0" covered="1"/></method><method name="lambda$static$51" desc="(Lorg/opensearch/index/query/QueryStringQueryBuilder;Lorg/opensearch/sql/data/model/ExprValue;)Lorg/opensearch/index/query/QueryStringQueryBuilder;" line="148"><counter type="INSTRUCTION" missed="0" covered="6"/><counter type="LINE" missed="0" covered="1"/><counter type="COMPLEXITY" missed="0" covered="1"/><counter type="METHOD" missed="0" covered="1"/></method><method name="lambda$static$50" desc="(Lorg/opensearch/index/query/QueryStringQueryBuilder;Lorg/opensearch/sql/data/model/ExprValue;)Lorg/opensearch/index/query/QueryStringQueryBuilder;" line="144"><counter type="INSTRUCTION" missed="0" covered="6"/><counter type="LINE" missed="0" covered="1"/><counter type="COMPLEXITY" missed="0" covered="1"/><counter type="METHOD" missed="0" covered="1"/></method><method name="lambda$static$49" desc="(Lorg/opensearch/index/query/QueryStringQueryBuilder;Lorg/opensearch/sql/data/model/ExprValue;)Lorg/opensearch/index/query/QueryStringQueryBuilder;" line="141"><counter type="INSTRUCTION" missed="0" covered="7"/><counter type="LINE" missed="0" covered="1"/><counter type="COMPLEXITY" missed="0" covered="1"/><counter type="METHOD" missed="0" covered="1"/></method><method name="lambda$static$48" desc="(Lorg/opensearch/index/query/QueryStringQueryBuilder;Lorg/opensearch/sql/data/model/ExprValue;)Lorg/opensearch/index/query/QueryStringQueryBuilder;" line="139"><counter type="INSTRUCTION" missed="0" covered="6"/><counter type="LINE" missed="0" covered="2"/><counter type="COMPLEXITY" missed="0" covered="1"/><counter type="METHOD" missed="0" covered="1"/></method><method name="lambda$static$47" desc="(Lorg/opensearch/index/query/QueryStringQueryBuilder;Lorg/opensearch/sql/data/model/ExprValue;)Lorg/opensearch/index/query/QueryStringQueryBuilder;" line="135"><counter type="INSTRUCTION" missed="0" covered="7"/><counter type="LINE" missed="0" covered="1"/><counter type="COMPLEXITY" missed="0" covered="1"/><counter type="METHOD" missed="0" covered="1"/></method><method name="lambda$static$46" desc="(Lorg/opensearch/index/query/QueryStringQueryBuilder;Lorg/opensearch/sql/data/model/ExprValue;)Lorg/opensearch/index/query/QueryStringQueryBuilder;" line="132"><counter type="INSTRUCTION" missed="0" covered="5"/><counter type="LINE" missed="0" covered="1"/><counter type="COMPLEXITY" missed="0" covered="1"/><counter type="METHOD" missed="0" covered="1"/></method><method name="lambda$static$45" desc="(Lorg/opensearch/index/query/QueryStringQueryBuilder;Lorg/opensearch/sql/data/model/ExprValue;)Lorg/opensearch/index/query/QueryStringQueryBuilder;" line="131"><counter type="INSTRUCTION" missed="0" covered="7"/><counter type="LINE" missed="0" covered="1"/><counter type="COMPLEXITY" missed="0" covered="1"/><counter type="METHOD" missed="0" covered="1"/></method><method name="lambda$static$44" desc="(Lorg/opensearch/index/query/MultiMatchQueryBuilder;Lorg/opensearch/sql/data/model/ExprValue;)Lorg/opensearch/index/query/MultiMatchQueryBuilder;" line="123"><counter type="INSTRUCTION" missed="0" covered="5"/><counter type="LINE" missed="0" covered="1"/><counter type="COMPLEXITY" missed="0" covered="1"/><counter type="METHOD" missed="0" covered="1"/></method><method name="lambda$static$43" desc="(Lorg/opensearch/index/query/MultiMatchQueryBuilder;Lorg/opensearch/sql/data/model/ExprValue;)Lorg/opensearch/index/query/MultiMatchQueryBuilder;" line="122"><counter type="INSTRUCTION" missed="0" covered="5"/><counter type="LINE" missed="0" covered="1"/><counter type="COMPLEXITY" missed="0" covered="1"/><counter type="METHOD" missed="0" covered="1"/></method><method name="lambda$static$42" desc="(Lorg/opensearch/index/query/MultiMatchQueryBuilder;Lorg/opensearch/sql/data/model/ExprValue;)Lorg/opensearch/index/query/MultiMatchQueryBuilder;" line="121"><counter type="INSTRUCTION" missed="0" covered="6"/><counter type="LINE" missed="0" covered="1"/><counter type="COMPLEXITY" missed="0" covered="1"/><counter type="METHOD" missed="0" covered="1"/></method><method name="lambda$static$41" desc="(Lorg/opensearch/index/query/MultiMatchQueryBuilder;Lorg/opensearch/sql/data/model/ExprValue;)Lorg/opensearch/index/query/MultiMatchQueryBuilder;" line="120"><counter type="INSTRUCTION" missed="0" covered="6"/><counter type="LINE" missed="0" covered="1"/><counter type="COMPLEXITY" missed="0" covered="1"/><counter type="METHOD" missed="0" covered="1"/></method><method name="lambda$static$40" desc="(Lorg/opensearch/index/query/MultiMatchQueryBuilder;Lorg/opensearch/sql/data/model/ExprValue;)Lorg/opensearch/index/query/MultiMatchQueryBuilder;" line="119"><counter type="INSTRUCTION" missed="0" covered="6"/><counter type="LINE" missed="0" covered="1"/><counter type="COMPLEXITY" missed="0" covered="1"/><counter type="METHOD" missed="0" covered="1"/></method><method name="lambda$static$39" desc="(Lorg/opensearch/index/query/MultiMatchQueryBuilder;Lorg/opensearch/sql/data/model/ExprValue;)Lorg/opensearch/index/query/MultiMatchQueryBuilder;" line="118"><counter type="INSTRUCTION" missed="0" covered="6"/><counter type="LINE" missed="0" covered="1"/><counter type="COMPLEXITY" missed="0" covered="1"/><counter type="METHOD" missed="0" covered="1"/></method><method name="lambda$static$38" desc="(Lorg/opensearch/index/query/MultiMatchQueryBuilder;Lorg/opensearch/sql/data/model/ExprValue;)Lorg/opensearch/index/query/MultiMatchQueryBuilder;" line="117"><counter type="INSTRUCTION" missed="0" covered="5"/><counter type="LINE" missed="0" covered="1"/><counter type="COMPLEXITY" missed="0" covered="1"/><counter type="METHOD" missed="0" covered="1"/></method><method name="lambda$static$37" desc="(Lorg/opensearch/index/query/MultiMatchQueryBuilder;Lorg/opensearch/sql/data/model/ExprValue;)Lorg/opensearch/index/query/MultiMatchQueryBuilder;" line="116"><counter type="INSTRUCTION" missed="0" covered="6"/><counter type="LINE" missed="0" covered="1"/><counter type="COMPLEXITY" missed="0" covered="1"/><counter type="METHOD" missed="0" covered="1"/></method><method name="lambda$static$36" desc="(Lorg/opensearch/index/query/MultiMatchQueryBuilder;Lorg/opensearch/sql/data/model/ExprValue;)Lorg/opensearch/index/query/MultiMatchQueryBuilder;" line="114"><counter type="INSTRUCTION" missed="0" covered="6"/><counter type="LINE" missed="0" covered="1"/><counter type="COMPLEXITY" missed="0" covered="1"/><counter type="METHOD" missed="0" covered="1"/></method><method name="lambda$static$35" desc="(Lorg/opensearch/index/query/MultiMatchQueryBuilder;Lorg/opensearch/sql/data/model/ExprValue;)Lorg/opensearch/index/query/MultiMatchQueryBuilder;" line="113"><counter type="INSTRUCTION" missed="0" covered="6"/><counter type="LINE" missed="0" covered="1"/><counter type="COMPLEXITY" missed="0" covered="1"/><counter type="METHOD" missed="0" covered="1"/></method><method name="lambda$static$34" desc="(Lorg/opensearch/index/query/MultiMatchQueryBuilder;Lorg/opensearch/sql/data/model/ExprValue;)Lorg/opensearch/index/query/MultiMatchQueryBuilder;" line="110"><counter type="INSTRUCTION" missed="0" covered="5"/><counter type="LINE" missed="0" covered="1"/><counter type="COMPLEXITY" missed="0" covered="1"/><counter type="METHOD" missed="0" covered="1"/></method><method name="lambda$static$33" desc="(Lorg/opensearch/index/query/MultiMatchQueryBuilder;Lorg/opensearch/sql/data/model/ExprValue;)Lorg/opensearch/index/query/MultiMatchQueryBuilder;" line="109"><counter type="INSTRUCTION" missed="0" covered="6"/><counter type="LINE" missed="0" covered="1"/><counter type="COMPLEXITY" missed="0" covered="1"/><counter type="METHOD" missed="0" covered="1"/></method><method name="lambda$static$32" desc="(Lorg/opensearch/index/query/MultiMatchQueryBuilder;Lorg/opensearch/sql/data/model/ExprValue;)Lorg/opensearch/index/query/MultiMatchQueryBuilder;" line="106"><counter type="INSTRUCTION" missed="0" covered="7"/><counter type="LINE" missed="0" covered="1"/><counter type="COMPLEXITY" missed="0" covered="1"/><counter type="METHOD" missed="0" covered="1"/></method><method name="lambda$static$31" desc="(Lorg/opensearch/index/query/MultiMatchQueryBuilder;Lorg/opensearch/sql/data/model/ExprValue;)Lorg/opensearch/index/query/MultiMatchQueryBuilder;" line="104"><counter type="INSTRUCTION" missed="0" covered="6"/><counter type="LINE" missed="0" covered="2"/><counter type="COMPLEXITY" missed="0" covered="1"/><counter type="METHOD" missed="0" covered="1"/></method><method name="lambda$static$30" desc="(Lorg/opensearch/index/query/MultiMatchQueryBuilder;Lorg/opensearch/sql/data/model/ExprValue;)Lorg/opensearch/index/query/MultiMatchQueryBuilder;" line="100"><counter type="INSTRUCTION" missed="0" covered="5"/><counter type="LINE" missed="0" covered="1"/><counter type="COMPLEXITY" missed="0" covered="1"/><counter type="METHOD" missed="0" covered="1"/></method><method name="lambda$static$29" desc="(Lorg/opensearch/index/query/MatchQueryBuilder;Lorg/opensearch/sql/data/model/ExprValue;)Lorg/opensearch/index/query/MatchQueryBuilder;" line="93"><counter type="INSTRUCTION" missed="0" covered="5"/><counter type="LINE" missed="0" covered="1"/><counter type="COMPLEXITY" missed="0" covered="1"/><counter type="METHOD" missed="0" covered="1"/></method><method name="lambda$static$28" desc="(Lorg/opensearch/index/query/MatchQueryBuilder;Lorg/opensearch/sql/data/model/ExprValue;)Lorg/opensearch/index/query/MatchQueryBuilder;" line="92"><counter type="INSTRUCTION" missed="0" covered="6"/><counter type="LINE" missed="0" covered="1"/><counter type="COMPLEXITY" missed="0" covered="1"/><counter type="METHOD" missed="0" covered="1"/></method><method name="lambda$static$27" desc="(Lorg/opensearch/index/query/MatchQueryBuilder;Lorg/opensearch/sql/data/model/ExprValue;)Lorg/opensearch/index/query/MatchQueryBuilder;" line="91"><counter type="INSTRUCTION" missed="0" covered="6"/><counter type="LINE" missed="0" covered="1"/><counter type="COMPLEXITY" missed="0" covered="1"/><counter type="METHOD" missed="0" covered="1"/></method><method name="lambda$static$26" desc="(Lorg/opensearch/index/query/MatchQueryBuilder;Lorg/opensearch/sql/data/model/ExprValue;)Lorg/opensearch/index/query/MatchQueryBuilder;" line="90"><counter type="INSTRUCTION" missed="0" covered="6"/><counter type="LINE" missed="0" covered="1"/><counter type="COMPLEXITY" missed="0" covered="1"/><counter type="METHOD" missed="0" covered="1"/></method><method name="lambda$static$25" desc="(Lorg/opensearch/index/query/MatchQueryBuilder;Lorg/opensearch/sql/data/model/ExprValue;)Lorg/opensearch/index/query/MatchQueryBuilder;" line="88"><counter type="INSTRUCTION" missed="0" covered="5"/><counter type="LINE" missed="0" covered="1"/><counter type="COMPLEXITY" missed="0" covered="1"/><counter type="METHOD" missed="0" covered="1"/></method><method name="lambda$static$24" desc="(Lorg/opensearch/index/query/MatchQueryBuilder;Lorg/opensearch/sql/data/model/ExprValue;)Lorg/opensearch/index/query/MatchQueryBuilder;" line="87"><counter type="INSTRUCTION" missed="0" covered="6"/><counter type="LINE" missed="0" covered="1"/><counter type="COMPLEXITY" missed="0" covered="1"/><counter type="METHOD" missed="0" covered="1"/></method><method name="lambda$static$23" desc="(Lorg/opensearch/index/query/MatchQueryBuilder;Lorg/opensearch/sql/data/model/ExprValue;)Lorg/opensearch/index/query/MatchQueryBuilder;" line="86"><counter type="INSTRUCTION" missed="0" covered="6"/><counter type="LINE" missed="0" covered="1"/><counter type="COMPLEXITY" missed="0" covered="1"/><counter type="METHOD" missed="0" covered="1"/></method><method name="lambda$static$22" desc="(Lorg/opensearch/index/query/MatchQueryBuilder;Lorg/opensearch/sql/data/model/ExprValue;)Lorg/opensearch/index/query/MatchQueryBuilder;" line="83"><counter type="INSTRUCTION" missed="0" covered="6"/><counter type="LINE" missed="0" covered="1"/><counter type="COMPLEXITY" missed="0" covered="1"/><counter type="METHOD" missed="0" covered="1"/></method><method name="lambda$static$21" desc="(Lorg/opensearch/index/query/MatchQueryBuilder;Lorg/opensearch/sql/data/model/ExprValue;)Lorg/opensearch/index/query/MatchQueryBuilder;" line="82"><counter type="INSTRUCTION" missed="0" covered="5"/><counter type="LINE" missed="0" covered="1"/><counter type="COMPLEXITY" missed="0" covered="1"/><counter type="METHOD" missed="0" covered="1"/></method><method name="lambda$static$20" desc="(Lorg/opensearch/index/query/MatchQueryBuilder;Lorg/opensearch/sql/data/model/ExprValue;)Lorg/opensearch/index/query/MatchQueryBuilder;" line="81"><counter type="INSTRUCTION" missed="0" covered="7"/><counter type="LINE" missed="0" covered="1"/><counter type="COMPLEXITY" missed="0" covered="1"/><counter type="METHOD" missed="0" covered="1"/></method><method name="lambda$static$19" desc="(Lorg/opensearch/index/query/MatchQueryBuilder;Lorg/opensearch/sql/data/model/ExprValue;)Lorg/opensearch/index/query/MatchQueryBuilder;" line="79"><counter type="INSTRUCTION" missed="0" covered="6"/><counter type="LINE" missed="0" covered="2"/><counter type="COMPLEXITY" missed="0" covered="1"/><counter type="METHOD" missed="0" covered="1"/></method><method name="lambda$static$18" desc="(Lorg/opensearch/index/query/MatchQueryBuilder;Lorg/opensearch/sql/data/model/ExprValue;)Lorg/opensearch/index/query/MatchQueryBuilder;" line="75"><counter type="INSTRUCTION" missed="0" covered="5"/><counter type="LINE" missed="0" covered="1"/><counter type="COMPLEXITY" missed="0" covered="1"/><counter type="METHOD" missed="0" covered="1"/></method><method name="lambda$static$17" desc="(Lorg/opensearch/index/query/MatchPhraseQueryBuilder;Lorg/opensearch/sql/data/model/ExprValue;)Lorg/opensearch/index/query/MatchPhraseQueryBuilder;" line="69"><counter type="INSTRUCTION" missed="0" covered="5"/><counter type="LINE" missed="0" covered="1"/><counter type="COMPLEXITY" missed="0" covered="1"/><counter type="METHOD" missed="0" covered="1"/></method><method name="lambda$static$16" desc="(Lorg/opensearch/index/query/MatchPhraseQueryBuilder;Lorg/opensearch/sql/data/model/ExprValue;)Lorg/opensearch/index/query/MatchPhraseQueryBuilder;" line="68"><counter type="INSTRUCTION" missed="0" covered="6"/><counter type="LINE" missed="0" covered="1"/><counter type="COMPLEXITY" missed="0" covered="1"/><counter type="METHOD" missed="0" covered="1"/></method><method name="lambda$static$15" desc="(Lorg/opensearch/index/query/MatchPhraseQueryBuilder;Lorg/opensearch/sql/data/model/ExprValue;)Lorg/opensearch/index/query/MatchPhraseQueryBuilder;" line="67"><counter type="INSTRUCTION" missed="0" covered="7"/><counter type="LINE" missed="0" covered="1"/><counter type="COMPLEXITY" missed="0" covered="1"/><counter type="METHOD" missed="0" covered="1"/></method><method name="lambda$static$14" desc="(Lorg/opensearch/index/query/MatchPhraseQueryBuilder;Lorg/opensearch/sql/data/model/ExprValue;)Lorg/opensearch/index/query/MatchPhraseQueryBuilder;" line="66"><counter type="INSTRUCTION" missed="0" covered="5"/><counter type="LINE" missed="0" covered="1"/><counter type="COMPLEXITY" missed="0" covered="1"/><counter type="METHOD" missed="0" covered="1"/></method><method name="lambda$static$13" desc="(Lorg/opensearch/index/query/MatchPhrasePrefixQueryBuilder;Lorg/opensearch/sql/data/model/ExprValue;)Lorg/opensearch/index/query/MatchPhrasePrefixQueryBuilder;" line="60"><counter type="INSTRUCTION" missed="0" covered="5"/><counter type="LINE" missed="0" covered="1"/><counter type="COMPLEXITY" missed="0" covered="1"/><counter type="METHOD" missed="0" covered="1"/></method><method name="lambda$static$12" desc="(Lorg/opensearch/index/query/MatchPhrasePrefixQueryBuilder;Lorg/opensearch/sql/data/model/ExprValue;)Lorg/opensearch/index/query/MatchPhrasePrefixQueryBuilder;" line="59"><counter type="INSTRUCTION" missed="0" covered="6"/><counter type="LINE" missed="0" covered="1"/><counter type="COMPLEXITY" missed="0" covered="1"/><counter type="METHOD" missed="0" covered="1"/></method><method name="lambda$static$11" desc="(Lorg/opensearch/index/query/MatchPhrasePrefixQueryBuilder;Lorg/opensearch/sql/data/model/ExprValue;)Lorg/opensearch/index/query/MatchPhrasePrefixQueryBuilder;" line="58"><counter type="INSTRUCTION" missed="0" covered="6"/><counter type="LINE" missed="0" covered="1"/><counter type="COMPLEXITY" missed="0" covered="1"/><counter type="METHOD" missed="0" covered="1"/></method><method name="lambda$static$10" desc="(Lorg/opensearch/index/query/MatchPhrasePrefixQueryBuilder;Lorg/opensearch/sql/data/model/ExprValue;)Lorg/opensearch/index/query/MatchPhrasePrefixQueryBuilder;" line="56"><counter type="INSTRUCTION" missed="0" covered="7"/><counter type="LINE" missed="0" covered="1"/><counter type="COMPLEXITY" missed="0" covered="1"/><counter type="METHOD" missed="0" covered="1"/></method><method name="lambda$static$9" desc="(Lorg/opensearch/index/query/MatchPhrasePrefixQueryBuilder;Lorg/opensearch/sql/data/model/ExprValue;)Lorg/opensearch/index/query/MatchPhrasePrefixQueryBuilder;" line="55"><counter type="INSTRUCTION" missed="0" covered="5"/><counter type="LINE" missed="0" covered="1"/><counter type="COMPLEXITY" missed="0" covered="1"/><counter type="METHOD" missed="0" covered="1"/></method><method name="lambda$static$8" desc="(Lorg/opensearch/index/query/MatchBoolPrefixQueryBuilder;Lorg/opensearch/sql/data/model/ExprValue;)Lorg/opensearch/index/query/MatchBoolPrefixQueryBuilder;" line="48"><counter type="INSTRUCTION" missed="0" covered="6"/><counter type="LINE" missed="0" covered="1"/><counter type="COMPLEXITY" missed="0" covered="1"/><counter type="METHOD" missed="0" covered="1"/></method><method name="lambda$static$7" desc="(Lorg/opensearch/index/query/MatchBoolPrefixQueryBuilder;Lorg/opensearch/sql/data/model/ExprValue;)Lorg/opensearch/index/query/MatchBoolPrefixQueryBuilder;" line="47"><counter type="INSTRUCTION" missed="0" covered="6"/><counter type="LINE" missed="0" covered="1"/><counter type="COMPLEXITY" missed="0" covered="1"/><counter type="METHOD" missed="0" covered="1"/></method><method name="lambda$static$6" desc="(Lorg/opensearch/index/query/MatchBoolPrefixQueryBuilder;Lorg/opensearch/sql/data/model/ExprValue;)Lorg/opensearch/index/query/MatchBoolPrefixQueryBuilder;" line="46"><counter type="INSTRUCTION" missed="0" covered="5"/><counter type="LINE" missed="0" covered="1"/><counter type="COMPLEXITY" missed="0" covered="1"/><counter type="METHOD" missed="0" covered="1"/></method><method name="lambda$static$5" desc="(Lorg/opensearch/index/query/MatchBoolPrefixQueryBuilder;Lorg/opensearch/sql/data/model/ExprValue;)Lorg/opensearch/index/query/MatchBoolPrefixQueryBuilder;" line="45"><counter type="INSTRUCTION" missed="0" covered="6"/><counter type="LINE" missed="0" covered="1"/><counter type="COMPLEXITY" missed="0" covered="1"/><counter type="METHOD" missed="0" covered="1"/></method><method name="lambda$static$4" desc="(Lorg/opensearch/index/query/MatchBoolPrefixQueryBuilder;Lorg/opensearch/sql/data/model/ExprValue;)Lorg/opensearch/index/query/MatchBoolPrefixQueryBuilder;" line="43"><counter type="INSTRUCTION" missed="0" covered="6"/><counter type="LINE" missed="0" covered="1"/><counter type="COMPLEXITY" missed="0" covered="1"/><counter type="METHOD" missed="0" covered="1"/></method><method name="lambda$static$3" desc="(Lorg/opensearch/index/query/MatchBoolPrefixQueryBuilder;Lorg/opensearch/sql/data/model/ExprValue;)Lorg/opensearch/index/query/MatchBoolPrefixQueryBuilder;" line="40"><counter type="INSTRUCTION" missed="0" covered="6"/><counter type="LINE" missed="0" covered="1"/><counter type="COMPLEXITY" missed="0" covered="1"/><counter type="METHOD" missed="0" covered="1"/></method><method name="lambda$static$2" desc="(Lorg/opensearch/index/query/MatchBoolPrefixQueryBuilder;Lorg/opensearch/sql/data/model/ExprValue;)Lorg/opensearch/index/query/MatchBoolPrefixQueryBuilder;" line="39"><counter type="INSTRUCTION" missed="0" covered="5"/><counter type="LINE" missed="0" covered="1"/><counter type="COMPLEXITY" missed="0" covered="1"/><counter type="METHOD" missed="0" covered="1"/></method><method name="lambda$static$1" desc="(Lorg/opensearch/index/query/MatchBoolPrefixQueryBuilder;Lorg/opensearch/sql/data/model/ExprValue;)Lorg/opensearch/index/query/MatchBoolPrefixQueryBuilder;" line="38"><counter type="INSTRUCTION" missed="0" covered="7"/><counter type="LINE" missed="0" covered="1"/><counter type="COMPLEXITY" missed="0" covered="1"/><counter type="METHOD" missed="0" covered="1"/></method><method name="lambda$static$0" desc="(Lorg/opensearch/index/query/MatchBoolPrefixQueryBuilder;Lorg/opensearch/sql/data/model/ExprValue;)Lorg/opensearch/index/query/MatchBoolPrefixQueryBuilder;" line="37"><counter type="INSTRUCTION" missed="0" covered="5"/><counter type="LINE" missed="0" covered="1"/><counter type="COMPLEXITY" missed="0" covered="1"/><counter type="METHOD" missed="0" covered="1"/></method><method name="&lt;clinit&gt;" desc="()V" line="36"><counter type="INSTRUCTION" missed="0" covered="373"/><counter type="LINE" missed="0" covered="130"/><counter type="COMPLEXITY" missed="0" covered="1"/><counter type="METHOD" missed="0" covered="1"/></method><counter type="INSTRUCTION" missed="0" covered="1071"/><counter type="BRANCH" missed="0" covered="4"/><counter type="LINE" missed="0" covered="204"/><counter type="COMPLEXITY" missed="0" covered="99"/><counter type="METHOD" missed="0" covered="97"/><counter type="CLASS" missed="0" covered="1"/></class><class name="org/opensearch/sql/opensearch/storage/script/filter/lucene/relevance/RelevanceQuery$QueryBuilderStep" sourcefilename="RelevanceQuery.java"/><class name="org/opensearch/sql/opensearch/storage/script/filter/lucene/relevance/NoFieldQuery" sourcefilename="NoFieldQuery.java"><method name="&lt;init&gt;" desc="(Ljava/util/Map;)V" line="24"><counter type="INSTRUCTION" missed="0" covered="4"/><counter type="LINE" missed="0" covered="2"/><counter type="COMPLEXITY" missed="0" covered="1"/><counter type="METHOD" missed="0" covered="1"/></method><method name="ignoreArguments" desc="(Ljava/util/List;)V" line="29"><counter type="INSTRUCTION" missed="0" covered="5"/><counter type="LINE" missed="0" covered="2"/><counter type="COMPLEXITY" missed="0" covered="1"/><counter type="METHOD" missed="0" covered="1"/></method><method name="checkValidArguments" desc="(Ljava/lang/String;Lorg/opensearch/index/query/QueryBuilder;)V" line="34"><counter type="INSTRUCTION" missed="0" covered="23"/><counter type="BRANCH" missed="0" covered="2"/><counter type="LINE" missed="0" covered="4"/><counter type="COMPLEXITY" missed="0" covered="2"/><counter type="METHOD" missed="0" covered="1"/></method><method name="build" desc="(Lorg/opensearch/sql/expression/FunctionExpression;)Lorg/opensearch/index/query/QueryBuilder;" line="49"><counter type="INSTRUCTION" missed="0" covered="30"/><counter type="BRANCH" missed="0" covered="2"/><counter type="LINE" missed="0" covered="8"/><counter type="COMPLEXITY" missed="0" covered="2"/><counter type="METHOD" missed="0" covered="1"/></method><method name="createQueryBuilder" desc="(Ljava/util/List;)Lorg/opensearch/index/query/QueryBuilder;" line="64"><counter type="INSTRUCTION" missed="0" covered="16"/><counter type="LINE" missed="0" covered="6"/><counter type="COMPLEXITY" missed="0" covered="1"/><counter type="METHOD" missed="0" covered="1"/></method><method name="lambda$createQueryBuilder$1" desc="()Lorg/opensearch/sql/exception/SemanticCheckException;" line="68"><counter type="INSTRUCTION" missed="0" covered="5"/><counter type="LINE" missed="0" covered="1"/><counter type="COMPLEXITY" missed="0" covered="1"/><counter type="METHOD" missed="0" covered="1"/></method><method name="lambda$createQueryBuilder$0" desc="(Lorg/opensearch/sql/expression/NamedArgumentExpression;)Z" line="66"><counter type="INSTRUCTION" missed="0" covered="5"/><counter type="LINE" missed="0" covered="1"/><counter type="COMPLEXITY" missed="0" covered="1"/><counter type="METHOD" missed="0" covered="1"/></method><method name="lambda$build$0" desc="(Lorg/opensearch/sql/expression/Expression;)Lorg/opensearch/sql/expression/NamedArgumentExpression;" line="51"><counter type="INSTRUCTION" missed="0" covered="3"/><counter type="LINE" missed="0" covered="1"/><counter type="COMPLEXITY" missed="0" covered="1"/><counter type="METHOD" missed="0" covered="1"/></method><method name="lambda$ignoreArguments$0" desc="(Lorg/opensearch/sql/expression/NamedArgumentExpression;)Z" line="29"><counter type="INSTRUCTION" missed="0" covered="5"/><counter type="LINE" missed="0" covered="1"/><counter type="COMPLEXITY" missed="0" covered="1"/><counter type="METHOD" missed="0" covered="1"/></method><counter type="INSTRUCTION" missed="0" covered="96"/><counter type="BRANCH" missed="0" covered="4"/><counter type="LINE" missed="0" covered="22"/><counter type="COMPLEXITY" missed="0" covered="11"/><counter type="METHOD" missed="0" covered="9"/><counter type="CLASS" missed="0" covered="1"/></class><class name="org/opensearch/sql/opensearch/storage/script/filter/lucene/relevance/MatchQuery" sourcefilename="MatchQuery.java"><method name="&lt;init&gt;" desc="()V" line="18"><counter type="INSTRUCTION" missed="0" covered="4"/><counter type="LINE" missed="0" covered="2"/><counter type="COMPLEXITY" missed="0" covered="1"/><counter type="METHOD" missed="0" covered="1"/></method><method name="createBuilder" desc="(Ljava/lang/String;Ljava/lang/String;)Lorg/opensearch/index/query/MatchQueryBuilder;" line="23"><counter type="INSTRUCTION" missed="0" covered="4"/><counter type="LINE" missed="0" covered="1"/><counter type="COMPLEXITY" missed="0" covered="1"/><counter type="METHOD" missed="0" covered="1"/></method><method name="getQueryName" desc="()Ljava/lang/String;" line="28"><counter type="INSTRUCTION" missed="0" covered="2"/><counter type="LINE" missed="0" covered="1"/><counter type="COMPLEXITY" missed="0" covered="1"/><counter type="METHOD" missed="0" covered="1"/></method><counter type="INSTRUCTION" missed="0" covered="10"/><counter type="LINE" missed="0" covered="4"/><counter type="COMPLEXITY" missed="0" covered="3"/><counter type="METHOD" missed="0" covered="3"/><counter type="CLASS" missed="0" covered="1"/></class><class name="org/opensearch/sql/opensearch/storage/script/filter/lucene/relevance/QueryStringQuery" sourcefilename="QueryStringQuery.java"><method name="&lt;init&gt;" desc="()V" line="19"><counter type="INSTRUCTION" missed="0" covered="4"/><counter type="LINE" missed="0" covered="2"/><counter type="COMPLEXITY" missed="0" covered="1"/><counter type="METHOD" missed="0" covered="1"/></method><method name="createBuilder" desc="(Lcom/google/common/collect/ImmutableMap;Ljava/lang/String;)Lorg/opensearch/index/query/QueryStringQueryBuilder;" line="32"><counter type="INSTRUCTION" missed="0" covered="12"/><counter type="BRANCH" missed="0" covered="2"/><counter type="LINE" missed="0" covered="4"/><counter type="COMPLEXITY" missed="0" covered="2"/><counter type="METHOD" missed="0" covered="1"/></method><method name="getQueryName" desc="()Ljava/lang/String;" line="42"><counter type="INSTRUCTION" missed="0" covered="2"/><counter type="LINE" missed="0" covered="1"/><counter type="COMPLEXITY" missed="0" covered="1"/><counter type="METHOD" missed="0" covered="1"/></method><counter type="INSTRUCTION" missed="0" covered="18"/><counter type="BRANCH" missed="0" covered="2"/><counter type="LINE" missed="0" covered="7"/><counter type="COMPLEXITY" missed="0" covered="4"/><counter type="METHOD" missed="0" covered="3"/><counter type="CLASS" missed="0" covered="1"/></class><class name="org/opensearch/sql/opensearch/storage/script/filter/lucene/relevance/MatchPhraseQuery" sourcefilename="MatchPhraseQuery.java"><method name="&lt;init&gt;" desc="()V" line="18"><counter type="INSTRUCTION" missed="0" covered="4"/><counter type="LINE" missed="0" covered="2"/><counter type="COMPLEXITY" missed="0" covered="1"/><counter type="METHOD" missed="0" covered="1"/></method><method name="createBuilder" desc="(Ljava/lang/String;Ljava/lang/String;)Lorg/opensearch/index/query/MatchPhraseQueryBuilder;" line="23"><counter type="INSTRUCTION" missed="0" covered="4"/><counter type="LINE" missed="0" covered="1"/><counter type="COMPLEXITY" missed="0" covered="1"/><counter type="METHOD" missed="0" covered="1"/></method><method name="getQueryName" desc="()Ljava/lang/String;" line="28"><counter type="INSTRUCTION" missed="0" covered="2"/><counter type="LINE" missed="0" covered="1"/><counter type="COMPLEXITY" missed="0" covered="1"/><counter type="METHOD" missed="0" covered="1"/></method><counter type="INSTRUCTION" missed="0" covered="10"/><counter type="LINE" missed="0" covered="4"/><counter type="COMPLEXITY" missed="0" covered="3"/><counter type="METHOD" missed="0" covered="3"/><counter type="CLASS" missed="0" covered="1"/></class><class name="org/opensearch/sql/opensearch/storage/script/filter/lucene/relevance/MatchBoolPrefixQuery" sourcefilename="MatchBoolPrefixQuery.java"><method name="&lt;init&gt;" desc="()V" line="18"><counter type="INSTRUCTION" missed="0" covered="4"/><counter type="LINE" missed="0" covered="2"/><counter type="COMPLEXITY" missed="0" covered="1"/><counter type="METHOD" missed="0" covered="1"/></method><method name="createBuilder" desc="(Ljava/lang/String;Ljava/lang/String;)Lorg/opensearch/index/query/MatchBoolPrefixQueryBuilder;" line="30"><counter type="INSTRUCTION" missed="0" covered="4"/><counter type="LINE" missed="0" covered="1"/><counter type="COMPLEXITY" missed="0" covered="1"/><counter type="METHOD" missed="0" covered="1"/></method><method name="getQueryName" desc="()Ljava/lang/String;" line="35"><counter type="INSTRUCTION" missed="0" covered="2"/><counter type="LINE" missed="0" covered="1"/><counter type="COMPLEXITY" missed="0" covered="1"/><counter type="METHOD" missed="0" covered="1"/></method><counter type="INSTRUCTION" missed="0" covered="10"/><counter type="LINE" missed="0" covered="4"/><counter type="COMPLEXITY" missed="0" covered="3"/><counter type="METHOD" missed="0" covered="3"/><counter type="CLASS" missed="0" covered="1"/></class><class name="org/opensearch/sql/opensearch/storage/script/filter/lucene/relevance/QueryQuery" sourcefilename="QueryQuery.java"><method name="&lt;init&gt;" desc="()V" line="14"><counter type="INSTRUCTION" missed="0" covered="7"/><counter type="LINE" missed="0" covered="3"/><counter type="COMPLEXITY" missed="0" covered="1"/><counter type="METHOD" missed="0" covered="1"/></method><method name="createBuilder" desc="(Ljava/lang/String;)Lorg/opensearch/index/query/QueryStringQueryBuilder;" line="31"><counter type="INSTRUCTION" missed="0" covered="3"/><counter type="LINE" missed="0" covered="1"/><counter type="COMPLEXITY" missed="0" covered="1"/><counter type="METHOD" missed="0" covered="1"/></method><method name="getQueryName" desc="()Ljava/lang/String;" line="36"><counter type="INSTRUCTION" missed="0" covered="2"/><counter type="LINE" missed="0" covered="1"/><counter type="COMPLEXITY" missed="0" covered="1"/><counter type="METHOD" missed="0" covered="1"/></method><counter type="INSTRUCTION" missed="0" covered="12"/><counter type="LINE" missed="0" covered="5"/><counter type="COMPLEXITY" missed="0" covered="3"/><counter type="METHOD" missed="0" covered="3"/><counter type="CLASS" missed="0" covered="1"/></class><class name="org/opensearch/sql/opensearch/storage/script/filter/lucene/relevance/MultiMatchQuery" sourcefilename="MultiMatchQuery.java"><method name="&lt;init&gt;" desc="()V" line="18"><counter type="INSTRUCTION" missed="0" covered="4"/><counter type="LINE" missed="0" covered="2"/><counter type="COMPLEXITY" missed="0" covered="1"/><counter type="METHOD" missed="0" covered="1"/></method><method name="createBuilder" desc="(Lcom/google/common/collect/ImmutableMap;Ljava/lang/String;)Lorg/opensearch/index/query/MultiMatchQueryBuilder;" line="23"><counter type="INSTRUCTION" missed="0" covered="14"/><counter type="BRANCH" missed="0" covered="2"/><counter type="LINE" missed="0" covered="4"/><counter type="COMPLEXITY" missed="0" covered="2"/><counter type="METHOD" missed="0" covered="1"/></method><method name="getQueryName" desc="()Ljava/lang/String;" line="33"><counter type="INSTRUCTION" missed="0" covered="2"/><counter type="LINE" missed="0" covered="1"/><counter type="COMPLEXITY" missed="0" covered="1"/><counter type="METHOD" missed="0" covered="1"/></method><counter type="INSTRUCTION" missed="0" covered="20"/><counter type="BRANCH" missed="0" covered="2"/><counter type="LINE" missed="0" covered="7"/><counter type="COMPLEXITY" missed="0" covered="4"/><counter type="METHOD" missed="0" covered="3"/><counter type="CLASS" missed="0" covered="1"/></class><class name="org/opensearch/sql/opensearch/storage/script/filter/lucene/relevance/RelevanceQuery" sourcefilename="RelevanceQuery.java"><method name="ignoreArguments" desc="(Ljava/util/List;)V" line="30"><counter type="INSTRUCTION" missed="0" covered="5"/><counter type="LINE" missed="0" covered="2"/><counter type="COMPLEXITY" missed="0" covered="1"/><counter type="METHOD" missed="0" covered="1"/></method><method name="checkValidArguments" desc="(Ljava/lang/String;Lorg/opensearch/index/query/QueryBuilder;)V" line="38"><counter type="INSTRUCTION" missed="0" covered="23"/><counter type="BRANCH" missed="0" covered="2"/><counter type="LINE" missed="0" covered="5"/><counter type="COMPLEXITY" missed="0" covered="2"/><counter type="METHOD" missed="0" covered="1"/></method><method name="loadArguments" desc="(Ljava/util/List;)Lorg/opensearch/index/query/QueryBuilder;" line="48"><counter type="INSTRUCTION" missed="0" covered="49"/><counter type="BRANCH" missed="0" covered="2"/><counter type="LINE" missed="0" covered="14"/><counter type="COMPLEXITY" missed="0" covered="2"/><counter type="METHOD" missed="0" covered="1"/></method><method name="build" desc="(Lorg/opensearch/sql/expression/FunctionExpression;)Lorg/opensearch/index/query/QueryBuilder;" line="78"><counter type="INSTRUCTION" missed="0" covered="37"/><counter type="BRANCH" missed="0" covered="2"/><counter type="LINE" missed="0" covered="9"/><counter type="COMPLEXITY" missed="0" covered="2"/><counter type="METHOD" missed="0" covered="1"/></method><method name="getMinimumParameterCount" desc="()I" line="98"><counter type="INSTRUCTION" missed="0" covered="2"/><counter type="LINE" missed="0" covered="1"/><counter type="COMPLEXITY" missed="0" covered="1"/><counter type="METHOD" missed="0" covered="1"/></method><method name="applyArguments" desc="(Lorg/opensearch/index/query/QueryBuilder;Ljava/util/Map;)Lorg/opensearch/index/query/QueryBuilder;" line="110"><counter type="INSTRUCTION" missed="0" covered="12"/><counter type="BRANCH" missed="1" covered="3"/><counter type="LINE" missed="0" covered="3"/><counter type="COMPLEXITY" missed="1" covered="2"/><counter type="METHOD" missed="0" covered="1"/></method><method name="lambda$applyArguments$0" desc="(Lorg/opensearch/index/query/QueryBuilder;Ljava/lang/String;Ljava/lang/String;)V" line="113"><counter type="INSTRUCTION" missed="0" covered="19"/><counter type="LINE" missed="0" covered="4"/><counter type="COMPLEXITY" missed="0" covered="1"/><counter type="METHOD" missed="0" covered="1"/></method><method name="lambda$build$0" desc="(Lorg/opensearch/sql/expression/Expression;)Lorg/opensearch/sql/expression/NamedArgumentExpression;" line="80"><counter type="INSTRUCTION" missed="0" covered="3"/><counter type="LINE" missed="0" covered="1"/><counter type="COMPLEXITY" missed="0" covered="1"/><counter type="METHOD" missed="0" covered="1"/></method><method name="lambda$loadArguments$1" desc="(Ljava/lang/String;Ljava/util/List;)V" line="52"><counter type="INSTRUCTION" missed="0" covered="17"/><counter type="BRANCH" missed="0" covered="2"/><counter type="LINE" missed="0" covered="4"/><counter type="COMPLEXITY" missed="0" covered="2"/><counter type="METHOD" missed="0" covered="1"/></method><method name="lambda$loadArguments$0" desc="(Lorg/opensearch/sql/expression/NamedArgumentExpression;)Ljava/lang/String;" line="49"><counter type="INSTRUCTION" missed="0" covered="4"/><counter type="LINE" missed="0" covered="1"/><counter type="COMPLEXITY" missed="0" covered="1"/><counter type="METHOD" missed="0" covered="1"/></method><method name="lambda$ignoreArguments$0" desc="(Lorg/opensearch/sql/expression/NamedArgumentExpression;)Z" line="32"><counter type="INSTRUCTION" missed="0" covered="19"/><counter type="BRANCH" missed="0" covered="6"/><counter type="LINE" missed="0" covered="3"/><counter type="COMPLEXITY" missed="0" covered="4"/><counter type="METHOD" missed="0" covered="1"/></method><counter type="INSTRUCTION" missed="0" covered="190"/><counter type="BRANCH" missed="1" covered="17"/><counter type="LINE" missed="0" covered="45"/><counter type="COMPLEXITY" missed="1" covered="19"/><counter type="METHOD" missed="0" covered="11"/><counter type="CLASS" missed="0" covered="1"/></class><class name="org/opensearch/sql/opensearch/storage/script/filter/lucene/relevance/SingleFieldQuery" sourcefilename="SingleFieldQuery.java"><method name="&lt;init&gt;" desc="(Ljava/util/Map;)V" line="23"><counter type="INSTRUCTION" missed="0" covered="4"/><counter type="LINE" missed="0" covered="2"/><counter type="COMPLEXITY" missed="0" covered="1"/><counter type="METHOD" missed="0" covered="1"/></method><method name="createQueryBuilder" desc="(Ljava/util/List;)Lorg/opensearch/index/query/QueryBuilder;" line="29"><counter type="INSTRUCTION" missed="0" covered="29"/><counter type="LINE" missed="0" covered="13"/><counter type="COMPLEXITY" missed="0" covered="1"/><counter type="METHOD" missed="0" covered="1"/></method><method name="build" desc="(Ljava/lang/String;Ljava/lang/String;Ljava/util/Map;)Lorg/opensearch/index/query/QueryBuilder;" line="58"><counter type="INSTRUCTION" missed="0" covered="10"/><counter type="LINE" missed="0" covered="2"/><counter type="COMPLEXITY" missed="0" covered="1"/><counter type="METHOD" missed="0" covered="1"/></method><method name="lambda$createQueryBuilder$3" desc="()Lorg/opensearch/sql/exception/SemanticCheckException;" line="39"><counter type="INSTRUCTION" missed="0" covered="5"/><counter type="LINE" missed="0" covered="1"/><counter type="COMPLEXITY" missed="0" covered="1"/><counter type="METHOD" missed="0" covered="1"/></method><method name="lambda$createQueryBuilder$2" desc="(Lorg/opensearch/sql/expression/NamedArgumentExpression;)Z" line="37"><counter type="INSTRUCTION" missed="0" covered="5"/><counter type="LINE" missed="0" covered="1"/><counter type="COMPLEXITY" missed="0" covered="1"/><counter type="METHOD" missed="0" covered="1"/></method><method name="lambda$createQueryBuilder$1" desc="()Lorg/opensearch/sql/exception/SemanticCheckException;" line="33"><counter type="INSTRUCTION" missed="0" covered="5"/><counter type="LINE" missed="0" covered="1"/><counter type="COMPLEXITY" missed="0" covered="1"/><counter type="METHOD" missed="0" covered="1"/></method><method name="lambda$createQueryBuilder$0" desc="(Lorg/opensearch/sql/expression/NamedArgumentExpression;)Z" line="31"><counter type="INSTRUCTION" missed="0" covered="5"/><counter type="LINE" missed="0" covered="1"/><counter type="COMPLEXITY" missed="0" covered="1"/><counter type="METHOD" missed="0" covered="1"/></method><counter type="INSTRUCTION" missed="0" covered="63"/><counter type="LINE" missed="0" covered="17"/><counter type="COMPLEXITY" missed="0" covered="7"/><counter type="METHOD" missed="0" covered="7"/><counter type="CLASS" missed="0" covered="1"/></class><class name="org/opensearch/sql/opensearch/storage/script/filter/lucene/relevance/MatchPhrasePrefixQuery" sourcefilename="MatchPhrasePrefixQuery.java"><method name="&lt;init&gt;" desc="()V" line="18"><counter type="INSTRUCTION" missed="0" covered="4"/><counter type="LINE" missed="0" covered="2"/><counter type="COMPLEXITY" missed="0" covered="1"/><counter type="METHOD" missed="0" covered="1"/></method><method name="createBuilder" desc="(Ljava/lang/String;Ljava/lang/String;)Lorg/opensearch/index/query/MatchPhrasePrefixQueryBuilder;" line="23"><counter type="INSTRUCTION" missed="0" covered="4"/><counter type="LINE" missed="0" covered="1"/><counter type="COMPLEXITY" missed="0" covered="1"/><counter type="METHOD" missed="0" covered="1"/></method><method name="getQueryName" desc="()Ljava/lang/String;" line="28"><counter type="INSTRUCTION" missed="0" covered="2"/><counter type="LINE" missed="0" covered="1"/><counter type="COMPLEXITY" missed="0" covered="1"/><counter type="METHOD" missed="0" covered="1"/></method><counter type="INSTRUCTION" missed="0" covered="10"/><counter type="LINE" missed="0" covered="4"/><counter type="COMPLEXITY" missed="0" covered="3"/><counter type="METHOD" missed="0" covered="3"/><counter type="CLASS" missed="0" covered="1"/></class><class name="org/opensearch/sql/opensearch/storage/script/filter/lucene/relevance/SimpleQueryStringQuery" sourcefilename="SimpleQueryStringQuery.java"><method name="&lt;init&gt;" desc="()V" line="18"><counter type="INSTRUCTION" missed="0" covered="4"/><counter type="LINE" missed="0" covered="2"/><counter type="COMPLEXITY" missed="0" covered="1"/><counter type="METHOD" missed="0" covered="1"/></method><method name="createBuilder" desc="(Lcom/google/common/collect/ImmutableMap;Ljava/lang/String;)Lorg/opensearch/index/query/SimpleQueryStringBuilder;" line="24"><counter type="INSTRUCTION" missed="0" covered="12"/><counter type="BRANCH" missed="0" covered="2"/><counter type="LINE" missed="0" covered="4"/><counter type="COMPLEXITY" missed="0" covered="2"/><counter type="METHOD" missed="0" covered="1"/></method><method name="getQueryName" desc="()Ljava/lang/String;" line="34"><counter type="INSTRUCTION" missed="0" covered="2"/><counter type="LINE" missed="0" covered="1"/><counter type="COMPLEXITY" missed="0" covered="1"/><counter type="METHOD" missed="0" covered="1"/></method><counter type="INSTRUCTION" missed="0" covered="18"/><counter type="BRANCH" missed="0" covered="2"/><counter type="LINE" missed="0" covered="7"/><counter type="COMPLEXITY" missed="0" covered="4"/><counter type="METHOD" missed="0" covered="3"/><counter type="CLASS" missed="0" covered="1"/></class><sourcefile name="QueryStringQuery.java"><line nr="19" mi="0" ci="3" mb="0" cb="0"/><line nr="20" mi="0" ci="1" mb="0" cb="0"/><line nr="32" mi="0" ci="3" mb="0" cb="0"/><line nr="33" mi="0" ci="3" mb="0" cb="2"/><line nr="34" mi="0" ci="4" mb="0" cb="0"/><line nr="37" mi="0" ci="2" mb="0" cb="0"/><line nr="42" mi="0" ci="2" mb="0" cb="0"/><counter type="INSTRUCTION" missed="0" covered="18"/><counter type="BRANCH" missed="0" covered="2"/><counter type="LINE" missed="0" covered="7"/><counter type="COMPLEXITY" missed="0" covered="4"/><counter type="METHOD" missed="0" covered="3"/><counter type="CLASS" missed="0" covered="1"/></sourcefile><sourcefile name="MatchPhraseQuery.java"><line nr="18" mi="0" ci="3" mb="0" cb="0"/><line nr="19" mi="0" ci="1" mb="0" cb="0"/><line nr="23" mi="0" ci="4" mb="0" cb="0"/><line nr="28" mi="0" ci="2" mb="0" cb="0"/><counter type="INSTRUCTION" missed="0" covered="10"/><counter type="LINE" missed="0" covered="4"/><counter type="COMPLEXITY" missed="0" covered="3"/><counter type="METHOD" missed="0" covered="3"/><counter type="CLASS" missed="0" covered="1"/></sourcefile><sourcefile name="QueryQuery.java"><line nr="14" mi="0" ci="3" mb="0" cb="0"/><line nr="21" mi="0" ci="3" mb="0" cb="0"/><line nr="22" mi="0" ci="1" mb="0" cb="0"/><line nr="31" mi="0" ci="3" mb="0" cb="0"/><line nr="36" mi="0" ci="2" mb="0" cb="0"/><counter type="INSTRUCTION" missed="0" covered="12"/><counter type="LINE" missed="0" covered="5"/><counter type="COMPLEXITY" missed="0" covered="3"/><counter type="METHOD" missed="0" covered="3"/><counter type="CLASS" missed="0" covered="1"/></sourcefile><sourcefile name="MatchPhrasePrefixQuery.java"><line nr="18" mi="0" ci="3" mb="0" cb="0"/><line nr="19" mi="0" ci="1" mb="0" cb="0"/><line nr="23" mi="0" ci="4" mb="0" cb="0"/><line nr="28" mi="0" ci="2" mb="0" cb="0"/><counter type="INSTRUCTION" missed="0" covered="10"/><counter type="LINE" missed="0" covered="4"/><counter type="COMPLEXITY" missed="0" covered="3"/><counter type="METHOD" missed="0" covered="3"/><counter type="CLASS" missed="0" covered="1"/></sourcefile><sourcefile name="RelevanceQuery.java"><line nr="30" mi="0" ci="4" mb="0" cb="0"/><line nr="32" mi="0" ci="7" mb="0" cb="2"/><line nr="33" mi="0" ci="5" mb="0" cb="2"/><line nr="34" mi="0" ci="7" mb="0" cb="2"/><line nr="35" mi="0" ci="1" mb="0" cb="0"/><line nr="38" mi="0" ci="5" mb="0" cb="2"/><line nr="39" mi="0" ci="12" mb="0" cb="0"/><line nr="40" mi="0" ci="3" mb="0" cb="0"/><line nr="42" mi="0" ci="2" mb="0" cb="0"/><line nr="44" mi="0" ci="1" mb="0" cb="0"/><line nr="48" mi="0" ci="3" mb="0" cb="0"/><line nr="49" mi="0" ci="8" mb="0" cb="0"/><line nr="50" mi="0" ci="1" mb="0" cb="0"/><line nr="52" mi="0" ci="4" mb="0" cb="2"/><line nr="53" mi="0" ci="9" mb="0" cb="0"/><line nr="54" mi="0" ci="3" mb="0" cb="0"/><line nr="56" mi="0" ci="1" mb="0" cb="0"/><line nr="58" mi="0" ci="4" mb="0" cb="0"/><line nr="60" mi="0" ci="3" mb="0" cb="0"/><line nr="62" mi="0" ci="3" mb="0" cb="0"/><line nr="63" mi="0" ci="3" mb="0" cb="2"/><line nr="64" mi="0" ci="4" mb="0" cb="0"/><line nr="65" mi="0" ci="4" mb="0" cb="0"/><line nr="67" mi="0" ci="4" mb="0" cb="0"/><line nr="69" mi="0" ci="9" mb="0" cb="0"/><line nr="70" mi="0" ci="4" mb="0" cb="0"/><line nr="71" mi="0" ci="1" mb="0" cb="0"/><line nr="73" mi="0" ci="2" mb="0" cb="0"/><line nr="78" mi="0" ci="1" mb="0" cb="0"/><line nr="79" mi="0" ci="3" mb="0" cb="0"/><line nr="80" mi="0" ci="4" mb="0" cb="0"/><line nr="81" mi="0" ci="4" mb="0" cb="0"/><line nr="82" mi="0" ci="5" mb="0" cb="2"/><line nr="83" mi="0" ci="8" mb="0" cb="0"/><line nr="84" mi="0" ci="3" mb="0" cb="0"/><line nr="85" mi="0" ci="8" mb="0" cb="0"/><line nr="88" mi="0" ci="4" mb="0" cb="0"/><line nr="98" mi="0" ci="2" mb="0" cb="0"/><line nr="110" mi="0" ci="5" mb="1" cb="3"/><line nr="111" mi="0" ci="5" mb="0" cb="0"/><line nr="113" mi="0" ci="4" mb="0" cb="0"/><line nr="114" mi="0" ci="12" mb="0" cb="0"/><line nr="115" mi="0" ci="2" mb="0" cb="0"/><line nr="116" mi="0" ci="1" mb="0" cb="0"/><line nr="119" mi="0" ci="2" mb="0" cb="0"/><counter type="INSTRUCTION" missed="0" covered="190"/><counter type="BRANCH" missed="1" covered="17"/><counter type="LINE" missed="0" covered="45"/><counter type="COMPLEXITY" missed="1" covered="19"/><counter type="METHOD" missed="0" covered="11"/><counter type="CLASS" missed="0" covered="1"/></sourcefile><sourcefile name="FunctionParameterRepository.java"><line nr="36" mi="0" ci="3" mb="0" cb="0"/><line nr="37" mi="0" ci="8" mb="0" cb="0"/><line nr="38" mi="0" ci="10" mb="0" cb="0"/><line nr="39" mi="0" ci="8" mb="0" cb="0"/><line nr="40" mi="0" ci="9" mb="0" cb="0"/><line nr="41" mi="0" ci="3" mb="0" cb="0"/><line nr="43" mi="0" ci="6" mb="0" cb="0"/><line nr="44" mi="0" ci="3" mb="0" cb="0"/><line nr="45" mi="0" ci="6" mb="0" cb="0"/><line nr="46" mi="0" ci="8" mb="0" cb="0"/><line nr="47" mi="0" ci="9" mb="0" cb="0"/><line nr="48" mi="0" ci="7" mb="0" cb="0"/><line nr="49" mi="0" ci="2" mb="0" cb="0"/><line nr="54" mi="0" ci="3" mb="0" cb="0"/><line nr="55" mi="0" ci="8" mb="0" cb="0"/><line nr="56" mi="0" ci="10" mb="0" cb="0"/><line nr="57" mi="0" ci="3" mb="0" cb="0"/><line nr="58" mi="0" ci="6" mb="0" cb="0"/><line nr="59" mi="0" ci="9" mb="0" cb="0"/><line nr="60" mi="0" ci="6" mb="0" cb="0"/><line nr="61" mi="0" ci="2" mb="0" cb="0"/><line nr="65" mi="0" ci="3" mb="0" cb="0"/><line nr="66" mi="0" ci="8" mb="0" cb="0"/><line nr="67" mi="0" ci="10" mb="0" cb="0"/><line nr="68" mi="0" ci="9" mb="0" cb="0"/><line nr="69" mi="0" ci="6" mb="0" cb="0"/><line nr="70" mi="0" ci="2" mb="0" cb="0"/><line nr="74" mi="0" ci="3" mb="0" cb="0"/><line nr="75" mi="0" ci="8" mb="0" cb="0"/><line nr="76" mi="0" ci="3" mb="0" cb="0"/><line nr="79" mi="0" ci="5" mb="0" cb="0"/><line nr="80" mi="0" ci="1" mb="0" cb="0"/><line nr="81" mi="0" ci="10" mb="0" cb="0"/><line nr="82" mi="0" ci="8" mb="0" cb="0"/><line nr="83" mi="0" ci="9" mb="0" cb="0"/><line nr="84" mi="0" ci="3" mb="0" cb="0"/><line nr="86" mi="0" ci="6" mb="0" cb="0"/><line nr="87" mi="0" ci="9" mb="0" cb="0"/><line nr="88" mi="0" ci="8" mb="0" cb="0"/><line nr="89" mi="0" ci="3" mb="0" cb="0"/><line nr="90" mi="0" ci="6" mb="0" cb="0"/><line nr="91" mi="0" ci="9" mb="0" cb="0"/><line nr="92" mi="0" ci="9" mb="0" cb="0"/><line nr="93" mi="0" ci="6" mb="0" cb="0"/><line nr="94" mi="0" ci="2" mb="0" cb="0"/><line nr="99" mi="0" ci="3" mb="0" cb="0"/><line nr="100" mi="0" ci="8" mb="0" cb="0"/><line nr="101" mi="0" ci="3" mb="0" cb="0"/><line nr="104" mi="0" ci="5" mb="0" cb="0"/><line nr="105" mi="0" ci="1" mb="0" cb="0"/><line nr="106" mi="0" ci="10" mb="0" cb="0"/><line nr="107" mi="0" ci="3" mb="0" cb="0"/><line nr="109" mi="0" ci="6" mb="0" cb="0"/><line nr="110" mi="0" ci="8" mb="0" cb="0"/><line nr="111" mi="0" ci="3" mb="0" cb="0"/><line nr="113" mi="0" ci="6" mb="0" cb="0"/><line nr="114" mi="0" ci="9" mb="0" cb="0"/><line nr="115" mi="0" ci="3" mb="0" cb="0"/><line nr="116" mi="0" ci="6" mb="0" cb="0"/><line nr="117" mi="0" ci="8" mb="0" cb="0"/><line nr="118" mi="0" ci="9" mb="0" cb="0"/><line nr="119" mi="0" ci="9" mb="0" cb="0"/><line nr="120" mi="0" ci="9" mb="0" cb="0"/><line nr="121" mi="0" ci="9" mb="0" cb="0"/><line nr="122" mi="0" ci="8" mb="0" cb="0"/><line nr="123" mi="0" ci="6" mb="0" cb="0"/><line nr="124" mi="0" ci="2" mb="0" cb="0"/><line nr="128" mi="0" ci="3" mb="0" cb="0"/><line nr="129" mi="0" ci="3" mb="0" cb="0"/><line nr="131" mi="0" ci="7" mb="0" cb="0"/><line nr="132" mi="0" ci="8" mb="0" cb="0"/><line nr="133" mi="0" ci="3" mb="0" cb="0"/><line nr="135" mi="0" ci="7" mb="0" cb="0"/><line nr="136" mi="0" ci="3" mb="0" cb="0"/><line nr="139" mi="0" ci="5" mb="0" cb="0"/><line nr="140" mi="0" ci="1" mb="0" cb="0"/><line nr="141" mi="0" ci="10" mb="0" cb="0"/><line nr="142" mi="0" ci="3" mb="0" cb="0"/><line nr="144" mi="0" ci="6" mb="0" cb="0"/><line nr="145" mi="0" ci="3" mb="0" cb="0"/><line nr="148" mi="0" ci="6" mb="0" cb="0"/><line nr="149" mi="0" ci="9" mb="0" cb="0"/><line nr="150" mi="0" ci="8" mb="0" cb="0"/><line nr="151" mi="0" ci="3" mb="0" cb="0"/><line nr="153" mi="0" ci="6" mb="0" cb="0"/><line nr="154" mi="0" ci="3" mb="0" cb="0"/><line nr="156" mi="0" ci="6" mb="0" cb="0"/><line nr="157" mi="0" ci="9" mb="0" cb="0"/><line nr="158" mi="0" ci="3" mb="0" cb="0"/><line nr="160" mi="0" ci="6" mb="0" cb="0"/><line nr="161" mi="0" ci="10" mb="0" cb="0"/><line nr="162" mi="0" ci="3" mb="0" cb="0"/><line nr="164" mi="0" ci="6" mb="0" cb="0"/><line nr="165" mi="0" ci="8" mb="0" cb="0"/><line nr="166" mi="0" ci="9" mb="0" cb="0"/><line nr="167" mi="0" ci="8" mb="0" cb="0"/><line nr="168" mi="0" ci="8" mb="0" cb="0"/><line nr="169" mi="0" ci="9" mb="0" cb="0"/><line nr="170" mi="0" ci="9" mb="0" cb="0"/><line nr="171" mi="0" ci="8" mb="0" cb="0"/><line nr="172" mi="0" ci="6" mb="0" cb="0"/><line nr="173" mi="0" ci="2" mb="0" cb="0"/><line nr="177" mi="0" ci="3" mb="0" cb="0"/><line nr="178" mi="0" ci="8" mb="0" cb="0"/><line nr="179" mi="0" ci="3" mb="0" cb="0"/><line nr="181" mi="0" ci="6" mb="0" cb="0"/><line nr="182" mi="0" ci="3" mb="0" cb="0"/><line nr="185" mi="0" ci="5" mb="0" cb="0"/><line nr="186" mi="0" ci="1" mb="0" cb="0"/><line nr="187" mi="0" ci="10" mb="0" cb="0"/><line nr="188" mi="0" ci="3" mb="0" cb="0"/><line nr="190" mi="0" ci="6" mb="0" cb="0"/><line nr="191" mi="0" ci="8" mb="0" cb="0"/><line nr="192" mi="0" ci="3" mb="0" cb="0"/><line nr="194" mi="0" ci="6" mb="0" cb="0"/><line nr="195" mi="0" ci="3" mb="0" cb="0"/><line nr="197" mi="0" ci="6" mb="0" cb="0"/><line nr="198" mi="0" ci="3" mb="0" cb="0"/><line nr="200" mi="0" ci="6" mb="0" cb="0"/><line nr="201" mi="0" ci="9" mb="0" cb="0"/><line nr="202" mi="0" ci="8" mb="0" cb="0"/><line nr="203" mi="0" ci="6" mb="0" cb="0"/><line nr="204" mi="0" ci="2" mb="0" cb="0"/><line nr="208" mi="0" ci="3" mb="0" cb="0"/><line nr="209" mi="0" ci="10" mb="0" cb="0"/><line nr="210" mi="0" ci="3" mb="0" cb="0"/><line nr="212" mi="0" ci="6" mb="0" cb="0"/><line nr="213" mi="0" ci="7" mb="0" cb="0"/><line nr="214" mi="0" ci="2" mb="0" cb="0"/><line nr="216" mi="0" ci="1" mb="0" cb="0"/><line nr="217" mi="0" ci="3" mb="0" cb="0"/><line nr="218" mi="0" ci="3" mb="0" cb="0"/><line nr="219" mi="0" ci="3" mb="0" cb="0"/><line nr="220" mi="0" ci="8" mb="0" cb="0"/><line nr="225" mi="0" ci="3" mb="0" cb="0"/><line nr="227" mi="0" ci="1" mb="0" cb="0"/><line nr="229" mi="0" ci="4" mb="0" cb="0"/><line nr="230" mi="0" ci="2" mb="0" cb="0"/><line nr="231" mi="0" ci="3" mb="0" cb="0"/><line nr="232" mi="0" ci="3" mb="0" cb="0"/><line nr="236" mi="0" ci="8" mb="0" cb="0"/><line nr="239" mi="0" ci="8" mb="0" cb="0"/><line nr="241" mi="0" ci="1" mb="0" cb="0"/><line nr="243" mi="0" ci="4" mb="0" cb="0"/><line nr="244" mi="0" ci="2" mb="0" cb="0"/><line nr="245" mi="0" ci="3" mb="0" cb="0"/><line nr="246" mi="0" ci="8" mb="0" cb="0"/><line nr="248" mi="0" ci="1" mb="0" cb="0"/><line nr="250" mi="0" ci="4" mb="0" cb="0"/><line nr="251" mi="0" ci="2" mb="0" cb="0"/><line nr="252" mi="0" ci="3" mb="0" cb="0"/><line nr="253" mi="0" ci="3" mb="0" cb="0"/><line nr="255" mi="0" ci="1" mb="0" cb="0"/><line nr="257" mi="0" ci="4" mb="0" cb="0"/><line nr="258" mi="0" ci="2" mb="0" cb="0"/><line nr="259" mi="0" ci="3" mb="0" cb="0"/><line nr="260" mi="0" ci="3" mb="0" cb="0"/><line nr="261" mi="0" ci="3" mb="0" cb="0"/><line nr="262" mi="0" ci="1" mb="0" cb="0"/><line nr="263" mi="0" ci="2" mb="0" cb="0"/><line nr="266" mi="0" ci="5" mb="0" cb="0"/><line nr="270" mi="0" ci="15" mb="0" cb="0"/><line nr="274" mi="0" ci="4" mb="0" cb="2"/><line nr="275" mi="0" ci="4" mb="0" cb="0"/><line nr="276" mi="0" ci="5" mb="0" cb="0"/><line nr="288" mi="0" ci="3" mb="0" cb="0"/><line nr="289" mi="0" ci="4" mb="0" cb="0"/><line nr="290" mi="0" ci="3" mb="0" cb="0"/><line nr="291" mi="0" ci="1" mb="0" cb="0"/><line nr="292" mi="0" ci="9" mb="0" cb="0"/><line nr="304" mi="0" ci="8" mb="0" cb="0"/><line nr="305" mi="0" ci="2" mb="0" cb="0"/><line nr="306" mi="0" ci="5" mb="0" cb="0"/><line nr="307" mi="0" ci="1" mb="0" cb="0"/><line nr="308" mi="0" ci="9" mb="0" cb="0"/><line nr="320" mi="0" ci="4" mb="0" cb="0"/><line nr="321" mi="0" ci="3" mb="0" cb="0"/><line nr="322" mi="0" ci="1" mb="0" cb="0"/><line nr="323" mi="0" ci="9" mb="0" cb="0"/><line nr="335" mi="0" ci="5" mb="0" cb="0"/><line nr="336" mi="0" ci="1" mb="0" cb="0"/><line nr="337" mi="0" ci="9" mb="0" cb="0"/><line nr="350" mi="0" ci="5" mb="0" cb="0"/><line nr="351" mi="0" ci="1" mb="0" cb="0"/><line nr="352" mi="0" ci="9" mb="0" cb="0"/><line nr="364" mi="0" ci="3" mb="0" cb="0"/><line nr="365" mi="0" ci="3" mb="0" cb="0"/><line nr="366" mi="0" ci="1" mb="0" cb="0"/><line nr="367" mi="0" ci="9" mb="0" cb="0"/><line nr="379" mi="0" ci="5" mb="0" cb="0"/><line nr="380" mi="0" ci="1" mb="0" cb="0"/><line nr="381" mi="0" ci="9" mb="0" cb="0"/><line nr="394" mi="0" ci="4" mb="0" cb="0"/><line nr="395" mi="0" ci="1" mb="0" cb="0"/><line nr="396" mi="0" ci="10" mb="0" cb="0"/><line nr="409" mi="0" ci="4" mb="0" cb="0"/><line nr="410" mi="0" ci="1" mb="0" cb="0"/><line nr="411" mi="0" ci="10" mb="0" cb="0"/><line nr="425" mi="0" ci="5" mb="0" cb="0"/><line nr="426" mi="0" ci="6" mb="0" cb="2"/><line nr="427" mi="0" ci="3" mb="0" cb="0"/><line nr="429" mi="0" ci="5" mb="0" cb="0"/><line nr="431" mi="0" ci="1" mb="0" cb="0"/><line nr="432" mi="0" ci="10" mb="0" cb="0"/><counter type="INSTRUCTION" missed="0" covered="1071"/><counter type="BRANCH" missed="0" covered="4"/><counter type="LINE" missed="0" covered="204"/><counter type="COMPLEXITY" missed="0" covered="99"/><counter type="METHOD" missed="0" covered="97"/><counter type="CLASS" missed="0" covered="1"/></sourcefile><sourcefile name="MultiFieldQuery.java"><line nr="29" mi="0" ci="3" mb="0" cb="0"/><line nr="30" mi="0" ci="1" mb="0" cb="0"/><line nr="34" mi="0" ci="2" mb="0" cb="0"/><line nr="40" mi="0" ci="1" mb="0" cb="0"/><line nr="41" mi="0" ci="10" mb="0" cb="0"/><line nr="43" mi="0" ci="1" mb="0" cb="0"/><line nr="44" mi="0" ci="2" mb="0" cb="0"/><line nr="45" mi="0" ci="6" mb="0" cb="0"/><line nr="46" mi="0" ci="2" mb="0" cb="0"/><line nr="47" mi="0" ci="8" mb="0" cb="0"/><line nr="50" mi="0" ci="3" mb="0" cb="2"/><line nr="51" mi="0" ci="1" mb="0" cb="0"/><line nr="52" mi="0" ci="9" mb="0" cb="0"/><line nr="53" mi="0" ci="4" mb="0" cb="0"/><line nr="54" mi="0" ci="10" mb="0" cb="0"/><line nr="57" mi="0" ci="2" mb="0" cb="0"/><line nr="60" mi="0" ci="8" mb="0" cb="0"/><line nr="77" mi="0" ci="2" mb="0" cb="2"/><line nr="79" mi="0" ci="3" mb="0" cb="0"/><line nr="82" mi="0" ci="3" mb="0" cb="0"/><line nr="83" mi="0" ci="2" mb="0" cb="0"/><line nr="84" mi="0" ci="6" mb="0" cb="0"/><line nr="85" mi="0" ci="7" mb="0" cb="0"/><line nr="86" mi="0" ci="3" mb="0" cb="0"/><line nr="88" mi="0" ci="5" mb="0" cb="0"/><line nr="89" mi="0" ci="7" mb="0" cb="0"/><line nr="90" mi="0" ci="1" mb="0" cb="0"/><line nr="91" mi="0" ci="5" mb="0" cb="0"/><line nr="92" mi="0" ci="1" mb="0" cb="0"/><line nr="93" mi="0" ci="6" mb="0" cb="0"/><line nr="94" mi="0" ci="4" mb="0" cb="0"/><line nr="96" mi="0" ci="4" mb="0" cb="0"/><line nr="99" mi="0" ci="5" mb="0" cb="0"/><line nr="101" mi="0" ci="5" mb="0" cb="0"/><counter type="INSTRUCTION" missed="0" covered="142"/><counter type="BRANCH" missed="0" covered="4"/><counter type="LINE" missed="0" covered="34"/><counter type="COMPLEXITY" missed="0" covered="13"/><counter type="METHOD" missed="0" covered="11"/><counter type="CLASS" missed="0" c
[...]
er type="INSTRUCTION" missed="0" covered="11"/><counter type="LINE" missed="0" covered="1"/><counter type="COMPLEXITY" missed="0" covered="1"/><counter type="METHOD" missed="0" covered="1"/></method><method name="&lt;clinit&gt;" desc="()V" line="60"><counter type="INSTRUCTION" missed="0" covered="5"/><counter type="LINE" missed="0" covered="1"/><counter type="COMPLEXITY" missed="0" covered="1"/><counter type="METHOD" missed="0" covered="1"/></method><counter type="INSTRUCTION" missed="83" covered="255"/><counter type="BRANCH" missed="4" covered="10"/><counter type="LINE" missed="17" covered="53"/><counter type="COMPLEXITY" missed="8" covered="21"/><counter type="METHOD" missed="6" covered="16"/><counter type="CLASS" missed="0" covered="1"/></class><class name="org/opensearch/sql/opensearch/storage/OpenSearchIndex$1" sourcefilename="OpenSearchIndex.java"><method name="&lt;init&gt;" desc="()V" line="1"><counter type="INSTRUCTION" missed="0" covered="33"/><counter type="LINE" missed="0" covered="8"/><counter type="COMPLEXITY" missed="0" covered="1"/><counter type="METHOD" missed="0" covered="1"/></method><counter type="INSTRUCTION" missed="0" covered="33"/><counter type="LINE" missed="0" covered="8"/><counter type="COMPLEXITY" missed="0" covered="1"/><counter type="METHOD" missed="0" covered="1"/><counter type="CLASS" missed="0" covered="1"/></class><sourcefile name="OpenSearchIndex.java"><line nr="1" mi="0" ci="1" mb="0" cb="0"/><line nr="60" mi="0" ci="5" mb="0" cb="0"/><line nr="61" mi="0" ci="2" mb="0" cb="0"/><line nr="63" mi="0" ci="5" mb="0" cb="0"/><line nr="64" mi="0" ci="5" mb="0" cb="0"/><line nr="65" mi="0" ci="5" mb="0" cb="0"/><line nr="66" mi="0" ci="5" mb="0" cb="0"/><line nr="67" mi="0" ci="5" mb="0" cb="0"/><line nr="68" mi="0" ci="5" mb="0" cb="0"/><line nr="81" mi="0" ci="3" mb="0" cb="0"/><line nr="84" mi="0" ci="3" mb="0" cb="0"/><line nr="87" mi="0" ci="3" mb="0" cb="0"/><line nr="90" mi="0" ci="3" mb="0" cb="0"/><line nr="93" mi="0" ci="2" mb="0" cb="0"/><line nr="94" mi="0" ci="3" mb="0" cb="0"/><line nr="95" mi="0" ci="3" mb="0" cb="0"/><line nr="96" mi="0" ci="6" mb="0" cb="0"/><line nr="97" mi="0" ci="1" mb="0" cb="0"/><line nr="101" mi="3" ci="0" mb="0" cb="0"/><line nr="102" mi="7" ci="0" mb="0" cb="0"/><line nr="107" mi="0" ci="7" mb="0" cb="0"/><line nr="112" mi="0" ci="4" mb="0" cb="0"/><line nr="113" mi="0" ci="4" mb="0" cb="0"/><line nr="114" mi="0" ci="5" mb="0" cb="0"/><line nr="116" mi="0" ci="11" mb="0" cb="2"/><line nr="117" mi="0" ci="11" mb="0" cb="0"/><line nr="118" mi="0" ci="1" mb="0" cb="0"/><line nr="119" mi="0" ci="7" mb="0" cb="0"/><line nr="120" mi="0" ci="1" mb="0" cb="0"/><line nr="135" mi="0" ci="3" mb="0" cb="2"/><line nr="136" mi="0" ci="8" mb="0" cb="0"/><line nr="137" mi="0" ci="2" mb="0" cb="0"/><line nr="139" mi="0" ci="3" mb="0" cb="2"/><line nr="140" mi="0" ci="3" mb="0" cb="0"/><line nr="141" mi="0" ci="6" mb="0" cb="0"/><line nr="142" mi="0" ci="3" mb="0" cb="0"/><line nr="144" mi="0" ci="11" mb="0" cb="0"/><line nr="147" mi="0" ci="3" mb="0" cb="0"/><line nr="152" mi="0" ci="2" mb="0" cb="0"/><line nr="156" mi="3" ci="0" mb="2" cb="0"/><line nr="157" mi="8" ci="0" mb="0" cb="0"/><line nr="158" mi="2" ci="0" mb="0" cb="0"/><line nr="160" mi="3" ci="0" mb="2" cb="0"/><line nr="161" mi="3" ci="0" mb="0" cb="0"/><line nr="162" mi="3" ci="0" mb="0" cb="0"/><line nr="163" mi="9" ci="0" mb="0" cb="0"/><line nr="164" mi="3" ci="0" mb="0" cb="0"/><line nr="165" mi="1" ci="0" mb="0" cb="0"/><line nr="166" mi="7" ci="0" mb="0" cb="0"/><line nr="168" mi="3" ci="0" mb="0" cb="0"/><line nr="177" mi="0" ci="3" mb="0" cb="2"/><line nr="178" mi="0" ci="8" mb="0" cb="0"/><line nr="179" mi="0" ci="2" mb="0" cb="0"/><line nr="181" mi="0" ci="3" mb="0" cb="0"/><line nr="186" mi="0" ci="3" mb="0" cb="2"/><line nr="187" mi="0" ci="8" mb="0" cb="0"/><line nr="188" mi="0" ci="2" mb="0" cb="0"/><line nr="190" mi="0" ci="3" mb="0" cb="0"/><line nr="197" mi="0" ci="10" mb="0" cb="0"/><line nr="202" mi="0" ci="6" mb="0" cb="0"/><line nr="203" mi="0" ci="3" mb="0" cb="0"/><line nr="204" mi="0" ci="4" mb="0" cb="0"/><line nr="206" mi="0" ci="6" mb="0" cb="0"/><line nr="208" mi="0" ci="9" mb="0" cb="0"/><line nr="209" mi="0" ci="2" mb="0" cb="0"/><line nr="210" mi="0" ci="1" mb="0" cb="0"/><line nr="211" mi="0" ci="6" mb="0" cb="0"/><line nr="215" mi="0" ci="4" mb="0" cb="0"/><line nr="216" mi="0" ci="12" mb="0" cb="0"/><line nr="217" mi="0" ci="4" mb="0" cb="0"/><line nr="218" mi="0" ci="7" mb="0" cb="0"/><line nr="219" mi="0" ci="4" mb="0" cb="0"/><line nr="223" mi="0" ci="7" mb="0" cb="0"/><line nr="234" mi="0" ci="6" mb="0" cb="0"/><line nr="235" mi="0" ci="2" mb="0" cb="0"/><line nr="236" mi="0" ci="2" mb="0" cb="0"/><line nr="237" mi="0" ci="3" mb="0" cb="0"/><line nr="238" mi="0" ci="2" mb="0" cb="0"/><line nr="243" mi="0" ci="13" mb="0" cb="0"/><line nr="248" mi="0" ci="13" mb="0" cb="0"/><line nr="253" mi="0" ci="6" mb="0" cb="0"/><line nr="254" mi="0" ci="7" mb="0" cb="0"/><line nr="259" mi="0" ci="11" mb="0" cb="0"/><line nr="263" mi="11" ci="0" mb="0" cb="0"/><line nr="267" mi="6" ci="0" mb="0" cb="0"/><line nr="268" mi="10" ci="0" mb="0" cb="0"/><line nr="269" mi="1" ci="0" mb="0" cb="0"/><counter type="INSTRUCTION" missed="83" covered="342"/><counter type="BRANCH" missed="4" covered="10"/><counter type="LINE" missed="17" covered="70"/><counter type="COMPLEXITY" missed="8" covered="26"/><counter type="METHOD" missed="6" covered="21"/><counter type="CLASS" missed="0" covered="3"/></sourcefile><sourcefile name="OpenSearchStorageEngine.java"><line nr="30" mi="0" ci="4" mb="0" cb="2"/><line nr="31" mi="0" ci="9" mb="0" cb="0"/><line nr="33" mi="0" ci="9" mb="0" cb="0"/><counter type="INSTRUCTION" missed="0" covered="22"/><counter type="BRANCH" missed="0" covered="2"/><counter type="LINE" missed="0" covered="3"/><counter type="COMPLEXITY" missed="0" covered="2"/><counter type="METHOD" missed="0" covered="1"/><counter type="CLASS" missed="0" covered="1"/></sourcefile><sourcefile name="OpenSearchDataSourceFactory.java"><line nr="26" mi="0" ci="2" mb="0" cb="0"/><line nr="31" mi="0" ci="4" mb="0" cb="0"/><line nr="32" mi="0" ci="10" mb="0" cb="0"/><counter type="INSTRUCTION" missed="0" covered="16"/><counter type="LINE" missed="0" covered="3"/><counter type="COMPLEXITY" missed="0" covered="2"/><counter type="METHOD" missed="0" covered="2"/><counter type="CLASS" missed="0" covered="1"/></sourcefile><counter type="INSTRUCTION" missed="83" covered="380"/><counter type="BRANCH" missed="4" covered="12"/><counter type="LINE" missed="17" covered="76"/><counter type="COMPLEXITY" missed="8" covered="30"/><counter type="METHOD" missed="6" covered="24"/><counter type="CLASS" missed="0" covered="5"/></package><package name="org/opensearch/sql/opensearch/setting"><class name="org/opensearch/sql/opensearch/setting/OpenSearchSettings" sourcefilename="OpenSearchSettings.java"><method name="&lt;init&gt;" desc="(Lorg/opensearch/common/settings/ClusterSettings;)V" line="40"><counter type="INSTRUCTION" missed="0" covered="363"/><counter type="LINE" missed="0" covered="37"/><counter type="COMPLEXITY" missed="0" covered="1"/><counter type="METHOD" missed="0" covered="1"/></method><method name="getSettingValue" desc="(Lorg/opensearch/sql/common/setting/Settings$Key;)Ljava/lang/Object;" line="476"><counter type="INSTRUCTION" missed="0" covered="12"/><counter type="LINE" missed="0" covered="1"/><counter type="COMPLEXITY" missed="0" covered="1"/><counter type="METHOD" missed="0" covered="1"/></method><method name="register" desc="(Lcom/google/common/collect/ImmutableMap$Builder;Lorg/opensearch/common/settings/ClusterSettings;Lorg/opensearch/sql/common/setting/Settings$Key;Lorg/opensearch/common/settings/Setting;Ljava/util/function/Consumer;)V" line="486"><counter type="INSTRUCTION" missed="0" covered="22"/><counter type="BRANCH" missed="0" covered="2"/><counter type="LINE" missed="0" covered="5"/><counter type="COMPLEXITY" missed="0" covered="2"/><counter type="METHOD" missed="0" covered="1"/></method><method name="registerNonDynamicSettings" desc="(Lcom/google/common/collect/ImmutableMap$Builder;Lorg/opensearch/common/settings/ClusterSettings;Lorg/opensearch/sql/common/setting/Settings$Key;Lorg/opensearch/common/settings/Setting;)V" line="499"><counter type="INSTRUCTION" missed="0" covered="14"/><counter type="LINE" missed="0" covered="3"/><counter type="COMPLEXITY" missed="0" covered="1"/><counter type="METHOD" missed="0" covered="1"/></method><method name="pluginSettings" desc="()Ljava/util/List;" line="521"><counter type="INSTRUCTION" missed="0" covered="67"/><counter type="LINE" missed="0" covered="33"/><counter type="COMPLEXITY" missed="0" covered="1"/><counter type="METHOD" missed="0" covered="1"/></method><method name="pluginNonDynamicSettings" desc="()Ljava/util/List;" line="558"><counter type="INSTRUCTION" missed="0" covered="9"/><counter type="LINE" missed="0" covered="4"/><counter type="COMPLEXITY" missed="0" covered="1"/><counter type="METHOD" missed="0" covered="1"/></method><method name="getSettings" desc="()Ljava/util/List;" line="566"><counter type="INSTRUCTION" missed="0" covered="2"/><counter type="LINE" missed="0" covered="1"/><counter type="COMPLEXITY" missed="0" covered="1"/><counter type="METHOD" missed="0" covered="1"/></method><method name="&lt;clinit&gt;" desc="()V" line="34"><counter type="INSTRUCTION" missed="0" covered="506"/><counter type="LINE" missed="0" covered="105"/><counter type="COMPLEXITY" missed="0" covered="1"/><counter type="METHOD" missed="0" covered="1"/></method><counter type="INSTRUCTION" missed="0" covered="995"/><counter type="BRANCH" missed="0" covered="2"/><counter type="LINE" missed="0" covered="189"/><counter type="COMPLEXITY" missed="0" covered="9"/><counter type="METHOD" missed="0" covered="8"/><counter type="CLASS" missed="0" covered="1"/></class><class name="org/opensearch/sql/opensearch/setting/OpenSearchSettings$Updater" sourcefilename="OpenSearchSettings.java"><method name="accept" desc="(Ljava/lang/Object;)V" line="514"><counter type="INSTRUCTION" missed="0" covered="15"/><counter type="LINE" missed="0" covered="3"/><counter type="COMPLEXITY" missed="0" covered="1"/><counter type="METHOD" missed="0" covered="1"/></method><counter type="INSTRUCTION" missed="0" covered="15"/><counter type="LINE" missed="0" covered="3"/><counter type="COMPLEXITY" missed="0" covered="1"/><counter type="METHOD" missed="0" covered="1"/><counter type="CLASS" missed="0" covered="1"/></class><sourcefile name="OpenSearchSettings.java"><line nr="34" mi="0" ci="3" mb="0" cb="0"/><line nr="40" mi="0" ci="5" mb="0" cb="0"/><line nr="43" mi="0" ci="1" mb="0" cb="0"/><line nr="44" mi="0" ci="2" mb="0" cb="0"/><line nr="45" mi="0" ci="12" mb="0" cb="0"/><line nr="50" mi="0" ci="1" mb="0" cb="0"/><line nr="51" mi="0" ci="2" mb="0" cb="0"/><line nr="52" mi="0" ci="13" mb="0" cb="0"/><line nr="58" mi="0" ci="1" mb="0" cb="0"/><line nr="59" mi="0" ci="2" mb="0" cb="0"/><line nr="60" mi="0" ci="2" mb="0" cb="0"/><line nr="61" mi="0" ci="11" mb="0" cb="0"/><line nr="65" mi="0" ci="1" mb="0" cb="0"/><line nr="66" mi="0" ci="2" mb="0" cb="0"/><line nr="67" mi="0" ci="12" mb="0" cb="0"/><line nr="72" mi="0" ci="1" mb="0" cb="0"/><line nr="73" mi="0" ci="2" mb="0" cb="0"/><line nr="74" mi="0" ci="12" mb="0" cb="0"/><line nr="79" mi="0" ci="1" mb="0" cb="0"/><line nr="80" mi="0" ci="2" mb="0" cb="0"/><line nr="81" mi="0" ci="12" mb="0" cb="0"/><line nr="86" mi="0" ci="1" mb="0" cb="0"/><line nr="87" mi="0" ci="2" mb="0" cb="0"/><line nr="88" mi="0" ci="13" mb="0" cb="0"/><line nr="94" mi="0" ci="1" mb="0" cb="0"/><line nr="95" mi="0" ci="2" mb="0" cb="0"/><line nr="96" mi="0" ci="13" mb="0" cb="0"/><line nr="102" mi="0" ci="1" mb="0" cb="0"/><line nr="103" mi="0" ci="2" mb="0" cb="0"/><line nr="104" mi="0" ci="12" mb="0" cb="0"/><line nr="109" mi="0" ci="1" mb="0" cb="0"/><line nr="110" mi="0" ci="2" mb="0" cb="0"/><line nr="111" mi="0" ci="12" mb="0" cb="0"/><line nr="116" mi="0" ci="1" mb="0" cb="0"/><line nr="117" mi="0" ci="2" mb="0" cb="0"/><line nr="118" mi="0" ci="12" mb="0" cb="0"/><line nr="123" mi="0" ci="1" mb="0" cb="0"/><line nr="124" mi="0" ci="2" mb="0" cb="0"/><line nr="125" mi="0" ci="12" mb="0" cb="0"/><line nr="130" mi="0" ci="1" mb="0" cb="0"/><line nr="131" mi="0" ci="2" mb="0" cb="0"/><line nr="132" mi="0" ci="12" mb="0" cb="0"/><line nr="137" mi="0" ci="1" mb="0" cb="0"/><line nr="138" mi="0" ci="2" mb="0" cb="0"/><line nr="139" mi="0" ci="13" mb="0" cb="0"/><line nr="145" mi="0" ci="1" mb="0" cb="0"/><line nr="146" mi="0" ci="2" mb="0" cb="0"/><line nr="147" mi="0" ci="13" mb="0" cb="0"/><line nr="153" mi="0" ci="1" mb="0" cb="0"/><line nr="154" mi="0" ci="2" mb="0" cb="0"/><line nr="155" mi="0" ci="13" mb="0" cb="0"/><line nr="163" mi="0" ci="8" mb="0" cb="0"/><line nr="164" mi="0" ci="2" mb="0" cb="0"/><line nr="167" mi="0" ci="1" mb="0" cb="0"/><line nr="168" mi="0" ci="2" mb="0" cb="0"/><line nr="169" mi="0" ci="15" mb="0" cb="0"/><line nr="174" mi="0" ci="1" mb="0" cb="0"/><line nr="175" mi="0" ci="2" mb="0" cb="0"/><line nr="176" mi="0" ci="1" mb="0" cb="0"/><line nr="177" mi="0" ci="1" mb="0" cb="0"/><line nr="178" mi="0" ci="11" mb="0" cb="0"/><line nr="182" mi="0" ci="1" mb="0" cb="0"/><line nr="183" mi="0" ci="2" mb="0" cb="0"/><line nr="184" mi="0" ci="12" mb="0" cb="0"/><line nr="189" mi="0" ci="1" mb="0" cb="0"/><line nr="190" mi="0" ci="2" mb="0" cb="0"/><line nr="191" mi="0" ci="12" mb="0" cb="0"/><line nr="196" mi="0" ci="1" mb="0" cb="0"/><line nr="197" mi="0" ci="2" mb="0" cb="0"/><line nr="198" mi="0" ci="12" mb="0" cb="0"/><line nr="203" mi="0" ci="1" mb="0" cb="0"/><line nr="204" mi="0" ci="2" mb="0" cb="0"/><line nr="205" mi="0" ci="11" mb="0" cb="0"/><line nr="209" mi="0" ci="1" mb="0" cb="0"/><line nr="210" mi="0" ci="2" mb="0" cb="0"/><line nr="211" mi="0" ci="11" mb="0" cb="0"/><line nr="215" mi="0" ci="1" mb="0" cb="0"/><line nr="216" mi="0" ci="2" mb="0" cb="0"/><line nr="217" mi="0" ci="12" mb="0" cb="0"/><line nr="222" mi="0" ci="1" mb="0" cb="0"/><line nr="223" mi="0" ci="2" mb="0" cb="0"/><line nr="224" mi="0" ci="12" mb="0" cb="0"/><line nr="229" mi="0" ci="1" mb="0" cb="0"/><line nr="230" mi="0" ci="2" mb="0" cb="0"/><line nr="231" mi="0" ci="2" mb="0" cb="0"/><line nr="232" mi="0" ci="11" mb="0" cb="0"/><line nr="236" mi="0" ci="1" mb="0" cb="0"/><line nr="237" mi="0" ci="2" mb="0" cb="0"/><line nr="238" mi="0" ci="2" mb="0" cb="0"/><line nr="239" mi="0" ci="11" mb="0" cb="0"/><line nr="243" mi="0" ci="1" mb="0" cb="0"/><line nr="244" mi="0" ci="2" mb="0" cb="0"/><line nr="245" mi="0" ci="12" mb="0" cb="0"/><line nr="250" mi="0" ci="1" mb="0" cb="0"/><line nr="251" mi="0" ci="2" mb="0" cb="0"/><line nr="252" mi="0" ci="12" mb="0" cb="0"/><line nr="257" mi="0" ci="1" mb="0" cb="0"/><line nr="258" mi="0" ci="2" mb="0" cb="0"/><line nr="259" mi="0" ci="12" mb="0" cb="0"/><line nr="264" mi="0" ci="1" mb="0" cb="0"/><line nr="265" mi="0" ci="2" mb="0" cb="0"/><line nr="266" mi="0" ci="2" mb="0" cb="0"/><line nr="267" mi="0" ci="11" mb="0" cb="0"/><line nr="271" mi="0" ci="2" mb="0" cb="0"/><line nr="272" mi="0" ci="2" mb="0" cb="0"/><line nr="273" mi="0" ci="12" mb="0" cb="0"/><line nr="280" mi="0" ci="2" mb="0" cb="0"/><line nr="281" mi="0" ci="4" mb="0" cb="0"/><line nr="282" mi="0" ci="11" mb="0" cb="0"/><line nr="288" mi="0" ci="11" mb="0" cb="0"/><line nr="294" mi="0" ci="11" mb="0" cb="0"/><line nr="300" mi="0" ci="11" mb="0" cb="0"/><line nr="306" mi="0" ci="11" mb="0" cb="0"/><line nr="312" mi="0" ci="11" mb="0" cb="0"/><line nr="318" mi="0" ci="11" mb="0" cb="0"/><line nr="324" mi="0" ci="11" mb="0" cb="0"/><line nr="330" mi="0" ci="11" mb="0" cb="0"/><line nr="336" mi="0" ci="11" mb="0" cb="0"/><line nr="342" mi="0" ci="11" mb="0" cb="0"/><line nr="348" mi="0" ci="11" mb="0" cb="0"/><line nr="354" mi="0" ci="11" mb="0" cb="0"/><line nr="360" mi="0" ci="11" mb="0" cb="0"/><line nr="366" mi="0" ci="11" mb="0" cb="0"/><line nr="372" mi="0" ci="11" mb="0" cb="0"/><line nr="378" mi="0" ci="11" mb="0" cb="0"/><line nr="384" mi="0" ci="11" mb="0" cb="0"/><line nr="390" mi="0" ci="11" mb="0" cb="0"/><line nr="396" mi="0" ci="11" mb="0" cb="0"/><line nr="402" mi="0" ci="11" mb="0" cb="0"/><line nr="408" mi="0" ci="11" mb="0" cb="0"/><line nr="414" mi="0" ci="11" mb="0" cb="0"/><line nr="420" mi="0" ci="11" mb="0" cb="0"/><line nr="426" mi="0" ci="11" mb="0" cb="0"/><line nr="432" mi="0" ci="11" mb="0" cb="0"/><line nr="438" mi="0" ci="11" mb="0" cb="0"/><line nr="444" mi="0" ci="11" mb="0" cb="0"/><line nr="450" mi="0" ci="6" mb="0" cb="0"/><line nr="452" mi="0" ci="11" mb="0" cb="0"/><line nr="458" mi="0" ci="11" mb="0" cb="0"/><line nr="464" mi="0" ci="11" mb="0" cb="0"/><line nr="470" mi="0" ci="4" mb="0" cb="0"/><line nr="471" mi="0" ci="1" mb="0" cb="0"/><line nr="476" mi="0" ci="12" mb="0" cb="0"/><line nr="486" mi="0" ci="4" mb="0" cb="2"/><line nr="487" mi="0" ci="8" mb="0" cb="0"/><line nr="489" mi="0" ci="5" mb="0" cb="0"/><line nr="490" mi="0" ci="4" mb="0" cb="0"/><line nr="491" mi="0" ci="1" mb="0" cb="0"/><line nr="499" mi="0" ci="5" mb="0" cb="0"/><line nr="500" mi="0" ci="8" mb="0" cb="0"/><line nr="501" mi="0" ci="1" mb="0" cb="0"/><line nr="514" mi="0" ci="6" mb="0" cb="0"/><line nr="515" mi="0" ci="8" mb="0" cb="0"/><line nr="516" mi="0" ci="1" mb="0" cb="0"/><line nr="521" mi="0" ci="5" mb="0" cb="0"/><line nr="522" mi="0" ci="2" mb="0" cb="0"/><line nr="523" mi="0" ci="2" mb="0" cb="0"/><line nr="524" mi="0" ci="2" mb="0" cb="0"/><line nr="525" mi="0" ci="2" mb="0" cb="0"/><line nr="526" mi="0" ci="2" mb="0" cb="0"/><line nr="527" mi="0" ci="2" mb="0" cb="0"/><line nr="528" mi="0" ci="2" mb="0" cb="0"/><line nr="529" mi="0" ci="2" mb="0" cb="0"/><line nr="530" mi="0" ci="2" mb="0" cb="0"/><line nr="531" mi="0" ci="2" mb="0" cb="0"/><line nr="532" mi="0" ci="2" mb="0" cb="0"/><line nr="533" mi="0" ci="2" mb="0" cb="0"/><line nr="534" mi="0" ci="2" mb="0" cb="0"/><line nr="535" mi="0" ci="2" mb="0" cb="0"/><line nr="536" mi="0" ci="2" mb="0" cb="0"/><line nr="537" mi="0" ci="2" mb="0" cb="0"/><line nr="538" mi="0" ci="2" mb="0" cb="0"/><line nr="539" mi="0" ci="2" mb="0" cb="0"/><line nr="540" mi="0" ci="2" mb="0" cb="0"/><line nr="541" mi="0" ci="2" mb="0" cb="0"/><line nr="542" mi="0" ci="2" mb="0" cb="0"/><line nr="543" mi="0" ci="2" mb="0" cb="0"/><line nr="544" mi="0" ci="2" mb="0" cb="0"/><line nr="545" mi="0" ci="2" mb="0" cb="0"/><line nr="546" mi="0" ci="2" mb="0" cb="0"/><line nr="547" mi="0" ci="2" mb="0" cb="0"/><line nr="548" mi="0" ci="2" mb="0" cb="0"/><line nr="549" mi="0" ci="2" mb="0" cb="0"/><line nr="550" mi="0" ci="2" mb="0" cb="0"/><line nr="551" mi="0" ci="2" mb="0" cb="0"/><line nr="552" mi="0" ci="1" mb="0" cb="0"/><line nr="553" mi="0" ci="1" mb="0" cb="0"/><line nr="558" mi="0" ci="5" mb="0" cb="0"/><line nr="559" mi="0" ci="2" mb="0" cb="0"/><line nr="560" mi="0" ci="1" mb="0" cb="0"/><line nr="561" mi="0" ci="1" mb="0" cb="0"/><line nr="566" mi="0" ci="2" mb="0" cb="0"/><counter type="INSTRUCTION" missed="0" covered="1010"/><counter type="BRANCH" missed="0" covered="2"/><counter type="LINE" missed="0" covered="192"/><counter type="COMPLEXITY" missed="0" covered="10"/><counter type="METHOD" missed="0" covered="9"/><counter type="CLASS" missed="0" covered="2"/></sourcefile><counter type="INSTRUCTION" missed="0" covered="1010"/><counter type="BRANCH" missed="0" covered="2"/><counter type="LINE" missed="0" covered="192"/><counter type="COMPLEXITY" missed="0" covered="10"/><counter type="METHOD" missed="0" covered="9"/><counter type="CLASS" missed="0" covered="2"/></package><counter type="INSTRUCTION" missed="7208" covered="17188"/><counter type="BRANCH" missed="670" covered="1029"/><counter type="LINE" missed="1700" covered="3740"/><counter type="COMPLEXITY" missed="786" covered="1457"/><counter type="METHOD" missed="370" covered="979"/><counter type="CLASS" missed="60" covered="143"/></report>